----------------------------
Doing the following analysis: 
FuelScen_carbontaxhigh
----------------------------
test
Reading data...
Reading and constructing data
Transport demand in the base year 2018 (in MTonnes):
             product  tot_weight
0           Dry bulk          95
1   Container (fast)         4.1
2   Container (slow)         9.2
3  Break bulk (fast)          12
4  Break bulk (slow)          15
5           Neo bulk          19
Done reading data.
Time used reading the base data: 35.350547313690186
Constructing SP model...
Done constructing model.
Time used constructing the model: 235.14195108413696
----------
Solving model...
Using license file C:\Users\steffejb\gurobi.lic
Academic license - for non-commercial use only
Read LP format model from file C:\Users\steffejb\OneDrive - NTNU\Work\GitHub\STraM_ntnu_development\temp\pyomo\tmp5cvwldr4.pyomo.lp
Reading time = 32.88 seconds
x2706734: 4562417 rows, 1834202 columns, 26058656 nonzeros
Changed value of parameter FeasibilityTol to 0.01
   Prev: 1e-06  Min: 1e-09  Max: 0.01  Default: 1e-06
Changed value of parameter MIPGap to 0.005
   Prev: 0.0001  Min: 0.0  Max: inf  Default: 0.0001
Changed value of parameter NumericFocus to 1
   Prev: 0  Min: 0  Max: 3  Default: 0
Parameter BarConvTol unchanged
   Value: 1e-08  Min: 0.0  Max: 1.0  Default: 1e-08
Parameter Crossover unchanged
   Value: -1  Min: -1  Max: 5  Default: -1
Parameter Method unchanged
   Value: -1  Min: -1  Max: 5  Default: -1
Parameter NodeMethod unchanged
   Value: -1  Min: -1  Max: 2  Default: -1
Gurobi Optimizer version 9.0.0 build v9.0.0rc2 (win64)
Optimize a model with 4562417 rows, 1834202 columns and 26058656 nonzeros
Model fingerprint: 0x99fdc26f
Variable types: 1833896 continuous, 306 integer (306 binary)
Coefficient statistics:
  Matrix range     [6e-06, 1e+03]
  Objective range  [8e-02, 3e-01]
  Bounds range     [1e+00, 1e+00]
  RHS range        [1e-04, 9e+01]
Presolve removed 27929 rows and 163 columns (presolve time = 8s) ...
Presolve removed 4361555 rows and 1030133 columns (presolve time = 11s) ...
Presolve removed 4431787 rows and 1034844 columns (presolve time = 18s) ...
Presolve removed 4432824 rows and 1040000 columns (presolve time = 20s) ...
Presolve removed 4455046 rows and 1055664 columns (presolve time = 25s) ...
Presolve removed 4466971 rows and 1134990 columns (presolve time = 31s) ...
Presolve removed 4467389 rows and 1134991 columns (presolve time = 35s) ...
Presolve removed 4467504 rows and 1135457 columns (presolve time = 40s) ...
Presolve removed 4467504 rows and 1135457 columns (presolve time = 45s) ...
Presolve removed 4467504 rows and 1135457 columns (presolve time = 51s) ...
Presolve removed 4467810 rows and 1135745 columns (presolve time = 57s) ...
Presolve removed 4467810 rows and 1135745 columns
Presolve time: 57.47s
Presolved: 94607 rows, 698457 columns, 8959779 nonzeros
Variable types: 698423 continuous, 34 integer (34 binary)

Deterministic concurrent LP optimizer: primal simplex, dual simplex, and barrier
Showing barrier log only...

Root barrier log...

Ordering time: 1.40s

Barrier statistics:
 AA' NZ     : 4.252e+06
 Factor NZ  : 1.070e+07 (roughly 400 MBytes of memory)
 Factor Ops : 2.683e+09 (less than 1 second per iteration)
 Threads    : 1

                  Objective                Residual
Iter       Primal          Dual         Primal    Dual     Compl     Time
   0   4.03342510e+11 -6.74898424e+10  2.01e+09 8.32e+01  9.19e+07    87s
   1   2.65472173e+11 -5.52832167e+10  1.32e+09 1.38e+02  6.07e+07    90s
   2   1.18306766e+11 -5.16627337e+10  5.77e+08 1.26e+02  2.80e+07    92s
   3   4.56588516e+10 -3.04105867e+10  2.15e+08 4.53e+01  1.09e+07    95s
   4   9.87043566e+09 -1.71992608e+10  3.60e+07 1.09e+01  1.94e+06    97s
   5   7.34493481e+09 -1.66530765e+10  2.29e+07 1.03e+01  1.28e+06   100s
   6   5.15006216e+09 -1.45120530e+10  1.28e+07 8.41e+00  7.52e+05   102s
   7   3.36899686e+09 -1.12671492e+10  5.61e+06 5.87e+00  3.56e+05   104s
   8   2.65553055e+09 -8.20686560e+09  2.99e+06 4.09e+00  2.06e+05   107s
   9   1.79084895e+09 -5.21514106e+09  7.45e+05 2.50e+00  6.94e+04   109s
  10   1.38719466e+09 -2.90567503e+09  3.63e+05 1.29e+00  3.58e+04   111s
  11   4.03342293e+11 -3.10045727e+11  2.01e+09 1.14e-13  4.22e+08   114s
  12   2.13335665e+11 -1.73160098e+11  1.06e+09 5.26e+02  1.81e+08   116s
  13   5.26777035e+10 -1.36699705e+11  2.56e+08 4.16e+02  4.04e+07   119s
  14   1.10664936e+10 -2.01242923e+10  5.24e+07 6.09e+01  3.29e+06   121s
  15   1.31332043e+09 -3.29021987e+09  5.89e+06 8.76e+00  1.57e+05   124s
  16   2.55162616e+08 -1.20610457e+09  9.67e+05 3.69e+00  2.12e+04   126s
  17   1.51791265e+08 -9.36323287e+08  4.71e+05 2.79e+00  1.12e+04   129s
  18   4.57704289e+07 -5.02411447e+08  8.72e+04 1.61e+00  2.28e+03   132s
  19   2.59664481e+07 -1.65437159e+08  3.82e+04 5.45e-01  7.16e+02   134s
  20   1.14911407e+07 -5.37644479e+07  1.30e+04 1.90e-01  1.83e+02   137s
  21   5.88128413e+06 -1.90663693e+07  5.76e+03 6.90e-02  5.63e+01   139s
  22   1.16998760e+06 -6.43747913e+06  9.41e+02 2.42e-02  9.66e+00   142s
  23   4.81663509e+05 -2.23482817e+06  3.68e+02 8.02e-03  3.26e+00   145s
  24   3.42547567e+05 -1.97506881e+06  2.58e+02 7.07e-03  2.61e+00   148s
  25   2.95179437e+05 -1.77781372e+06  2.18e+02 6.38e-03  2.30e+00   150s
  26   2.74514170e+05 -1.65205761e+06  2.01e+02 5.94e-03  2.13e+00   152s
  27   2.39886680e+05 -1.25859624e+06  1.75e+02 4.57e-03  1.70e+00   155s
  28   1.71487586e+05 -9.49989178e+05  1.24e+02 3.47e-03  1.26e+00   157s
  29   1.04633891e+05 -7.87288281e+05  7.30e+01 2.90e-03  9.38e-01   161s
  30   7.00941475e+04 -4.96083898e+05  4.80e+01 1.85e-03  6.01e-01   163s
  31   4.36603474e+04 -3.62639844e+05  2.69e+01 1.36e-03  4.14e-01   166s
  32   2.89047363e+04 -2.37092256e+05  1.51e+01 9.11e-04  2.65e-01   169s
  33   1.71964144e+04 -1.34338794e+05  6.21e+00 5.33e-04  1.45e-01   172s
  34   1.45769387e+04 -1.11468452e+05  4.46e+00 4.47e-04  1.18e-01   174s
  35   1.26248685e+04 -7.68061733e+04  3.32e+00 3.17e-04  8.34e-02   177s
  36   1.12496512e+04 -5.94937068e+04  2.60e+00 2.51e-04  6.54e-02   179s
  37   9.73287961e+03 -4.35516031e+04  1.86e+00 1.90e-04  4.87e-02   181s
  38   8.19248028e+03 -3.05383079e+04  1.19e+00 1.40e-04  3.47e-02   184s
  39   7.20880055e+03 -2.32829241e+04  8.18e-01 1.11e-04  2.70e-02   186s
  40   6.88559640e+03 -1.57410414e+04  7.05e-01 8.14e-05  2.00e-02   189s
  41   6.38574170e+03 -1.17095850e+04  5.39e-01 6.54e-05  1.58e-02   191s
  42   5.66562653e+03 -8.28217364e+03  3.09e-01 5.17e-05  1.20e-02   193s
  43   5.50779690e+03 -4.97759855e+03  2.65e-01 3.84e-05  9.02e-03   196s
  44   5.31981860e+03 -3.87010242e+03  2.17e-01 3.39e-05  7.88e-03   198s
  45   5.22127578e+03 -3.14856044e+03  1.93e-01 3.10e-05  7.17e-03   200s
  46   5.06504413e+03 -2.59010535e+03  1.55e-01 2.88e-05  6.54e-03   203s
  47   4.98254456e+03 -1.25584530e+03  1.37e-01 2.35e-05  5.33e-03   205s
  48   4.80028518e+03 -6.52245719e+02  9.82e-02 2.10e-05  4.66e-03   208s
  49   4.76563565e+03 -7.84612500e+01  9.26e-02 1.86e-05  4.15e-03   210s
  50   4.56899982e+03  4.62762347e+02  5.96e-02 1.62e-05  3.54e-03   213s
  51   4.49201800e+03  1.05680897e+03  4.92e-02 1.36e-05  2.98e-03   215s
  52   4.37914336e+03  1.25037146e+03  3.41e-02 1.27e-05  2.74e-03   218s
  53   4.35705077e+03  1.57086279e+03  3.17e-02 1.13e-05  2.44e-03   220s
  54   4.31243660e+03  1.75634988e+03  2.69e-02 1.05e-05  2.25e-03   223s
  55   4.26847518e+03  2.01525770e+03  2.23e-02 9.34e-06  1.99e-03   225s
  56   4.24282144e+03  2.16894841e+03  1.97e-02 8.65e-06  1.84e-03   228s
  57   4.19696497e+03  2.38460790e+03  1.50e-02 7.68e-06  1.62e-03   230s
  58   4.16910334e+03  2.64275828e+03  1.24e-02 6.50e-06  1.37e-03   233s
  59   4.13075321e+03  2.86273552e+03  9.27e-03 5.47e-06  1.14e-03   235s
  60   4.09823286e+03  3.04247244e+03  6.91e-03 4.64e-06  9.58e-04   237s
  61   4.07993282e+03  3.23049852e+03  5.81e-03 3.88e-06  7.74e-04   240s
  62   4.06042907e+03  3.31310906e+03  4.77e-03 3.53e-06  6.86e-04   243s
  63   4.04722923e+03  3.41673197e+03  4.05e-03 3.15e-06  5.82e-04   246s
  64   4.03669794e+03  3.53324458e+03  3.55e-03 2.66e-06  4.65e-04   248s
  65   4.02076677e+03  3.61541991e+03  2.84e-03 2.24e-06  3.77e-04   251s
  66   4.00987273e+03  3.62895314e+03  2.31e-03 2.14e-06  3.57e-04   253s
  67   4.00099855e+03  3.67109410e+03  1.84e-03 1.87e-06  3.11e-04   255s
  68   3.99021831e+03  3.68891438e+03  1.38e-03 1.75e-06  2.87e-04   258s
  69   3.98121764e+03  3.74014405e+03  9.98e-04 1.54e-06  2.31e-04   260s
  70   3.97281620e+03  3.76042186e+03  7.03e-04 1.46e-06  2.06e-04   263s
  71   3.96928082e+03  3.79488261e+03  5.88e-04 1.25e-06  1.71e-04   265s
  72   3.96632358e+03  3.81848123e+03  5.10e-04 1.03e-06  1.45e-04   268s
  73   3.96301945e+03  3.84303699e+03  3.87e-04 8.53e-07  1.18e-04   270s
  74   3.96016879e+03  3.86232633e+03  2.87e-04 7.09e-07  9.65e-05   272s
  75   3.95738415e+03  3.87903849e+03  2.13e-04 5.71e-07  7.75e-05   275s
  76   3.95419465e+03  3.89715632e+03  1.23e-04 4.33e-07  5.68e-05   277s
  77   3.95285292e+03  3.91271408e+03  8.90e-05 3.08e-07  4.00e-05   280s
  78   3.95103119e+03  3.91674423e+03  4.85e-05 2.81e-07  3.46e-05   282s
  79   3.95023256e+03  3.92763569e+03  3.10e-05 1.88e-07  2.28e-05   285s
  80   3.94956510e+03  3.93261557e+03  2.03e-05 1.48e-07  1.73e-05   287s
  81   3.94920955e+03  3.93905641e+03  1.34e-05 9.98e-08  1.04e-05   290s
  82   3.94885113e+03  3.94157781e+03  8.51e-06 8.50e-08  7.64e-06   292s
  83   3.94867686e+03  3.94314160e+03  6.14e-06 7.00e-08  5.85e-06   295s
  84   3.94847811e+03  3.94469219e+03  3.08e-06 4.75e-08  4.04e-06   297s
  85   3.94844642e+03  3.94550878e+03  2.69e-06 3.69e-08  3.14e-06   301s
  86   3.94838828e+03  3.94596542e+03  2.17e-06 3.40e-08  2.60e-06   304s
  87   3.94835417e+03  3.94621360e+03  1.87e-06 3.18e-08  2.31e-06   308s
  88   3.94825336e+03  3.94703527e+03  9.31e-07 2.55e-08  1.34e-06   312s
  89   3.94821646e+03  3.94737864e+03  6.88e-07 2.28e-08  9.38e-07   316s
  90   3.94819317e+03  3.94764867e+03  4.89e-07 2.01e-08  6.10e-07   320s
  91   3.94817463e+03  3.94777635e+03  3.29e-07 1.57e-08  4.47e-07   324s
  92   3.94814608e+03  3.94788719e+03  1.70e-07 1.22e-08  2.97e-07   328s
  93   3.94813197e+03  3.94799085e+03  9.80e-08 7.33e-09  1.63e-07   332s
  94   3.94812790e+03  3.94803348e+03  8.02e-08 5.14e-09  1.08e-07   335s
  95   3.94812003e+03  3.94807467e+03  5.18e-08 3.16e-09  5.24e-08   339s
  96   3.94811239e+03  3.94809376e+03  2.29e-08 1.34e-09  2.16e-08   344s
  97   3.94811163e+03  3.94810156e+03  3.24e-08 8.54e-10  1.09e-08   348s
  98   3.94811127e+03  3.94810438e+03  3.21e-08 8.23e-10  6.30e-09   351s
  99   3.94811005e+03  3.94810543e+03  4.83e-08 8.13e-10  3.50e-09   356s
 100   3.94811003e+03  3.94810544e+03  4.82e-08 8.13e-10  3.45e-09   359s
 101   3.94811002e+03  3.94810551e+03  4.52e-08 8.08e-10  3.39e-09   363s
 102   3.94811001e+03  3.94810556e+03  4.51e-08 8.07e-10  3.34e-09   367s
 103   3.94810979e+03  3.94810554e+03  4.18e-08 8.33e-10  3.12e-09   370s
 104   3.94810978e+03  3.94810557e+03  4.18e-08 7.83e-10  3.12e-09   373s
 105   3.94810976e+03  3.94810557e+03  4.15e-08 7.85e-10  3.10e-09   376s
 106   3.94810975e+03  3.94810559e+03  4.12e-08 7.89e-10  3.09e-09   379s
 107   3.94810975e+03  3.94810559e+03  4.12e-08 7.89e-10  3.09e-09   382s
 108   3.94810974e+03  3.94810562e+03  4.01e-08 7.92e-10  3.09e-09   385s
 109   3.94810974e+03  3.94810562e+03  4.03e-08 7.93e-10  3.09e-09   389s
 110   3.94810971e+03  3.94810563e+03  6.65e-08 7.94e-10  3.08e-09   392s
 111   3.94810971e+03  3.94810563e+03  6.54e-08 7.95e-10  3.07e-09   396s

Barrier solved model in 111 iterations and 395.60 seconds
Optimal objective 3.94811005e+03


Root crossover log...

   91447 DPushes remaining with DInf 8.3644734e-03               397s
      72 DPushes remaining with DInf 1.0181677e-03               400s
       0 DPushes remaining with DInf 1.0074676e-03               401s

    3704 PPushes remaining with PInf 5.8330212e+05               401s
      22 PPushes remaining with PInf 5.2137186e+04               401s

  Push phase complete: Pinf 5.2137186e+04, Dinf 2.0772896e+03    401s


Root simplex log...

Iteration    Objective       Primal Inf.    Dual Inf.      Time
   25668    3.6811794e+03   5.341265e+04   0.000000e+00    402s
   25898    3.6817164e+03   2.730552e+07   0.000000e+00    405s
   26618    3.6820314e+03   4.867893e+06   0.000000e+00    410s
   27678    3.6821932e+03   9.153517e+04   0.000000e+00    416s
   28618    3.6824496e+03   5.045358e+06   0.000000e+00    422s
   29228    3.6827380e+03   1.573416e+05   0.000000e+00    425s
   30558    3.6851905e+03   3.241802e+05   0.000000e+00    431s
   32242    3.6868764e+03   3.262565e+04   0.000000e+00    438s
   33152    3.6875044e+03   1.148527e+05   0.000000e+00    442s
   33812    3.6878595e+03   1.406519e+04   0.000000e+00    445s
   35606    3.6890411e+03   1.089686e+03   0.000000e+00    452s
   37410    3.6896808e+03   2.234517e+03   0.000000e+00    458s
   38374    3.6898140e+03   2.772995e+00   0.000000e+00    461s
   46049    3.6840999e+03   0.000000e+00   5.107497e+01    465s
   51547    3.6843898e+03   1.396692e+02   0.000000e+00    471s
   52419    3.6844525e+03   0.000000e+00   0.000000e+00    474s
   52419    3.6844754e+03   1.689686e-01   2.974561e+11    476s
   53502    3.6844405e+03   0.000000e+00   0.000000e+00    478s
Extra 1083 simplex iterations after uncrush
Concurrent spin time: 0.05s

Solved with barrier

Root relaxation: objective 3.684440e+03, 53502 iterations, 408.99 seconds

    Nodes    |    Current Node    |     Objective Bounds      |     Work
 Expl Unexpl |  Obj  Depth IntInf | Incumbent    BestBd   Gap | It/Node Time

     0     0 3684.44050    0    2          - 3684.44050      -     -  478s
H    0     0                    3684.4424205 3684.44050  0.00%     -  481s

Explored 1 nodes (53502 simplex iterations) in 483.51 seconds
Thread count was 8 (of 8 available processors)

Solution count 1: 3684.44 

Optimal solution found (tolerance 5.00e-03)
Warning: max constraint violation (7.9710e-02) exceeds tolerance
Warning: max bound violation (7.3469e-02) exceeds tolerance
Best objective 3.684442420482e+03, best bound 3.684442420482e+03, gap 0.0000%
the solution is feasible and optimal
Solution time: 532.1760535240173
Done solving model.
Time used solving the model: 728.7830390930176
----------Dumping data in pickle file...done.
Dumping results in pickle file.....done.
objective function value:  3684.442420481533
objective function value normalized (BILLION NOK):  3684.44
                      2023     2028      2034      2040      2050     
                      mean std mean  std mean  std mean  std mean  std
General                 43   0   51    0   61  1.9   67  1.8   74  2.3
General (Empty Trips)  9.5   0   10    0   13  1.8   15 0.58   15 0.45
Carbon                 6.4   0   11    0   11 0.04  7.5 0.01 0.02    0
Carbon (Empty Trips)   1.7   0  3.2    0  2.1  1.8 0.13    0    0    0
Time value              15   0   18    0   22 0.03   23 0.02   27 0.03
Transfer                22   0   28    0   33 0.07   31 0.08   33  0.3
Edge                   1.4   0    0    0    0    0    0    0    0    0
Node                   0.3   0 0.21    0 0.03 0.03 0.03 0.01    0    0
Upgrade                  0   0    0    0    0    0    0    0    0    0
Charge                 4.7   0  4.5    0  3.6    0  4.5    0  3.1    0
discount_factor          1   1 0.83 0.83 0.66 0.66 0.53 0.53 0.36 0.36
emissions (MTonnes CO2 eq.):
             AvgEmission     Std  AvgEmission_perc  Std_perc
time_period                                                 
2023                 6.3       0             1e+02         0
2028                 6.4       0             1e+02         0
2034                 3.2    0.62                51       9.9
2040                 1.1  0.0019                17      0.03
2050              0.0022 6.3e-05             0.034     0.001
----------------
Average transport work in GTONNES*km:
    mode            product time_period  TransportArbeid
0   Rail  Break bulk (fast)        2023           -4e-05
1   Rail   Container (slow)        2023         -0.00031
2   Rail           Dry bulk        2023               11
3   Rail           Neo bulk        2023             0.16
4   Road  Break bulk (fast)        2023                6
5   Road  Break bulk (slow)        2023              6.3
6   Road   Container (fast)        2023              2.7
7   Road   Container (slow)        2023              3.8
8   Road           Dry bulk        2023              0.7
9   Road           Neo bulk        2023               12
10   Sea  Break bulk (fast)        2023             0.12
11   Sea  Break bulk (slow)        2023              1.5
12   Sea   Container (fast)        2023             0.16
13   Sea   Container (slow)        2023              1.2
14   Sea           Dry bulk        2023               98
15   Sea           Neo bulk        2023             0.26

----------------------------
Doing the following analysis: 
FuelScen_carbontaxhigh_emissioncap
----------------------------
test
Reading data...
Reading and constructing data
Transport demand in the base year 2018 (in MTonnes):
             product  tot_weight
0           Dry bulk          95
1   Container (fast)         4.1
2   Container (slow)         9.2
3  Break bulk (fast)          12
4  Break bulk (slow)          15
5           Neo bulk          19
Done reading data.
Time used reading the base data: 35.86032176017761
Constructing SP model...
Done constructing model.
Time used constructing the model: 235.31838130950928
----------
Solving model...
Using license file C:\Users\steffejb\gurobi.lic
Academic license - for non-commercial use only
Read LP format model from file C:\Users\steffejb\OneDrive - NTNU\Work\GitHub\STraM_ntnu_development\temp\pyomo\tmphhsuvbsp.pyomo.lp
Reading time = 39.60 seconds
x2706734: 4562462 rows, 1834202 columns, 26058728 nonzeros
Changed value of parameter FeasibilityTol to 0.01
   Prev: 1e-06  Min: 1e-09  Max: 0.01  Default: 1e-06
Changed value of parameter MIPGap to 0.005
   Prev: 0.0001  Min: 0.0  Max: inf  Default: 0.0001
Changed value of parameter NumericFocus to 1
   Prev: 0  Min: 0  Max: 3  Default: 0
Parameter BarConvTol unchanged
   Value: 1e-08  Min: 0.0  Max: 1.0  Default: 1e-08
Parameter Crossover unchanged
   Value: -1  Min: -1  Max: 5  Default: -1
Parameter Method unchanged
   Value: -1  Min: -1  Max: 5  Default: -1
Parameter NodeMethod unchanged
   Value: -1  Min: -1  Max: 2  Default: -1
Gurobi Optimizer version 9.0.0 build v9.0.0rc2 (win64)
Optimize a model with 4562462 rows, 1834202 columns and 26058728 nonzeros
Model fingerprint: 0x0b365bba
Variable types: 1833896 continuous, 306 integer (306 binary)
Coefficient statistics:
  Matrix range     [6e-06, 1e+03]
  Objective range  [8e-02, 3e-01]
  Bounds range     [1e+00, 1e+00]
  RHS range        [1e-04, 9e+01]
Presolve removed 27911 rows and 136 columns (presolve time = 6s) ...
Presolve removed 4361555 rows and 1034817 columns (presolve time = 10s) ...
Presolve removed 4431777 rows and 1034817 columns (presolve time = 17s) ...
Presolve removed 4434388 rows and 1041547 columns (presolve time = 20s) ...
Presolve removed 4455062 rows and 1055663 columns (presolve time = 25s) ...
Presolve removed 4466636 rows and 1120263 columns (presolve time = 30s) ...
Presolve removed 4466987 rows and 1134989 columns (presolve time = 35s) ...
Presolve removed 4467405 rows and 1135008 columns (presolve time = 40s) ...
Presolve removed 4467520 rows and 1135456 columns (presolve time = 45s) ...
Presolve removed 4467520 rows and 1135456 columns (presolve time = 50s) ...
Presolve removed 4467520 rows and 1135456 columns (presolve time = 55s) ...
Presolve removed 4467520 rows and 1135456 columns (presolve time = 61s) ...
Presolve removed 4467520 rows and 1135456 columns
Presolve time: 61.41s
Presolved: 94942 rows, 698746 columns, 9076451 nonzeros
Variable types: 698712 continuous, 34 integer (34 binary)

Deterministic concurrent LP optimizer: primal simplex, dual simplex, and barrier
Showing barrier log only...

Root barrier log...

Ordering time: 2.49s

Barrier statistics:
 AA' NZ     : 4.320e+06
 Factor NZ  : 1.080e+07 (roughly 400 MBytes of memory)
 Factor Ops : 2.730e+09 (roughly 2 seconds per iteration)
 Threads    : 1

                  Objective                Residual
Iter       Primal          Dual         Primal    Dual     Compl     Time
   0   4.02880151e+11 -6.82211809e+10  2.01e+09 8.32e+01  9.19e+07    99s
   1   2.60024765e+11 -6.28310106e+10  1.29e+09 1.81e+02  6.05e+07   102s
   2   1.42220746e+11 -4.45954831e+10  7.07e+08 9.20e+01  3.38e+07   104s
   3   2.61602049e+10 -2.63644444e+10  1.30e+08 2.67e+01  6.88e+06   106s
   4   7.24914852e+09 -1.60119515e+10  3.34e+07 6.24e+00  1.79e+06   109s
   5   5.59720746e+09 -1.58392287e+10  2.46e+07 6.10e+00  1.34e+06   112s
   6   2.63989720e+09 -1.15150818e+10  9.06e+06 3.50e+00  5.27e+05   114s
   7   1.04443850e+09 -7.40081134e+09  1.48e+06 2.08e+00  1.08e+05   117s
   8   6.91702815e+08 -3.40800427e+09  3.88e+05 8.59e-01  3.34e+04   120s
   9   4.99717965e+08 -1.44993820e+09  9.05e+04 2.91e-01  9.56e+03   122s
  10   4.30385053e+08 -8.76526730e+08  5.71e+04 1.49e-01  5.60e+03   124s
  11   3.78136749e+08 -8.24631396e+08  3.57e+04 1.37e-01  4.17e+03   126s
  12   3.31254541e+08 -5.52549493e+08  2.46e+04 8.07e-02  2.71e+03   128s
  13   2.70725178e+08 -3.33567364e+08  1.70e+04 3.91e-02  1.65e+03   130s
  14   2.22218370e+08 -2.11652190e+08  1.22e+04 1.94e-02  1.08e+03   133s
  15   9.97256740e+07 -1.50959279e+08  3.65e+03 1.14e-02  4.28e+02   136s
  16   3.13198203e+07 -5.29996103e+07  8.97e+02 2.80e-03  1.14e+02   139s
  17   1.14269118e+07 -1.84887398e+07  2.84e+02 8.15e-04  3.66e+01   142s
  18   4.62664888e+06 -7.46198702e+06  1.01e+02 2.69e-04  1.37e+01   146s
  19   1.33845136e+06 -2.96033338e+06  2.44e+01 9.06e-05  4.21e+00   149s
  20   6.23029726e+05 -2.06387904e+06  1.01e+01 6.16e-05  2.39e+00   152s
  21   4.70640996e+05 -1.26836264e+06  7.31e+00 3.47e-05  1.54e+00   155s
  22   1.73037036e+05 -8.60476754e+05  2.38e+00 2.18e-05  8.40e-01   158s
  23   1.02395319e+05 -4.71430980e+05  1.22e+00 1.08e-05  4.55e-01   162s
  24   7.66501826e+04 -3.43153618e+05  8.47e-01 7.41e-06  3.28e-01   165s
  25   5.22164666e+04 -2.57438735e+05  5.04e-01 5.26e-06  2.37e-01   168s
  26   3.93874970e+04 -1.69028866e+05  3.37e-01 3.25e-06  1.58e-01   172s
  27   3.43916775e+04 -1.55553583e+05  2.77e-01 2.97e-06  1.43e-01   175s
  28   2.60167300e+04 -1.26154111e+05  1.80e-01 2.39e-06  1.14e-01   178s
  29   2.29358994e+04 -1.02052305e+05  1.48e-01 1.92e-06  9.31e-02   182s
  30   1.95780940e+04 -7.43351384e+04  1.15e-01 1.36e-06  6.97e-02   186s
  31   1.61699119e+04 -6.06871415e+04  8.38e-02 1.08e-06  5.68e-02   189s
  32   1.42879808e+04 -3.79321087e+04  6.79e-02 6.53e-07  3.86e-02   193s
  33   1.11194639e+04 -2.76502441e+04  4.28e-02 4.72e-07  2.85e-02   197s
  34   9.52260657e+03 -1.70322076e+04  3.17e-02 2.85e-07  1.95e-02   200s
  35   8.26957075e+03 -1.16716836e+04  2.36e-02 1.94e-07  1.46e-02   204s
  36   7.45458215e+03 -9.64291827e+03  1.85e-02 1.74e-07  1.25e-02   208s
  37   7.25657832e+03 -8.06454995e+03  1.73e-02 1.77e-07  1.12e-02   211s
  38   7.14273706e+03 -6.81408175e+03  1.66e-02 1.80e-07  1.02e-02   214s
  39   7.04907712e+03 -5.77664933e+03  1.60e-02 1.74e-07  9.39e-03   217s
  40   6.79856824e+03 -4.66303799e+03  1.45e-02 1.74e-07  8.39e-03   220s
  41   6.52358690e+03 -3.41845472e+03  1.29e-02 1.68e-07  7.28e-03   224s
  42   6.12968817e+03 -1.87670966e+03  1.06e-02 1.47e-07  5.86e-03   227s
  43   6.02292993e+03 -1.42178521e+03  1.00e-02 1.39e-07  5.45e-03   230s
  44   5.59233448e+03 -5.09650032e+02  7.64e-03 1.23e-07  4.46e-03   233s
  45   5.49119171e+03 -1.95644724e+02  7.09e-03 1.13e-07  4.15e-03   236s
  46   5.21061889e+03  2.02903574e+02  5.60e-03 9.92e-08  3.65e-03   239s
  47   5.00517485e+03  5.89675162e+02  4.48e-03 8.49e-08  3.22e-03   243s
  48   4.96153621e+03  1.40432079e+03  4.25e-03 6.22e-08  2.59e-03   246s
  49   4.83759401e+03  1.64621590e+03  3.63e-03 5.84e-08  2.33e-03   250s
  50   4.67051055e+03  1.94105596e+03  2.78e-03 5.47e-08  1.99e-03   253s
  51   4.62813025e+03  2.13777941e+03  2.57e-03 5.18e-08  1.81e-03   256s
  52   4.54247019e+03  2.41555405e+03  2.14e-03 4.83e-08  1.55e-03   258s
  53   4.49363188e+03  2.73564010e+03  1.91e-03 4.30e-08  1.28e-03   261s
  54   4.39264057e+03  2.86842782e+03  1.45e-03 4.40e-08  1.11e-03   265s
  55   4.30948014e+03  3.14077056e+03  1.08e-03 4.50e-08  8.49e-04   268s
  56   4.27319080e+03  3.33129177e+03  9.30e-04 4.59e-08  6.84e-04   270s
  57   4.18911986e+03  3.45479473e+03  5.95e-04 4.61e-08  5.32e-04   273s
  58   4.15330860e+03  3.54161206e+03  4.63e-04 4.97e-08  4.43e-04   275s
  59   4.13144698e+03  3.63981523e+03  3.85e-04 4.64e-08  3.56e-04   278s
  60   4.10333991e+03  3.76794893e+03  2.89e-04 4.28e-08  2.43e-04   280s
  61   4.07713017e+03  3.83998164e+03  2.04e-04 4.12e-08  1.71e-04   283s
  62   4.06402360e+03  3.87493630e+03  1.65e-04 3.93e-08  1.36e-04   285s
  63   4.04506877e+03  3.89408116e+03  1.07e-04 3.52e-08  1.09e-04   288s
  64   4.03481922e+03  3.92237666e+03  7.85e-05 3.59e-08  8.10e-05   291s
  65   4.02709456e+03  3.95326063e+03  5.65e-05 3.43e-08  5.31e-05   295s
  66   4.01784252e+03  3.96277053e+03  3.10e-05 3.38e-08  3.95e-05   297s
  67   4.01512167e+03  3.97741728e+03  2.46e-05 2.71e-08  2.70e-05   299s
  68   4.01247534e+03  3.98662789e+03  3.05e-05 2.31e-08  1.84e-05   302s
  69   4.00788397e+03  3.99257531e+03  1.10e-05 1.84e-08  1.08e-05   304s
  70   4.00658556e+03  3.99722550e+03  5.58e-06 1.77e-08  6.54e-06   307s
  71   4.00593048e+03  3.99900982e+03  2.70e-06 1.85e-08  4.78e-06   309s
  72   4.00553580e+03  4.00005380e+03  1.56e-06 1.85e-08  3.74e-06   311s
  73   4.00538354e+03  4.00101380e+03  1.12e-06 1.78e-08  2.94e-06   313s
  74   4.00530288e+03  4.00180150e+03  1.20e-05 1.74e-08  2.32e-06   315s
  75   4.00517560e+03  4.00282288e+03  3.32e-05 1.59e-08  1.49e-06   317s
  76   4.00503222e+03  4.00343313e+03  1.54e-05 1.54e-08  9.45e-07   320s
  77   4.00495579e+03  4.00385802e+03  6.64e-06 1.55e-08  5.85e-07   323s
  78   4.00491258e+03  4.00410293e+03  2.87e-06 1.57e-08  3.79e-07   325s
  79   4.00490426e+03  4.00423135e+03  2.25e-06 1.58e-08  2.76e-07   327s
  80   4.00488762e+03  4.00431816e+03  1.21e-06 1.59e-08  2.02e-07   329s
  81   4.00487705e+03  4.00437917e+03  4.66e-07 1.59e-08  1.52e-07   331s
  82   4.00486620e+03  4.00448128e+03  3.63e-05 1.61e-08  7.24e-08   333s
  83   4.00486366e+03  4.00451859e+03  2.71e-05 1.61e-08  4.38e-08   336s
  84   4.00486350e+03  4.00451944e+03  2.67e-05 1.61e-08  4.31e-08   338s
  85   4.00486332e+03  4.00452022e+03  2.65e-05 1.60e-08  4.24e-08   340s
  86   4.00486307e+03  4.00452123e+03  2.74e-05 1.60e-08  4.15e-08   342s
  87   4.00486115e+03  4.00452938e+03  2.18e-05 1.60e-08  3.44e-08   344s
  88   4.00485472e+03  4.00455150e+03  2.72e-06 1.62e-08  1.53e-08   347s
  89   4.00485351e+03  4.00456404e+03  1.74e-06 1.61e-08  5.65e-09   349s
  90   4.00485109e+03  4.00456546e+03  4.18e-07 1.61e-08  4.03e-09   352s
  91   4.00485092e+03  4.00456735e+03  1.06e-06 1.61e-08  2.66e-09   354s
  92   4.00485088e+03  4.00456740e+03  1.04e-06 1.61e-08  2.56e-09   356s
  93   4.00485087e+03  4.00456740e+03  1.06e-06 1.61e-08  2.56e-09   359s
  94   4.00485042e+03  4.00456743e+03  7.32e-07 1.61e-08  2.65e-09   362s
  95   4.00484985e+03  4.00457032e+03  5.77e-07 1.61e-08  4.51e-10   364s
  96   4.00484963e+03  4.00457010e+03  5.70e-06 1.61e-08  3.89e-10   367s
  97   4.00484868e+03  4.00456984e+03  1.30e-05 1.61e-08  2.80e-10   369s
  98   4.00484800e+03  4.00456933e+03  9.24e-06 1.61e-08  1.33e-10   371s
  99   4.00484798e+03  4.00456892e+03  8.89e-06 1.61e-08  1.29e-10   374s
 100   4.00484795e+03  4.00456749e+03  8.52e-06 1.61e-08  1.26e-10   376s
 101   4.00484794e+03  4.00456669e+03  8.46e-06 1.59e-08  1.26e-10   378s
 102   4.00484793e+03  4.00456265e+03  8.37e-06 1.42e-08  1.25e-10   380s
 103   4.00484793e+03  4.00456249e+03  8.35e-06 1.41e-08  1.25e-10   383s
 104   4.00484793e+03  4.00456238e+03  8.34e-06 1.41e-08  1.25e-10   387s
 105   4.00484793e+03  4.00456187e+03  8.30e-06 1.41e-08  1.24e-10   391s
 106   4.00484793e+03  4.00456180e+03  8.30e-06 1.40e-08  1.24e-10   394s
 107   4.00484789e+03  4.00455371e+03  7.93e-06 1.32e-08  1.20e-10   398s
 108   4.00484788e+03  4.00455126e+03  7.73e-06 1.25e-08  1.17e-10   402s
 109   4.00484788e+03  4.00455110e+03  7.73e-06 1.25e-08  1.17e-10   406s

Barrier solved model in 109 iterations and 405.51 seconds
Optimal objective 4.00484868e+03


Root crossover log...

   90805 DPushes remaining with DInf 1.9585678e-04               407s
       0 DPushes remaining with DInf 9.0144160e-06               411s

    1200 PPushes remaining with PInf 2.3986291e+05               411s
      12 PPushes remaining with PInf 9.1377706e+04               411s

  Push phase complete: Pinf 9.1377706e+04, Dinf 8.4999986e+00    411s


Root simplex log...

Iteration    Objective       Primal Inf.    Dual Inf.      Time
   22419    3.7395050e+03   0.000000e+00   9.627825e+00    411s
   26278    3.7394179e+03   0.000000e+00   3.449562e+02    416s
   29399    3.7393177e+03   0.000000e+00   2.610493e+00    420s
   32610    3.7390638e+03   1.825457e+04   0.000000e+00    426s
   35508    3.7413121e+03   8.601883e+02   0.000000e+00    431s
   37440    3.7416932e+03   3.816179e+01   0.000000e+00    436s
   37653    3.7416931e+03   0.000000e+00   0.000000e+00    438s
   38704    3.7416779e+03   0.000000e+00   1.454939e+00    441s
   39328    3.7416931e+03   0.000000e+00   0.000000e+00    443s
Extra 1675 simplex iterations after uncrush
Concurrent spin time: 0.00s

Solved with barrier

Root relaxation: objective 3.741693e+03, 39328 iterations, 369.90 seconds

    Nodes    |    Current Node    |     Objective Bounds      |     Work
 Expl Unexpl |  Obj  Depth IntInf | Incumbent    BestBd   Gap | It/Node Time

     0     0 3741.69307    0    4          - 3741.69307      -     -  444s
H    0     0                    3741.6950471 3741.69307  0.00%     -  446s

Explored 1 nodes (39328 simplex iterations) in 448.76 seconds
Thread count was 8 (of 8 available processors)

Solution count 1: 3741.7 

Optimal solution found (tolerance 5.00e-03)
Warning: max constraint violation (7.9710e-02) exceeds tolerance
Warning: max bound violation (7.2624e-02) exceeds tolerance
Best objective 3.741695047144e+03, best bound 3.741695047144e+03, gap 0.0000%
the solution is feasible and optimal
Solution time: 503.84987330436707
Done solving model.
Time used solving the model: 738.7590069770813
----------Dumping data in pickle file...done.
Dumping results in pickle file.....done.
objective function value:  3741.6950471439563
objective function value normalized (BILLION NOK):  3741.7
                      2023     2028      2034      2040      2050     
                      mean std mean  std mean  std mean  std mean  std
General                 43   0   53    0   61  1.9   67  1.8   74  2.3
General (Empty Trips)   16   0   12    0   13  1.3   15 0.58   15 0.44
Carbon                 6.5   0   10    0   11 0.04  7.5 0.01 0.02    0
Carbon (Empty Trips)   5.2   0  1.9    0  1.8  1.4 0.13    0    0    0
Time value              15   0   18    0   22 0.02   23 0.02   27 0.04
Transfer                22   0   28    0   33 0.06   31 0.05   33 0.31
Edge                   1.4   0    0    0    0    0    0    0    0    0
Node                  0.32   0 0.21    0   -0    0 0.03 0.01    0    0
Upgrade                  0   0    0    0    0    0    0    0    0    0
Charge                 4.7   0  4.5    0  3.6    0  4.5    0  3.1    0
discount_factor          1   1 0.83 0.83 0.66 0.66 0.53 0.53 0.36 0.36
emissions (MTonnes CO2 eq.):
             AvgEmission     Std  AvgEmission_perc  Std_perc
time_period                                                 
2023                  10       0             1e+02         0
2028                 5.3       0                51         0
2034                 3.1    0.47                30       4.5
2040                 1.1  0.0016                10     0.015
2050              0.0022 7.2e-05             0.021   0.00069
----------------
Average transport work in GTONNES*km:
    mode            product time_period  TransportArbeid
0   Rail           Dry bulk        2023               10
1   Rail           Neo bulk        2023         -9.3e-05
2   Road  Break bulk (fast)        2023                6
3   Road  Break bulk (slow)        2023              6.3
4   Road   Container (fast)        2023              2.7
5   Road   Container (slow)        2023              3.8
6   Road           Dry bulk        2023             0.57
7   Road           Neo bulk        2023               13
8    Sea  Break bulk (fast)        2023             0.12
9    Sea  Break bulk (slow)        2023              1.5
10   Sea   Container (fast)        2023             0.16
11   Sea   Container (slow)        2023              1.2
12   Sea           Dry bulk        2023               99
13   Sea           Neo bulk        2023             0.28

