----------------------------
Doing the following analysis: 
FuelScen_carbontaxbase
neutral
----------------------------
Solving the first time period for initialization purposes...
Using license file C:\Users\steffejb\gurobi.lic
Academic license - for non-commercial use only
Read LP format model from file C:\Users\steffejb\OneDrive - NTNU\Work\GitHub\STraM_ntnu_development\temp\pyomo\tmprlh72opp.pyomo.lp
Reading time = 14.12 seconds
x540794: 2206928 rows, 540794 columns, 7780367 nonzeros
Changed value of parameter FeasibilityTol to 0.0001
   Prev: 1e-06  Min: 1e-09  Max: 0.01  Default: 1e-06
Changed value of parameter MIPGap to 0.002
   Prev: 0.0001  Min: 0.0  Max: inf  Default: 0.0001
Parameter NumericFocus unchanged
   Value: 0  Min: 0  Max: 3  Default: 0
Parameter BarConvTol unchanged
   Value: 1e-08  Min: 0.0  Max: 1.0  Default: 1e-08
Parameter Crossover unchanged
   Value: -1  Min: -1  Max: 5  Default: -1
Parameter Method unchanged
   Value: -1  Min: -1  Max: 5  Default: -1
Parameter NodeMethod unchanged
   Value: -1  Min: -1  Max: 2  Default: -1
Gurobi Optimizer version 9.0.0 build v9.0.0rc2 (win64)
Optimize a model with 2206928 rows, 540794 columns and 7780367 nonzeros
Model fingerprint: 0xc430733e
Coefficient statistics:
  Matrix range     [6e-06, 1e+03]
  Objective range  [1e-01, 1e-01]
  Bounds range     [0e+00, 0e+00]
  RHS range        [1e-03, 9e+01]

Concurrent LP optimizer: dual simplex and barrier
Showing barrier log only...

Presolve removed 538246 rows and 460000 columns (presolve time = 5s) ...
Presolve removed 2204268 rows and 518515 columns
Presolve time: 8.90s
Presolved: 2660 rows, 23242 columns, 201160 nonzeros

Ordering time: 0.01s

Barrier statistics:
 AA' NZ     : 8.445e+04
 Factor NZ  : 1.896e+05 (roughly 12 MBytes of memory)
 Factor Ops : 2.653e+07 (less than 1 second per iteration)
 Threads    : 3

                  Objective                Residual
Iter       Primal          Dual         Primal    Dual     Compl     Time
   0   9.44558953e+01 -1.92600000e-01  6.64e+04 0.00e+00  2.36e+00     9s
   1   3.92102757e+01 -2.03742367e+00  2.60e+04 6.06e-02  9.71e-01     9s
   2   2.57523519e+01 -3.26937480e+00  1.55e+04 1.35e-02  5.63e-01     9s
   3   8.21383452e+00 -1.75325321e+00  2.34e+03 6.55e-03  8.80e-02     9s
   4   5.04122132e+00  5.30546717e+00  8.90e+02 1.89e-03  3.39e-02     9s
   5   4.57174836e+00  7.35378314e+00  7.50e+02 1.64e-03  2.85e-02     9s
   6   4.03939472e+00  2.37444704e+01  5.68e+02 8.82e-04  2.20e-02     9s
   7   4.70604673e+00  2.83995227e+01  4.67e+02 7.69e-04  1.82e-02     9s
   8   1.59748799e+01  3.47219031e+01  2.71e+02 5.49e-04  1.08e-02     9s
   9   1.70390790e+01  4.32812122e+01  2.32e+02 4.95e-04  9.28e-03     9s
  10   1.79973002e+01  4.28568003e+01  2.15e+02 4.87e-04  8.56e-03     9s
  11   1.95841236e+01  4.78651249e+01  1.95e+02 4.69e-04  7.75e-03     9s
  12   2.59633025e+01  4.61870831e+01  1.71e+02 4.32e-04  6.91e-03     9s
  13   3.06278597e+01  5.78419378e+01  1.46e+02 3.53e-04  5.91e-03     9s
  14   3.32729415e+01  6.29444224e+01  1.29e+02 3.11e-04  5.23e-03     9s
  15   3.78929876e+01  7.03416551e+01  1.09e+02 2.61e-04  4.42e-03     9s
  16   3.98584144e+01  7.48499585e+01  1.00e+02 2.36e-04  4.06e-03     9s
  17   4.26849573e+01  7.70171137e+01  9.31e+01 2.23e-04  3.83e-03     9s
  18   4.58139023e+01  8.73283915e+01  8.19e+01 1.70e-04  3.36e-03     9s
  19   4.66753128e+01  8.98451177e+01  7.93e+01 1.65e-04  3.26e-03     9s
  20   4.71454373e+01  9.28619545e+01  7.79e+01 1.59e-04  3.21e-03     9s
  21   4.85896949e+01  9.59858389e+01  7.55e+01 1.53e-04  3.13e-03     9s
  22   5.06919527e+01  9.97317392e+01  7.06e+01 1.44e-04  2.93e-03     9s
  23   5.48110774e+01  1.02675558e+02  6.26e+01 1.34e-04  2.56e-03     9s
  24   5.60510308e+01  1.05462866e+02  6.06e+01 1.24e-04  2.51e-03     9s
  25   5.85694697e+01  1.11678942e+02  5.65e+01 1.17e-04  2.40e-03     9s
  26   6.22390557e+01  1.19148948e+02  5.01e+01 1.07e-04  2.09e-03     9s
  27   6.34914279e+01  1.20194951e+02  4.88e+01 1.06e-04  2.03e-03     9s
  28   6.81343928e+01  1.20725155e+02  4.44e+01 9.49e-05  1.84e-03     9s
  29   6.89271850e+01  1.24191859e+02  4.35e+01 9.07e-05  1.82e-03     9s
  30   7.17213958e+01  1.26436985e+02  4.08e+01 8.71e-05  1.69e-03     9s
  31   7.30789194e+01  1.27585743e+02  3.96e+01 8.30e-05  1.65e-03    10s
  32   7.54147479e+01  1.28460960e+02  3.76e+01 7.94e-05  1.59e-03    10s
  33   7.67644705e+01  1.28618114e+02  3.64e+01 7.85e-05  1.54e-03    10s
  34   8.12136048e+01  1.31687518e+02  3.28e+01 7.11e-05  1.37e-03    10s
  35   8.47673210e+01  1.35227225e+02  3.03e+01 6.76e-05  1.33e-03    10s
  36   8.77382713e+01  1.38389242e+02  2.80e+01 6.43e-05  1.21e-03    10s
  37   8.93203789e+01  1.42875173e+02  2.69e+01 6.07e-05  1.16e-03    10s
  38   9.05197092e+01  1.45394842e+02  2.60e+01 5.92e-05  1.11e-03    10s
  39   9.28808510e+01  1.49448205e+02  2.45e+01 5.75e-05  1.03e-03    10s
  40   9.40878528e+01  1.53295646e+02  2.39e+01 5.68e-05  9.98e-04    10s
  41   9.93981242e+01  1.54688038e+02  2.12e+01 5.42e-05  8.57e-04    10s
  42   1.00781054e+02  1.61864371e+02  2.06e+01 4.97e-05  8.54e-04    10s
  43   1.03516493e+02  1.67309201e+02  1.93e+01 4.68e-05  7.94e-04    10s
  44   1.06944577e+02  1.72453179e+02  1.79e+01 4.49e-05  6.98e-04    10s
  45   1.08673811e+02  1.81736338e+02  1.73e+01 4.23e-05  6.93e-04    10s
  46   1.10551253e+02  1.89047126e+02  1.66e+01 4.08e-05  6.64e-04    10s
  47   1.12839646e+02  1.91132995e+02  1.59e+01 4.04e-05  6.09e-04    10s
  48   1.14399949e+02  1.99368032e+02  1.56e+01 3.89e-05  6.08e-04    10s
  49   4.00002427e+03 -1.92600000e+03  2.81e+06 0.00e+00  1.00e+06    10s
  50   1.98896576e+04 -2.92181624e+04  1.32e+06 6.34e+02  5.12e+05    10s
  51   5.83983114e+05 -5.68232212e+04  2.72e+05 3.86e+02  1.16e+05    10s
  52   6.51884187e+05 -2.22943082e+05  9.21e+04 1.15e+02  3.92e+04    10s
  53   6.80195285e+05 -2.74197754e+05  3.03e+04 6.61e+01  1.46e+04    10s
  54   7.10471766e+05 -3.22795725e+05  9.57e+03 2.86e+01  5.14e+03    10s
  55   6.91834709e+05 -3.28601440e+05  4.21e+03 7.70e+00  2.07e+03    10s
  56   5.87061426e+05 -2.88688445e+05  7.13e+02 2.54e+00  4.39e+02    10s
  57   4.47950413e+05 -2.27238172e+05  2.87e+02 1.51e+00  2.07e+02    10s
  58   3.08358738e+05 -1.71632673e+05  1.09e+02 8.31e-01  9.65e+01    10s
  59   2.29718303e+05 -1.34386958e+05  4.37e+01 5.31e-01  5.31e+01    10s
  60   1.40946027e+05 -8.00682333e+04  1.54e+01 2.42e-01  2.33e+01    10s
  61   7.19798775e+04 -5.98215493e+04  4.64e+00 1.65e-01  1.22e+01    10s
  62   5.08221048e+04 -2.79362084e+04  2.43e+00 6.34e-02  5.79e+00    10s
  63   3.06662897e+04 -1.40595553e+04  1.12e+00 2.73e-02  2.80e+00    10s
  64   1.38506965e+04 -8.42543273e+03  4.12e-01 1.59e-02  1.33e+00    10s
  65   7.69137228e+03 -4.58305406e+03  1.73e-01 8.50e-03  6.84e-01    10s
  66   7.03123369e+03 -3.83873652e+03  1.50e-01 7.22e-03  5.92e-01    10s
  67   5.01102644e+03 -1.64301392e+03  8.90e-02 3.43e-03  3.33e-01    10s
  68   2.37800898e+03 -1.07295632e+03  2.10e-02 2.18e-03  1.63e-01    10s
  69   1.63393340e+03 -6.00240767e+02  9.65e-03 1.41e-03  1.01e-01    10s
  70   1.37064122e+03 -2.51086939e+02  6.79e-03 9.34e-04  7.13e-02    10s
  71   1.24892112e+03 -3.51295855e+01  5.66e-03 6.67e-04  5.54e-02    10s
  72   9.38289630e+02  1.25639924e+02  2.83e-03 4.44e-04  3.44e-02    10s
  73   7.32903252e+02  2.78001041e+02  1.23e-03 2.69e-04  1.91e-02    10s
  74   6.05214539e+02  3.85694816e+02  3.36e-04 1.40e-04  9.14e-03    10s
  75   5.64893988e+02  4.41266017e+02  1.52e-04 8.03e-05  5.13e-03    10s
  76   5.48164033e+02  4.68423162e+02  8.99e-05 5.06e-05  3.30e-03    10s
  77   5.32688319e+02  4.88865626e+02  4.30e-05 2.64e-05  1.81e-03    10s
  78   5.24234639e+02  4.99994224e+02  2.19e-05 1.38e-05  9.97e-04    10s
  79   5.19846122e+02  5.05181326e+02  1.32e-05 8.03e-06  6.02e-04    10s
  80   5.17444411e+02  5.07132905e+02  9.00e-06 5.52e-06  4.23e-04    10s
  81   5.15741615e+02  5.08570135e+02  6.26e-06 3.57e-06  2.93e-04    10s
  82   5.14735039e+02  5.08628883e+02  4.75e-06 3.35e-06  2.51e-04    10s
  83   5.12906533e+02  5.09700305e+02  2.00e-06 2.01e-06  1.33e-04    10s
  84   5.12201467e+02  5.10310410e+02  1.07e-06 1.22e-06  7.83e-05    10s
  85   5.11791572e+02  5.10592264e+02  5.66e-07 8.47e-07  4.99e-05    10s
  86   5.11621386e+02  5.10725760e+02  3.57e-07 6.71e-07  3.74e-05    10s
  87   5.11515058e+02  5.10822967e+02  2.54e-07 5.36e-07  2.90e-05    10s
  88   5.11394170e+02  5.11018241e+02  1.49e-07 2.58e-07  1.56e-05    10s
  89   5.11274324e+02  5.11114563e+02  5.46e-08 1.15e-07  6.66e-06    10s
  90   5.11217195e+02  5.11162705e+02  1.46e-08 4.52e-08  2.25e-06    11s
  91   5.11193216e+02  5.11181080e+02  3.46e-09 8.37e-09  4.96e-07    11s
  92   5.11187399e+02  5.11184669e+02  5.12e-10 8.23e-10  1.09e-07    11s
  93   5.11185835e+02  5.11185196e+02  1.26e-10 5.24e-11  2.52e-08    11s
  94   5.11185314e+02  5.11185253e+02  2.74e-10 3.01e-12  2.40e-09    11s
  95   5.11185266e+02  5.11185255e+02  1.19e-09 2.75e-13  4.16e-10    11s
  96   5.11185257e+02  5.11185255e+02  1.38e-09 6.27e-14  7.65e-11    11s

Barrier solved model in 96 iterations and 10.64 seconds
Optimal objective 5.11185257e+02

Crossover log...

     389 DPushes remaining with DInf 0.0000000e+00                11s
       0 DPushes remaining with DInf 4.8242627e-13                11s

      81 PPushes remaining with PInf 0.0000000e+00                11s
       2 PPushes remaining with PInf 0.0000000e+00                11s

  Push phase complete: Pinf 0.0000000e+00, Dinf 1.9846868e-03     11s

Iteration    Objective       Primal Inf.    Dual Inf.      Time
     468    5.1118521e+02   0.000000e+00   2.058115e-03     11s

Solved with dual simplex
Solved in 6154 iterations and 15.85 seconds
Optimal objective  5.111849144e+02
the solution is feasible and optimal
Solution time: 37.139403104782104
-----
Constructing full SP model...
Done constructing model.
Time used constructing the model: 259.79855728149414
----------
Solving model...
Using license file C:\Users\steffejb\gurobi.lic
Academic license - for non-commercial use only
Read LP format model from file C:\Users\steffejb\OneDrive - NTNU\Work\GitHub\STraM_ntnu_development\temp\pyomo\tmpn4mw70v_.pyomo.lp
Reading time = 47.59 seconds
x2706869: 4554353 rows, 1834337 columns, 25948541 nonzeros
Changed value of parameter FeasibilityTol to 0.01
   Prev: 1e-06  Min: 1e-09  Max: 0.01  Default: 1e-06
Changed value of parameter MIPGap to 0.002
   Prev: 0.0001  Min: 0.0  Max: inf  Default: 0.0001
Parameter NumericFocus unchanged
   Value: 0  Min: 0  Max: 3  Default: 0
Parameter BarConvTol unchanged
   Value: 1e-08  Min: 0.0  Max: 1.0  Default: 1e-08
Parameter Crossover unchanged
   Value: -1  Min: -1  Max: 5  Default: -1
Parameter Method unchanged
   Value: -1  Min: -1  Max: 5  Default: -1
Parameter NodeMethod unchanged
   Value: -1  Min: -1  Max: 2  Default: -1
Gurobi Optimizer version 9.0.0 build v9.0.0rc2 (win64)
Optimize a model with 4554353 rows, 1834337 columns and 25948541 nonzeros
Model fingerprint: 0x4565e542
Variable types: 1834031 continuous, 306 integer (306 binary)
Coefficient statistics:
  Matrix range     [6e-06, 1e+03]
  Objective range  [1e-01, 1e-01]
  Bounds range     [1e+00, 6e+04]
  RHS range        [1e-03, 9e+01]
Presolve removed 0 rows and 0 columns (presolve time = 9s) ...
Presolve removed 19685 rows and 83 columns (presolve time = 12s) ...
Presolve removed 4325159 rows and 956993 columns (presolve time = 15s) ...
Presolve removed 4425291 rows and 1037378 columns (presolve time = 27s) ...
Presolve removed 4426541 rows and 1042922 columns (presolve time = 32s) ...
Presolve removed 4426541 rows and 1042922 columns (presolve time = 35s) ...
Presolve removed 4457642 rows and 1115913 columns (presolve time = 42s) ...
Presolve removed 4457856 rows and 1135643 columns (presolve time = 45s) ...
Presolve removed 4458424 rows and 1135643 columns (presolve time = 50s) ...
Presolve removed 4458999 rows and 1136042 columns (presolve time = 55s) ...
Presolve removed 4459141 rows and 1136190 columns (presolve time = 60s) ...
Presolve removed 4459195 rows and 1136244 columns (presolve time = 66s) ...
Presolve removed 4459204 rows and 1136244 columns (presolve time = 72s) ...
Presolve removed 4461550 rows and 1138452 columns (presolve time = 76s) ...
Presolve removed 4461952 rows and 1138830 columns
Presolve time: 79.33s
Presolved: 92401 rows, 695507 columns, 8335787 nonzeros
Variable types: 695473 continuous, 34 integer (34 binary)

Deterministic concurrent LP optimizer: primal simplex, dual simplex, and barrier
Showing barrier log only...

Root barrier log...

Ordering time: 2.18s

Barrier statistics:
 AA' NZ     : 4.154e+06
 Factor NZ  : 1.078e+07 (roughly 400 MBytes of memory)
 Factor Ops : 2.735e+09 (roughly 1 second per iteration)
 Threads    : 1

                  Objective                Residual
Iter       Primal          Dual         Primal    Dual     Compl     Time
   0   3.96627362e+12 -3.10678082e+12  4.83e+09 7.42e+01  4.51e+08   113s
   1   1.98317191e+12 -2.80931151e+12  2.40e+09 1.50e+02  2.26e+08   115s
   2   8.23646864e+11 -2.60418971e+12  9.64e+08 1.20e+02  9.49e+07   118s
   3   2.23778765e+11 -1.02729236e+12  2.30e+08 2.26e-01  2.35e+07   120s
   4   3.48606372e+10 -2.53597289e+11  2.83e+07 5.20e-03  2.99e+06   123s
   5   9.77306910e+09 -5.36884122e+10  6.43e+06 2.25e-04  6.96e+05   126s
   6   5.06116829e+09 -1.91769282e+10  2.86e+06 1.59e-12  3.16e+05   129s
   7   3.08951143e+09 -1.27774642e+10  1.68e+06 4.83e-12  1.88e+05   132s
   8   2.70801363e+09 -1.18243249e+10  1.47e+06 4.09e-12  1.66e+05   135s
   9   1.84933955e+09 -1.06823989e+10  9.66e+05 1.75e-10  1.11e+05   137s
  10   1.13988520e+09 -6.08890658e+09  5.69e+05 4.62e-10  6.49e+04   140s
  11   4.46646326e+08 -1.48130276e+09  2.19e+05 1.68e-09  2.45e+04   142s
  12   1.54192266e+08 -9.89588734e+08  6.94e+04 4.91e-11  8.10e+03   145s
  13   8.45523771e+07 -5.59153039e+08  3.59e+04 1.24e-09  4.18e+03   148s
  14   6.95408618e+07 -5.38052754e+08  2.90e+04 1.26e-09  3.43e+03   150s
  15   5.03068168e+07 -4.60619357e+08  2.05e+04 2.76e-10  2.45e+03   153s
  16   1.71464153e+07 -2.32851806e+08  6.00e+03 9.09e-12  7.51e+02   156s
  17   3.94905067e+06 -1.18196766e+08  1.10e+03 6.54e-12  1.81e+02   159s
  18   1.35923791e+06 -2.56558792e+07  3.14e+02 6.38e-12  4.16e+01   162s
  19   7.27953696e+05 -1.89197132e+07  1.61e+02 7.09e-12  2.50e+01   165s
  20   6.00593390e+05 -1.57786442e+07  1.32e+02 4.66e-12  2.06e+01   168s
  21   4.59967308e+05 -1.31801020e+07  9.87e+01 4.40e-12  1.63e+01   170s
  22   2.41755745e+05 -9.54730677e+06  4.84e+01 3.22e-12  1.01e+01   173s
  23   1.47666505e+05 -5.42235809e+06  2.76e+01 1.86e-12  5.69e+00   177s
  24   9.79015453e+04 -3.86283378e+06  1.74e+01 1.72e-12  3.87e+00   181s
  25   8.27258857e+04 -3.05102223e+06  1.44e+01 1.60e-12  3.07e+00   184s
  26   7.81516957e+04 -2.94879257e+06  1.35e+01 1.48e-12  2.94e+00   185s
  27   6.78814299e+04 -2.72302334e+06  1.15e+01 1.49e-12  2.65e+00   187s
  28   5.80394175e+04 -2.49463813e+06  9.59e+00 1.44e-12  2.36e+00   189s
  29   5.14396708e+04 -1.91511811e+06  8.27e+00 1.92e-12  1.85e+00   191s
  30   4.54355006e+04 -1.72857601e+06  7.13e+00 1.41e-12  1.64e+00   193s
  31   4.24803664e+04 -1.52590004e+06  6.54e+00 1.31e-12  1.46e+00   195s

Barrier performed 31 iterations in 195.40 seconds
Barrier solve interrupted - model solved by another algorithm

Concurrent spin time: 12.71s (can be avoided by choosing Method=3)

Solved with dual simplex

Root relaxation: objective 2.295237e+03, 84015 iterations, 104.05 seconds

    Nodes    |    Current Node    |     Objective Bounds      |     Work
 Expl Unexpl |  Obj  Depth IntInf | Incumbent    BestBd   Gap | It/Node Time

     0     0 2295.23693    0    3          - 2295.23693      -     -  197s
H    0     0                    2295.2478849 2295.23693  0.00%     -  201s

Explored 1 nodes (84015 simplex iterations) in 203.81 seconds
Thread count was 8 (of 8 available processors)

Solution count 1: 2295.25 

Optimal solution found (tolerance 2.00e-03)
Warning: max constraint violation (7.9740e-02) exceeds tolerance
Warning: max bound violation (7.9710e-02) exceeds tolerance
Best objective 2.295247884915e+03, best bound 2.295247884915e+03, gap 0.0000%
the solution is feasible and optimal
Solution time: 271.76754117012024
Done solving model.
Time used solving the model: 527.4147300720215
----------Dumping data in pickle file...done.
Dumping results in pickle file.....done.
objective function value:  2295.2478849153445
objective function value normalized (Billion EURO):  229.52
                         2023                                            \
                           OO     OB     OP     BO     BB     BP     PO   
LCOT                    3.880  3.880  3.880  3.880  3.880  3.880  3.880   
LCOT (Empty Trips)      1.051  1.051  1.051  1.051  1.051  1.051  1.051   
Emission                0.397  0.397  0.397  0.397  0.397  0.397  0.397   
Emission (Empty Trips)  0.174  0.174  0.174  0.174  0.174  0.174  0.174   
CO2_Penalty             0.000  0.000  0.000  0.000  0.000  0.000  0.000   
Time value              1.352  1.352  1.352  1.352  1.352  1.352  1.352   
Transfer                2.090  2.090  2.090  2.090  2.090  2.090  2.090   
RailTrack               0.116  0.116  0.116  0.116  0.116  0.116  0.116   
Terminal                0.027  0.027  0.027  0.027  0.027  0.027  0.027   
RailElectr.            -0.000  0.000 -0.000  0.000  0.000  0.000  0.000   
Charging                0.000  0.000  0.000  0.000  0.000  0.000  0.000   
H2_Filling              0.000  0.000  0.000  0.000  0.000  0.000  0.000   

                                       2028                              \
                           PB     PP     OO     OB     OP     BO     BB   
LCOT                    3.880  3.880  4.380  4.380  4.380  4.380  4.380   
LCOT (Empty Trips)      1.051  1.051  0.959  0.959  0.959  0.959  0.959   
Emission                0.397  0.397  0.869  0.869  0.869  0.869  0.869   
Emission (Empty Trips)  0.174  0.174  0.233  0.233  0.233  0.233  0.233   
CO2_Penalty             0.000  0.000  0.000  0.000  0.000  0.000  0.000   
Time value              1.352  1.352  1.639  1.639  1.639  1.639  1.639   
Transfer                2.090  2.090  2.639  2.639  2.639  2.639  2.639   
RailTrack               0.116  0.116  0.000  0.000  0.000  0.000  0.000   
Terminal                0.027  0.027  0.021  0.021  0.021  0.021  0.021   
RailElectr.             0.000  0.000  0.000  0.000  0.000  0.000  0.000   
Charging                0.000  0.000  0.000  0.000  0.000  0.000  0.000   
H2_Filling              0.000  0.000  0.000  0.000  0.000  0.000  0.000   

                                                     2034                \
                           BP     PO     PB     PP     OO     OB     OP   
LCOT                    4.380  4.380  4.380  4.380  4.351  4.357  4.360   
LCOT (Empty Trips)      0.959  0.959  0.959  0.959  0.914  0.913  0.912   
Emission                0.869  0.869  0.869  0.869  1.038  1.040  1.041   
Emission (Empty Trips)  0.233  0.233  0.233  0.233  0.280  0.280  0.280   
CO2_Penalty             0.000  0.000  0.000  0.000  0.000  0.000  0.000   
Time value              1.639  1.639  1.639  1.639  1.841  1.842  1.843   
Transfer                2.639  2.639  2.639  2.639  2.818  2.821  2.824   
RailTrack               0.000  0.000  0.000  0.000  0.000  0.000  0.000   
Terminal                0.021  0.021  0.021  0.021  0.000 -0.001  0.000   
RailElectr.             0.000  0.000  0.000  0.000  0.000  0.000  0.000   
Charging                0.000  0.000  0.000  0.000  0.004  0.004  0.004   
H2_Filling              0.000  0.000  0.000  0.000  0.000  0.000  0.000   

                                                                   2040  \
                           BO     BB     BP     PO     PB     PP     OO   
LCOT                    4.856  4.829  4.803  5.318  5.137  5.149  4.838   
LCOT (Empty Trips)      1.058  1.042  1.035  1.139  1.137  1.137  1.045   
Emission                0.961  1.001  1.039  0.790  0.962  0.962  0.755   
Emission (Empty Trips)  0.251  0.275  0.280  0.242  0.251  0.250  0.206   
CO2_Penalty             0.000  0.000  0.000  0.000  0.000  0.000  0.000   
Time value              1.842  1.841  1.844  1.842  1.843  1.841  1.956   
Transfer                2.822  2.815  2.817  2.818  2.813  2.821  2.768   
RailTrack               0.000  0.000  0.000  0.000  0.000  0.000  0.000   
Terminal                0.000  0.000  0.000  0.000  0.000  0.000  0.000   
RailElectr.             0.000  0.000  0.000  0.000  0.000  0.000  0.000   
Charging                0.021  0.010  0.004  0.022  0.022  0.022  0.085   
H2_Filling              0.000  0.000  0.000  0.000  0.000  0.000  0.000   

                                                                         \
                           OB     OP     BO     BB     BP     PO     PB   
LCOT                    4.862  4.919  5.276  5.210  5.238  5.829  5.521   
LCOT (Empty Trips)      1.050  1.067  1.140  1.121  1.127  1.202  1.200   
Emission                0.755  0.754  0.705  0.752  0.753  0.335  0.704   
Emission (Empty Trips)  0.206  0.206  0.200  0.204  0.205  0.195  0.200   
CO2_Penalty             0.000  0.000  0.000  0.000  0.000  0.000  0.000   
Time value              1.955  1.952  1.946  1.949  1.949  1.942  1.946   
Transfer                2.777  2.744  2.722  2.773  2.773  2.727  2.718   
RailTrack               0.000  0.000  0.000  0.000  0.000  0.000  0.000   
Terminal                0.000  0.000  0.000  0.000  0.000  0.000  0.000   
RailElectr.             0.000  0.000  0.000  0.000  0.000  0.000  0.000   
Charging                0.085  0.086  0.086  0.085  0.085  0.086  0.086   
H2_Filling              0.000  0.000  0.000  0.000  0.000  0.001  0.000   

                                2050                                     \
                           PP     OO     OB     OP     BO     BB     BP   
LCOT                    5.504  5.761  5.704  5.723  6.344  6.465  6.295   
LCOT (Empty Trips)      1.189  1.200  1.208  1.212  1.454  1.473  1.311   
Emission                0.750  0.723  0.813  0.815  0.351  0.400  0.711   
Emission (Empty Trips)  0.204  0.218  0.219  0.219  0.000  0.027  0.216   
CO2_Penalty             0.000  0.000  0.000  0.000  0.000  0.000  0.000   
Time value              1.946  2.326  2.326  2.331  2.324  2.319  2.316   
Transfer                2.718  3.106  3.112  3.122  3.062  3.061  3.004   
RailTrack               0.000  0.000  0.000  0.000  0.000  0.000  0.000   
Terminal                0.000  0.000  0.000  0.000  0.000  0.000  0.000   
RailElectr.             0.000  0.000  0.000  0.000  0.000  0.000  0.000   
Charging                0.086  0.060  0.060  0.059  0.060  0.060  0.061   
H2_Filling              0.000  0.001  0.000  0.000  0.001  0.001  0.001   

                                              2023                 2028  \
                           PO     PB     PP   mean           std   mean   
LCOT                    6.550  6.608  6.752  3.880  4.710277e-16  4.380   
LCOT (Empty Trips)      1.454  1.498  1.529  1.051  0.000000e+00  0.959   
Emission                0.061  0.351  0.398  0.397  0.000000e+00  0.869   
Emission (Empty Trips)  0.000  0.000  0.029  0.174  0.000000e+00  0.233   
CO2_Penalty             0.000  0.000  0.000  0.000  0.000000e+00  0.000   
Time value              2.324  2.319  2.316  1.352  0.000000e+00  1.639   
Transfer                3.061  3.062  3.004  2.090  0.000000e+00  2.639   
RailTrack               0.000  0.000  0.000  0.116  0.000000e+00  0.000   
Terminal                0.000  0.000  0.000  0.027  0.000000e+00  0.021   
RailElectr.             0.000  0.000  0.000  0.000  0.000000e+00  0.000   
Charging                0.060  0.060  0.061  0.000  0.000000e+00  0.000   
H2_Filling              0.001  0.001  0.001  0.000  0.000000e+00  0.000   

                                          2034                2040            \
                                 std      mean       std      mean       std   
LCOT                    0.000000e+00  4.795556  0.370633  5.244111  0.336369   
LCOT (Empty Trips)      1.177569e-16  1.031889  0.097960  1.126778  0.062506   
Emission                0.000000e+00  0.981556  0.080385  0.695889  0.136973   
Emission (Empty Trips)  2.943923e-17  0.265444  0.016372  0.202889  0.003790   
CO2_Penalty             0.000000e+00  0.000000  0.000000  0.000000  0.000000   
Time value              0.000000e+00  1.842111  0.001054  1.949000  0.004610   
Transfer                0.000000e+00  2.818778  0.003528  2.746667  0.026000   
RailTrack               0.000000e+00  0.000000  0.000000  0.000000  0.000000   
Terminal                0.000000e+00 -0.000111  0.000333  0.000000  0.000000   
RailElectr.             0.000000e+00  0.000000  0.000000  0.000000  0.000000   
Charging                0.000000e+00  0.012556  0.008932  0.085556  0.000527   
H2_Filling              0.000000e+00  0.000000  0.000000  0.000111  0.000333   

                            2050            
                            mean       std  
LCOT                    6.244667  0.409567  
LCOT (Empty Trips)      1.371000  0.136915  
Emission                0.513667  0.261555  
Emission (Empty Trips)  0.103111  0.109536  
CO2_Penalty             0.000000  0.000000  
Time value              2.322333  0.005123  
Transfer                3.066000  0.042752  
RailTrack               0.000000  0.000000  
Terminal                0.000000  0.000000  
RailElectr.             0.000000  0.000000  
Charging                0.060111  0.000601  
H2_Filling              0.000778  0.000441  
                       2023     2028      2034      2040      2050     
                       mean std mean  std mean  std mean  std mean  std
LCOT                    3.9   0  4.4    0  4.8 0.37  5.2 0.34  6.2 0.41
LCOT (Empty Trips)      1.1   0 0.96    0    1  0.1  1.1 0.06  1.4 0.14
Emission                0.4   0 0.87    0 0.98 0.08  0.7 0.14 0.51 0.26
Emission (Empty Trips) 0.17   0 0.23    0 0.27 0.02  0.2    0  0.1 0.11
CO2_Penalty               0   0    0    0    0    0    0    0    0    0
Time value              1.4   0  1.6    0  1.8    0  1.9    0  2.3 0.01
Transfer                2.1   0  2.6    0  2.8    0  2.8 0.03  3.1 0.04
RailTrack              0.12   0    0    0    0    0    0    0    0    0
Terminal               0.03   0 0.02    0   -0    0    0    0    0    0
RailElectr.               0   0    0    0    0    0    0    0    0    0
Charging                  0   0    0    0 0.01 0.01 0.09    0 0.06    0
H2_Filling                0   0    0    0    0    0    0    0    0    0
discount_factor           1   1 0.83 0.83 0.66 0.66 0.53 0.53 0.36 0.36
emissions (MTonnes CO2 eq.):
             AvgEmission  Std  AvgEmission_perc  Std_perc
time_period                                              
2023                 7.2    0             1e+02         0
2028                 6.7    0                93         0
2034                 6.4 0.47                88       6.5
2040                 4.6 0.64                64       8.9
2050                 3.1    2                43        27
----------------
Average transport work in GTONNES*km:
    mode            product time_period  TransportArbeid
0   Rail           Dry bulk        2023              8.6
1   Rail           Neo bulk        2023          0.00052
2   Road  Break bulk (fast)        2023              5.5
3   Road  Break bulk (slow)        2023              5.6
4   Road   Container (fast)        2023              2.1
5   Road   Container (slow)        2023              2.7
6   Road           Dry bulk        2023             0.54
7   Road           Neo bulk        2023               12
8    Sea  Break bulk (fast)        2023            0.091
9    Sea  Break bulk (slow)        2023              1.2
10   Sea   Container (fast)        2023              0.1
11   Sea   Container (slow)        2023              1.1
12   Sea           Dry bulk        2023               98
13   Sea           Neo bulk        2023             0.26

