----------------------------
Doing the following analysis: 
FuelDetScen_carbontaxbase_emissioncap
----------------------------
Reading data...
Reading and constructing data
Transport demand in the base year 2018 (in MTonnes):
             product  tot_weight
0           Dry bulk       94.86
1   Container (fast)        4.07
2   Container (slow)        9.23
3  Break bulk (fast)       11.61
4  Break bulk (slow)       15.37
5           Neo bulk       19.28
Done reading data.
Time used reading the base data: 23.408838272094727
Solving the first time period for initialization purposes...
Using license file C:\Users\steffejb\gurobi.lic
Academic license - for non-commercial use only
Read LP format model from file C:\Users\steffejb\OneDrive - NTNU\Work\GitHub\STraM_ntnu_development\temp\pyomo\tmpk5ewokgl.pyomo.lp
Reading time = 0.35 seconds
x60089: 4879 rows, 27773 columns, 383813 nonzeros
Changed value of parameter FeasibilityTol to 0.0001
   Prev: 1e-06  Min: 1e-09  Max: 0.01  Default: 1e-06
Changed value of parameter MIPGap to 0.002
   Prev: 0.0001  Min: 0.0  Max: inf  Default: 0.0001
Parameter NumericFocus unchanged
   Value: 0  Min: 0  Max: 3  Default: 0
Parameter BarConvTol unchanged
   Value: 1e-08  Min: 0.0  Max: 1.0  Default: 1e-08
Parameter Crossover unchanged
   Value: -1  Min: -1  Max: 5  Default: -1
Parameter Method unchanged
   Value: -1  Min: -1  Max: 5  Default: -1
Parameter NodeMethod unchanged
   Value: -1  Min: -1  Max: 2  Default: -1
Gurobi Optimizer version 9.0.0 build v9.0.0rc2 (win64)
Optimize a model with 4879 rows, 27773 columns and 383813 nonzeros
Model fingerprint: 0x75aa58e8
Coefficient statistics:
  Matrix range     [6e-06, 1e+03]
  Objective range  [3e-01, 2e+00]
  Bounds range     [0e+00, 0e+00]
  RHS range        [1e-03, 9e+01]

Concurrent LP optimizer: dual simplex and barrier
Showing barrier log only...

Presolve removed 2288 rows and 5575 columns
Presolve time: 0.20s
Presolved: 2591 rows, 23161 columns, 174435 nonzeros

Ordering time: 0.01s

Barrier statistics:
 AA' NZ     : 7.655e+04
 Factor NZ  : 1.547e+05 (roughly 12 MBytes of memory)
 Factor Ops : 1.753e+07 (less than 1 second per iteration)
 Threads    : 3

                  Objective                Residual
Iter       Primal          Dual         Primal    Dual     Compl     Time
   0   4.08005304e+06 -2.51236721e+01  5.13e+04 0.00e+00  3.65e+02     0s
   1   9.53684861e+05 -8.94010703e+02  1.18e+04 3.19e+00  8.68e+01     0s
   2   1.21820410e+05 -9.66480018e+02  1.37e+03 1.76e+00  1.19e+01     0s
   3   3.82886731e+04 -3.72936742e+02  3.78e+02 7.34e-01  3.65e+00     0s
   4   1.34132941e+04  2.59360590e+01  1.13e+02 3.33e-01  1.21e+00     0s
   5   6.30020454e+03  3.22680747e+02  4.40e+01 2.01e-01  5.34e-01     0s
   6   3.43584535e+03  4.98298461e+02  1.91e+01 1.23e-01  2.62e-01     0s
   7   1.86909581e+03  5.77611891e+02  6.75e+00 8.28e-02  1.23e-01     0s
   8   1.25537213e+03  5.99219389e+02  2.93e+00 6.36e-02  7.19e-02     0s
   9   9.36093149e+02  6.12762010e+02  1.25e+00 4.15e-02  4.04e-02     0s

Barrier performed 9 iterations in 0.41 seconds
Barrier solve interrupted - model solved by another algorithm


Solved with dual simplex
Solved in 2897 iterations and 0.41 seconds
Optimal objective  5.111849983e+02
the solution is feasible and optimal
Solution time: 1.246537685394287
-----
Constructing full SP model...
Done constructing model.
Time used constructing the model: 13.166081428527832
----------
Solving model...
Using license file C:\Users\steffejb\gurobi.lic
Academic license - for non-commercial use only
Read LP format model from file C:\Users\steffejb\OneDrive - NTNU\Work\GitHub\STraM_ntnu_development\temp\pyomo\tmpto9wko5d.pyomo.lp
Reading time = 1.97 seconds
x300760: 24753 rows, 139180 columns, 1920602 nonzeros
Changed value of parameter FeasibilityTol to 0.01
   Prev: 1e-06  Min: 1e-09  Max: 0.01  Default: 1e-06
Changed value of parameter MIPGap to 0.002
   Prev: 0.0001  Min: 0.0  Max: inf  Default: 0.0001
Parameter NumericFocus unchanged
   Value: 0  Min: 0  Max: 3  Default: 0
Parameter BarConvTol unchanged
   Value: 1e-08  Min: 0.0  Max: 1.0  Default: 1e-08
Parameter Crossover unchanged
   Value: -1  Min: -1  Max: 5  Default: -1
Parameter Method unchanged
   Value: -1  Min: -1  Max: 5  Default: -1
Parameter NodeMethod unchanged
   Value: -1  Min: -1  Max: 2  Default: -1
Gurobi Optimizer version 9.0.0 build v9.0.0rc2 (win64)
Optimize a model with 24753 rows, 139180 columns and 1920602 nonzeros
Model fingerprint: 0x10ceef2b
Variable types: 139146 continuous, 34 integer (34 binary)
Coefficient statistics:
  Matrix range     [6e-06, 1e+03]
  Objective range  [3e-01, 2e+00]
  Bounds range     [1e+00, 6e+04]
  RHS range        [1e-03, 9e+01]
Presolve removed 8299 rows and 19319 columns (presolve time = 5s) ...
Presolve removed 8511 rows and 19454 columns
Presolve time: 6.78s
Presolved: 16242 rows, 119726 columns, 1435143 nonzeros
Variable types: 119628 continuous, 98 integer (34 binary)

Deterministic concurrent LP optimizer: primal and dual simplex
Showing first log only...


Root simplex log...

Iteration    Objective       Primal Inf.    Dual Inf.      Time
       0    7.2487331e+00   3.407557e+02   3.759603e+09     10s
    6152   -8.5655794e+01   8.625354e+01   3.094620e+10     10s
   25321    4.0005685e+03   1.980288e+01   8.925733e+09     15s
Concurrent spin time: 0.01s

Solved with dual simplex

Root relaxation: objective 2.391672e+03, 13719 iterations, 9.76 seconds

    Nodes    |    Current Node    |     Objective Bounds      |     Work
 Expl Unexpl |  Obj  Depth IntInf | Incumbent    BestBd   Gap | It/Node Time

     0     0 2391.67240    0    3          - 2391.67240      -     -   17s
H    0     0                    2391.7098874 2391.67240  0.00%     -   17s

Explored 1 nodes (13719 simplex iterations) in 17.86 seconds
Thread count was 8 (of 8 available processors)

Solution count 1: 2391.71 

Optimal solution found (tolerance 2.00e-03)
Warning: max constraint violation (7.9740e-02) exceeds tolerance
Warning: max bound violation (7.9710e-02) exceeds tolerance
Best objective 2.391709887361e+03, best bound 2.391709887361e+03, gap 0.0000%
the solution is feasible and optimal
Solution time: 20.995935440063477
Done solving model.
Time used solving the model: 30.111799478530884
----------Dumping data in pickle file...done.
Dumping results in pickle file.....done.
objective function value:  2391.7098873608816
objective function value normalized (BILLION NOK):  2391.71
                      2023     2028      2034      2040      2050     
                      mean std mean  std mean  std mean  std mean  std
General                 39   0   50    0   57    0   60    0   68    0
General (Empty Trips)   11   0   12    0   14    0   13    0   15    0
Carbon                 3.9   0  6.5    0  4.8    0  2.4    0 0.01    0
Carbon (Empty Trips)   1.8   0  1.3    0 0.51    0 0.91    0    0    0
CO2_Penalty              0   0  5.5    0    0    0    0    0    0    0
Time value              14   0   16    0   18    0   19    0   23    0
Transfer                21   0   27    0   28    0   27    0   31    0
Edge                   1.2   0    0    0    0    0    0    0    0    0
Node                  0.53   0 0.21    0    0    0    0    0    0    0
Upgrade                  0   0    0    0    0    0    0    0    0    0
Charge                 4.7   0  4.5    0  3.6    0  4.5    0  3.1    0
discount_factor          1   1 0.83 0.83 0.66 0.66 0.53 0.53 0.36 0.36
emissions (MTonnes CO2 eq.):
             AvgEmission  Std  AvgEmission_perc  Std_perc
time_period                                              
2023                 7.3    0             1e+02         0
2028                 4.6    0                63         0
2034                 2.6    0                35         0
2040                 1.8    0                24         0
2050              0.0042    0             0.058         0
----------------
Average transport work in GTONNES*km:
    mode            product time_period  TransportArbeid
0   Rail           Dry bulk        2023              9.9
1   Rail           Neo bulk        2023          0.00052
2   Road  Break bulk (fast)        2023              5.5
3   Road  Break bulk (slow)        2023              5.6
4   Road   Container (fast)        2023              2.1
5   Road   Container (slow)        2023              2.7
6   Road           Dry bulk        2023             0.52
7   Road           Neo bulk        2023               12
8    Sea  Break bulk (fast)        2023            0.091
9    Sea  Break bulk (slow)        2023              1.2
10   Sea   Container (fast)        2023              0.1
11   Sea   Container (slow)        2023              1.1
12   Sea           Dry bulk        2023               97
13   Sea           Neo bulk        2023             0.26

