----------------------------
Doing the following analysis: 
FuelScen_carbontaxbase_emissioncap
----------------------------
Reading data...
Reading and constructing data
Function construct_sets Took 0.0013 seconds
Function construct_network Took 0.0048 seconds
Transport demand in the base year 2018 (in MTonnes):
             product  tot_weight
0           Dry bulk       94.86
1   Container (fast)        4.07
2   Container (slow)        9.23
3  Break bulk (fast)       11.61
4  Break bulk (slow)       15.37
5           Neo bulk       19.28
Function construct_ODD Took 0.5181 seconds
Function construct_vehicles Took 0.5330 seconds
Function construct_emission_transfer Took 0.1723 seconds
Function construct_costs Took 2.4238 seconds
Function construct_time_value Took 0.0011 seconds
Function construct_investments Took 0.0086 seconds
Function construct_charging_edges Took 0.1845 seconds
Function construct_tech_readiness Took 0.0051 seconds
Function construct_path_generation Took 0.1560 seconds
Function construct_param2 Took 0.0608 seconds
Function combined_sets Took 0.4028 seconds
Function combined_sets Took 0.4285 seconds
Done reading data.
Time used reading the base data: 16.34145164489746
Function combined_sets Took 0.1559 seconds
Solving the first time period for initialization purposes...
Function combined_sets Took 0.0549 seconds
Set parameter Username
Academic license - for non-commercial use only - expires 2025-09-27
Read LP format model from file C:\Users\sandee\Documents\Github\STraM_ntnu_development\temp\pyomo\tmp72ijbz0r.pyomo.lp
Reading time = 0.16 seconds
x1: 4879 rows, 27773 columns, 383814 nonzeros
Set parameter FeasibilityTol to value 0.0001
Set parameter MIPGap to value 0.002
Gurobi Optimizer version 11.0.0 build v11.0.0rc2 (win64 - Windows 10.0 (19045.2))

CPU model: Intel(R) Core(TM) i7-10700 CPU @ 2.90GHz, instruction set [SSE2|AVX|AVX2]
Thread count: 8 physical cores, 16 logical processors, using up to 16 threads

Optimize a model with 4879 rows, 27773 columns and 383814 nonzeros
Model fingerprint: 0xbe353028
Coefficient statistics:
  Matrix range     [6e-06, 1e+03]
  Objective range  [3e-01, 2e+00]
  Bounds range     [0e+00, 0e+00]
  RHS range        [1e-03, 9e+01]
Presolve removed 2288 rows and 5575 columns
Presolve time: 0.10s
Presolved: 2591 rows, 23161 columns, 174435 nonzeros

Concurrent LP optimizer: primal simplex, dual simplex, and barrier
Showing barrier log only...

Ordering time: 0.01s

Barrier statistics:
 AA' NZ     : 7.655e+04
 Factor NZ  : 1.503e+05 (roughly 12 MB of memory)
 Factor Ops : 1.624e+07 (less than 1 second per iteration)
 Threads    : 6

                  Objective                Residual
Iter       Primal          Dual         Primal    Dual     Compl     Time
   0   3.08014225e+06 -5.48554270e+01  7.65e+04 8.88e-16  2.16e+02     0s
   1   6.77961449e+05 -1.45534555e+03  1.64e+04 1.35e+00  4.70e+01     0s
   2   1.98021988e+05 -1.45975275e+03  4.58e+03 6.84e-01  1.39e+01     0s
   3   6.09803102e+04 -1.27768660e+03  1.29e+03 2.53e-01  4.09e+00     0s

Barrier performed 3 iterations in 0.18 seconds (0.29 work units)
Barrier solve interrupted - model solved by another algorithm


Solved with dual simplex
Extra simplex iterations after uncrush: 4
Iteration    Objective       Primal Inf.    Dual Inf.      Time
    2949    5.3711201e+02   0.000000e+00   0.000000e+00      0s

Solved in 2949 iterations and 0.23 seconds (0.34 work units)
Optimal objective  5.371120069e+02
the solution is feasible and optimal
Solution time: 1.0162441730499268
Function combined_sets Took 0.1528 seconds
-----
Constructing full EV model...
Done constructing model.
Time used constructing the model: 3.9719607830047607
----------
Solving model...
Set parameter Username
Academic license - for non-commercial use only - expires 2025-09-27
Read LP format model from file C:\Users\sandee\Documents\Github\STraM_ntnu_development\temp\pyomo\tmp76ohpfx7.pyomo.lp
Reading time = 0.80 seconds
x1: 24408 rows, 138925 columns, 1919690 nonzeros
Set parameter FeasibilityTol to value 0.001
Set parameter MIPGap to value 0.002
Gurobi Optimizer version 11.0.0 build v11.0.0rc2 (win64 - Windows 10.0 (19045.2))

CPU model: Intel(R) Core(TM) i7-10700 CPU @ 2.90GHz, instruction set [SSE2|AVX|AVX2]
Thread count: 8 physical cores, 16 logical processors, using up to 16 threads

Optimize a model with 24408 rows, 138925 columns and 1919690 nonzeros
Model fingerprint: 0x5fefe16a
Variable types: 138891 continuous, 34 integer (34 binary)
Coefficient statistics:
  Matrix range     [6e-06, 1e+03]
  Objective range  [3e-01, 2e+00]
  Bounds range     [1e+00, 1e+00]
  RHS range        [1e-03, 9e+01]
Presolve removed 11344 rows and 40472 columns
Presolve time: 3.82s
Presolved: 13064 rows, 99653 columns, 832755 nonzeros
Variable types: 99619 continuous, 34 integer (34 binary)
Deterministic concurrent LP optimizer: primal simplex, dual simplex, and barrier
Showing barrier log only...

Root barrier log...

Ordering time: 0.08s

Barrier statistics:
 AA' NZ     : 3.390e+05
 Factor NZ  : 7.086e+05 (roughly 50 MB of memory)
 Factor Ops : 8.815e+07 (less than 1 second per iteration)
 Threads    : 5

                  Objective                Residual
Iter       Primal          Dual         Primal    Dual     Compl     Time
   0   2.00412300e+11 -4.21268202e+09  2.96e+08 6.19e+01  1.86e+07     5s
   1   5.53940473e+10 -2.86285608e+09  8.13e+07 8.61e+01  5.36e+06     5s
   2   1.72024947e+10 -1.70407718e+09  2.58e+07 2.68e+01  1.74e+06     5s
   3   1.89210214e+09 -1.01033822e+09  2.20e+06 9.39e+00  1.74e+05     5s
   4   5.94071200e+08 -5.19052280e+08  4.21e+05 4.20e+00  4.11e+04     5s
   5   4.90540316e+08 -3.01069083e+08  3.16e+05 2.29e+00  2.88e+04     5s
   6   3.17974890e+08 -1.39871430e+08  1.56e+05 8.98e-01  1.43e+04     5s
   7   1.85846732e+08 -9.55616796e+07  7.72e+04 5.35e-01  7.33e+03     5s
   8   1.00292440e+08 -4.83692276e+07  3.35e+04 1.74e-01  3.17e+03     5s

Barrier performed 8 iterations in 5.44 seconds (7.24 work units)
Barrier solve interrupted - model solved by another algorithm

Concurrent spin time: 0.08s

Solved with dual simplex

Root simplex log...

Iteration    Objective       Primal Inf.    Dual Inf.      Time
   12406    2.8080230e+03   0.000000e+00   0.000000e+00      6s
Extra simplex iterations after uncrush: 741

Root relaxation: objective 2.808023e+03, 12406 iterations, 1.31 seconds (0.80 work units)

    Nodes    |    Current Node    |     Objective Bounds      |     Work
 Expl Unexpl |  Obj  Depth IntInf | Incumbent    BestBd   Gap | It/Node Time

     0     0 2808.02296    0    3          - 2808.02296      -     -    5s
H    0     0                    2808.0307357 2808.02296  0.00%     -    5s

Explored 1 nodes (12406 simplex iterations) in 6.12 seconds (7.40 work units)
Thread count was 16 (of 16 available processors)

Solution count 1: 2808.03 

Optimal solution found (tolerance 2.00e-03)
Warning: max constraint violation (7.9900e-03) exceeds tolerance
Warning: max bound violation (7.5692e-03) exceeds tolerance
Best objective 2.808030735706e+03, best bound 2.808030735706e+03, gap 0.0000%
the solution is feasible and optimal
Solution time: 7.343311786651611
Done solving model.
Time used solving the model: 10.531359434127808
----------Dumping EV output in pickle file.....done.
Function combined_sets Took 0.4118 seconds
Constructing EEV model...Done constructing EEV model.
Time used constructing the model: 89.11356520652771
----------
Solving EEV model...Set parameter Username
Academic license - for non-commercial use only - expires 2025-09-27
Read LP format model from file C:\Users\sandee\Documents\Github\STraM_ntnu_development\temp\pyomo\tmpn2j7g_05.pyomo.lp
Reading time = 14.61 seconds
x1: 4554352 rows, 1832753 columns, 25930891 nonzeros
Set parameter FeasibilityTol to value 0.01
Set parameter MIPGap to value 0.002
Gurobi Optimizer version 11.0.0 build v11.0.0rc2 (win64 - Windows 10.0 (19045.2))

CPU model: Intel(R) Core(TM) i7-10700 CPU @ 2.90GHz, instruction set [SSE2|AVX|AVX2]
Thread count: 8 physical cores, 16 logical processors, using up to 16 threads

Optimize a model with 4554352 rows, 1832753 columns and 25930891 nonzeros
Model fingerprint: 0x8ee70375
Coefficient statistics:
  Matrix range     [6e-06, 1e+03]
  Objective range  [8e-02, 3e-01]
  Bounds range     [1e+00, 7e+04]
  RHS range        [7e-06, 9e+01]
Presolve removed 159431 rows and 50000 columns (presolve time = 6s) ...
Presolve removed 1088053 rows and 978622 columns (presolve time = 10s) ...
Presolve removed 4359008 rows and 1043322 columns (presolve time = 15s) ...
Presolve removed 4460002 rows and 1120823 columns
Presolve time: 17.48s
Presolved: 94350 rows, 711930 columns, 9205879 nonzeros

Concurrent LP optimizer: primal simplex, dual simplex, and barrier
Showing barrier log only...

Ordering time: 1.41s

Barrier statistics:
 AA' NZ     : 4.375e+06
 Factor NZ  : 9.916e+06 (roughly 400 MB of memory)
 Factor Ops : 1.992e+09 (less than 1 second per iteration)
 Threads    : 6

                  Objective                Residual
Iter       Primal          Dual         Primal    Dual     Compl     Time
   0   2.29769428e+12 -9.46207985e+09  1.36e+11 8.88e-16  9.06e+07    23s
   1   8.88947070e+11 -7.28689840e+09  5.27e+10 2.93e+00  3.54e+07    24s
   2   6.29886009e+11 -6.83224241e+09  3.74e+10 2.35e+00  2.54e+07    25s
   3   3.32051217e+11 -7.23334172e+09  1.97e+10 1.86e+00  1.38e+07    26s
   4   2.03149826e+11 -1.05703161e+10  1.21e+10 8.33e-01  8.63e+06    27s
   5   5.69110195e+10 -1.02676881e+10  3.34e+09 1.14e-01  2.38e+06    27s
   6   1.17845280e+10 -9.19938757e+09  6.43e+08 9.00e-02  4.85e+05    28s
   7   4.88779871e+09 -5.75716369e+09  2.28e+08 4.26e-02  1.78e+05    29s
   8   4.01763613e+09 -4.35033931e+09  1.78e+08 3.42e-02  1.40e+05    29s
   9   3.55446301e+09 -3.50748726e+09  1.52e+08 2.74e-02  1.19e+05    30s
  10   3.01998366e+09 -2.40938572e+09  1.23e+08 2.17e-02  9.60e+04    31s
  11   2.29769428e+12 -9.46207985e+09  1.36e+11 8.88e-16  9.06e+07    32s
  12   8.01206005e+11 -7.36667515e+09  4.76e+10 2.37e+00  3.38e+07    33s
  13   5.48934301e+11 -7.03850897e+09  3.27e+10 1.88e+00  2.08e+07    34s
  14   2.67853907e+11 -6.27116745e+09  1.61e+10 1.37e+00  9.82e+06    35s
  15   1.20676539e+11 -5.32597708e+09  7.33e+09 9.17e-01  4.13e+06    35s
  16   5.15390910e+10 -2.77092206e+09  3.18e+09 3.12e-01  1.24e+06    36s
  17   7.26340363e+09 -1.48512022e+09  4.85e+08 1.18e-01  1.40e+05    37s
  18   3.95669480e+09 -4.51001604e+08  2.60e+08 4.18e-02  5.33e+04    37s
  19   2.82495281e+09 -3.28951547e+08  1.82e+08 3.54e-02  3.78e+04    38s
  20   2.51230920e+09 -2.92289372e+08  1.58e+08 3.36e-02  3.37e+04    38s
  21   2.16505437e+09 -2.65494075e+08  1.36e+08 3.24e-02  2.94e+04    39s
  22   1.91698782e+09 -1.95609310e+08  1.20e+08 2.53e-02  2.36e+04    40s
  23   1.51074893e+09 -1.61641435e+08  9.46e+07 2.08e-02  1.67e+04    41s
  24   1.30011894e+09 -8.54796998e+07  8.11e+07 1.14e-02  1.12e+04    41s
  25   6.88822577e+08 -4.05844474e+07  4.26e+07 5.35e-03  4.42e+03    42s
  26   3.34158386e+08 -2.67620712e+07  2.02e+07 3.87e-03  1.92e+03    43s
  27   1.91748828e+08 -1.36762352e+07  1.16e+07 1.87e-03  8.52e+02    43s
  28   9.42011872e+07 -6.52487333e+06  5.81e+06 5.60e-04  3.04e+02    44s
  29   6.84371553e+07 -4.10289324e+06  4.27e+06 2.29e-04  1.93e+02    45s
  30   9.22181956e+06 -2.46683507e+06  6.67e+05 5.09e-05  2.49e+01    45s
  31   2.61635146e+06 -7.87245644e+05  1.93e+05 1.36e-05  4.96e+00    46s
  32   6.04213609e+05 -4.98612065e+05  4.55e+04 8.44e-06  1.25e+00    46s
  33   5.27282044e+05 -2.71794488e+05  3.98e+04 4.51e-06  8.87e-01    47s
  34   3.57080055e+05 -2.08044269e+05  2.70e+04 3.46e-06  5.90e-01    47s
  35   1.89699981e+05 -1.12181452e+05  1.45e+04 1.87e-06  2.91e-01    48s
  36   1.26462599e+05 -7.65614178e+04  9.60e+03 1.29e-06  1.88e-01    48s
  37   6.84226758e+04 -5.27847470e+04  5.09e+03 9.05e-07  1.07e-01    49s
  38   5.37217262e+04 -4.14845385e+04  3.94e+03 7.22e-07  8.27e-02    49s
  39   3.41484012e+04 -2.74785484e+04  2.42e+03 4.94e-07  5.23e-02    50s
  40   2.25813994e+04 -1.92366444e+04  1.52e+03 3.60e-07  3.51e-02    51s
  41   1.47926886e+04 -1.24866689e+04  9.35e+02 2.48e-07  2.29e-02    51s
  42   1.32151730e+04 -1.10635598e+04  8.15e+02 2.24e-07  2.07e-02    52s
  43   1.19858120e+04 -8.66261255e+03  7.27e+02 1.83e-07  1.82e-02    53s
  44   9.65055772e+03 -6.88794620e+03  5.56e+02 1.53e-07  1.46e-02    54s
  45   8.19464213e+03 -6.32589148e+03  4.45e+02 1.43e-07  1.28e-02    55s
  46   7.29853604e+03 -4.81883907e+03  3.81e+02 1.18e-07  1.09e-02    56s
  47   6.67721246e+03 -4.11854677e+03  3.26e+02 1.07e-07  9.69e-03    57s
  48   6.17248988e+03 -2.61288906e+03  2.85e+02 8.23e-08  8.17e-03    58s
  49   5.30022488e+03 -1.99964963e+03  2.19e+02 7.20e-08  6.70e-03    59s
  50   4.62765761e+03 -5.87220751e+02  1.68e+02 5.01e-08  5.01e-03    60s
  51   4.30891706e+03 -9.33747743e+01  1.42e+02 4.26e-08  4.30e-03    61s
  52   4.17852842e+03  3.50650059e+02  1.31e+02 3.59e-08  3.87e-03    62s
  53   3.93592693e+03  4.86492483e+02  1.08e+02 3.39e-08  3.43e-03    63s
  54   3.79750305e+03  7.67967927e+02  9.75e+01 2.94e-08  3.07e-03    64s
  55   3.66043907e+03  1.06243705e+03  8.54e+01 2.50e-08  2.69e-03    65s
  56   3.50853958e+03  1.14360191e+03  7.24e+01 2.38e-08  2.41e-03    66s
  57   3.43299820e+03  1.29024765e+03  6.48e+01 2.15e-08  2.19e-03    67s
  58   3.34234303e+03  1.35245691e+03  5.63e+01 2.06e-08  2.01e-03    67s
  59   3.31797408e+03  1.52056294e+03  5.39e+01 1.80e-08  1.86e-03    68s
  60   3.26654538e+03  1.73119268e+03  4.93e+01 1.49e-08  1.65e-03    69s
  61   3.20416166e+03  1.80382470e+03  4.33e+01 1.39e-08  1.50e-03    70s
  62   3.18507004e+03  1.85260031e+03  4.08e+01 1.32e-08  1.43e-03    71s
  63   3.16747797e+03  1.90162995e+03  3.86e+01 1.27e-08  1.37e-03    72s
  64   3.14285170e+03  1.95866752e+03  3.57e+01 1.31e-08  1.28e-03    73s
  65   3.12790190e+03  2.04564081e+03  3.42e+01 1.35e-08  1.20e-03    74s
  66   3.11314184e+03  2.07373318e+03  3.26e+01 1.43e-08  1.16e-03    75s
  67   3.08498465e+03  2.08899073e+03  2.94e+01 1.49e-08  1.09e-03    76s
  68   3.06303166e+03  2.12199568e+03  2.70e+01 1.46e-08  1.02e-03    77s
  69   3.04980853e+03  2.18499680e+03  2.55e+01 1.55e-08  9.57e-04    78s
  70   3.02839283e+03  2.21621388e+03  2.32e+01 1.56e-08  8.93e-04    79s
  71   3.01396693e+03  2.26816654e+03  2.15e+01 1.63e-08  8.29e-04    80s
  72   2.99625852e+03  2.28718970e+03  1.95e+01 1.63e-08  7.78e-04    81s
  73   2.98982486e+03  2.30536650e+03  1.87e+01 1.68e-08  7.51e-04    82s
  74   2.98166247e+03  2.35066390e+03  1.77e+01 1.77e-08  7.04e-04    83s
  75   2.97285083e+03  2.37692554e+03  1.66e+01 1.78e-08  6.66e-04    84s
  76   2.96548609e+03  2.40526945e+03  1.57e+01 1.75e-08  6.31e-04    85s
  77   2.95770529e+03  2.40881519e+03  1.48e+01 1.75e-08  6.11e-04    86s
  78   2.95050862e+03  2.44706752e+03  1.40e+01 1.73e-08  5.68e-04    87s
  79   2.94110654e+03  2.46518717e+03  1.29e+01 1.73e-08  5.35e-04    88s
  80   2.92993819e+03  2.48758436e+03  1.15e+01 1.64e-08  4.92e-04    89s
  81   2.92292832e+03  2.51784671e+03  1.06e+01 1.70e-08  4.54e-04    90s
  82   2.91173895e+03  2.53789829e+03  9.28e+00 1.55e-08  4.11e-04    91s
  83   2.90665982e+03  2.55887780e+03  8.64e+00 1.57e-08  3.84e-04    92s
  84   2.89893139e+03  2.58905387e+03  7.78e+00 1.62e-08  3.46e-04    93s
  85   2.89371170e+03  2.61439900e+03  7.17e+00 1.54e-08  3.15e-04    94s
  86   2.88673368e+03  2.63129454e+03  6.40e+00 1.47e-08  2.86e-04    95s
  87   2.88146230e+03  2.64209921e+03  5.82e+00 1.36e-08  2.66e-04    96s
  88   2.87665505e+03  2.65150882e+03  5.23e+00 1.34e-08  2.46e-04    97s
  89   2.87399859e+03  2.66357448e+03  4.91e+00 1.34e-08  2.31e-04    97s
  90   2.87114981e+03  2.67505446e+03  4.58e+00 1.45e-08  2.16e-04    98s
  91   2.86809997e+03  2.68148145e+03  4.14e+00 1.43e-08  2.03e-04   100s
  92   2.86517378e+03  2.70013207e+03  3.80e+00 1.38e-08  1.82e-04   101s
  93   2.86393247e+03  2.70918970e+03  3.63e+00 1.36e-08  1.72e-04   102s
  94   2.86054963e+03  2.71909770e+03  3.26e+00 1.31e-08  1.56e-04   102s
  95   2.85752597e+03  2.72963320e+03  2.96e+00 1.24e-08  1.42e-04   103s
  96   2.85565265e+03  2.73664380e+03  2.77e+00 1.16e-08  1.32e-04   105s
  97   2.85271776e+03  2.75121896e+03  2.48e+00 1.15e-08  1.15e-04   106s
  98   2.84971905e+03  2.75684856e+03  2.17e+00 1.17e-08  1.04e-04   107s
  99   2.84846287e+03  2.76120746e+03  2.01e+00 1.16e-08  9.71e-05   108s
 100   2.84667826e+03  2.76475307e+03  1.84e+00 1.12e-08  9.05e-05   109s
 101   2.84481692e+03  2.77089475e+03  1.63e+00 1.17e-08  8.13e-05   110s
 102   2.84299406e+03  2.77414634e+03  1.47e+00 1.18e-08  7.51e-05   111s
 103   2.84170463e+03  2.77958454e+03  1.36e+00 1.16e-08  6.84e-05   112s
 104   2.84076793e+03  2.78345514e+03  1.27e+00 1.17e-08  6.34e-05   113s
 105   2.83945609e+03  2.78452130e+03  1.17e+00 1.14e-08  6.00e-05   113s
 106   2.83897432e+03  2.78818385e+03  1.12e+00 1.06e-08  5.62e-05   114s
 107   2.83674882e+03  2.79235484e+03  9.31e-01 1.09e-08  4.83e-05   115s
 108   2.83357114e+03  2.79443186e+03  6.86e-01 1.02e-08  4.03e-05   116s
 109   2.83256005e+03  2.79986257e+03  6.03e-01 9.46e-09  3.42e-05   117s
 110   2.83205763e+03  2.80347592e+03  5.44e-01 8.84e-09  3.02e-05   118s
 111   2.83080223e+03  2.80558784e+03  4.60e-01 8.70e-09  2.64e-05   119s
 112   2.82994718e+03  2.80825171e+03  3.91e-01 8.87e-09  2.26e-05   120s
 113   2.82951769e+03  2.80971986e+03  3.61e-01 9.78e-09  2.08e-05   120s
 114   2.82911758e+03  2.81061684e+03  3.29e-01 9.81e-09  1.93e-05   121s
 115   2.82884216e+03  2.81124459e+03  3.07e-01 9.93e-09  1.83e-05   122s
 116   2.82863747e+03  2.81149568e+03  2.92e-01 1.01e-08  1.77e-05   123s
 117   2.82849415e+03  2.81205486e+03  2.81e-01 1.02e-08  1.70e-05   124s
 118   2.82834776e+03  2.81247156e+03  2.71e-01 1.07e-08  1.65e-05   125s
 119   2.82803499e+03  2.81286627e+03  2.47e-01 1.09e-08  1.55e-05   126s
 120   2.82787382e+03  2.81375646e+03  2.32e-01 1.12e-08  1.45e-05   127s
 121   2.82763338e+03  2.81510163e+03  2.14e-01 1.13e-08  1.31e-05   128s
 122   2.82741072e+03  2.81561748e+03  2.00e-01 1.13e-08  1.23e-05   128s
 123   2.82721102e+03  2.81588248e+03  1.86e-01 1.12e-08  1.17e-05   129s
 124   2.82721189e+03  2.81618861e+03  1.82e-01 1.13e-08  1.14e-05   130s
 125   2.82716859e+03  2.81652428e+03  1.79e-01 1.12e-08  1.11e-05   131s
 126   2.82698665e+03  2.81698081e+03  1.64e-01 1.15e-08  1.04e-05   132s
 127   2.82682881e+03  2.81716061e+03  1.51e-01 1.15e-08  9.90e-06   133s
 128   2.82656893e+03  2.81759075e+03  1.34e-01 1.11e-08  9.07e-06   134s
 129   2.82644164e+03  2.81819057e+03  1.26e-01 1.04e-08  8.41e-06   135s
 130   2.82631623e+03  2.81843210e+03  1.18e-01 1.02e-08  7.99e-06   136s
 131   2.82614835e+03  2.81937502e+03  1.08e-01 9.43e-09  7.00e-06   137s
 132   2.82595207e+03  2.82002553e+03  9.64e-02 9.12e-09  6.17e-06   138s
 133   2.82581233e+03  2.82020986e+03  8.68e-02 8.83e-09  5.75e-06   139s
 134   2.82569914e+03  2.82060417e+03  8.01e-02 8.26e-09  5.25e-06   140s
 135   2.82565659e+03  2.82072057e+03  7.70e-02 8.17e-09  5.08e-06   141s
 136   2.82563392e+03  2.82094473e+03  7.57e-02 8.46e-09  4.88e-06   141s
 137   2.82550373e+03  2.82116320e+03  6.88e-02 8.19e-09  4.48e-06   142s
 138   2.82544023e+03  2.82174462e+03  6.52e-02 7.36e-09  3.95e-06   143s
 139   2.82537415e+03  2.82183050e+03  6.03e-02 7.48e-09  3.75e-06   144s
 140   2.82526206e+03  2.82208327e+03  5.44e-02 7.09e-09  3.37e-06   145s
 141   2.82520003e+03  2.82213328e+03  5.05e-02 7.06e-09  3.21e-06   146s
 142   2.82512907e+03  2.82220528e+03  4.60e-02 7.00e-09  3.02e-06   148s
 143   2.82499224e+03  2.82261012e+03  3.88e-02 6.43e-09  2.49e-06   149s
 144   2.82483567e+03  2.82270860e+03  3.33e-02 5.26e-09  2.19e-06   150s
 145   2.82442827e+03  2.82323326e+03  1.08e-02 5.70e-09  1.07e-06   151s
 146   2.82432972e+03  2.82355547e+03  6.97e-03 4.90e-09  6.88e-07   152s
 147   2.82420080e+03  2.82393174e+03  2.64e-03 1.46e-09  2.48e-07   154s
 148   2.82415925e+03  2.82403008e+03  1.31e-03 1.18e-09  1.22e-07   154s
 149   2.82414489e+03  2.82407678e+03  9.18e-04 1.71e-09  7.13e-08   155s
 150   2.82413123e+03  2.82409656e+03  5.72e-04 6.53e-10  3.79e-08   156s
 151   2.82412192e+03  2.82410313e+03  3.38e-04 2.90e-10  2.10e-08   157s
 152   2.82411546e+03  2.82410611e+03  1.76e-04 1.25e-10  1.05e-08   158s
 153   2.82411257e+03  2.82410748e+03  1.04e-04 8.94e-11  5.88e-09   159s
 154   2.82411038e+03  2.82410795e+03  4.91e-05 6.36e-11  2.79e-09   161s
 155   2.82410961e+03  2.82410826e+03  2.99e-05 3.36e-11  1.59e-09   162s
 156   2.82410947e+03  2.82410829e+03  2.62e-05 2.93e-11  1.39e-09   164s
 157   2.82410936e+03  2.82410831e+03  2.33e-05 2.71e-11  1.24e-09   165s
 158   2.82410906e+03  2.82410837e+03  1.58e-05 1.74e-11  8.20e-10   166s
 159   2.82410905e+03  2.82410839e+03  1.55e-05 1.48e-11  7.91e-10   167s
 160   2.82410891e+03  2.82410839e+03  1.21e-05 1.41e-11  6.23e-10   168s
 161   2.82410876e+03  2.82410842e+03  8.12e-06 7.50e-12  4.09e-10   169s
 162   2.82410869e+03  2.82410843e+03  6.49e-06 4.99e-12  3.21e-10   170s
 163   2.82410854e+03  2.82410843e+03  2.68e-06 4.69e-12  1.37e-10   172s
 164   2.82410851e+03  2.82410843e+03  1.96e-06 3.12e-12  9.97e-11   173s
 165   2.82410850e+03  2.82410843e+03  1.48e-06 2.90e-12  7.60e-11   174s
 166   2.82410849e+03  2.82410843e+03  1.23e-06 2.23e-12  6.30e-11   175s
 167   2.82410848e+03  2.82410843e+03  1.11e-06 1.96e-12  5.66e-11   177s
 168   2.82410848e+03  2.82410843e+03  1.01e-06 1.82e-12  5.12e-11   178s
 169   2.82410846e+03  2.82410844e+03  5.10e-07 6.22e-13  2.54e-11   179s

Barrier solved model in 169 iterations and 179.24 seconds (115.28 work units)
Optimal objective 2.82410846e+03

Crossover log...

   15932 DPushes remaining with DInf 4.5017205e-03               180s
    3606 DPushes remaining with DInf 8.5210655e-04               180s
       0 DPushes remaining with DInf 2.9640651e-04               181s

    2285 PPushes remaining with PInf 3.1163643e+01               181s
     142 PPushes remaining with PInf 1.2279913e+01               181s

  Push phase complete: Pinf 1.2279913e+01, Dinf 4.1305564e+01    181s

Iteration    Objective       Primal Inf.    Dual Inf.      Time
   17492    2.8247629e+03   2.048100e+05   0.000000e+00    182s
   19471    2.8256078e+03   0.000000e+00   0.000000e+00    185s

Solved with barrier
   20853    2.8240857e+03   2.046126e+01   2.855594e+10    192s
   24900    2.8334981e+03   1.797012e+01   9.053989e+11    202s
   28106    2.8374481e+03   1.010694e+01   1.403374e+12    212s
   32976    2.6984025e+03   6.061030e+02   3.459697e+12    242s
   35791    2.7378083e+03   3.904145e+02   4.867374e+11    268s
   39581    2.7299482e+03   3.997038e+02   3.633042e+11    299s
   42381    2.7583558e+03   3.510534e+02   2.511125e+11    327s
   45092    2.7444822e+03   4.712221e+02   8.765016e+10    356s
   48032    2.7571101e+03   3.898764e+02   1.477523e+11    384s
   50107    2.7574144e+03   3.861248e+02   3.288179e+11    405s
   51902    2.7698786e+03   3.305940e+02   4.069024e+11    422s
   52052    2.7647518e+03   1.768690e+03   6.826583e+13    436s
   52192    2.7532199e+03   7.384622e+03   2.253839e+14    450s
   52342    2.7403527e+03   1.254251e+06   1.555640e+17    463s
   52492    2.7227141e+03   8.951692e+06   2.531511e+16    477s
   52642    2.7070069e+03   1.581619e+07   1.055448e+16    491s
   52802    2.6924777e+03   2.339541e+07   3.079981e+16    504s
   52962    2.6853179e+03   2.618346e+07   5.262575e+16    517s
   53122    2.6989447e+03   1.933639e+07   4.151820e+16    531s
   53282    2.6813336e+03   2.818074e+07   4.972169e+17    543s
   53442    2.7044351e+03   1.637742e+07   1.743651e+15    557s
   53602    2.7183862e+03   9.233917e+06   6.919808e+16    571s
   53772    2.7271260e+03   4.770395e+06   2.435459e+16    583s
   53982    2.7335770e+03   1.069119e+06   1.801137e+16    595s
   54172    2.7352083e+03   4.088667e+05   1.481485e+15    607s
   54362    2.7347366e+03   3.851208e+05   3.565902e+14    620s
   54552    2.7154836e+03   5.211604e+05   2.019873e+16    634s
   54722    2.7127150e+03   5.592074e+05   1.624654e+15    648s
   54902    2.7075530e+03   6.237576e+05   9.294016e+15    661s
   55092    2.6825332e+03   1.189329e+06   4.994207e+16    675s
   55322    2.6678986e+03   1.985473e+06   3.861046e+16    686s
   55552    2.5330607e+03   1.623332e+07   3.805258e+17    698s
   55762    2.2810930e+03   3.674254e+07   9.637075e+17    711s
   55982    2.3222972e+03   3.362716e+07   9.991449e+17    723s
   56182    2.4041446e+03   2.788621e+07   4.575020e+18    737s
   56372    2.3733019e+03   2.995704e+07   1.349527e+18    750s
   56582    2.4825132e+03   2.222855e+07   1.584185e+18    761s
   56812    2.4761148e+03   2.262999e+07   2.671074e+18    771s
   57052    2.5124678e+03   2.017091e+07   1.829463e+18    783s
   57262    2.3797386e+03   2.834559e+07   1.664289e+18    794s
   57462    2.4657712e+03   2.292328e+07   1.614039e+18    804s
   57692    2.3718036e+03   2.896917e+07   2.035651e+18    814s
   57902    2.5485236e+03   1.766763e+07   2.262410e+18    824s
   58122    2.4841712e+03   2.218189e+07   5.017851e+18    835s
   58322    2.5282464e+03   1.933460e+07   2.064371e+18    847s
   58492    2.4572970e+03   2.407891e+07   4.532932e+18    859s
   58672    2.5783026e+03   1.598647e+07   1.432612e+19    870s
   58862    2.5857169e+03   1.527814e+07   2.452291e+18    881s
   59042    2.6360775e+03   1.144140e+07   1.991252e+18    894s
   59222    2.6845137e+03   7.067930e+06   2.170149e+18    906s
   59412    2.6761271e+03   8.026463e+06   3.114948e+18    918s
   59592    2.6785086e+03   7.734291e+06   1.953847e+18    931s
   59792    2.7315455e+03   4.047667e+06   9.918933e+17    943s
   59982    2.7693093e+03   2.600543e+06   1.325130e+17    955s
   60212    2.7618040e+03   2.116747e+06   1.287970e+16    966s
   60432    2.7783040e+03   1.422908e+06   3.121088e+15    976s
   60692    2.8600230e+03   1.598743e+06   7.753413e+15    987s
   60942    2.7239838e+03   1.169189e+06   6.189599e+14    997s
   61202    2.7478094e+03   1.178470e+06   1.035955e+16   1007s
   61442    2.7064853e+03   1.022942e+06   1.674775e+16   1018s
   61652    2.6943650e+03   9.711244e+05   1.965425e+16   1028s
   61852    2.7652304e+03   1.398568e+06   1.243779e+16   1039s
   62062    2.8218433e+03   1.749295e+06   3.684785e+16   1050s
   62252    2.7482024e+03   1.310112e+06   3.516390e+16   1061s
   62442    2.7129227e+03   1.151679e+06   3.742771e+16   1074s
   62662    2.8149103e+03   2.438644e+06   9.733680e+16   1086s
   62882    2.7992484e+03   2.212134e+06   4.195942e+16   1097s
   63062    2.7774327e+03   1.889639e+06   1.148091e+16   1109s
   63232    2.7642652e+03   1.730502e+06   4.640062e+16   1121s
   63422    2.7139948e+03   1.237701e+06   1.118778e+16   1133s
   63642    2.6970732e+03   9.152805e+05   7.862342e+15   1143s
   63832    2.7111267e+03   1.005671e+06   1.485675e+16   1154s
   64022    2.8009969e+03   2.063988e+06   3.221808e+16   1165s
   64202    2.8177974e+03   2.630465e+06   3.576283e+16   1176s
   64392    2.8752271e+03   3.581432e+06   3.483220e+16   1186s
   64592    2.7829592e+03   2.157617e+06   2.446584e+16   1197s
   64762    2.8051635e+03   2.493718e+06   4.658482e+16   1209s
   64932    2.7967056e+03   2.370877e+06   1.989000e+17   1221s
   65122    3.0854726e+03   6.531769e+06   1.454001e+16   1232s
   65292    3.0987065e+03   6.909450e+06   1.728844e+16   1244s
   65552    3.1106085e+03   8.622046e+06   1.812392e+16   1257s
   65812    3.0589702e+03   3.300221e+07   1.999583e+18   1270s
   66012    3.0745937e+03   2.499720e+07   3.675442e+18   1282s
   66192    2.6668456e+03   1.984406e+08   1.847056e+18   1294s
   66352    2.7269190e+03   1.775870e+08   1.044400e+20   1306s
   66532    2.7776599e+03   1.600818e+08   1.089301e+18   1320s
   66712    2.7149271e+03   1.826324e+08   1.820964e+17   1332s
   66882    2.8239010e+03   1.415602e+08   8.504932e+17   1345s
   67072    2.9340217e+03   1.033412e+08   1.259792e+18   1357s
   67242    2.9376754e+03   1.031841e+08   5.217777e+17   1370s
   67432    2.8655486e+03   1.477941e+08   8.852632e+16   1383s
   67602    2.4678111e+03   3.079632e+08   1.518621e+18   1394s
   67781    2.4640400e+03   2.125273e+08   1.337934e+17   1407s
   67943    2.1416150e+03   4.059775e+08   4.676429e+17   1419s
   68103    2.2106772e+03   3.645277e+08   3.830889e+16   1430s
   68303    2.3261107e+03   2.945478e+08   5.771274e+18   1443s
   68503    1.9228363e+03   5.736862e+08   2.378248e+18   1456s
   68683    1.9411548e+03   5.615359e+08   4.307963e+18   1468s
   68863    2.0497285e+03   4.865393e+08   1.312596e+17   1479s
   69073    2.1955088e+03   3.858283e+08   1.854057e+18   1490s
   69263    2.4005224e+03   2.566653e+08   2.989674e+18   1503s
   69453    2.4244925e+03   2.442798e+08   3.388717e+17   1516s
   69653    2.6157484e+03   1.277768e+08   3.566378e+16   1529s
   69853    2.6008338e+03   1.407912e+08   4.973625e+19   1542s
   70043    2.7082324e+03   6.395560e+07   9.958679e+17   1556s
   70263    2.7667179e+03   2.827306e+07   3.755066e+17   1570s
   70443    2.4258546e+03   1.717012e+08   1.440063e+17   1582s
   70623    2.4186179e+03   1.757307e+08   2.268034e+18   1595s
   70813    2.3790324e+03   1.976525e+08   1.046978e+17   1609s
   71003    2.5349254e+03   1.134775e+08   3.719305e+16   1621s
   71203    2.7037147e+03   1.882740e+07   8.099476e+17   1633s
   71443    2.7291950e+03   6.428233e+06   3.671373e+15   1644s
   71663    2.7080159e+03   1.636411e+07   1.677368e+17   1656s
   71923    2.7269692e+03   6.692238e+06   4.302336e+15   1668s
   72183    2.7472415e+03   5.974800e+06   3.908636e+15   1679s
   72433    2.8250228e+03   4.466562e+06   2.170446e+17   1690s
   72663    3.1426396e+03   5.758063e+06   1.430268e+17   1701s
   74798   -2.5857019e+35   4.465880e+39   2.585702e+05   1706s
   83338   -1.3736657e+35   1.633700e+39   1.373666e+05   1710s
   94013   -8.5938610e+34   9.405707e+38   8.593861e+04   1716s
  102553   -5.7460095e+34   6.551183e+38   5.746010e+04   1721s
  111093   -4.5583919e+34   4.258606e+38   4.558392e+04   1727s
  117498   -2.4326750e+34   2.242039e+38   2.432675e+04   1732s
  123903   -1.4745311e+34   1.569370e+38   1.474531e+04   1737s
  128173   -6.5250873e+33   2.447766e+38   6.525090e+03   1741s
  134578   -7.8887368e+32   2.649464e+38   7.888774e+02   1746s
  143118   -2.4751528e+32   2.796983e+36   2.475204e+02   1751s
  147388   -1.0361233e+32   3.063197e+36   1.036187e+02   1755s
  155928   -1.0743020e+31   1.198235e+35   1.075448e+01   1762s
  158063   -6.0207280e+30   5.267768e+34   6.034417e+00   1765s
  162333   -6.9755788e+29   2.253444e+34   7.199786e-01   1770s
  166222    6.0128894e+02   1.010850e+07   0.000000e+00   1777s
  172627    8.9324856e+02   1.531261e+07   0.000000e+00   1780s
  181167    1.0297863e+03   1.932390e+07   0.000000e+00   1786s
  187572    1.3811333e+03   2.713024e+07   0.000000e+00   1790s
  193977    1.6092092e+03   6.222754e+07   0.000000e+00   1798s
  198247    1.6764217e+03   4.355956e+07   0.000000e+00   1802s
  204652    1.7358480e+03   4.941623e+07   0.000000e+00   1806s
  206787    1.7419344e+03   7.779670e+07   0.000000e+00   1810s
  215327    1.7537045e+03   5.317616e+07   0.000000e+00   1817s
  219597    1.7576245e+03   9.373473e+07   0.000000e+00   1821s
  223867    1.7592084e+03   6.136793e+07   0.000000e+00   1827s
  228137    1.7623164e+03   5.353573e+07   0.000000e+00   1830s
  232407    1.7642250e+03   5.651432e+07   0.000000e+00   1836s
  236677    1.7651551e+03   5.211849e+07   0.000000e+00   1842s
  238812    1.7679678e+03   5.291534e+07   0.000000e+00   1845s
  245217    1.7866551e+03   7.947104e+07   0.000000e+00   1852s
  249487    1.7871572e+03   3.739303e+07   0.000000e+00   1855s
  253757    1.7923101e+03   2.664822e+08   0.000000e+00   1862s
  255892    1.7937067e+03   1.763447e+08   0.000000e+00   1866s
  260162    1.8131587e+03   2.182822e+08   0.000000e+00   1872s
  262297    1.8284459e+03   9.362262e+07   0.000000e+00   1875s
  268702    1.8672791e+03   3.280882e+07   0.000000e+00   1882s
  272972    1.8930435e+03   1.646711e+07   0.000000e+00   1887s
  275107    1.9014785e+03   7.566502e+07   0.000000e+00   1890s
  277057    1.9058680e+03   1.679515e+07   0.000000e+00   1913s
  279192    1.9084657e+03   2.133294e+07   0.000000e+00   1935s
  281327    1.9098325e+03   1.953828e+07   0.000000e+00   1954s
  283462    1.9125488e+03   2.124322e+07   0.000000e+00   1975s
  285442    1.9150282e+03   2.896058e+07   0.000000e+00   1996s
  287312    1.9171030e+03   2.792347e+07   0.000000e+00   2018s
  289447    1.9203501e+03   5.149353e+07   0.000000e+00   2032s
  290917    1.9263994e+03   1.635554e+08   0.000000e+00   2054s
  292667    1.9418221e+03   9.367840e+07   0.000000e+00   2075s
  294802    1.9670024e+03   6.333417e+07   0.000000e+00   2089s
  296937    1.9779774e+03   1.762411e+08   0.000000e+00   2095s
  299072    1.9841873e+03   7.268917e+07   0.000000e+00   2099s
  301207    1.9874061e+03   1.094789e+08   0.000000e+00   2102s
  303342    1.9880361e+03   7.005661e+07   0.000000e+00   2109s
  305477    1.9899478e+03   6.258000e+07   0.000000e+00   2114s
  307612    1.9915313e+03   5.503491e+07   0.000000e+00   2118s
  309747    1.9955819e+03   1.629932e+07   0.000000e+00   2124s
  311882    2.0015278e+03   1.360920e+07   0.000000e+00   2130s
  314017    2.0113255e+03   5.069693e+07   0.000000e+00   2139s
  316152    2.0312226e+03   6.217283e+08   0.000000e+00   2146s
  318287    2.0606572e+03   1.362875e+08   0.000000e+00   2150s
  322557    2.0990346e+03   1.930479e+07   0.000000e+00   2156s
  326827    2.1396365e+03   5.574816e+06   0.000000e+00   2162s
  328962    2.1632080e+03   6.299831e+06   0.000000e+00   2165s
  335367    2.1997340e+03   6.945352e+06   0.000000e+00   2172s
  339637    2.2068823e+03   7.095641e+06   0.000000e+00   2176s
  343907    2.2205720e+03   3.654995e+06   0.000000e+00   2180s
  350312    2.2417513e+03   1.105122e+07   0.000000e+00   2188s
  352447    2.2434356e+03   5.624631e+06   0.000000e+00   2192s
  354582    2.2451320e+03   5.606341e+06   0.000000e+00   2198s
  356717    2.2552382e+03   1.045781e+07   0.000000e+00   2210s
  358852    2.2836079e+03   8.352355e+06   0.000000e+00   2226s
  363122    2.2996353e+03   5.219869e+07   0.000000e+00   2232s
  367392    2.3152208e+03   1.213371e+07   0.000000e+00   2238s
  369527    2.3275647e+03   9.386618e+06   0.000000e+00   2243s
  371662    2.3434050e+03   9.716814e+06   0.000000e+00   2248s
  373797    2.3525925e+03   5.329210e+06   0.000000e+00   2253s
  375932    2.3622552e+03   1.084163e+08   0.000000e+00   2258s
  378067    2.3709468e+03   7.197938e+07   0.000000e+00   2262s
  380202    2.3873052e+03   2.821610e+07   0.000000e+00   2265s
  382337    2.4014438e+03   1.496101e+08   0.000000e+00   2271s
  384472    2.4183941e+03   3.340247e+07   0.000000e+00   2277s
  388742    2.4428995e+03   8.161602e+06   0.000000e+00   2289s
  390877    2.4509635e+03   9.776527e+06   0.000000e+00   2297s
  393012    2.4556618e+03   9.552438e+06   0.000000e+00   2304s
  395147    2.4642008e+03   6.328287e+06   0.000000e+00   2311s
  397282    2.4699542e+03   6.515605e+06   0.000000e+00   2319s
  399417    2.4794023e+03   6.237497e+06   0.000000e+00   2326s
  403687    2.5314262e+03   2.164306e+08   0.000000e+00   2341s
  405822    2.5639783e+03   5.210436e+07   0.000000e+00   2356s
  407957    2.5776110e+03   1.389982e+07   0.000000e+00   2366s
  410092    2.5868794e+03   1.492758e+07   0.000000e+00   2376s
  412227    2.5929567e+03   1.592368e+07   0.000000e+00   2386s
  414362    2.6049634e+03   1.233093e+07   0.000000e+00   2394s
  416497    2.6121379e+03   2.645519e+07   0.000000e+00   2401s
  418632    2.6206313e+03   2.639163e+07   0.000000e+00   2409s
  420767    2.6350498e+03   1.798968e+07   0.000000e+00   2416s
  425037    2.6463806e+03   1.735076e+07   0.000000e+00   2422s
  427172    2.6494987e+03   6.034738e+07   0.000000e+00   2427s
  429307    2.6530832e+03   1.418184e+07   0.000000e+00   2433s
  431442    2.6570118e+03   2.028099e+07   0.000000e+00   2437s
  435712    2.6822103e+03   1.370181e+07   0.000000e+00   2445s
  437847    2.6909226e+03   1.305150e+07   0.000000e+00   2449s
  439982    2.6976880e+03   4.516594e+06   0.000000e+00   2453s
  442117    2.7034091e+03   3.128575e+06   0.000000e+00   2461s
  446387    2.7271252e+03   3.426426e+07   0.000000e+00   2480s
  447917    2.7408753e+03   1.316616e+08   0.000000e+00   2496s
  449437    2.7518260e+03   1.859056e+07   0.000000e+00   2510s
  450847    2.7592527e+03   1.921937e+07   0.000000e+00   2525s
  452757    2.7656948e+03   1.713939e+07   0.000000e+00   2539s
  454892    2.7700480e+03   3.362656e+07   0.000000e+00   2548s
  457027    2.7743278e+03   4.560379e+06   0.000000e+00   2556s
  461297    2.7888496e+03   1.576687e+07   0.000000e+00   2569s
  463432    2.7933346e+03   1.559618e+07   0.000000e+00   2574s
  465567    2.8023856e+03   1.553612e+07   0.000000e+00   2592s
  467702    2.8109830e+03   1.864315e+07   0.000000e+00   2599s
  469837    2.8183921e+03   5.728308e+06   0.000000e+00   2604s
  471972    2.8204462e+03   1.669522e+06   0.000000e+00   2607s
  474107    2.8299438e+03   1.862102e+06   0.000000e+00   2611s
  478377    2.8459452e+03   1.668434e+06   0.000000e+00   2616s
  482647    2.8505023e+03   5.681719e+05   0.000000e+00   2624s
  484782    2.8520051e+03   1.097709e+06   0.000000e+00   2631s
  486917    2.8536623e+03   3.060896e+05   0.000000e+00   2641s
  489052    2.8552213e+03   2.957343e+05   0.000000e+00   2650s
  491187    2.8563101e+03   2.838108e+05   0.000000e+00   2664s
  493322    2.8577947e+03   5.237301e+04   0.000000e+00   2680s
  495457    2.8592654e+03   4.674957e+03   0.000000e+00   2692s
  497592    2.8596926e+03   7.589883e+01   0.000000e+00   2703s
  498112    2.8597254e+03   0.000000e+00   0.000000e+00   2705s
  498782    2.8660867e+03   0.000000e+00   2.013387e+01   2715s
  499562    2.8654852e+03   1.000000e-02   1.225003e+07   2724s
  500322    2.8646724e+03   0.000000e+00   1.514554e+01   2733s
  501132    2.8642991e+03   1.000000e-02   4.875000e+06   2742s
  501902    2.8631274e+03   0.000000e+00   2.224750e+00   2751s
  502662    2.8614119e+03   1.000000e-02   1.150000e+07   2761s
  503352    2.8594311e+03   0.000000e+00   1.074509e+01   2771s
  504052    2.8559286e+03   0.000000e+00   8.457157e+00   2782s
  504652    2.8510124e+03   0.000000e+00   1.059755e+01   2792s
  505382    2.8493288e+03   0.000000e+00   1.866938e+01   2802s
  506012    2.8487268e+03   1.000000e-02   2.305938e+08   2814s
  506742    2.8476700e+03   0.000000e+00   5.068438e+00   2824s
  507342    2.8451554e+03   0.000000e+00   2.749723e+01   2835s
  508042    2.8425773e+03   2.000000e-02   4.337500e+07   2845s
  508672    2.8399834e+03   0.000000e+00   2.255696e+00   2856s
  509542    2.8372589e+03   0.000000e+00   5.440754e+00   2864s
  510302    2.8350584e+03   0.000000e+00   1.269355e+00   2874s
  510950    2.8344646e+03   2.448718e+02   0.000000e+00   2883s
  512941    2.8368656e+03   6.000000e-02   0.000000e+00   2890s
  513488    2.8365909e+03   2.772771e+01   0.000000e+00   2896s
Extra simplex iterations after uncrush: 2004
  513495    2.8365909e+03   0.000000e+00   0.000000e+00   2897s

Solved in 513495 iterations and 2896.69 seconds (3821.44 work units)
Optimal objective  2.836590919e+03
the solution is feasible and optimal
Solution time: 2918.8160338401794
Done solving model.
Time used solving the model: 3005.3063831329346
----------
Dumping data in pickle file...done.
Dumping results in pickle file.....done.
objective function value:  2836.5909186381964
objective function value normalized (Billion EURO):  283.66
                         2023                                            \
                           OO     OB     OP     BO     BB     BP     PO   
LCOT                    5.279  5.279  5.279  5.279  5.279  5.279  5.279   
LCOT (Empty Trips)      1.032  1.032  1.032  1.032  1.032  1.032  1.032   
Emission                0.462  0.462  0.462  0.462  0.462  0.462  0.462   
Emission (Empty Trips)  0.119  0.119  0.119  0.119  0.119  0.119  0.119   
CO2_Penalty             0.000  0.000  0.000  0.000  0.000  0.000  0.000   
Time value              1.842  1.842  1.842  1.842  1.842  1.842  1.842   
Transfer                2.615  2.615  2.615  2.615  2.615  2.615  2.615   
RailTrack               0.116  0.116  0.116  0.116  0.116  0.116  0.116   
Terminal                0.022  0.022  0.022  0.022  0.022  0.022  0.022   
RailElectr.             0.000  0.000  0.000  0.000  0.000  0.000  0.000   
Charging                0.000  0.000  0.000  0.000  0.000  0.000  0.000   
H2_Filling              0.000  0.000  0.000  0.000  0.000  0.000  0.000   

                                       2028                              \
                           PB     PP     OO     OB     OP     BO     BB   
LCOT                    5.279  5.279  5.837  5.837  5.837  5.837  5.837   
LCOT (Empty Trips)      1.032  1.032  1.112  1.112  1.112  1.112  1.112   
Emission                0.462  0.462  1.081  1.081  1.081  1.081  1.081   
Emission (Empty Trips)  0.119  0.119  0.272  0.272  0.272  0.272  0.272   
CO2_Penalty             0.000  0.000  0.000  0.000  0.000  0.000  0.000   
Time value              1.842  1.842  2.121  2.121  2.121  2.121  2.121   
Transfer                2.615  2.615  3.061  3.061  3.061  3.061  3.061   
RailTrack               0.116  0.116  0.000  0.000  0.000  0.000  0.000   
Terminal                0.022  0.022  0.021  0.021  0.021  0.021  0.021   
RailElectr.             0.000  0.000  0.000  0.000  0.000  0.000  0.000   
Charging                0.000  0.000  0.000  0.000  0.000  0.000  0.000   
H2_Filling              0.000  0.000  0.000  0.000  0.000  0.000  0.000   

                                                     2034                \
                           BP     PO     PB     PP     OO     OB     OP   
LCOT                    5.837  5.837  5.837  5.837  5.972  5.952  5.966   
LCOT (Empty Trips)      1.112  1.112  1.112  1.112  1.069  1.072  1.074   
Emission                1.081  1.081  1.081  1.081  1.168  1.202  1.202   
Emission (Empty Trips)  0.272  0.272  0.272  0.272  0.304  0.304  0.304   
CO2_Penalty             0.000  0.000  0.000  0.000  0.000  0.000  0.000   
Time value              2.121  2.121  2.121  2.121  2.340  2.343  2.342   
Transfer                3.061  3.061  3.061  3.061  3.352  3.353  3.349   
RailTrack               0.000  0.000  0.000  0.000  0.000  0.000  0.000   
Terminal                0.021  0.021  0.021  0.021  0.000  0.000 -0.000   
RailElectr.             0.000  0.000  0.000  0.000  0.000  0.000  0.000   
Charging                0.000  0.000  0.000  0.000  0.020  0.016  0.016   
H2_Filling              0.000  0.000  0.000  0.000  0.000  0.000  0.000   

                                                                   2040  \
                           BO     BB     BP     PO     PB     PP     OO   
LCOT                    6.589  6.650  6.453  6.748  6.804  6.892  6.361   
LCOT (Empty Trips)      1.300  1.205  1.207  1.333  1.357  1.256  1.159   
Emission                0.979  0.980  1.166  0.974  0.980  0.980  0.773   
Emission (Empty Trips)  0.176  0.284  0.283  0.163  0.170  0.283  0.228   
CO2_Penalty             0.000  0.000  0.000  0.000  0.000  0.000  0.000   
Time value              2.341  2.339  2.339  2.347  2.342  2.342  2.476   
Transfer                3.357  3.350  3.350  3.367  3.356  3.359  3.205   
RailTrack               0.000  0.000  0.000  0.000  0.000  0.000  0.000   
Terminal                0.000 -0.000  0.000  0.000  0.000  0.001  0.010   
RailElectr.             0.000  0.000  0.000  0.000  0.000  0.000  0.000   
Charging                0.025  0.025  0.025  0.026  0.026  0.025  0.101   
H2_Filling              0.000  0.000  0.000  0.000  0.000  0.000  0.001   

                                                                         \
                           OB     OP     BO     BB     BP     PO     PB   
LCOT                    6.273  6.283  7.037  7.187  6.952  7.088  7.286   
LCOT (Empty Trips)      1.165  1.155  1.445  1.287  1.289  1.444  1.507   
Emission                0.879  0.880  0.390  0.396  0.715  0.389  0.390   
Emission (Empty Trips)  0.228  0.229  0.004  0.221  0.228  0.004  0.004   
CO2_Penalty             0.000  0.000  0.000  0.000  0.000  0.000  0.000   
Time value              2.475  2.477  2.473  2.467  2.469  2.476  2.469   
Transfer                3.224  3.267  3.209  3.194  3.193  3.259  3.197   
RailTrack               0.000  0.000  0.000  0.000  0.000  0.000  0.000   
Terminal                0.010  0.010  0.010  0.010  0.009  0.010  0.010   
RailElectr.             0.000  0.000  0.000  0.000  0.000  0.000  0.000   
Charging                0.101  0.100  0.101  0.102  0.102  0.101  0.102   
H2_Filling              0.000  0.000  0.001  0.001  0.001  0.001  0.001   

                                2050                                     \
                           PP     OO     OB     OP     BO     BB     BP   
LCOT                    7.443  7.197  7.409  7.113  7.584  7.829  7.815   
LCOT (Empty Trips)      1.352  1.443  1.479  1.277  1.461  1.507  1.563   
Emission                0.398  0.454  0.460  0.817  0.073  0.076  0.395   
Emission (Empty Trips)  0.223  0.025  0.030  0.241  0.000  0.000  0.000   
CO2_Penalty             0.000  0.000  0.000  0.000  0.000  0.000  0.000   
Time value              2.467  2.831  2.826  2.826  2.828  2.826  2.826   
Transfer                3.197  3.577  3.525  3.527  3.525  3.524  3.515   
RailTrack               0.000  0.000  0.000  0.000  0.000  0.000  0.000   
Terminal                0.009  0.000  0.000  0.000  0.000  0.000  0.000   
RailElectr.             0.000  0.000  0.000  0.000  0.000  0.000  0.000   
Charging                0.102  0.069  0.069  0.069  0.069  0.069  0.069   
H2_Filling              0.001  0.001  0.001  0.001  0.001  0.001  0.001   

                                              2023                 2028       \
                           PO     PB     PP   mean           std   mean  std   
LCOT                    7.606  7.855  8.063  5.279  0.000000e+00  5.837  0.0   
LCOT (Empty Trips)      1.460  1.508  1.563  1.032  0.000000e+00  1.112  0.0   
Emission                0.072  0.074  0.076  0.462  0.000000e+00  1.081  0.0   
Emission (Empty Trips)  0.000  0.000  0.000  0.119  0.000000e+00  0.272  0.0   
CO2_Penalty             0.000  0.000  0.000  0.000  0.000000e+00  0.000  0.0   
Time value              2.830  2.827  2.825  1.842  2.355139e-16  2.121  0.0   
Transfer                3.521  3.521  3.523  2.615  0.000000e+00  3.061  0.0   
RailTrack               0.000  0.000  0.000  0.116  0.000000e+00  0.000  0.0   
Terminal                0.000  0.000  0.000  0.022  0.000000e+00  0.021  0.0   
RailElectr.             0.000  0.000  0.000  0.000  0.000000e+00  0.000  0.0   
Charging                0.069  0.069  0.069  0.000  0.000000e+00  0.000  0.0   
H2_Filling              0.001  0.001  0.001  0.000  0.000000e+00  0.000  0.0   

                            2034                2040                2050  \
                            mean       std      mean       std      mean   
LCOT                    6.447333  0.383975  6.878889  0.453233  7.607889   
LCOT (Empty Trips)      1.208111  0.114224  1.311444  0.134887  1.473444   
Emission                1.070111  0.109239  0.578889  0.226529  0.277444   
Emission (Empty Trips)  0.252333  0.062728  0.152111  0.111114  0.032889   
CO2_Penalty             0.000000  0.000000  0.000000  0.000000  0.000000   
Time value              2.341667  0.002449  2.472111  0.004106  2.827222   
Transfer                3.354778  0.005740  3.216111  0.028326  3.528667   
RailTrack               0.000000  0.000000  0.000000  0.000000  0.000000   
Terminal                0.000111  0.000333  0.009778  0.000441  0.000000   
RailElectr.             0.000000  0.000000  0.000000  0.000000  0.000000   
Charging                0.022667  0.004183  0.101333  0.000707  0.069000   
H2_Filling              0.000000  0.000000  0.000778  0.000441  0.001000   

                                  
                             std  
LCOT                    0.318954  
LCOT (Empty Trips)      0.085326  
Emission                0.268326  
Emission (Empty Trips)  0.078955  
CO2_Penalty             0.000000  
Time value              0.002048  
Transfer                0.018453  
RailTrack               0.000000  
Terminal                0.000000  
RailElectr.             0.000000  
Charging                0.000000  
H2_Filling              0.000000  
                       2023     2028      2034      2040      2050     
                       mean std mean  std mean  std mean  std mean  std
LCOT                    5.3   0  5.8    0  6.5 0.38  6.9 0.45  7.6 0.32
LCOT (Empty Trips)        1   0  1.1    0  1.2 0.11  1.3 0.13  1.5 0.09
Emission               0.46   0  1.1    0  1.1 0.11 0.58 0.23 0.28 0.27
Emission (Empty Trips) 0.12   0 0.27    0 0.25 0.06 0.15 0.11 0.03 0.08
CO2_Penalty               0   0    0    0    0    0    0    0    0    0
Time value              1.8   0  2.1    0  2.3    0  2.5    0  2.8    0
Transfer                2.6   0  3.1    0  3.4 0.01  3.2 0.03  3.5 0.02
RailTrack              0.12   0    0    0    0    0    0    0    0    0
Terminal               0.02   0 0.02    0    0    0 0.01    0    0    0
RailElectr.               0   0    0    0    0    0    0    0    0    0
Charging                  0   0    0    0 0.02    0  0.1    0 0.07    0
H2_Filling                0   0    0    0    0    0    0    0    0    0
discount_factor           1   1 0.83 0.83 0.66 0.66 0.53 0.53 0.36 0.36
emissions (MTonnes CO2 eq.):
             AvgEmission     Std  AvgEmission_perc  Std_perc
time_period                                                 
2023                 6.9 1.5e-07             1e+02   2.1e-06
2028                 7.7 3.8e-07           1.1e+02   5.5e-06
2034                 6.2    0.82                89        12
2040                 3.5     1.5                50        22
2050                 1.4     1.6                20        23
----------------
Average transport work in GTONNES*km:
    mode            product time_period TransportArbeid
0   Rail  Break bulk (fast)        2023           0.085
1   Rail  Break bulk (slow)        2023          0.0059
2   Rail   Container (fast)        2023         5.3e-06
3   Rail   Container (slow)        2023            0.09
4   Rail           Dry bulk        2023             8.1
5   Rail           Neo bulk        2023             0.2
6   Road  Break bulk (fast)        2023             7.2
7   Road  Break bulk (slow)        2023             7.4
8   Road   Container (fast)        2023             3.7
9   Road   Container (slow)        2023             4.7
10  Road           Dry bulk        2023            0.58
11  Road           Neo bulk        2023              14
12   Sea  Break bulk (fast)        2023            0.41
13   Sea  Break bulk (slow)        2023               3
14   Sea   Container (fast)        2023            0.21
15   Sea   Container (slow)        2023             1.6
16   Sea           Dry bulk        2023           1e+02
17   Sea           Neo bulk        2023            0.52

