----------------------------
Doing the following analysis: 
FuelScen_carbontaxbase_demand_scaled_20%_risk_rate_7.000000000000001
----------------------------
Reading data...
Reading and constructing data
Function construct_sets Took 0.0012 seconds
Function construct_network Took 0.0046 seconds
Transport demand in the base year 2018 (in MTonnes):
             product  tot_weight
0           Dry bulk       94.86
1   Container (fast)        4.07
2   Container (slow)        9.23
3  Break bulk (fast)       11.61
4  Break bulk (slow)       15.37
5           Neo bulk       19.28
Function construct_ODD Took 0.4986 seconds
Function construct_vehicles Took 0.5262 seconds
Function construct_emission_transfer Took 0.1546 seconds
Function construct_costs Took 2.2311 seconds
Function construct_time_value Took 0.0010 seconds
Function construct_investments Took 0.0090 seconds
Function construct_charging_edges Took 0.1810 seconds
Function construct_tech_readiness Took 0.0046 seconds
Function construct_path_generation Took 0.1600 seconds
Function construct_param2 Took 0.0603 seconds
Function combined_sets Took 0.4292 seconds
Function combined_sets Took 0.4280 seconds
Done reading data.
Time used reading the base data: 15.922599792480469
Solving the first time period for initialization purposes...
Function combined_sets Took 0.1532 seconds
Set parameter Username
Academic license - for non-commercial use only - expires 2025-09-27
Read LP format model from file C:\Users\sandee\Documents\Github\STraM_ntnu_development\temp\pyomo\tmpnnfcmzdg.pyomo.lp
Reading time = 4.57 seconds
x1: 2207188 rows, 540793 columns, 7783282 nonzeros
Set parameter FeasibilityTol to value 0.0001
Set parameter MIPGap to value 0.002
Gurobi Optimizer version 11.0.0 build v11.0.0rc2 (win64 - Windows 10.0 (19045.2))

CPU model: Intel(R) Core(TM) i7-10700 CPU @ 2.90GHz, instruction set [SSE2|AVX|AVX2]
Thread count: 8 physical cores, 16 logical processors, using up to 16 threads

Optimize a model with 2207188 rows, 540793 columns and 7783282 nonzeros
Model fingerprint: 0xd81d4121
Coefficient statistics:
  Matrix range     [6e-06, 1e+03]
  Objective range  [8e-02, 3e-01]
  Bounds range     [0e+00, 0e+00]
  RHS range        [1e-03, 9e+01]
Presolve removed 2204499 rows and 518511 columns
Presolve time: 4.09s
Presolved: 2689 rows, 23245 columns, 201439 nonzeros

Concurrent LP optimizer: primal simplex, dual simplex, and barrier
Showing barrier log only...

Ordering time: 0.01s

Barrier statistics:
 AA' NZ     : 8.530e+04
 Factor NZ  : 1.934e+05 (roughly 12 MB of memory)
 Factor Ops : 2.789e+07 (less than 1 second per iteration)
 Threads    : 6

                  Objective                Residual
Iter       Primal          Dual         Primal    Dual     Compl     Time
   0   4.26521847e+00 -5.65025000e-01  2.85e+05 0.00e+00  1.23e+00     4s
   1   1.62845483e+00  3.24709935e-01  7.06e+04 2.27e-02  3.17e-01     4s
   2   8.03535106e-01  1.88730653e+00  1.42e+04 1.55e-02  6.84e-02     4s
   3   1.41763055e+00  1.03389841e+01  5.57e+03 3.30e-03  2.65e-02     4s
   4   4.20234073e+00  3.56903917e+01  3.65e+03 1.60e-03  1.75e-02     4s
   5   5.02405187e+00  4.66269424e+01  3.14e+03 1.51e-03  1.50e-02     4s
   6   8.20042020e+00  5.31762618e+01  2.72e+03 1.45e-03  1.29e-02     4s
   7   1.00489859e+01  5.08522224e+01  2.57e+03 1.41e-03  1.22e-02     4s
   8   1.41675463e+01  5.08321418e+01  2.34e+03 1.26e-03  1.12e-02     4s
   9   2.20596162e+01  7.04330125e+01  1.78e+03 9.08e-04  8.49e-03     4s
  10   2.42715387e+01  8.61784425e+01  1.62e+03 7.46e-04  7.63e-03     4s
  11   2.92831697e+01  9.28631440e+01  1.45e+03 6.89e-04  6.83e-03     4s
  12   3.34027629e+01  1.00284691e+02  1.36e+03 5.99e-04  6.42e-03     4s
  13   4.48588283e+01  1.10793392e+02  9.99e+02 4.91e-04  4.58e-03     4s
  14   4.82703791e+01  1.19458410e+02  9.20e+02 4.71e-04  4.22e-03     4s
  15   5.21561377e+01  1.27139235e+02  8.45e+02 4.47e-04  3.84e-03     4s
  16   5.57128795e+01  1.34030085e+02  7.90e+02 4.17e-04  3.57e-03     4s
  17   6.37488929e+01  1.41395343e+02  6.83e+02 3.72e-04  3.05e-03     4s
  18   6.93836432e+01  1.54709323e+02  6.07e+02 3.38e-04  2.66e-03     4s
  19   7.08216311e+01  1.58904945e+02  5.92e+02 3.32e-04  2.59e-03     4s
  20   7.45681986e+01  1.67195262e+02  5.55e+02 3.15e-04  2.41e-03     4s
  21   7.92609876e+01  1.80425988e+02  5.15e+02 2.89e-04  2.23e-03     4s
  22   8.37371523e+01  1.86767361e+02  4.84e+02 2.77e-04  2.08e-03     4s
  23   9.17117738e+01  1.92625572e+02  4.37e+02 2.62e-04  1.85e-03     4s
  24   9.47267471e+01  2.03611371e+02  4.20e+02 2.45e-04  1.78e-03     4s
  25   9.77567051e+01  2.07923424e+02  4.04e+02 2.39e-04  1.70e-03     4s
  26   1.05493452e+02  2.17884265e+02  3.65e+02 2.20e-04  1.51e-03     4s
  27   1.08332290e+02  2.23863059e+02  3.52e+02 2.10e-04  1.45e-03     4s
  28   1.17667360e+02  2.27715345e+02  3.11e+02 2.04e-04  1.21e-03     4s
  29   1.22678827e+02  2.37377958e+02  2.91e+02 1.93e-04  1.12e-03     4s
  30   1.26341029e+02  2.45681095e+02  2.78e+02 1.86e-04  1.06e-03     4s
  31   1.30024726e+02  2.53594405e+02  2.67e+02 1.79e-04  1.01e-03     4s
  32   1.35574457e+02  2.63763635e+02  2.50e+02 1.72e-04  9.27e-04     4s
  33   1.41789253e+02  2.71567706e+02  2.35e+02 1.66e-04  8.43e-04     4s
  34   1.45595877e+02  2.86348551e+02  2.26e+02 1.58e-04  8.21e-04     4s
  35   1.49440741e+02  2.92493227e+02  2.18e+02 1.55e-04  7.88e-04     4s
  36   1.53029926e+02  3.05784964e+02  2.12e+02 1.47e-04  7.75e-04     4s
  37   1.58885084e+02  3.16685305e+02  2.01e+02 1.42e-04  7.19e-04     4s
  38   1.61647688e+02  3.26290417e+02  1.97e+02 1.39e-04  7.03e-04     4s
  39   1.65620196e+02  3.32790294e+02  1.90e+02 1.37e-04  6.54e-04     4s
  40   1.67769351e+02  3.41153786e+02  1.87e+02 1.35e-04  6.42e-04     4s
  41   1.68561305e+02  3.46217675e+02  1.86e+02 1.34e-04  6.47e-04     5s
  42   1.72916988e+02  3.55277987e+02  1.81e+02 1.32e-04  6.35e-04     5s
  43   1.76532280e+02  3.63787762e+02  1.77e+02 1.29e-04  6.01e-04     5s
  44   1.82005935e+02  3.67816808e+02  1.71e+02 1.27e-04  5.74e-04     5s
  45   1.87281964e+02  3.76498766e+02  1.66e+02 1.23e-04  5.59e-04     5s
  46   1.91238797e+02  3.81013717e+02  1.62e+02 1.21e-04  5.46e-04     5s
  47   1.93771918e+02  3.86914479e+02  1.60e+02 1.18e-04  5.38e-04     5s
  48   1.97037411e+02  3.89315179e+02  1.57e+02 1.17e-04  5.26e-04     5s
  49   2.00944979e+02  3.95877656e+02  1.54e+02 1.14e-04  5.13e-04     5s
  50   2.04714530e+02  4.01770248e+02  1.50e+02 1.12e-04  5.03e-04     5s
  51   2.09064486e+02  4.08893779e+02  1.47e+02 1.10e-04  4.86e-04     5s
  52   2.12043467e+02  4.10630516e+02  1.44e+02 1.09e-04  4.78e-04     5s
  53   2.15171914e+02  4.18103111e+02  1.42e+02 1.07e-04  4.72e-04     5s

Barrier performed 53 iterations in 4.62 seconds (5.41 work units)
Barrier solve interrupted - model solved by another algorithm


Solved with dual simplex
Iteration    Objective       Primal Inf.    Dual Inf.      Time
    5681    6.1080028e+02   1.375200e-02   3.756528e+10      6s
Extra simplex iterations after uncrush: 1
    5713    6.1080241e+02   0.000000e+00   0.000000e+00      7s

Solved in 5713 iterations and 6.88 seconds (10.08 work units)
Optimal objective  6.108024138e+02
the solution is feasible and optimal
Solution time: 14.461353302001953
Function combined_sets Took 0.4148 seconds
-----
Constructing full SP model...
Done constructing model.
Time used constructing the model: 85.62176060676575
----------
Solving model...
Set parameter Username
Academic license - for non-commercial use only - expires 2025-09-27
Read LP format model from file C:\Users\sandee\Documents\Github\STraM_ntnu_development\temp\pyomo\tmp3fls4auu.pyomo.lp
Reading time = 14.31 seconds
x1: 4555261 rows, 1834336 columns, 25960375 nonzeros
Set parameter FeasibilityTol to value 0.01
Set parameter MIPGap to value 0.002
Gurobi Optimizer version 11.0.0 build v11.0.0rc2 (win64 - Windows 10.0 (19045.2))

CPU model: Intel(R) Core(TM) i7-10700 CPU @ 2.90GHz, instruction set [SSE2|AVX|AVX2]
Thread count: 8 physical cores, 16 logical processors, using up to 16 threads

Optimize a model with 4555261 rows, 1834336 columns and 25960375 nonzeros
Model fingerprint: 0x2dccae78
Variable types: 1834030 continuous, 306 integer (306 binary)
Coefficient statistics:
  Matrix range     [6e-06, 1e+03]
  Objective range  [8e-02, 3e-01]
  Bounds range     [1e+00, 7e+04]
  RHS range        [1e-03, 9e+01]
Presolve removed 4274965 rows and 946038 columns (presolve time = 5s) ...
Presolve removed 4352725 rows and 1037439 columns
Presolve time: 8.20s
Presolved: 202536 rows, 796897 columns, 16361109 nonzeros
Variable types: 796863 continuous, 34 integer (34 binary)
Deterministic concurrent LP optimizer: primal simplex, dual simplex, and barrier
Showing barrier log only...

Root barrier log...

Ordering time: 1.47s

Barrier statistics:
 AA' NZ     : 4.501e+06
 Factor NZ  : 1.162e+07 (roughly 400 MB of memory)
 Factor Ops : 2.834e+09 (less than 1 second per iteration)
 Threads    : 5

                  Objective                Residual
Iter       Primal          Dual         Primal    Dual     Compl     Time
   0   8.90491971e+12 -1.33375333e+13  9.68e+10 7.28e+01  2.01e+09    52s
   1   6.45495385e+12 -1.26965155e+13  7.02e+10 1.95e+02  1.47e+09    52s
   2   3.06556661e+12 -1.08893888e+13  3.31e+10 1.47e+02  7.17e+08    53s
   3   8.85022451e+11 -4.72150334e+12  8.77e+09 2.34e+01  2.01e+08    54s
   4   1.32745364e+11 -1.58036119e+12  5.23e+08 6.97e-01  1.80e+07    55s
   5   5.05803223e+10 -3.71351908e+11  1.03e+08 8.27e-02  4.30e+06    56s
   6   2.45595135e+10 -9.49763268e+10  4.36e+07 1.81e-02  1.63e+06    57s
   7   1.10553640e+10 -3.67667875e+10  1.59e+07 3.95e-03  5.87e+05    58s
   8   7.88625032e+09 -1.87296872e+10  1.09e+07 7.78e-04  3.96e+05    59s
   9   7.52106639e+09 -1.73827722e+10  1.04e+07 6.55e-04  3.77e+05    60s
  10   7.13296274e+09 -1.65164568e+10  9.83e+06 6.14e-04  3.57e+05    60s
  11   6.90406013e+09 -1.60983592e+10  9.50e+06 5.82e-04  3.45e+05    61s
  12   6.11624264e+09 -1.42772467e+10  8.40e+06 3.63e-04  3.04e+05    62s
  13   3.90314663e+09 -8.00810679e+09  5.28e+06 7.28e-12  1.86e+05    63s
  14   2.00766625e+09 -5.44127406e+09  2.75e+06 1.35e-09  9.41e+04    64s
  15   1.48176349e+09 -2.89425598e+09  1.99e+06 6.37e-12  6.80e+04    65s
  16   8.97539527e+08 -2.58094912e+09  1.21e+06 5.00e-12  4.17e+04    66s
  17   4.71150855e+08 -1.20416932e+09  6.29e+05 5.38e-10  2.16e+04    66s
  18   1.74525188e+08 -9.16516382e+08  2.11e+05 3.45e-12  7.49e+03    67s
  19   8.38215082e+07 -8.07419841e+08  9.69e+04 1.82e-12  3.67e+03    68s
  20   4.17133086e+07 -5.16889806e+08  4.59e+04 1.10e-09  1.78e+03    68s
  21   2.12011887e+07 -2.21357591e+08  2.15e+04 2.99e-09  7.69e+02    69s
  22   8.27936114e+06 -1.03330521e+08  7.78e+03 3.57e-12  2.72e+02    70s
  23   4.52454678e+06 -3.61659973e+07  4.13e+03 1.09e-11  1.20e+02    71s
  24   1.33329829e+06 -1.55341072e+07  1.05e+03 1.72e-12  3.34e+01    72s
  25   8.03306043e+05 -1.23608842e+07  6.12e+02 1.75e-12  2.15e+01    73s
  26   6.12543124e+05 -9.54036620e+06  4.60e+02 4.55e-12  1.62e+01    73s
  27   4.23671208e+05 -8.62812548e+06  3.15e+02 4.09e-12  1.24e+01    74s
  28   2.68291139e+05 -6.42645768e+06  1.93e+02 2.50e-12  8.29e+00    75s
  29   1.43090429e+05 -4.64973764e+06  9.65e+01 1.36e-12  5.06e+00    76s
  30   9.43950143e+04 -3.23750140e+06  6.22e+01 1.25e-12  3.36e+00    77s
  31   8.39169578e+04 -3.04896807e+06  5.50e+01 9.93e-13  3.08e+00    78s
  32   7.40930862e+04 -2.64132802e+06  4.80e+01 1.09e-12  2.66e+00    79s
  33   7.09812282e+04 -2.47393004e+06  4.57e+01 1.70e-12  2.50e+00    80s
  34   5.54375470e+04 -2.21857144e+06  3.49e+01 1.79e-12  2.11e+00    81s
  35   4.97263991e+04 -2.03917659e+06  3.10e+01 1.88e-12  1.91e+00    82s
  36   4.63682316e+04 -1.89579860e+06  2.88e+01 2.96e-12  1.77e+00    83s
  37   3.88435721e+04 -1.78036365e+06  2.37e+01 1.55e-12  1.59e+00    84s
  38   3.72700289e+04 -1.72711448e+06  2.25e+01 1.48e-12  1.54e+00    86s
  39   3.58748198e+04 -1.60472685e+06  2.16e+01 2.62e-12  1.43e+00    87s
  40   3.09351555e+04 -1.37231051e+06  1.81e+01 2.91e-12  1.21e+00    88s
  41   2.79510543e+04 -1.20908065e+06  1.59e+01 2.93e-12  1.06e+00    90s
  42   2.29799743e+04 -9.99212199e+05  1.24e+01 1.26e-12  8.52e-01    91s
  43   1.95251537e+04 -8.30900177e+05  9.79e+00 3.99e-12  6.95e-01    93s
  44   1.63595273e+04 -6.91652798e+05  7.67e+00 1.27e-12  5.66e-01    94s
  45   1.46828743e+04 -6.51393850e+05  6.52e+00 3.99e-12  5.22e-01    95s
  46   1.33003485e+04 -5.96113642e+05  5.56e+00 2.90e-12  4.70e-01    96s
  47   1.16742256e+04 -5.52781556e+05  4.41e+00 3.10e-12  4.25e-01    98s
  48   1.11449443e+04 -5.34489075e+05  4.04e+00 3.31e-12  4.08e-01    99s
  49   1.06488050e+04 -5.04363845e+05  3.68e+00 2.77e-12  3.83e-01   100s
  50   1.03201309e+04 -4.74293301e+05  3.45e+00 2.58e-12  3.59e-01   102s
  51   9.99501624e+03 -4.42843369e+05  3.22e+00 1.66e-12  3.35e-01   103s
  52   9.34219895e+03 -4.26598611e+05  2.76e+00 2.47e-12  3.18e-01   105s
  53   9.15240424e+03 -3.92337438e+05  2.62e+00 2.22e-12  2.93e-01   106s
  54   8.94838899e+03 -3.67208684e+05  2.48e+00 2.45e-12  2.74e-01   107s
  55   8.49972684e+03 -3.35794662e+05  2.16e+00 3.34e-12  2.49e-01   109s
  56   8.24809001e+03 -3.24668289e+05  1.99e+00 3.54e-12  2.40e-01   110s
  57   8.05583538e+03 -3.10174925e+05  1.86e+00 5.50e-12  2.28e-01   111s
  58   7.99181248e+03 -2.86043303e+05  1.81e+00 3.14e-12  2.11e-01   113s
  59   7.73396700e+03 -2.76974729e+05  1.64e+00 4.67e-12  2.03e-01   114s
  60   7.29979587e+03 -2.61230409e+05  1.35e+00 4.35e-12  1.90e-01   116s
  61   6.98559098e+03 -2.33247881e+05  1.14e+00 2.86e-12  1.68e-01   117s
  62   6.89345400e+03 -2.21101267e+05  1.08e+00 2.86e-12  1.60e-01   118s
  63   6.74621007e+03 -2.10014038e+05  9.89e-01 3.67e-12  1.51e-01   120s
  64   6.46671773e+03 -1.79641802e+05  8.04e-01 4.80e-12  1.29e-01   121s

Barrier performed 64 iterations in 121.36 seconds (83.11 work units)
Barrier solve interrupted - model solved by another algorithm

Concurrent spin time: 0.22s

Solved with dual simplex

Root simplex log...

Iteration    Objective       Primal Inf.    Dual Inf.      Time
  102841    1.9961602e+03   0.000000e+00   3.160224e+02    125s
  108685    1.9975476e+03   0.000000e+00   0.000000e+00    130s
Extra simplex iterations after uncrush: 13193

Root relaxation: objective 1.997548e+03, 108685 iterations, 89.26 seconds (39.93 work units)

    Nodes    |    Current Node    |     Objective Bounds      |     Work
 Expl Unexpl |  Obj  Depth IntInf | Incumbent    BestBd   Gap | It/Node Time

     0     0 1997.54757    0    3          - 1997.54757      -     -  130s
H    0     0                    1997.5616227 1997.54757  0.00%     -  133s

Explored 1 nodes (108685 simplex iterations) in 135.54 seconds (86.21 work units)
Thread count was 16 (of 16 available processors)

Solution count 2: 1997.56 1997.56 

Optimal solution found (tolerance 2.00e-03)
Warning: max constraint violation (7.9956e-02) exceeds tolerance
Warning: max bound violation (7.6040e-02) exceeds tolerance
Best objective 1.997561622679e+03, best bound 1.997561622679e+03, gap 0.0000%
the solution is feasible and optimal
Solution time: 157.0610911846161
Done solving model.
Time used solving the model: 238.33482456207275
----------Dumping data in pickle file...done.
Dumping results in pickle file.....done.
objective function value:  1997.5616226794791
objective function value normalized (Billion EURO):  199.76
                         2023                                            \
                           OO     OB     OP     BO     BB     BP     PO   
LCOT                    5.312  5.312  5.312  5.312  5.312  5.312  5.312   
LCOT (Empty Trips)      1.437  1.437  1.437  1.437  1.437  1.437  1.437   
Emission                0.489  0.489  0.489  0.489  0.489  0.489  0.489   
Emission (Empty Trips)  0.205  0.205  0.205  0.205  0.205  0.205  0.205   
CO2_Penalty             0.000  0.000  0.000  0.000  0.000  0.000  0.000   
Time value              1.710  1.710  1.710  1.710  1.710  1.710  1.710   
Transfer                2.674  2.674  2.674  2.674  2.674  2.674  2.674   
RailTrack               0.116  0.116  0.116  0.116  0.116  0.116  0.116   
Terminal                0.027  0.027  0.027  0.027  0.027  0.027  0.027   
RailElectr.             0.000  0.000  0.000  0.000  0.000  0.000  0.000   
Charging                0.000  0.000  0.000  0.000  0.000  0.000  0.000   
H2_Filling              0.000  0.000  0.000  0.000  0.000  0.000  0.000   

                                       2028                              \
                           PB     PP     OO     OB     OP     BO     BB   
LCOT                    5.312  5.312  5.917  5.917  5.917  5.917  5.917   
LCOT (Empty Trips)      1.437  1.437  1.260  1.260  1.260  1.260  1.260   
Emission                0.489  0.489  1.119  1.119  1.119  1.119  1.119   
Emission (Empty Trips)  0.205  0.205  0.301  0.301  0.301  0.301  0.301   
CO2_Penalty             0.000  0.000  0.000  0.000  0.000  0.000  0.000   
Time value              1.710  1.710  2.057  2.057  2.057  2.057  2.057   
Transfer                2.674  2.674  3.258  3.258  3.258  3.258  3.258   
RailTrack               0.116  0.116  0.000  0.000  0.000  0.000  0.000   
Terminal                0.027  0.027  0.051  0.051  0.051  0.051  0.051   
RailElectr.             0.000  0.000  0.000  0.000  0.000  0.000  0.000   
Charging                0.000  0.000  0.006  0.006  0.006  0.006  0.006   
H2_Filling              0.000  0.000 -0.000 -0.000 -0.000 -0.000 -0.000   

                                                     2034                \
                           BP     PO     PB     PP     OO     OB     OP   
LCOT                    5.917  5.917  5.917  5.917  6.247  6.073  6.082   
LCOT (Empty Trips)      1.260  1.260  1.260  1.260  1.302  1.255  1.268   
Emission                1.119  1.119  1.119  1.119  1.156  1.352  1.351   
Emission (Empty Trips)  0.301  0.301  0.301  0.301  0.334  0.364  0.366   
CO2_Penalty             0.000  0.000  0.000  0.000  0.000  0.000  0.000   
Time value              2.057  2.057  2.057  2.057  2.371  2.369  2.369   
Transfer                3.258  3.258  3.258  3.258  3.749  3.768  3.757   
RailTrack               0.000  0.000  0.000  0.000  0.000  0.000  0.000   
Terminal                0.051  0.051  0.051  0.051  0.001  0.001  0.002   
RailElectr.             0.000  0.000  0.000  0.000  0.000  0.000  0.000   
Charging                0.006  0.006  0.006  0.006  0.031  0.009  0.009   
H2_Filling             -0.000 -0.000 -0.000 -0.000  0.000  0.000  0.000   

                                                                   2040  \
                           BO     BB     BP     PO     PB     PP     OO   
LCOT                    6.989  7.033  6.833  7.140  7.211  7.299  6.604   
LCOT (Empty Trips)      1.568  1.463  1.455  1.595  1.635  1.502  1.363   
Emission                0.830  0.856  1.067  0.826  0.830  0.871  0.906   
Emission (Empty Trips)  0.164  0.287  0.286  0.142  0.163  0.285  0.273   
CO2_Penalty             0.000  0.000  0.000  0.000  0.000  0.000  0.000   
Time value              2.368  2.367  2.369  2.368  2.370  2.413  2.563   
Transfer                3.757  3.758  3.777  3.773  3.760  3.842  3.641   
RailTrack               0.000  0.000  0.000  0.000  0.000  0.000  0.000   
Terminal                0.002  0.001  0.001  0.002  0.001  0.001  0.018   
RailElectr.             0.000  0.000  0.000  0.000  0.000  0.000  0.000   
Charging                0.044  0.044  0.044  0.044  0.044  0.044  0.056   
H2_Filling              0.000  0.000  0.000  0.000  0.000  0.000  0.001   

                                                                         \
                           OB     OP     BO     BB     BP     PO     PB   
LCOT                    6.549  6.576  7.414  7.551  7.177  7.524  7.682   
LCOT (Empty Trips)      1.358  1.361  1.706  1.516  1.497  1.707  1.780   
Emission                1.012  1.012  0.437  0.471  0.904  0.436  0.436   
Emission (Empty Trips)  0.273  0.274  0.005  0.266  0.275  0.005  0.005   
CO2_Penalty             0.000  0.000  0.000  0.000  0.000  0.000  0.000   
Time value              2.564  2.563  2.561  2.563  2.564  2.561  2.562   
Transfer                3.640  3.655  3.637  3.626  3.654  3.637  3.643   
RailTrack               0.000  0.000  0.000  0.000  0.000  0.000  0.000   
Terminal                0.018  0.017  0.018  0.018  0.018  0.018  0.018   
RailElectr.             0.000  0.000  0.000  0.000  0.000  0.000  0.000   
Charging                0.056  0.056  0.056  0.056  0.056  0.056  0.056   
H2_Filling              0.000  0.000  0.001  0.001  0.001  0.001  0.001   

                                2050                                     \
                           PP     OO     OB     OP     BO     BB     BP   
LCOT                    7.842  7.642  7.534  7.556  8.095  8.365  8.296   
LCOT (Empty Trips)      1.583  1.720  1.549  1.524  1.746  1.798  1.839   
Emission                0.484  0.534  0.892  0.953  0.067  0.095  0.533   
Emission (Empty Trips)  0.273  0.037  0.254  0.287  0.000  0.000  0.038   
CO2_Penalty             0.000  0.000  0.000  0.000  0.000  0.000  0.000   
Time value              2.564  2.988  2.981  2.979  2.984  2.980  2.978   
Transfer                3.624  3.952  3.890  3.886  3.892  3.895  3.890   
RailTrack               0.000  0.000  0.000  0.000  0.000  0.000  0.000   
Terminal                0.018  0.000  0.000  0.000  0.000  0.000  0.000   
RailElectr.             0.000  0.000  0.000  0.000  0.000  0.000  0.000   
Charging                0.056  0.029  0.029  0.029  0.029  0.029  0.029   
H2_Filling              0.001  0.000  0.000  0.000  0.000  0.000  0.000   

                                              2023        2028           2034  \
                           PO     PB     PP   mean  std   mean  std      mean   
LCOT                    8.112  8.405  8.630  5.312  0.0  5.917  0.0  6.767444   
LCOT (Empty Trips)      1.744  1.800  1.866  1.437  0.0  1.260  0.0  1.449222   
Emission                0.067  0.066  0.107  0.489  0.0  1.119  0.0  1.015444   
Emission (Empty Trips)  0.000  0.000  0.000  0.205  0.0  0.301  0.0  0.265667   
CO2_Penalty             0.000  0.000  0.000  0.000  0.0  0.000  0.0  0.000000   
Time value              2.983  2.983  2.977  1.710  0.0  2.057  0.0  2.373778   
Transfer                3.891  3.902  3.888  2.674  0.0  3.258  0.0  3.771222   
RailTrack               0.000  0.000  0.000  0.116  0.0  0.000  0.0  0.000000   
Terminal                0.000  0.000  0.000  0.027  0.0  0.051  0.0  0.001333   
RailElectr.             0.000  0.000  0.000  0.000  0.0  0.000  0.0  0.000000   
Charging                0.029  0.029  0.029  0.000  0.0  0.006  0.0  0.034778   
H2_Filling              0.000  0.000  0.000  0.000  0.0  0.000  0.0  0.000000   

                                      2040                2050            
                             std      mean       std      mean       std  
LCOT                    0.495599  7.213222  0.510614  8.070556  0.403266  
LCOT (Empty Trips)      0.143666  1.541222  0.163478  1.731778  0.120219  
Emission                0.223393  0.677556  0.269691  0.368222  0.368551  
Emission (Empty Trips)  0.087905  0.183222  0.133691  0.068444  0.115940  
CO2_Penalty             0.000000  0.000000  0.000000  0.000000  0.000000  
Time value              0.014754  2.562778  0.001202  2.981444  0.003432  
Transfer                0.027963  3.639667  0.010607  3.898444  0.020604  
RailTrack               0.000000  0.000000  0.000000  0.000000  0.000000  
Terminal                0.000500  0.017889  0.000333  0.000000  0.000000  
RailElectr.             0.000000  0.000000  0.000000  0.000000  0.000000  
Charging                0.015222  0.056000  0.000000  0.029000  0.000000  
H2_Filling              0.000000  0.000778  0.000441  0.000000  0.000000  
                       2023     2028      2034      2040      2050     
                       mean std mean  std mean  std mean  std mean  std
LCOT                    5.3   0  5.9    0  6.8  0.5  7.2 0.51  8.1  0.4
LCOT (Empty Trips)      1.4   0  1.3    0  1.4 0.14  1.5 0.16  1.7 0.12
Emission               0.49   0  1.1    0    1 0.22 0.68 0.27 0.37 0.37
Emission (Empty Trips)  0.2   0  0.3    0 0.27 0.09 0.18 0.13 0.07 0.12
CO2_Penalty               0   0    0    0    0    0    0    0    0    0
Time value              1.7   0  2.1    0  2.4 0.01  2.6    0    3    0
Transfer                2.7   0  3.3    0  3.8 0.03  3.6 0.01  3.9 0.02
RailTrack              0.12   0    0    0    0    0    0    0    0    0
Terminal               0.03   0 0.05    0    0    0 0.02    0    0    0
RailElectr.               0   0    0    0    0    0    0    0    0    0
Charging                  0   0 0.01    0 0.03 0.02 0.06    0 0.03    0
H2_Filling                0   0    0    0    0    0    0    0    0    0
discount_factor           1   1 0.71 0.71 0.48 0.48 0.32 0.32 0.16 0.16
emissions (MTonnes CO2 eq.):
             AvgEmission  Std  AvgEmission_perc  Std_perc
time_period                                              
2023                 8.7    0             1e+02         0
2028                 8.1    0                93         0
2034                   6  1.5                69        17
2040                 4.1  1.9                47        21
2050                   2  2.3                23        26
----------------
Average transport work in GTONNES*km:
    mode            product time_period TransportArbeid
0   Rail  Break bulk (fast)        2023        -0.00015
1   Rail  Break bulk (slow)        2023          0.0024
2   Rail   Container (slow)        2023               0
3   Rail           Dry bulk        2023             9.9
4   Rail           Neo bulk        2023          -0.002
5   Road  Break bulk (fast)        2023             6.6
6   Road  Break bulk (slow)        2023             7.4
7   Road   Container (fast)        2023             2.7
8   Road   Container (slow)        2023             3.4
9   Road           Dry bulk        2023            0.68
10  Road           Neo bulk        2023              15
11   Sea  Break bulk (fast)        2023            0.27
12   Sea  Break bulk (slow)        2023             1.5
13   Sea   Container (fast)        2023            0.17
14   Sea   Container (slow)        2023             1.2
15   Sea           Dry bulk        2023         1.2e+02
16   Sea           Neo bulk        2023            0.35

