----------------------------
Doing the following analysis: 
FuelScen_carbontaxbase_demand_scaled_20%_risk_rate_3.8
----------------------------
Reading data...
Reading and constructing data
Function construct_sets Took 0.0012 seconds
Function construct_network Took 0.0047 seconds
Transport demand in the base year 2018 (in MTonnes):
             product  tot_weight
0           Dry bulk       94.86
1   Container (fast)        4.07
2   Container (slow)        9.23
3  Break bulk (fast)       11.61
4  Break bulk (slow)       15.37
5           Neo bulk       19.28
Function construct_ODD Took 0.5024 seconds
Function construct_vehicles Took 0.5370 seconds
Function construct_emission_transfer Took 0.1519 seconds
Function construct_costs Took 2.2495 seconds
Function construct_time_value Took 0.0011 seconds
Function construct_investments Took 0.0086 seconds
Function construct_charging_edges Took 0.1834 seconds
Function construct_tech_readiness Took 0.0054 seconds
Function construct_path_generation Took 0.1573 seconds
Function construct_param2 Took 0.0598 seconds
Function combined_sets Took 0.4146 seconds
Function combined_sets Took 0.4287 seconds
Done reading data.
Time used reading the base data: 15.979782104492188
Solving the first time period for initialization purposes...
Function combined_sets Took 0.1569 seconds
Set parameter Username
Academic license - for non-commercial use only - expires 2025-09-27
Read LP format model from file C:\Users\sandee\Documents\Github\STraM_ntnu_development\temp\pyomo\tmpk9wxrvon.pyomo.lp
Reading time = 4.45 seconds
x1: 2207188 rows, 540793 columns, 7783282 nonzeros
Set parameter FeasibilityTol to value 0.0001
Set parameter MIPGap to value 0.002
Gurobi Optimizer version 11.0.0 build v11.0.0rc2 (win64 - Windows 10.0 (19045.2))

CPU model: Intel(R) Core(TM) i7-10700 CPU @ 2.90GHz, instruction set [SSE2|AVX|AVX2]
Thread count: 8 physical cores, 16 logical processors, using up to 16 threads

Optimize a model with 2207188 rows, 540793 columns and 7783282 nonzeros
Model fingerprint: 0xa5e794e3
Coefficient statistics:
  Matrix range     [6e-06, 1e+03]
  Objective range  [8e-02, 3e-01]
  Bounds range     [0e+00, 0e+00]
  RHS range        [1e-03, 9e+01]
Presolve removed 2204499 rows and 518511 columns
Presolve time: 4.04s
Presolved: 2689 rows, 23245 columns, 201439 nonzeros

Concurrent LP optimizer: primal simplex, dual simplex, and barrier
Showing barrier log only...

Ordering time: 0.02s

Barrier statistics:
 AA' NZ     : 8.530e+04
 Factor NZ  : 1.967e+05 (roughly 12 MB of memory)
 Factor Ops : 2.756e+07 (less than 1 second per iteration)
 Threads    : 6

                  Objective                Residual
Iter       Primal          Dual         Primal    Dual     Compl     Time
   0   4.26536739e+00 -5.65025000e-01  2.85e+05 0.00e+00  1.23e+00     4s
   1   1.59059947e+00  3.24727004e-01  7.06e+04 2.27e-02  3.17e-01     4s
   2   7.51568609e-01  1.88853500e+00  1.43e+04 1.55e-02  6.85e-02     4s
   3   1.09059481e+00  1.03663842e+01  5.55e+03 3.40e-03  2.64e-02     4s
   4   3.05670931e+00  3.64970310e+01  3.69e+03 1.62e-03  1.77e-02     4s
   5   3.92907207e+00  4.78692680e+01  3.15e+03 1.54e-03  1.51e-02     4s
   6   6.89659730e+00  3.39308276e+01  2.78e+03 1.46e-03  1.33e-02     4s
   7   8.05017877e+00  4.39663986e+01  2.64e+03 1.39e-03  1.27e-02     4s
   8   1.49396936e+01  3.89057488e+01  2.40e+03 1.29e-03  1.16e-02     4s
   9   2.29788815e+01  7.01421814e+01  1.84e+03 8.87e-04  8.91e-03     4s
  10   2.81480489e+01  9.07147909e+01  1.51e+03 7.43e-04  7.38e-03     4s
  11   3.25837154e+01  9.89770997e+01  1.31e+03 7.00e-04  6.32e-03     4s
  12   4.27471067e+01  1.07939425e+02  1.04e+03 6.03e-04  4.95e-03     4s
  13   4.86558985e+01  1.21108512e+02  9.07e+02 5.28e-04  4.24e-03     4s
  14   5.20637754e+01  1.25345540e+02  8.49e+02 5.17e-04  3.95e-03     4s
  15   5.41539888e+01  1.34476037e+02  8.18e+02 4.88e-04  3.80e-03     4s
  16   5.53365049e+01  1.36853457e+02  8.02e+02 4.81e-04  3.72e-03     4s
  17   6.27679370e+01  1.42880221e+02  7.11e+02 4.52e-04  3.27e-03     4s
  18   6.90891033e+01  1.61080502e+02  6.33e+02 3.88e-04  2.86e-03     4s
  19   7.11082744e+01  1.65267193e+02  6.12e+02 3.80e-04  2.75e-03     4s
  20   7.40917746e+01  1.72821228e+02  5.82e+02 3.64e-04  2.60e-03     4s
  21   8.03280383e+01  1.79145766e+02  5.33e+02 3.43e-04  2.36e-03     4s
  22   8.30541730e+01  1.86555524e+02  5.12e+02 3.30e-04  2.26e-03     4s
  23   8.71390219e+01  1.94875845e+02  4.84e+02 3.16e-04  2.12e-03     4s
  24   9.44672719e+01  2.07462536e+02  4.44e+02 2.78e-04  1.94e-03     4s
  25   9.97652511e+01  2.13346493e+02  4.16e+02 2.69e-04  1.79e-03     4s
  26   1.02548857e+02  2.17902097e+02  4.02e+02 2.62e-04  1.72e-03     4s
  27   1.07104669e+02  2.20801017e+02  3.81e+02 2.52e-04  1.63e-03     4s
  28   1.11366203e+02  2.28261064e+02  3.61e+02 2.41e-04  1.53e-03     4s
  29   1.13985068e+02  2.32271551e+02  3.50e+02 2.36e-04  1.48e-03     4s
  30   1.22140706e+02  2.42691033e+02  3.18e+02 2.17e-04  1.31e-03     4s
  31   1.24079150e+02  2.52397227e+02  3.11e+02 2.05e-04  1.30e-03     4s
  32   1.29837874e+02  2.58303007e+02  2.91e+02 1.99e-04  1.19e-03     4s
  33   1.33526329e+02  2.67833431e+02  2.80e+02 1.90e-04  1.12e-03     4s
  34   1.39608529e+02  2.77723232e+02  2.62e+02 1.80e-04  1.04e-03     4s
  35   1.46206025e+02  2.90768611e+02  2.46e+02 1.70e-04  9.57e-04     4s
  36   1.51021532e+02  3.02508299e+02  2.35e+02 1.62e-04  9.15e-04     4s
  37   1.55750912e+02  3.06710816e+02  2.25e+02 1.59e-04  8.54e-04     4s
  38   1.59407292e+02  3.16477936e+02  2.18e+02 1.53e-04  8.36e-04     4s
  39   1.63877059e+02  3.28440695e+02  2.10e+02 1.47e-04  8.08e-04     4s
  40   1.68236575e+02  3.40204482e+02  2.03e+02 1.42e-04  7.82e-04     4s
  41   1.70744069e+02  3.47961620e+02  1.99e+02 1.40e-04  7.63e-04     4s
  42   1.74744224e+02  3.56211847e+02  1.94e+02 1.37e-04  7.41e-04     4s
  43   1.78002471e+02  3.71102312e+02  1.89e+02 1.33e-04  7.31e-04     4s
  44   1.82603690e+02  3.77740185e+02  1.83e+02 1.31e-04  6.85e-04     4s
  45   1.86817877e+02  3.77982182e+02  1.78e+02 1.29e-04  6.54e-04     4s
  46   1.87369270e+02  3.85658965e+02  1.78e+02 1.26e-04  6.59e-04     5s
  47   1.92081516e+02  3.87750431e+02  1.73e+02 1.23e-04  6.35e-04     5s
  48   1.99488839e+02  3.98055788e+02  1.66e+02 1.19e-04  6.14e-04     5s
  49   2.02504456e+02  4.03330986e+02  1.63e+02 1.17e-04  6.03e-04     5s
  50   2.06837914e+02  4.07594273e+02  1.60e+02 1.15e-04  5.86e-04     5s

Barrier performed 50 iterations in 4.53 seconds (5.39 work units)
Barrier solve interrupted - model solved by another algorithm


Solved with dual simplex
Iteration    Objective       Primal Inf.    Dual Inf.      Time
    5702    6.4697588e+02   1.375200e-02   5.567372e+10      5s
Extra simplex iterations after uncrush: 1
    5726    6.4697814e+02   0.000000e+00   0.000000e+00      7s

Solved in 5726 iterations and 6.78 seconds (10.02 work units)
Optimal objective  6.469781415e+02
the solution is feasible and optimal
Solution time: 14.308509349822998
Function combined_sets Took 0.4097 seconds
-----
Constructing full SP model...
Done constructing model.
Time used constructing the model: 85.98173308372498
----------
Solving model...
Set parameter Username
Academic license - for non-commercial use only - expires 2025-09-27
Read LP format model from file C:\Users\sandee\Documents\Github\STraM_ntnu_development\temp\pyomo\tmph61vrdwl.pyomo.lp
Reading time = 14.26 seconds
x1: 4555261 rows, 1834336 columns, 25960375 nonzeros
Set parameter FeasibilityTol to value 0.01
Set parameter MIPGap to value 0.002
Gurobi Optimizer version 11.0.0 build v11.0.0rc2 (win64 - Windows 10.0 (19045.2))

CPU model: Intel(R) Core(TM) i7-10700 CPU @ 2.90GHz, instruction set [SSE2|AVX|AVX2]
Thread count: 8 physical cores, 16 logical processors, using up to 16 threads

Optimize a model with 4555261 rows, 1834336 columns and 25960375 nonzeros
Model fingerprint: 0x74ad3fad
Variable types: 1834030 continuous, 306 integer (306 binary)
Coefficient statistics:
  Matrix range     [6e-06, 1e+03]
  Objective range  [8e-02, 3e-01]
  Bounds range     [1e+00, 7e+04]
  RHS range        [1e-03, 9e+01]
Presolve removed 4274965 rows and 1030994 columns (presolve time = 5s) ...
Presolve removed 4352725 rows and 1037439 columns
Presolve time: 8.27s
Presolved: 202536 rows, 796897 columns, 16361109 nonzeros
Variable types: 796863 continuous, 34 integer (34 binary)
Deterministic concurrent LP optimizer: primal simplex, dual simplex, and barrier
Showing barrier log only...

Root barrier log...

Ordering time: 1.43s

Barrier statistics:
 AA' NZ     : 4.501e+06
 Factor NZ  : 1.165e+07 (roughly 400 MB of memory)
 Factor Ops : 2.845e+09 (less than 1 second per iteration)
 Threads    : 5

                  Objective                Residual
Iter       Primal          Dual         Primal    Dual     Compl     Time
   0   1.62894678e+13 -1.33243819e+13  1.08e+11 7.71e+01  3.15e+09    52s
   1   1.11658813e+13 -1.32281886e+13  7.38e+10 2.13e+02  2.18e+09    53s
   2   5.06125245e+12 -1.13903548e+13  3.29e+10 1.56e+02  1.01e+09    54s
   3   1.06618857e+12 -4.74899401e+12  5.97e+09 1.10e+01  1.95e+08    55s
   4   2.27868506e+11 -1.70365673e+12  5.76e+08 1.44e-01  2.07e+07    56s
   5   7.14685702e+10 -4.33476582e+11  1.32e+08 3.33e-02  4.64e+06    57s
   6   3.24780574e+10 -1.40045712e+11  4.98e+07 7.73e-03  1.78e+06    58s
   7   1.24225448e+10 -5.52526931e+10  1.52e+07 2.73e-12  5.62e+05    59s
   8   9.68860644e+09 -3.54447490e+10  1.15e+07 7.28e-12  4.23e+05    60s
   9   8.74009262e+09 -2.94165583e+10  1.03e+07 4.26e-12  3.78e+05    61s
  10   8.48490572e+09 -2.93461810e+10  1.00e+07 3.95e-12  3.68e+05    61s
  11   8.15773544e+09 -2.80011665e+10  9.58e+06 3.38e-12  3.52e+05    62s
  12   5.66774436e+09 -2.21401356e+10  6.55e+06 1.82e-10  2.43e+05    63s
  13   3.57655080e+09 -1.59394973e+10  3.99e+06 9.46e-11  1.53e+05    64s
  14   1.84155431e+09 -7.12922527e+09  1.96e+06 1.11e-09  7.62e+04    65s
  15   1.07969425e+09 -4.23224405e+09  1.11e+06 1.54e-11  4.31e+04    66s
  16   5.26873165e+08 -1.57305615e+09  4.83e+05 6.32e-12  1.85e+04    67s
  17   1.69103936e+08 -1.30301630e+09  1.38e+05 2.40e-10  5.81e+03    67s
  18   8.83982747e+07 -8.44126034e+08  6.96e+04 9.49e-12  3.00e+03    68s
  19   4.16583261e+07 -4.86093702e+08  3.06e+04 1.84e-09  1.35e+03    69s
  20   1.97636299e+07 -2.37812434e+08  1.35e+04 1.24e-10  5.77e+02    69s
  21   8.38622140e+06 -1.33472907e+08  5.50e+03 1.82e-11  2.47e+02    70s
  22   4.33159342e+06 -4.35200249e+07  2.69e+03 5.97e-10  9.82e+01    71s
  23   1.97960746e+06 -1.78806982e+07  1.14e+03 3.77e-10  3.97e+01    72s
  24   1.28985168e+06 -1.18150853e+07  7.34e+02 2.64e-10  2.54e+01    73s
  25   7.81816372e+05 -9.33020933e+06  4.32e+02 2.00e-10  1.64e+01    74s
  26   4.55729240e+05 -5.60843994e+06  2.45e+02 1.18e-10  9.34e+00    75s
  27   2.49060187e+05 -3.90507948e+06  1.28e+02 7.82e-11  5.46e+00    76s
  28   1.80765941e+05 -2.99458721e+06  9.10e+01 5.68e-11  3.98e+00    76s
  29   1.36369990e+05 -2.36467347e+06  6.67e+01 4.27e-11  3.00e+00    77s
  30   1.01432127e+05 -2.05984363e+06  4.83e+01 3.73e-11  2.39e+00    78s
  31   8.85682833e+04 -1.63917884e+06  4.14e+01 2.73e-11  1.94e+00    79s
  32   8.10787328e+04 -1.51361613e+06  3.75e+01 2.50e-11  1.76e+00    80s
  33   7.38734895e+04 -1.38408198e+06  3.37e+01 2.25e-11  1.59e+00    81s
  34   6.51660554e+04 -1.26397689e+06  2.91e+01 2.02e-11  1.41e+00    83s
  35   6.19969097e+04 -1.19228158e+06  2.74e+01 1.93e-11  1.33e+00    84s
  36   4.58688702e+04 -1.03770670e+06  1.91e+01 1.66e-11  1.05e+00    86s
  37   4.09878703e+04 -8.55734924e+05  1.65e+01 1.34e-11  8.71e-01    87s
  38   3.73693019e+04 -7.91585257e+05  1.47e+01 1.23e-11  7.90e-01    88s
  39   3.15819169e+04 -6.61053172e+05  1.17e+01 1.02e-11  6.43e-01    90s
  40   2.90492281e+04 -5.92881441e+05  1.04e+01 8.98e-12  5.71e-01    91s
  41   2.37813697e+04 -5.14003976e+05  7.71e+00 7.96e-12  4.70e-01    94s
  42   2.15447868e+04 -4.53501568e+05  6.55e+00 6.93e-12  4.08e-01    96s
  43   2.00801901e+04 -4.02762478e+05  5.79e+00 6.14e-12  3.59e-01    97s
  44   1.79771193e+04 -3.56401502e+05  4.74e+00 5.34e-12  3.10e-01    99s
  45   1.71722470e+04 -3.24808837e+05  4.34e+00 4.89e-12  2.82e-01   101s
  46   1.64001801e+04 -2.85316153e+05  3.96e+00 4.32e-12  2.48e-01   103s
  47   1.55549547e+04 -2.50783990e+05  3.54e+00 3.75e-12  2.18e-01   105s
  48   1.50911639e+04 -2.32476540e+05  3.32e+00 3.41e-12  2.02e-01   106s
  49   1.47434497e+04 -2.20920772e+05  3.15e+00 3.24e-12  1.92e-01   108s
  50   1.39472281e+04 -1.96218324e+05  2.77e+00 3.03e-12  1.69e-01   109s
  51   1.30044376e+04 -1.79083926e+05  2.33e+00 3.32e-12  1.51e-01   111s
  52   1.21793734e+04 -1.64798429e+05  1.95e+00 2.39e-12  1.37e-01   113s
  53   1.18536652e+04 -1.50147789e+05  1.80e+00 2.16e-12  1.25e-01   115s
  54   1.16035790e+04 -1.23194377e+05  1.69e+00 1.86e-12  1.04e-01   117s
  55   1.11183087e+04 -1.12989219e+05  1.49e+00 2.16e-12  9.47e-02   119s
  56   1.06249934e+04 -8.99021165e+04  1.29e+00 3.10e-12  7.63e-02   120s
  57   9.48558144e+03 -6.99131966e+04  8.59e-01 1.42e-12  5.82e-02   122s
  58   8.84990207e+03 -5.91360562e+04  6.58e-01 1.21e-12  4.89e-02   123s
  59   8.50015353e+03 -4.46360286e+04  5.66e-01 1.01e-12  3.80e-02   125s
  60   7.73816381e+03 -3.52637892e+04  3.67e-01 6.72e-13  3.01e-02   126s
  61   7.16307977e+03 -2.83151160e+04  2.38e-01 6.98e-13  2.44e-02   128s
  62   6.84168264e+03 -2.34575888e+04  1.88e-01 6.48e-13  2.07e-02   130s
  63   6.68419092e+03 -2.12826817e+04  1.67e-01 4.84e-13  1.90e-02   132s
  64   6.39870812e+03 -1.77887301e+04  1.33e-01 5.64e-13  1.64e-02   133s
  65   6.26701717e+03 -1.29734195e+04  1.19e-01 3.88e-13  1.30e-02   135s
  66   5.83850599e+03 -1.04810218e+04  7.73e-02 2.76e-13  1.10e-02   136s
  67   5.67096032e+03 -8.29751645e+03  6.64e-02 2.47e-13  9.37e-03   138s
  68   5.38166955e+03 -7.06731903e+03  4.82e-02 5.21e-11  8.32e-03   139s
  69   5.33565921e+03 -6.76391588e+03  4.59e-02 6.51e-11  8.09e-03   141s
  70   5.30805578e+03 -6.42373456e+03  4.48e-02 9.07e-11  7.84e-03   142s
  71   5.25197906e+03 -5.33475574e+03  4.22e-02 1.72e-10  7.07e-03   144s
  72   5.16025830e+03 -4.53801073e+03  3.83e-02 3.31e-10  6.47e-03   145s
  73   5.12819645e+03 -4.28191103e+03  3.71e-02 4.58e-10  6.28e-03   147s
  74   4.92063648e+03 -3.66148466e+03  2.84e-02 8.68e-10  5.72e-03   149s
  75   4.85549561e+03 -3.06113485e+03  2.62e-02 1.17e-09  5.27e-03   150s
  76   4.79206850e+03 -2.16421705e+03  2.47e-02 1.76e-09  4.63e-03   151s
  77   4.73797855e+03 -1.68129100e+03  2.32e-02 2.33e-09  4.27e-03   153s
  78   4.61150469e+03 -1.39254085e+03  1.97e-02 2.77e-09  3.99e-03   154s
  79   4.54018836e+03 -9.84968075e+02  1.83e-02 3.25e-09  3.67e-03   155s
  80   4.50479889e+03 -8.10741049e+02  1.75e-02 3.55e-09  3.53e-03   157s
  81   4.37343570e+03 -2.89284258e+02  1.45e-02 4.49e-09  3.10e-03   158s
  82   4.32581435e+03 -2.75953885e+01  1.35e-02 5.01e-09  2.89e-03   159s
  83   4.26639928e+03  4.47018445e+02  1.23e-02 5.73e-09  2.54e-03   161s
  84   4.17761753e+03  7.31659770e+02  1.05e-02 6.48e-09  2.29e-03   162s
  85   4.16288159e+03  9.03441139e+02  1.03e-02 6.78e-09  2.16e-03   163s

Barrier performed 85 iterations in 163.58 seconds (94.53 work units)
Barrier solve interrupted - model solved by another algorithm

Concurrent spin time: 0.10s

Solved with dual simplex

Root simplex log...

Iteration    Objective       Primal Inf.    Dual Inf.      Time
  111435    3.0198649e+03   0.000000e+00   3.449691e+00    165s
  112443    3.0199261e+03   0.000000e+00   0.000000e+00    166s
Extra simplex iterations after uncrush: 3063

Root relaxation: objective 3.019926e+03, 112443 iterations, 126.17 seconds (44.43 work units)

    Nodes    |    Current Node    |     Objective Bounds      |     Work
 Expl Unexpl |  Obj  Depth IntInf | Incumbent    BestBd   Gap | It/Node Time

     0     0 3019.92607    0    2          - 3019.92607      -     -  166s
H    0     0                    3019.9799073 3019.92607  0.00%     -  168s

Explored 1 nodes (112443 simplex iterations) in 169.90 seconds (90.50 work units)
Thread count was 16 (of 16 available processors)

Solution count 2: 3019.98 3019.98 

Optimal solution found (tolerance 2.00e-03)
Warning: max constraint violation (8.4911e-02) exceeds tolerance
Warning: max bound violation (7.8176e-02) exceeds tolerance
Best objective 3.019979907325e+03, best bound 3.019979907325e+03, gap 0.0000%
the solution is feasible and optimal
Solution time: 191.46095848083496
Done solving model.
Time used solving the model: 275.74984335899353
----------Dumping data in pickle file...done.
Dumping results in pickle file.....done.
objective function value:  3019.979907325448
objective function value normalized (Billion EURO):  302.0
                         2023                                            \
                           OO     OB     OP     BO     BB     BP     PO   
LCOT                    5.327  5.327  5.327  5.327  5.327  5.327  5.327   
LCOT (Empty Trips)      1.444  1.444  1.444  1.444  1.444  1.444  1.444   
Emission                0.489  0.489  0.489  0.489  0.489  0.489  0.489   
Emission (Empty Trips)  0.205  0.205  0.205  0.205  0.205  0.205  0.205   
CO2_Penalty             0.000  0.000  0.000  0.000  0.000  0.000  0.000   
Time value              1.708  1.708  1.708  1.708  1.708  1.708  1.708   
Transfer                2.661  2.661  2.661  2.661  2.661  2.661  2.661   
RailTrack               0.116  0.116  0.116  0.116  0.116  0.116  0.116   
Terminal                0.038  0.038  0.038  0.038  0.038  0.038  0.038   
RailElectr.             0.000  0.000  0.000  0.000  0.000  0.000  0.000   
Charging                0.000  0.000  0.000  0.000  0.000  0.000  0.000   
H2_Filling              0.000  0.000  0.000  0.000  0.000  0.000  0.000   

                                       2028                              \
                           PB     PP     OO     OB     OP     BO     BB   
LCOT                    5.327  5.327  5.932  5.932  5.932  5.932  5.932   
LCOT (Empty Trips)      1.444  1.444  1.267  1.267  1.267  1.267  1.267   
Emission                0.489  0.489  1.118  1.118  1.118  1.118  1.118   
Emission (Empty Trips)  0.205  0.205  0.302  0.302  0.302  0.302  0.302   
CO2_Penalty             0.000  0.000  0.000  0.000  0.000  0.000  0.000   
Time value              1.708  1.708  2.053  2.053  2.053  2.053  2.053   
Transfer                2.661  2.661  3.236  3.236  3.236  3.236  3.236   
RailTrack               0.116  0.116  0.000  0.000  0.000  0.000  0.000   
Terminal                0.038  0.038  0.053  0.053  0.053  0.053  0.053   
RailElectr.             0.000  0.000  0.000  0.000  0.000  0.000  0.000   
Charging                0.000  0.000  0.008  0.008  0.008  0.008  0.008   
H2_Filling              0.000  0.000  0.000  0.000  0.000  0.000  0.000   

                                                     2034                \
                           BP     PO     PB     PP     OO     OB     OP   
LCOT                    5.932  5.932  5.932  5.932  6.272  6.094  6.105   
LCOT (Empty Trips)      1.267  1.267  1.267  1.267  1.282  1.253  1.259   
Emission                1.118  1.118  1.118  1.118  1.158  1.353  1.353   
Emission (Empty Trips)  0.302  0.302  0.302  0.302  0.331  0.363  0.364   
CO2_Penalty             0.000  0.000  0.000  0.000  0.000  0.000  0.000   
Time value              2.053  2.053  2.053  2.053  2.371  2.371  2.371   
Transfer                3.236  3.236  3.236  3.236  3.776  3.776  3.776   
RailTrack               0.000  0.000  0.000  0.000  0.000  0.000  0.000   
Terminal                0.053  0.053  0.053  0.053  0.002  0.002  0.002   
RailElectr.             0.000  0.000  0.000  0.000  0.000  0.000  0.000   
Charging                0.008  0.008  0.008  0.008  0.046  0.013  0.013   
H2_Filling              0.000  0.000  0.000  0.000  0.000  0.000  0.000   

                                                                   2040  \
                           BO     BB     BP     PO     PB     PP     OO   
LCOT                    7.014  7.090  6.853  7.168  7.236  7.350  6.647   
LCOT (Empty Trips)      1.562  1.451  1.461  1.604  1.620  1.514  1.365   
Emission                0.828  0.828  1.067  0.825  0.828  0.828  0.905   
Emission (Empty Trips)  0.163  0.286  0.286  0.140  0.163  0.286  0.273   
CO2_Penalty             0.000  0.000  0.000  0.000  0.000  0.000  0.000   
Time value              2.372  2.371  2.372  2.374  2.372  2.372  2.570   
Transfer                3.774  3.780  3.780  3.781  3.777  3.779  3.635   
RailTrack               0.000  0.000  0.000  0.000  0.000  0.000  0.000   
Terminal                0.002  0.002  0.002  0.003  0.002  0.002  0.018   
RailElectr.             0.000  0.000  0.000  0.000  0.000  0.000  0.000   
Charging                0.066  0.066  0.066  0.066  0.066  0.066  0.107   
H2_Filling              0.000  0.000  0.000  0.000  0.000  0.000  0.001   

                                                                         \
                           OB     OP     BO     BB     BP     PO     PB   
LCOT                    6.576  6.579  7.455  7.610  7.298  7.564  7.730   
LCOT (Empty Trips)      1.370  1.360  1.702  1.535  1.517  1.705  1.778   
Emission                1.011  1.014  0.435  0.441  0.833  0.434  0.435   
Emission (Empty Trips)  0.273  0.274  0.005  0.250  0.273  0.005  0.005   
CO2_Penalty             0.000  0.000  0.000  0.000  0.000  0.000  0.000   
Time value              2.572  2.575  2.573  2.570  2.571  2.571  2.571   
Transfer                3.640  3.688  3.644  3.636  3.636  3.637  3.635   
RailTrack               0.000  0.000  0.000  0.000  0.000  0.000  0.000   
Terminal                0.018  0.018  0.018  0.018  0.018  0.017  0.018   
RailElectr.             0.000  0.000  0.000  0.000  0.000  0.000  0.000   
Charging                0.107  0.106  0.107  0.107  0.107  0.107  0.107   
H2_Filling              0.000  0.000  0.001  0.001  0.001  0.001  0.001   

                                2050                                     \
                           PP     OO     OB     OP     BO     BB     BP   
LCOT                    7.909  7.651  7.524  7.546  8.105  8.400  8.367   
LCOT (Empty Trips)      1.613  1.719  1.534  1.524  1.745  1.798  1.868   
Emission                0.443  0.533  0.918  0.956  0.065  0.066  0.459   
Emission (Empty Trips)  0.251  0.034  0.268  0.288  0.000  0.000  0.000   
CO2_Penalty             0.000  0.000  0.000  0.000  0.000  0.000  0.000   
Time value              2.572  3.015  3.006  3.007  3.012  3.007  3.007   
Transfer                3.633  4.045  3.980  3.982  3.986  3.985  3.979   
RailTrack               0.000  0.000  0.000  0.000  0.000  0.000  0.000   
Terminal                0.019  0.000  0.000  0.000  0.000  0.000  0.000   
RailElectr.             0.000  0.000  0.000  0.000  0.000  0.000  0.000   
Charging                0.107  0.074  0.075  0.074  0.075  0.074  0.075   
H2_Filling              0.001  0.001  0.001  0.001  0.001  0.001  0.001   

                                              2023        2028           2034  \
                           PO     PB     PP   mean  std   mean  std      mean   
LCOT                    8.127  8.422  8.653  5.327  0.0  5.932  0.0  6.798000   
LCOT (Empty Trips)      1.745  1.799  1.866  1.444  0.0  1.267  0.0  1.445111   
Emission                0.065  0.065  0.066  0.489  0.0  1.118  0.0  1.007556   
Emission (Empty Trips)  0.000  0.000  0.000  0.205  0.0  0.302  0.0  0.264667   
CO2_Penalty             0.000  0.000  0.000  0.000  0.0  0.000  0.0  0.000000   
Time value              3.012  3.007  3.010  1.708  0.0  2.053  0.0  2.371778   
Transfer                3.983  3.983  3.988  2.661  0.0  3.236  0.0  3.777667   
RailTrack               0.000  0.000  0.000  0.116  0.0  0.000  0.0  0.000000   
Terminal                0.000  0.000  0.000  0.038  0.0  0.053  0.0  0.002111   
RailElectr.             0.000  0.000  0.000  0.000  0.0  0.000  0.0  0.000000   
Charging                0.075  0.074  0.074  0.000  0.0  0.008  0.0  0.052000   
H2_Filling              0.001  0.001  0.001  0.000  0.0  0.000  0.0  0.000000   

                                      2040                2050            
                             std      mean       std      mean       std  
LCOT                    0.502610  7.263111  0.524855  8.088333  0.419911  
LCOT (Empty Trips)      0.146917  1.549444  0.160903  1.733111  0.126620  
Emission                0.231062  0.661222  0.270609  0.354778  0.377494  
Emission (Empty Trips)  0.087690  0.178778  0.130664  0.065556  0.121061  
CO2_Penalty             0.000000  0.000000  0.000000  0.000000  0.000000  
Time value              0.000972  2.571667  0.001581  3.009222  0.003153  
Transfer                0.002398  3.642667  0.017306  3.990111  0.020775  
RailTrack               0.000000  0.000000  0.000000  0.000000  0.000000  
Terminal                0.000333  0.018000  0.000500  0.000000  0.000000  
RailElectr.             0.000000  0.000000  0.000000  0.000000  0.000000  
Charging                0.023060  0.106889  0.000333  0.074444  0.000527  
H2_Filling              0.000000  0.000778  0.000441  0.001000  0.000000  
                       2023     2028      2034      2040      2050     
                       mean std mean  std mean  std mean  std mean  std
LCOT                    5.3   0  5.9    0  6.8  0.5  7.3 0.52  8.1 0.42
LCOT (Empty Trips)      1.4   0  1.3    0  1.4 0.15  1.6 0.16  1.7 0.13
Emission               0.49   0  1.1    0    1 0.23 0.66 0.27 0.35 0.38
Emission (Empty Trips)  0.2   0  0.3    0 0.26 0.09 0.18 0.13 0.07 0.12
CO2_Penalty               0   0    0    0    0    0    0    0    0    0
Time value              1.7   0    2    0  2.4    0  2.6    0    3    0
Transfer                2.7   0  3.2    0  3.8    0  3.6 0.02    4 0.02
RailTrack              0.12   0    0    0    0    0    0    0    0    0
Terminal               0.04   0 0.05    0    0    0 0.02    0    0    0
RailElectr.               0   0    0    0    0    0    0    0    0    0
Charging                  0   0 0.01    0 0.05 0.02 0.11    0 0.07    0
H2_Filling                0   0    0    0    0    0    0    0    0    0
discount_factor           1   1 0.83 0.83 0.66 0.66 0.53 0.53 0.36 0.36
emissions (MTonnes CO2 eq.):
             AvgEmission     Std  AvgEmission_perc  Std_perc
time_period                                                 
2023                 8.7       0             1e+02         0
2028                 8.1 5.3e-13                93     6e-12
2034                   6     1.5                69        17
2040                   4     1.9                46        21
2050                 1.9     2.3                22        27
----------------
Average transport work in GTONNES*km:
    mode            product time_period TransportArbeid
0   Rail  Break bulk (slow)        2023          0.0011
1   Rail           Dry bulk        2023              10
2   Rail           Neo bulk        2023          0.0011
3   Road  Break bulk (fast)        2023             6.6
4   Road  Break bulk (slow)        2023             7.5
5   Road   Container (fast)        2023             2.7
6   Road   Container (slow)        2023             3.5
7   Road           Dry bulk        2023             0.7
8   Road           Neo bulk        2023              15
9    Sea  Break bulk (fast)        2023            0.27
10   Sea  Break bulk (slow)        2023             1.4
11   Sea   Container (fast)        2023            0.17
12   Sea   Container (slow)        2023             1.2
13   Sea           Dry bulk        2023         1.2e+02
14   Sea           Neo bulk        2023            0.35

