----------------------------
Doing the following analysis: 
FuelScen_carbontaxbase_demand_scaled_0%_risk_rate_4.0
----------------------------
Reading data...
Reading and constructing data
Function construct_sets Took 0.0013 seconds
Function construct_network Took 0.0050 seconds
Transport demand in the base year 2018 (in MTonnes):
             product  tot_weight
0           Dry bulk       94.86
1   Container (fast)        4.07
2   Container (slow)        9.23
3  Break bulk (fast)       11.61
4  Break bulk (slow)       15.37
5           Neo bulk       19.28
Function construct_ODD Took 0.5138 seconds
Function construct_vehicles Took 0.5504 seconds
Function construct_emission_transfer Took 0.1506 seconds
Function construct_costs Took 2.3198 seconds
Function construct_time_value Took 0.0011 seconds
Function construct_investments Took 0.0087 seconds
Function construct_charging_edges Took 0.1867 seconds
Function construct_tech_readiness Took 0.0051 seconds
Function construct_path_generation Took 0.1638 seconds
Function construct_param2 Took 0.0619 seconds
Function combined_sets Took 0.4514 seconds
Function combined_sets Took 0.4486 seconds
Done reading data.
Time used reading the base data: 16.589293241500854
Solving the first time period for initialization purposes...
Function combined_sets Took 0.1538 seconds
Set parameter Username
Academic license - for non-commercial use only - expires 2025-09-27
Read LP format model from file C:\Users\sandee\Documents\Github\STraM_ntnu_development\temp\pyomo\tmpq0728id_.pyomo.lp
Reading time = 4.51 seconds
x1: 2206927 rows, 540793 columns, 7780366 nonzeros
Set parameter FeasibilityTol to value 0.0001
Set parameter MIPGap to value 0.002
Gurobi Optimizer version 11.0.0 build v11.0.0rc2 (win64 - Windows 10.0 (19045.2))

CPU model: Intel(R) Core(TM) i7-10700 CPU @ 2.90GHz, instruction set [SSE2|AVX|AVX2]
Thread count: 8 physical cores, 16 logical processors, using up to 16 threads

Optimize a model with 2206927 rows, 540793 columns and 7780366 nonzeros
Model fingerprint: 0x48fdb285
Coefficient statistics:
  Matrix range     [6e-06, 1e+03]
  Objective range  [8e-02, 3e-01]
  Bounds range     [0e+00, 0e+00]
  RHS range        [1e-03, 9e+01]
Presolve removed 2204267 rows and 518514 columns
Presolve time: 4.09s
Presolved: 2660 rows, 23242 columns, 201160 nonzeros

Concurrent LP optimizer: primal simplex, dual simplex, and barrier
Showing barrier log only...

Ordering time: 0.01s

Barrier statistics:
 AA' NZ     : 8.445e+04
 Factor NZ  : 1.919e+05 (roughly 12 MB of memory)
 Factor Ops : 2.716e+07 (less than 1 second per iteration)
 Threads    : 6

                  Objective                Residual
Iter       Primal          Dual         Primal    Dual     Compl     Time
   0   4.26674854e+00 -5.65025000e-01  2.86e+05 0.00e+00  1.23e+00     4s
   1   1.56946924e+00 -6.13247941e-01  6.92e+04 2.27e-02  3.11e-01     4s
   2   7.49592777e-01  6.10723261e-01  1.42e+04 1.52e-02  6.80e-02     4s
   3   8.39325503e-01  7.19825325e+00  5.24e+03 3.39e-03  2.50e-02     4s
   4   4.97431563e+00  3.02919298e+01  2.92e+03 1.40e-03  1.41e-02     4s
   5   8.63115495e+00  4.26087728e+01  2.26e+03 1.30e-03  1.08e-02     4s
   6   1.28086961e+01  3.93930892e+01  2.06e+03 1.23e-03  9.88e-03     4s
   7   2.00399418e+01  4.28764966e+01  1.62e+03 1.11e-03  7.87e-03     4s
   8   2.30447315e+01  6.37755672e+01  1.38e+03 6.43e-04  6.62e-03     4s
   9   2.40925851e+01  7.62454351e+01  1.31e+03 5.05e-04  6.34e-03     4s
  10   2.55667834e+01  8.15729541e+01  1.23e+03 4.87e-04  5.91e-03     4s
  11   2.65231593e+01  8.61681677e+01  1.18e+03 4.58e-04  5.67e-03     4s
  12   3.38662272e+01  8.99111907e+01  8.97e+02 4.11e-04  4.23e-03     4s
  13   3.94848755e+01  9.39287077e+01  7.67e+02 3.93e-04  3.56e-03     4s
  14   4.12391233e+01  1.01268662e+02  7.32e+02 3.70e-04  3.39e-03     4s
  15   4.34513273e+01  1.04288268e+02  6.95e+02 3.64e-04  3.21e-03     4s
  16   4.49496671e+01  1.11403668e+02  6.72e+02 3.48e-04  3.10e-03     4s
  17   4.91139099e+01  1.14265015e+02  6.17e+02 3.32e-04  2.83e-03     4s
  18   5.57584611e+01  1.21761313e+02  5.36e+02 2.94e-04  2.41e-03     4s
  19   5.92407688e+01  1.30553926e+02  4.95e+02 2.78e-04  2.21e-03     4s
  20   6.16149596e+01  1.38437342e+02  4.73e+02 2.68e-04  2.11e-03     4s
  21   6.74765732e+01  1.47734706e+02  4.28e+02 2.48e-04  1.88e-03     4s
  22   7.19208569e+01  1.57330300e+02  3.97e+02 2.35e-04  1.72e-03     4s
  23   7.51818898e+01  1.60312216e+02  3.77e+02 2.26e-04  1.63e-03     4s
  24   7.87565193e+01  1.66108044e+02  3.58e+02 2.16e-04  1.54e-03     4s
  25   8.26350397e+01  1.71847818e+02  3.38e+02 2.08e-04  1.44e-03     4s
  26   8.49121617e+01  1.77158709e+02  3.26e+02 2.03e-04  1.38e-03     5s
  27   8.55682777e+01  1.81046098e+02  3.23e+02 1.96e-04  1.38e-03     5s
  28   8.67810586e+01  1.81926064e+02  3.18e+02 1.92e-04  1.36e-03     5s
  29   9.08319069e+01  1.87303514e+02  3.00e+02 1.83e-04  1.25e-03     5s
  30   9.60330965e+01  1.93305218e+02  2.79e+02 1.73e-04  1.15e-03     5s
  31   1.01882095e+02  2.01458356e+02  2.57e+02 1.62e-04  1.04e-03     5s
  32   1.05742603e+02  2.05170313e+02  2.43e+02 1.59e-04  9.70e-04     5s
  33   1.09364132e+02  2.12151157e+02  2.31e+02 1.54e-04  9.13e-04     5s
  34   1.14273610e+02  2.24096093e+02  2.17e+02 1.44e-04  8.52e-04     5s
  35   1.16883074e+02  2.34336000e+02  2.10e+02 1.38e-04  8.32e-04     5s
  36   1.20742848e+02  2.44179031e+02  2.00e+02 1.32e-04  7.83e-04     5s
  37   1.23939269e+02  2.46432904e+02  1.93e+02 1.31e-04  7.38e-04     5s
  38   1.30074821e+02  2.53763157e+02  1.82e+02 1.26e-04  6.88e-04     5s
  39   1.33727707e+02  2.63842979e+02  1.76e+02 1.20e-04  6.68e-04     5s
  40   1.36968837e+02  2.69133723e+02  1.70e+02 1.18e-04  6.46e-04     5s
  41   1.39936323e+02  2.74626273e+02  1.66e+02 1.16e-04  6.22e-04     5s
  42   1.42185293e+02  2.84292233e+02  1.62e+02 1.13e-04  6.07e-04     5s
  43   1.44394853e+02  2.92778502e+02  1.59e+02 1.11e-04  6.04e-04     5s
  44   1.47972407e+02  3.00806762e+02  1.54e+02 1.09e-04  5.67e-04     5s
  45   1.50842432e+02  3.11510971e+02  1.51e+02 1.07e-04  5.62e-04     5s
  46   1.54829743e+02  3.17760917e+02  1.47e+02 1.05e-04  5.45e-04     5s
  47   1.59507097e+02  3.20262954e+02  1.42e+02 1.03e-04  5.25e-04     5s

Barrier performed 47 iterations in 4.67 seconds (5.37 work units)
Barrier solve interrupted - model solved by another algorithm


Solved with primal simplex
Iteration    Objective       Primal Inf.    Dual Inf.      Time
    8887    5.3711177e+02   9.000000e-04   1.628435e+08      6s
Extra simplex iterations after uncrush: 2
    8892    5.3711200e+02   0.000000e+00   0.000000e+00      7s

Solved in 8892 iterations and 6.83 seconds (9.66 work units)
Optimal objective  5.371120027e+02
the solution is feasible and optimal
Solution time: 14.36832571029663
Function combined_sets Took 0.4092 seconds
-----
Constructing full SP model...
Done constructing model.
Time used constructing the model: 85.92038297653198
----------
Solving model...
Set parameter Username
Academic license - for non-commercial use only - expires 2025-09-27
Read LP format model from file C:\Users\sandee\Documents\Github\STraM_ntnu_development\temp\pyomo\tmpz0tkqzk1.pyomo.lp
Reading time = 14.34 seconds
x1: 4554352 rows, 1834336 columns, 25949476 nonzeros
Set parameter FeasibilityTol to value 0.01
Set parameter MIPGap to value 0.002
Gurobi Optimizer version 11.0.0 build v11.0.0rc2 (win64 - Windows 10.0 (19045.2))

CPU model: Intel(R) Core(TM) i7-10700 CPU @ 2.90GHz, instruction set [SSE2|AVX|AVX2]
Thread count: 8 physical cores, 16 logical processors, using up to 16 threads

Optimize a model with 4554352 rows, 1834336 columns and 25949476 nonzeros
Model fingerprint: 0x0d6034bb
Variable types: 1834030 continuous, 306 integer (306 binary)
Coefficient statistics:
  Matrix range     [6e-06, 1e+03]
  Objective range  [8e-02, 3e-01]
  Bounds range     [1e+00, 6e+04]
  RHS range        [1e-03, 9e+01]
Presolve removed 609996 rows and 72 columns (presolve time = 5s) ...
Presolve removed 4353661 rows and 1037449 columns (presolve time = 10s) ...
Presolve removed 4353661 rows and 1037449 columns
Presolve time: 10.50s
Presolved: 200691 rows, 796887 columns, 16339455 nonzeros
Variable types: 796853 continuous, 34 integer (34 binary)
Deterministic concurrent LP optimizer: primal simplex, dual simplex, and barrier
Showing barrier log only...

Root barrier log...

Ordering time: 1.59s

Barrier statistics:
 AA' NZ     : 4.448e+06
 Factor NZ  : 1.153e+07 (roughly 400 MB of memory)
 Factor Ops : 2.858e+09 (less than 1 second per iteration)
 Threads    : 5

                  Objective                Residual
Iter       Primal          Dual         Primal    Dual     Compl     Time
   0   1.38213028e+13 -1.10661819e+13  9.14e+10 7.63e+01  2.67e+09    54s
   1   9.47466125e+12 -1.09128636e+13  6.26e+10 2.09e+02  1.85e+09    55s
   2   4.27358833e+12 -9.45867165e+12  2.78e+10 1.54e+02  8.52e+08    56s
   3   9.23586232e+11 -3.98437100e+12  5.22e+09 1.13e+01  1.69e+08    57s
   4   1.94448227e+11 -1.48203639e+12  5.51e+08 1.40e-01  1.80e+07    58s
   5   6.90546522e+10 -3.88061167e+11  1.38e+08 3.71e-02  4.74e+06    59s
   6   3.09322245e+10 -1.65302943e+11  5.18e+07 1.13e-02  1.80e+06    60s
   7   1.31850700e+10 -4.47290629e+10  1.84e+07 3.64e-12  6.42e+05    61s
   8   7.10447524e+09 -2.31523772e+10  9.53e+06 3.64e-12  3.35e+05    62s
   9   6.14902764e+09 -1.95179925e+10  8.22e+06 7.28e-12  2.89e+05    63s
  10   5.93267896e+09 -1.87253430e+10  7.92e+06 2.18e-11  2.79e+05    64s
  11   5.36888650e+09 -1.79855357e+10  7.09e+06 4.89e-12  2.50e+05    64s
  12   4.33761327e+09 -1.71544925e+10  5.70e+06 2.42e-12  2.03e+05    65s
  13   3.59784886e+09 -1.47120247e+10  4.66e+06 1.09e-11  1.67e+05    66s
  14   1.99070010e+09 -8.47819449e+09  2.54e+06 6.48e-12  9.22e+04    67s
  15   1.14871600e+09 -3.60889692e+09  1.41e+06 2.69e-10  5.10e+04    68s
  16   8.82302633e+08 -1.49055656e+09  1.07e+06 1.76e-09  3.81e+04    69s
  17   5.51727321e+08 -1.02256006e+09  6.44e+05 4.29e-10  2.29e+04    70s
  18   1.60767399e+08 -9.49805312e+08  1.87e+05 3.13e-10  7.05e+03    71s
  19   8.13107186e+07 -5.76333797e+08  9.37e+04 5.80e-12  3.49e+03    71s
  20   5.66887429e+07 -3.24678782e+08  6.51e+04 4.62e-12  2.29e+03    72s
  21   2.19064607e+07 -1.79684494e+08  2.38e+04 7.74e-12  8.33e+02    73s
  22   7.91106140e+06 -1.02689522e+08  7.61e+03 5.89e-12  2.81e+02    73s
  23   4.70799404e+06 -5.65972391e+07  4.30e+03 6.16e-12  1.48e+02    74s
  24   2.58408668e+06 -2.64405557e+07  2.24e+03 3.47e-12  7.07e+01    75s
  25   1.18759224e+06 -1.29525774e+07  9.38e+02 4.50e-12  2.99e+01    76s
  26   6.55362749e+05 -9.76799456e+06  4.99e+02 3.32e-12  1.76e+01    77s
  27   5.07057056e+05 -7.69169419e+06  3.79e+02 2.96e-12  1.35e+01    77s
  28   3.59621929e+05 -6.69265713e+06  2.66e+02 2.71e-12  1.03e+01    78s
  29   1.78382077e+05 -3.71672552e+06  1.24e+02 1.50e-12  5.11e+00    80s
  30   1.00949949e+05 -2.45681562e+06  6.59e+01 1.23e-12  3.00e+00    81s
  31   7.93465007e+04 -2.02598705e+06  4.99e+01 1.26e-12  2.36e+00    82s
  32   6.71149276e+04 -1.79765990e+06  4.09e+01 1.02e-12  2.01e+00    82s
  33   5.74825552e+04 -1.49970467e+06  3.39e+01 1.42e-12  1.66e+00    83s
  34   5.12601979e+04 -1.12028231e+06  2.94e+01 1.15e-12  1.29e+00    84s
  35   4.33325331e+04 -1.08858274e+06  2.40e+01 1.31e-12  1.17e+00    85s
  36   3.62735853e+04 -9.79480028e+05  1.93e+01 1.82e-12  1.00e+00    86s
  37   3.33721065e+04 -9.00927229e+05  1.72e+01 1.63e-12  9.08e-01    87s
  38   3.13758958e+04 -8.34953443e+05  1.59e+01 2.65e-12  8.35e-01    88s
  39   2.59189231e+04 -7.64226128e+05  1.22e+01 2.12e-12  7.21e-01    89s
  40   2.19560407e+04 -6.73538439e+05  9.58e+00 2.03e-12  6.10e-01    90s
  41   2.00164324e+04 -6.00205765e+05  8.23e+00 2.12e-12  5.35e-01    91s
  42   1.76158085e+04 -4.73599099e+05  6.58e+00 1.58e-12  4.18e-01    93s
  43   1.50460990e+04 -4.47732926e+05  4.91e+00 1.94e-12  3.75e-01    94s
  44   1.38977986e+04 -3.94575135e+05  4.14e+00 1.86e-12  3.26e-01    95s
  45   1.26299516e+04 -3.56534345e+05  3.29e+00 2.01e-12  2.87e-01    96s
  46   1.21239261e+04 -3.11704937e+05  2.97e+00 1.62e-12  2.51e-01    97s
  47   1.18305500e+04 -2.96938149e+05  2.79e+00 2.09e-12  2.38e-01    98s
  48   1.11407445e+04 -2.86367808e+05  2.36e+00 2.46e-12  2.25e-01    99s
  49   1.10215957e+04 -2.75358856e+05  2.28e+00 2.82e-12  2.16e-01   100s
  50   1.04743471e+04 -2.66867269e+05  1.95e+00 1.81e-12  2.06e-01   102s
  51   1.01124406e+04 -2.20539326e+05  1.73e+00 3.11e-12  1.71e-01   103s
  52   9.60519202e+03 -2.02465114e+05  1.43e+00 2.77e-12  1.55e-01   104s
  53   9.25475585e+03 -1.96341066e+05  1.22e+00 3.00e-12  1.49e-01   105s
  54   8.97427524e+03 -1.71108357e+05  1.06e+00 2.84e-12  1.29e-01   106s
  55   8.72923912e+03 -1.51248380e+05  9.22e-01 2.66e-12  1.14e-01   107s
  56   8.48290713e+03 -1.41032358e+05  7.93e-01 3.42e-12  1.06e-01   109s
  57   8.33492868e+03 -1.24445248e+05  7.22e-01 2.98e-12  9.40e-02   110s
  58   7.93583018e+03 -1.02058431e+05  5.36e-01 2.07e-12  7.69e-02   111s
  59   7.71295909e+03 -9.53060458e+04  4.51e-01 1.85e-12  7.15e-02   112s
  60   7.44364070e+03 -7.66916505e+04  3.59e-01 2.07e-12  5.80e-02   114s
  61   7.04980864e+03 -6.47938676e+04  2.48e-01 1.90e-12  4.91e-02   115s
  62   6.61330220e+03 -4.37303362e+04  1.55e-01 2.09e-12  3.41e-02   116s
  63   6.39093996e+03 -3.78221245e+04  1.24e-01 1.42e-12  2.98e-02   117s
  64   6.20205542e+03 -3.15217877e+04  1.04e-01 1.08e-12  2.54e-02   119s
  65   5.96284869e+03 -2.49732129e+04  7.96e-02 7.89e-13  2.08e-02   120s
  66   5.66728161e+03 -2.01012956e+04  5.53e-02 1.13e-12  1.73e-02   121s
  67   5.44806778e+03 -1.71670742e+04  4.14e-02 6.43e-13  1.51e-02   123s
  68   5.23346699e+03 -1.50861367e+04  3.03e-02 6.40e-13  1.36e-02   124s
  69   4.98454897e+03 -1.07450254e+04  1.96e-02 6.95e-13  1.05e-02   126s
  70   4.70107938e+03 -8.64594732e+03  1.18e-02 5.00e-13  8.89e-03   127s
  71   4.63796658e+03 -8.31713505e+03  1.06e-02 5.44e-13  8.62e-03   128s
  72   4.51351048e+03 -6.68736495e+03  8.51e-03 3.10e-13  7.45e-03   129s

Barrier performed 72 iterations in 129.70 seconds (86.62 work units)
Barrier solve interrupted - model solved by another algorithm

Concurrent spin time: 0.12s

Solved with dual simplex

Root simplex log...

Iteration    Objective       Primal Inf.    Dual Inf.      Time
  104839    2.4441340e+03   0.000000e+00   0.000000e+00    133s
Extra simplex iterations after uncrush: 4635

Root relaxation: objective 2.444134e+03, 104839 iterations, 90.57 seconds (37.08 work units)

    Nodes    |    Current Node    |     Objective Bounds      |     Work
 Expl Unexpl |  Obj  Depth IntInf | Incumbent    BestBd   Gap | It/Node Time

     0     0 2444.13400    0    3          - 2444.13400      -     -  133s
H    0     0                    2444.1433442 2444.13400  0.00%     -  135s

Explored 1 nodes (104839 simplex iterations) in 136.89 seconds (82.60 work units)
Thread count was 16 (of 16 available processors)

Solution count 2: 2444.14 2444.14 

Optimal solution found (tolerance 2.00e-03)
Warning: max constraint violation (7.9740e-02) exceeds tolerance
Warning: max bound violation (7.9189e-02) exceeds tolerance
Best objective 2.444143344211e+03, best bound 2.444143344211e+03, gap 0.0000%
the solution is feasible and optimal
Solution time: 158.5535318851471
Done solving model.
Time used solving the model: 243.69156217575073
----------Dumping data in pickle file...done.
Dumping results in pickle file.....done.
