----------------------------
Doing the following analysis: 
FuelScen_carbontaxbase_stp2050
single time period:  2050
----------------------------
-----
Constructing full SP model...
Done constructing model.
Time used constructing the model: 303.0603446960449
----------
Solving model...
Set parameter Username
Academic license - for non-commercial use only - expires 2024-11-15
Read LP format model from file C:\Users\steffejb\OneDrive - NTNU\Work\GitHub\STraM_ntnu_development\temp\pyomo\tmpq5gcmxhd.pyomo.lp
Reading time = 18.34 seconds
x2706869: 4376504 rows, 1760933 columns, 13217339 nonzeros
Set parameter FeasibilityTol to value 0.01
Set parameter MIPGap to value 0.002
Gurobi Optimizer version 9.5.0 build v9.5.0rc5 (win64)
Thread count: 4 physical cores, 8 logical processors, using up to 8 threads
Optimize a model with 4376504 rows, 1760933 columns and 13217339 nonzeros
Model fingerprint: 0x68bc47e1
Variable types: 1760627 continuous, 306 integer (306 binary)
Coefficient statistics:
  Matrix range     [6e-06, 1e+03]
  Objective range  [8e-02, 3e-01]
  Bounds range     [1e+00, 1e+00]
  RHS range        [1e-03, 9e+01]
Presolve removed 4335734 rows and 1439614 columns (presolve time = 5s) ...
Presolve removed 4346235 rows and 1463845 columns (presolve time = 10s) ...
Presolve removed 4346736 rows and 1542468 columns (presolve time = 15s) ...
Presolve removed 4346777 rows and 1542810 columns (presolve time = 20s) ...
Presolve removed 4346777 rows and 1542810 columns (presolve time = 25s) ...
Presolve removed 4346777 rows and 1542810 columns
Presolve time: 25.07s
Presolved: 29727 rows, 218123 columns, 2821932 nonzeros
Variable types: 218103 continuous, 20 integer (20 binary)

Deterministic concurrent LP optimizer: primal simplex, dual simplex, and barrier
Showing barrier log only...

Root barrier log...

Ordering time: 0.52s

Barrier statistics:
 AA' NZ     : 1.331e+06
 Factor NZ  : 3.274e+06 (roughly 130 MB of memory)
 Factor Ops : 7.015e+08 (less than 1 second per iteration)
 Threads    : 2

                  Objective                Residual
Iter       Primal          Dual         Primal    Dual     Compl     Time
   0   7.80162336e+09 -4.86290352e+09  3.47e+08 1.99e+00  6.46e+06    35s
   1   3.28133630e+09 -4.00504301e+09  1.45e+08 4.64e+01  2.78e+06    36s
   2   1.21678184e+09 -1.89304982e+09  5.16e+07 1.32e+01  1.00e+06    36s
   3   1.43732310e+08 -9.10165563e+08  3.27e+06 2.69e+00  7.07e+04    37s
   4   8.25527927e+07 -6.93928668e+08  1.01e+06 1.89e+00  2.59e+04    37s
   5   5.53616469e+07 -1.82687981e+08  1.91e+05 2.58e-01  5.09e+03    38s
   6   4.11035801e+07 -1.39777301e+08  9.63e+04 1.70e-01  2.79e+03    38s

Barrier performed 6 iterations in 37.99 seconds (25.24 work units)
Barrier solve interrupted - model solved by another algorithm

Concurrent spin time: 0.16s

Solved with dual simplex

Root relaxation: objective 4.756983e+02, 23749 iterations, 7.51 seconds (2.63 work units)

    Nodes    |    Current Node    |     Objective Bounds      |     Work
 Expl Unexpl |  Obj  Depth IntInf | Incumbent    BestBd   Gap | It/Node Time

     0     0  475.69826    0    2          -  475.69826      -     -   38s
H    0     0                     475.7260090  475.69826  0.01%     -   39s

Explored 1 nodes (23749 simplex iterations) in 40.39 seconds (25.47 work units)
Thread count was 8 (of 8 available processors)

Solution count 1: 475.726 

Optimal solution found (tolerance 2.00e-03)
Warning: max constraint violation (7.9710e-02) exceeds tolerance
Warning: max bound violation (7.9009e-02) exceeds tolerance
Best objective 4.757260090209e+02, best bound 4.757260090209e+02, gap 0.0000%
the solution is feasible and optimal
Solution time: 90.8466579914093
Done solving model.
Time used solving the model: 360.0762734413147
----------Dumping data in pickle file...done.
Dumping results in pickle file.....done.
