----------------------------
Doing the following analysis: 
FuelScen_carbontaxintermediate
----------------------------
Reading data...
Reading and constructing data
Transport demand in the base year 2018 (in MTonnes):
             product  tot_weight
0           Dry bulk       94.86
1   Container (fast)        4.07
2   Container (slow)        9.23
3  Break bulk (fast)       11.61
4  Break bulk (slow)       15.37
5           Neo bulk       19.28
Done reading data.
Time used reading the base data: 45.60338234901428
Solving the first time period for initialization purposes...
Using license file C:\Users\steffejb\gurobi.lic
Academic license - for non-commercial use only
Read LP format model from file C:\Users\steffejb\OneDrive - NTNU\Work\GitHub\STraM_ntnu_development\temp\pyomo\tmpezi9y9tj.pyomo.lp
Reading time = 15.33 seconds
x540785: 2206883 rows, 540785 columns, 7780529 nonzeros
Changed value of parameter FeasibilityTol to 0.0001
   Prev: 1e-06  Min: 1e-09  Max: 0.01  Default: 1e-06
Changed value of parameter MIPGap to 0.002
   Prev: 0.0001  Min: 0.0  Max: inf  Default: 0.0001
Parameter NumericFocus unchanged
   Value: 0  Min: 0  Max: 3  Default: 0
Parameter BarConvTol unchanged
   Value: 1e-08  Min: 0.0  Max: 1.0  Default: 1e-08
Parameter Crossover unchanged
   Value: -1  Min: -1  Max: 5  Default: -1
Parameter Method unchanged
   Value: -1  Min: -1  Max: 5  Default: -1
Parameter NodeMethod unchanged
   Value: -1  Min: -1  Max: 2  Default: -1
Gurobi Optimizer version 9.0.0 build v9.0.0rc2 (win64)
Optimize a model with 2206883 rows, 540785 columns and 7780529 nonzeros
Model fingerprint: 0x5ccfe1ae
Coefficient statistics:
  Matrix range     [6e-06, 1e+03]
  Objective range  [8e-02, 3e-01]
  Bounds range     [0e+00, 0e+00]
  RHS range        [1e-03, 9e+01]

Concurrent LP optimizer: dual simplex and barrier
Showing barrier log only...

Presolve removed 508256 rows and 430000 columns (presolve time = 5s) ...
Presolve removed 2204224 rows and 518507 columns
Presolve time: 9.58s
Presolved: 2659 rows, 23241 columns, 201166 nonzeros

Ordering time: 0.02s

Barrier statistics:
 AA' NZ     : 8.445e+04
 Factor NZ  : 2.122e+05 (roughly 12 MBytes of memory)
 Factor Ops : 3.649e+07 (less than 1 second per iteration)
 Threads    : 3

                  Objective                Residual
Iter       Primal          Dual         Primal    Dual     Compl     Time
   0   9.44610716e+01 -1.92600000e-01  6.65e+04 0.00e+00  2.36e+00    10s
   1   3.98423753e+01 -2.04181932e+00  2.63e+04 6.04e-02  9.78e-01    10s
   2   2.88223433e+01 -3.23416235e+00  1.66e+04 1.20e-02  5.98e-01    10s
   3   8.29288872e+00 -2.08229130e+00  2.60e+03 6.22e-03  9.63e-02    10s
   4   5.87160772e+00  5.44231311e+00  1.09e+03 1.82e-03  4.15e-02    10s
   5   4.30775883e+00  9.10656270e+00  6.49e+02 1.33e-03  2.47e-02    10s
   6   4.05039850e+00  2.35250229e+01  5.16e+02 8.51e-04  1.99e-02    10s
   7   6.59355516e+00  2.91677667e+01  4.58e+02 7.63e-04  1.78e-02    10s
   8   1.74561131e+01  3.94368211e+01  2.63e+02 4.81e-04  1.05e-02    10s
   9   1.96353078e+01  4.94557374e+01  2.10e+02 4.03e-04  8.28e-03    10s
  10   2.12926036e+01  5.34830489e+01  1.92e+02 3.71e-04  7.57e-03    10s
  11   2.35847876e+01  5.96669378e+01  1.72e+02 3.48e-04  6.76e-03    10s
  12   2.93532467e+01  6.02597656e+01  1.40e+02 3.34e-04  5.49e-03    10s
  13   3.35921510e+01  6.49074668e+01  1.20e+02 3.07e-04  4.71e-03    10s
  14   3.66248366e+01  7.22311787e+01  1.09e+02 2.66e-04  4.27e-03    10s
  15   4.10938783e+01  7.60780892e+01  9.26e+01 2.47e-04  3.59e-03    10s
  16   4.56429500e+01  8.13988764e+01  7.83e+01 2.25e-04  3.00e-03    10s
  17   4.73858894e+01  8.87192789e+01  7.39e+01 2.06e-04  2.83e-03    10s
  18   4.94119212e+01  9.41909653e+01  6.93e+01 1.97e-04  2.64e-03    10s
  19   5.02800972e+01  9.66223080e+01  6.78e+01 1.94e-04  2.58e-03    10s
  20   5.15239958e+01  9.91239343e+01  6.56e+01 1.88e-04  2.50e-03    10s
  21   5.38134929e+01  1.01115898e+02  6.19e+01 1.82e-04  2.36e-03    10s
  22   5.78547985e+01  1.04040810e+02  5.58e+01 1.71e-04  2.11e-03    10s
  23   6.03220187e+01  1.12642010e+02  5.24e+01 1.49e-04  2.00e-03    10s
  24   6.34274710e+01  1.17855194e+02  4.81e+01 1.41e-04  1.81e-03    10s
  25   6.60928638e+01  1.23968739e+02  4.51e+01 1.34e-04  1.68e-03    10s
  26   7.03091328e+01  1.25912117e+02  4.15e+01 1.29e-04  1.54e-03    10s
  27   7.16827803e+01  1.27525559e+02  4.03e+01 1.26e-04  1.50e-03    10s
  28   7.23540754e+01  1.28418667e+02  3.98e+01 1.24e-04  1.48e-03    10s
  29   7.38193130e+01  1.31652815e+02  3.86e+01 1.18e-04  1.44e-03    10s
  30   7.43722336e+01  1.31448131e+02  3.82e+01 1.16e-04  1.42e-03    10s
  31   7.57146627e+01  1.31923605e+02  3.72e+01 1.14e-04  1.39e-03    10s
  32   7.76855658e+01  1.33679060e+02  3.58e+01 1.08e-04  1.31e-03    10s
  33   7.92850743e+01  1.35498794e+02  3.46e+01 1.03e-04  1.27e-03    10s
  34   8.45978432e+01  1.38146349e+02  3.09e+01 9.40e-05  1.12e-03    10s
  35   8.64388814e+01  1.40609332e+02  2.96e+01 8.89e-05  1.08e-03    10s
  36   8.67566602e+01  1.43091958e+02  2.94e+01 8.51e-05  1.09e-03    10s
  37   8.97300957e+01  1.45047690e+02  2.74e+01 8.21e-05  9.95e-04    10s
  38   9.15352114e+01  1.49028188e+02  2.63e+01 7.81e-05  9.55e-04    10s
  39   9.26347375e+01  1.51114523e+02  2.56e+01 7.64e-05  9.26e-04    10s
  40   9.34323766e+01  1.54738142e+02  2.51e+01 7.43e-05  9.16e-04    11s
  41   9.53888664e+01  1.59498247e+02  2.41e+01 7.25e-05  8.69e-04    11s
  42   9.61872032e+01  1.60722570e+02  2.38e+01 7.15e-05  8.55e-04    11s
  43   9.85150388e+01  1.62773651e+02  2.27e+01 6.85e-05  8.13e-04    11s
  44   9.97841991e+01  1.63594886e+02  2.21e+01 6.75e-05  7.85e-04    11s
  45   1.00127066e+02  1.63970201e+02  2.20e+01 6.72e-05  7.79e-04    11s
  46   4.00002756e+03 -1.92600000e+03  2.81e+06 0.00e+00  1.00e+06    11s
  47   2.04542348e+04 -2.92433337e+04  1.31e+06 6.34e+02  5.08e+05    11s
  48   6.18828652e+05 -5.47146836e+04  2.70e+05 4.05e+02  1.17e+05    11s
  49   6.80612689e+05 -2.28305157e+05  1.01e+05 1.17e+02  4.25e+04    11s
  50   7.06884164e+05 -2.76339631e+05  3.37e+04 6.96e+01  1.61e+04    11s
  51   7.52563703e+05 -3.37199297e+05  1.02e+04 3.03e+01  5.49e+03    11s
  52   7.31130664e+05 -3.36310084e+05  4.58e+03 8.78e+00  2.28e+03    11s
  53   6.29807173e+05 -2.98067971e+05  8.24e+02 2.86e+00  4.94e+02    11s
  54   5.27026044e+05 -2.33814019e+05  3.03e+02 1.69e+00  2.21e+02    11s
  55   3.72232753e+05 -1.77280464e+05  1.27e+02 9.70e-01  1.09e+02    11s
  56   2.80289897e+05 -1.39189133e+05  5.41e+01 6.35e-01  6.02e+01    11s
  57   1.73887284e+05 -8.82951703e+04  2.04e+01 3.23e-01  2.77e+01    11s
  58   8.91821605e+04 -5.47800881e+04  6.23e+00 1.69e-01  1.22e+01    11s
  59   5.70783039e+04 -2.56284195e+04  2.90e+00 5.03e-02  5.20e+00    11s
  60   3.33504538e+04 -1.96017217e+04  1.50e+00 3.80e-02  3.24e+00    11s
  61   1.18326391e+04 -9.27977729e+03  3.87e-01 1.52e-02  1.18e+00    11s
  62   6.81968092e+03 -3.30824004e+03  1.69e-01 4.75e-03  5.09e-01    11s
  63   3.61637540e+03 -1.60479676e+03  5.92e-02 2.49e-03  2.46e-01    11s
  64   2.31539594e+03 -1.07670772e+03  2.80e-02 1.72e-03  1.53e-01    11s
  65   1.89737458e+03 -7.17055404e+02  2.05e-02 1.33e-03  1.16e-01    11s
  66   1.60676061e+03 -3.14779610e+02  1.56e-02 8.79e-04  8.31e-02    11s
  67   1.34736609e+03 -7.10330322e+01  1.14e-02 6.09e-04  6.03e-02    11s
  68   9.72856160e+02  9.36356886e+01  5.70e-03 4.25e-04  3.69e-02    11s
  69   7.95504028e+02  3.39593067e+02  3.27e-03 1.57e-04  1.86e-02    11s
  70   6.53558282e+02  4.29496919e+02  1.44e-03 7.82e-05  9.09e-03    11s
  71   6.09289885e+02  4.65309124e+02  9.12e-04 4.55e-05  5.81e-03    11s
  72   5.80351602e+02  4.87040414e+02  5.87e-04 2.59e-05  3.75e-03    11s
  73   5.45029196e+02  4.94726020e+02  2.08e-04 1.99e-05  2.04e-03    11s
  74   5.38921868e+02  5.04314471e+02  1.54e-04 1.14e-05  1.39e-03    11s
  75   5.32289650e+02  5.09646411e+02  9.63e-05 7.45e-06  9.12e-04    11s
  76   5.28328740e+02  5.11680354e+02  6.49e-05 5.81e-06  6.71e-04    11s
  77   5.25878719e+02  5.13797405e+02  4.69e-05 4.08e-06  4.87e-04    11s
  78   5.23454215e+02  5.15438204e+02  2.93e-05 2.75e-06  3.23e-04    11s
  79   5.21487842e+02  5.16397220e+02  1.69e-05 1.88e-06  2.06e-04    11s
  80   5.20265415e+02  5.17000769e+02  9.68e-06 1.31e-06  1.32e-04    11s
  81   5.19403479e+02  5.17592879e+02  4.70e-06 7.89e-07  7.36e-05    11s
  82   5.19070644e+02  5.17905266e+02  2.84e-06 4.96e-07  4.73e-05    11s
  83   5.18996891e+02  5.18056884e+02  2.48e-06 3.58e-07  3.80e-05    11s
  84   5.18827774e+02  5.18184839e+02  1.68e-06 2.30e-07  2.60e-05    11s
  85   5.18620778e+02  5.18319408e+02  7.76e-07 1.00e-07  1.21e-05    11s
  86   5.18533827e+02  5.18372840e+02  4.06e-07 4.87e-08  6.47e-06    11s
  87   5.18435752e+02  5.18396249e+02  4.19e-08 2.43e-08  1.63e-06    11s
  88   5.18424355e+02  5.18410068e+02  1.01e-08 1.04e-08  5.95e-07    12s
  89   5.18422396e+02  5.18414567e+02  4.06e-09 5.73e-09  3.26e-07    12s
  90   5.18420972e+02  5.18419993e+02  8.71e-10 1.45e-10  3.88e-08    12s
  91   5.18420236e+02  5.18420164e+02  2.50e-09 3.86e-12  2.83e-09    12s
  92   5.18420178e+02  5.18420172e+02  2.78e-10 3.27e-13  2.61e-10    12s
  93   5.18420173e+02  5.18420172e+02  8.33e-09 4.26e-14  4.56e-11    12s

Barrier solved model in 93 iterations and 11.62 seconds
Optimal objective 5.18420173e+02

Crossover log...

     391 DPushes remaining with DInf 0.0000000e+00                12s
       0 DPushes remaining with DInf 4.9028793e-13                12s

      81 PPushes remaining with PInf 0.0000000e+00                12s
       0 PPushes remaining with PInf 0.0000000e+00                12s

  Push phase complete: Pinf 0.0000000e+00, Dinf 5.2032355e-13     12s

Iteration    Objective       Primal Inf.    Dual Inf.      Time
     473    5.1842017e+02   0.000000e+00   0.000000e+00     14s

Solved with barrier
Solved in 473 iterations and 15.69 seconds
Optimal objective  5.184201719e+02
the solution is feasible and optimal
Solution time: 38.638325452804565
-----
Constructing full SP model...
Done constructing model.
Time used constructing the model: 280.44060039520264
----------
Solving model...
Using license file C:\Users\steffejb\gurobi.lic
Academic license - for non-commercial use only
Read LP format model from file C:\Users\steffejb\OneDrive - NTNU\Work\GitHub\STraM_ntnu_development\temp\pyomo\tmppc0z9j6b.pyomo.lp
Reading time = 54.80 seconds
x2706824: 4554245 rows, 1834292 columns, 25956776 nonzeros
Changed value of parameter FeasibilityTol to 0.01
   Prev: 1e-06  Min: 1e-09  Max: 0.01  Default: 1e-06
Changed value of parameter MIPGap to 0.002
   Prev: 0.0001  Min: 0.0  Max: inf  Default: 0.0001
Parameter NumericFocus unchanged
   Value: 0  Min: 0  Max: 3  Default: 0
Parameter BarConvTol unchanged
   Value: 1e-08  Min: 0.0  Max: 1.0  Default: 1e-08
Parameter Crossover unchanged
   Value: -1  Min: -1  Max: 5  Default: -1
Parameter Method unchanged
   Value: -1  Min: -1  Max: 5  Default: -1
Parameter NodeMethod unchanged
   Value: -1  Min: -1  Max: 2  Default: -1
Gurobi Optimizer version 9.0.0 build v9.0.0rc2 (win64)
Optimize a model with 4554245 rows, 1834292 columns and 25956776 nonzeros
Model fingerprint: 0xc79b31e0
Variable types: 1833986 continuous, 306 integer (306 binary)
Coefficient statistics:
  Matrix range     [6e-06, 1e+03]
  Objective range  [8e-02, 3e-01]
  Bounds range     [1e+00, 6e+04]
  RHS range        [1e-03, 9e+01]
Presolve removed 19667 rows and 73 columns (presolve time = 7s) ...
Presolve removed 4353347 rows and 1029602 columns (presolve time = 11s) ...
Presolve removed 4423609 rows and 1034040 columns (presolve time = 19s) ...
Presolve removed 4423609 rows and 1038334 columns (presolve time = 20s) ...
Presolve removed 4426191 rows and 1040916 columns (presolve time = 25s) ...
Presolve removed 4457292 rows and 1113448 columns (presolve time = 32s) ...
Presolve removed 4457639 rows and 1133770 columns (presolve time = 35s) ...
Presolve removed 4458763 rows and 1133814 columns (presolve time = 40s) ...
Presolve removed 4458969 rows and 1134362 columns (presolve time = 46s) ...
Presolve removed 4458969 rows and 1134362 columns (presolve time = 50s) ...
Presolve removed 4459050 rows and 1134443 columns (presolve time = 55s) ...
Presolve removed 4459059 rows and 1134443 columns (presolve time = 61s) ...
Presolve removed 4460895 rows and 1135403 columns (presolve time = 66s) ...
Presolve removed 4460889 rows and 1135397 columns
Presolve time: 66.47s
Presolved: 93356 rows, 698895 columns, 8973215 nonzeros
Variable types: 698861 continuous, 34 integer (34 binary)

Deterministic concurrent LP optimizer: primal simplex, dual simplex, and barrier
Showing barrier log only...

Root barrier log...

Ordering time: 1.86s

Barrier statistics:
 AA' NZ     : 4.260e+06
 Factor NZ  : 1.080e+07 (roughly 400 MBytes of memory)
 Factor Ops : 2.696e+09 (less than 1 second per iteration)
 Threads    : 1

                  Objective                Residual
Iter       Primal          Dual         Primal    Dual     Compl     Time
   0   2.26232482e+12 -3.16503369e+12  1.51e+10 7.42e+01  4.51e+08   102s
   1   1.09829461e+12 -2.83504098e+12  7.20e+09 1.53e+02  2.18e+08   104s
   2   4.86679169e+11 -2.60024247e+12  3.01e+09 1.22e+02  9.55e+07   107s
   3   9.61038901e+10 -1.01023655e+12  4.03e+08 1.89e-01  1.35e+07   110s
   4   2.85926439e+10 -2.89583555e+11  6.75e+07 1.40e-02  2.41e+06   113s
   5   9.98875766e+09 -6.62180545e+10  1.76e+07 1.13e-03  6.29e+05   116s
   6   5.13153533e+09 -2.47372941e+10  8.08e+06 1.89e-10  2.90e+05   119s
   7   3.62245902e+09 -1.62396396e+10  5.55e+06 8.73e-11  2.00e+05   122s
   8   2.97569629e+09 -1.64695802e+10  4.54e+06 3.27e-10  1.66e+05   124s
   9   2.40085665e+09 -1.33228033e+10  3.59e+06 4.37e-11  1.32e+05   127s
  10   1.25211897e+09 -6.03665048e+09  1.71e+06 7.76e-12  6.30e+04   129s
  11   6.00364243e+08 -1.94175049e+09  7.77e+05 3.64e-11  2.86e+04   131s
  12   2.66086495e+08 -1.45521501e+09  3.19e+05 1.97e-11  1.22e+04   134s
  13   8.68631895e+07 -8.94082586e+08  9.89e+04 8.19e-12  4.04e+03   137s
  14   7.90717079e+07 -7.48738447e+08  8.99e+04 8.91e-12  3.59e+03   140s
  15   6.41851240e+07 -7.08208665e+08  7.32e+04 2.91e-11  2.98e+03   142s
  16   2.81178793e+07 -3.65262896e+08  2.98e+04 6.54e-12  1.21e+03   145s
  17   1.20038098e+07 -1.48094295e+08  1.14e+04 7.28e-12  4.39e+02   147s
  18   4.11798452e+06 -5.05121589e+07  3.51e+03 5.71e-12  1.27e+02   151s
  19   1.36877175e+06 -1.96614947e+07  9.97e+02 3.40e-12  3.80e+01   157s
  20   6.78440311e+05 -1.43863521e+07  4.73e+02 2.10e-12  2.13e+01   161s
  21   4.93748172e+05 -1.14958202e+07  3.41e+02 2.14e-12  1.60e+01   165s
  22   3.62070310e+05 -9.93361315e+06  2.46e+02 1.62e-12  1.26e+01   167s
  23   3.10283705e+05 -7.47917753e+06  2.08e+02 1.37e-12  9.95e+00   171s
  24   1.69954481e+05 -4.88071011e+06  1.06e+02 1.29e-12  5.75e+00   174s
  25   1.04094054e+05 -2.89804605e+06  6.02e+01 1.27e-12  3.30e+00   178s
  26   7.47135216e+04 -2.31652272e+06  4.15e+01 1.64e-12  2.47e+00   182s
  27   6.05139524e+04 -1.73733410e+06  3.22e+01 1.62e-12  1.85e+00   184s
  28   5.50585581e+04 -1.56662732e+06  2.89e+01 2.73e-12  1.66e+00   187s
  29   5.31959248e+04 -1.48969842e+06  2.77e+01 3.66e-12  1.58e+00   190s
  30   4.47524296e+04 -1.44187176e+06  2.25e+01 4.28e-12  1.44e+00   192s
  31   4.00072418e+04 -1.25453717e+06  1.96e+01 3.61e-12  1.24e+00   195s
  32   3.33566906e+04 -1.00819771e+06  1.53e+01 2.48e-12  9.79e-01   198s
  33   2.89284234e+04 -9.04883927e+05  1.26e+01 4.29e-12  8.53e-01   201s
  34   2.55574949e+04 -6.61472822e+05  1.05e+01 5.46e-12  6.36e-01   205s
  35   1.93172743e+04 -5.59042625e+05  6.83e+00 2.23e-12  4.99e-01   208s
  36   1.82633477e+04 -4.93334269e+05  6.18e+00 1.29e-12  4.41e-01   210s
  37   1.43032145e+04 -4.53188372e+05  3.85e+00 2.00e-12  3.76e-01   212s
  38   1.28192382e+04 -4.05387292e+05  2.99e+00 3.62e-12  3.28e-01   214s
  39   1.23639717e+04 -3.66460825e+05  2.73e+00 2.06e-12  2.96e-01   217s
  40   1.18078273e+04 -3.37631204e+05  2.41e+00 2.62e-12  2.71e-01   219s
  41   1.15506748e+04 -3.07386251e+05  2.26e+00 3.00e-12  2.47e-01   221s
  42   1.06765353e+04 -2.79328125e+05  1.77e+00 3.07e-12  2.20e-01   223s
  43   1.03164998e+04 -2.59743083e+05  1.58e+00 4.93e-12  2.04e-01   225s
  44   1.01804607e+04 -2.50473118e+05  1.50e+00 2.23e-12  1.96e-01   227s
  45   1.00880751e+04 -2.35963754e+05  1.45e+00 2.58e-12  1.85e-01   229s
  46   9.80833888e+03 -1.94878914e+05  1.31e+00 2.53e-12  1.54e-01   231s

Barrier performed 46 iterations in 230.63 seconds
Barrier solve interrupted - model solved by another algorithm

Concurrent spin time: 25.25s (can be avoided by choosing Method=3)

Solved with dual simplex

Root relaxation: objective 2.433560e+03, 89029 iterations, 151.74 seconds

    Nodes    |    Current Node    |     Objective Bounds      |     Work
 Expl Unexpl |  Obj  Depth IntInf | Incumbent    BestBd   Gap | It/Node Time

     0     0 2433.55963    0    3          - 2433.55963      -     -  232s
H    0     0                    2433.5770393 2433.55963  0.00%     -  236s

Explored 1 nodes (89029 simplex iterations) in 238.46 seconds
Thread count was 8 (of 8 available processors)

Solution count 1: 2433.58 

Optimal solution found (tolerance 2.00e-03)
Warning: max constraint violation (7.9740e-02) exceeds tolerance
Warning: max bound violation (7.9009e-02) exceeds tolerance
Best objective 2.433577039311e+03, best bound 2.433577039311e+03, gap 0.0000%
the solution is feasible and optimal
Solution time: 310.3586370944977
Done solving model.
Time used solving the model: 554.0950968265533
----------Dumping data in pickle file...done.
Dumping results in pickle file.....done.
objective function value:  2433.577039311494
objective function value normalized (Billion EURO):  243.36
                      2023     2028      2034      2040      2050     
                      mean std mean  std mean  std mean  std mean  std
General                3.9   0  4.6    0  5.3 0.39    6 0.23  6.8  0.2
General (Empty Trips)  1.1   0    1    0  1.1 0.16  1.4 0.14  1.5 0.04
Carbon                 0.5   0 0.94    0 0.97 0.21 0.65 0.17 0.08 0.23
Carbon (Empty Trips)  0.21   0 0.27    0 0.29 0.12 0.05 0.14    0    0
CO2_Penalty              0   0    0    0    0    0    0    0    0    0
Time value             1.4   0  1.6    0  1.9    0    2    0  2.4    0
Transfer               2.1   0  2.6    0  3.1    0    3    0  3.3 0.03
Edge                  0.12   0    0    0    0    0    0    0    0    0
Node                  0.05   0 0.02    0    0    0    0    0    0    0
Upgrade                  0   0    0    0    0    0    0    0    0    0
Charge                0.46   0 0.45    0 0.36    0 0.45    0 0.31    0
discount_factor          1   1 0.83 0.83 0.66 0.66 0.53 0.53 0.36 0.36
emissions (MTonnes CO2 eq.):
             AvgEmission  Std  AvgEmission_perc  Std_perc
time_period                                              
2023                 7.2    0             1e+02         0
2028                 6.3    0                88         0
2034                 4.3  1.1                59        15
2040                 1.6 0.84                21        12
2050                0.12 0.35               1.7       4.8
----------------
Average transport work in GTONNES*km:
    mode            product time_period  TransportArbeid
0   Rail           Dry bulk        2023              9.7
1   Rail           Neo bulk        2023           -3e-05
2   Road  Break bulk (fast)        2023              5.5
3   Road  Break bulk (slow)        2023              5.8
4   Road   Container (fast)        2023              2.1
5   Road   Container (slow)        2023              2.7
6   Road           Dry bulk        2023             0.55
7   Road           Neo bulk        2023               12
8    Sea  Break bulk (fast)        2023            0.091
9    Sea  Break bulk (slow)        2023              1.1
10   Sea   Container (fast)        2023              0.1
11   Sea   Container (slow)        2023              1.1
12   Sea           Dry bulk        2023               97
13   Sea           Neo bulk        2023             0.26

