----------------------------
Doing the following analysis: 
FuelScen_carbontaxbase_emissioncap
----------------------------
Solving the first time period for initialization purposes...
Using license file C:\Users\steffejb\gurobi.lic
Academic license - for non-commercial use only
Read LP format model from file C:\Users\steffejb\OneDrive - NTNU\Work\GitHub\STraM_ntnu_development\temp\pyomo\tmp5_lnsgmo.pyomo.lp
Reading time = 11.02 seconds
x540794: 2206928 rows, 540794 columns, 7780367 nonzeros
Changed value of parameter FeasibilityTol to 0.0001
   Prev: 1e-06  Min: 1e-09  Max: 0.01  Default: 1e-06
Changed value of parameter MIPGap to 0.002
   Prev: 0.0001  Min: 0.0  Max: inf  Default: 0.0001
Parameter NumericFocus unchanged
   Value: 0  Min: 0  Max: 3  Default: 0
Parameter BarConvTol unchanged
   Value: 1e-08  Min: 0.0  Max: 1.0  Default: 1e-08
Parameter Crossover unchanged
   Value: -1  Min: -1  Max: 5  Default: -1
Parameter Method unchanged
   Value: -1  Min: -1  Max: 5  Default: -1
Parameter NodeMethod unchanged
   Value: -1  Min: -1  Max: 2  Default: -1
Gurobi Optimizer version 9.0.0 build v9.0.0rc2 (win64)
Optimize a model with 2206928 rows, 540794 columns and 7780367 nonzeros
Model fingerprint: 0xb20ef1d3
Coefficient statistics:
  Matrix range     [6e-06, 1e+03]
  Objective range  [8e-02, 3e-01]
  Bounds range     [0e+00, 0e+00]
  RHS range        [1e-03, 9e+01]

Concurrent LP optimizer: dual simplex and barrier
Showing barrier log only...

Presolve removed 561816 rows and 483559 columns (presolve time = 5s) ...
Presolve removed 2204268 rows and 518515 columns
Presolve time: 7.21s
Presolved: 2660 rows, 23242 columns, 201160 nonzeros

Ordering time: 0.01s

Barrier statistics:
 AA' NZ     : 8.445e+04
 Factor NZ  : 1.896e+05 (roughly 12 MBytes of memory)
 Factor Ops : 2.653e+07 (less than 1 second per iteration)
 Threads    : 3

                  Objective                Residual
Iter       Primal          Dual         Primal    Dual     Compl     Time
   0   9.44558953e+01 -1.92600000e-01  6.64e+04 0.00e+00  2.36e+00     7s
   1   3.92102757e+01 -2.03742367e+00  2.60e+04 6.06e-02  9.71e-01     7s
   2   2.57523519e+01 -3.26937480e+00  1.55e+04 1.35e-02  5.63e-01     7s
   3   8.21383452e+00 -1.75325321e+00  2.34e+03 6.55e-03  8.80e-02     7s
   4   5.04122132e+00  5.30546717e+00  8.90e+02 1.89e-03  3.39e-02     7s
   5   4.57174836e+00  7.35378314e+00  7.50e+02 1.64e-03  2.85e-02     7s
   6   4.03939472e+00  2.37444704e+01  5.68e+02 8.82e-04  2.20e-02     7s
   7   4.70604673e+00  2.83995227e+01  4.67e+02 7.69e-04  1.82e-02     7s
   8   1.59748799e+01  3.47219031e+01  2.71e+02 5.49e-04  1.08e-02     7s
   9   1.70390790e+01  4.32812122e+01  2.32e+02 4.95e-04  9.28e-03     7s
  10   1.79973002e+01  4.28568003e+01  2.15e+02 4.87e-04  8.56e-03     7s
  11   1.95841236e+01  4.78651249e+01  1.95e+02 4.69e-04  7.75e-03     7s
  12   2.59633025e+01  4.61870831e+01  1.71e+02 4.32e-04  6.91e-03     7s
  13   3.06278597e+01  5.78419378e+01  1.46e+02 3.53e-04  5.91e-03     7s
  14   3.32729415e+01  6.29444224e+01  1.29e+02 3.11e-04  5.23e-03     7s
  15   3.78929876e+01  7.03416551e+01  1.09e+02 2.61e-04  4.42e-03     7s
  16   3.98584144e+01  7.48499585e+01  1.00e+02 2.36e-04  4.06e-03     8s
  17   4.26849573e+01  7.70171137e+01  9.31e+01 2.23e-04  3.83e-03     8s
  18   4.58139023e+01  8.73283915e+01  8.19e+01 1.70e-04  3.36e-03     8s
  19   4.66753128e+01  8.98451177e+01  7.93e+01 1.65e-04  3.26e-03     8s
  20   4.71454373e+01  9.28619545e+01  7.79e+01 1.59e-04  3.21e-03     8s
  21   4.85896949e+01  9.59858389e+01  7.55e+01 1.53e-04  3.13e-03     8s
  22   5.06919527e+01  9.97317392e+01  7.06e+01 1.44e-04  2.93e-03     8s
  23   5.48110774e+01  1.02675558e+02  6.26e+01 1.34e-04  2.56e-03     8s
  24   5.60510308e+01  1.05462866e+02  6.06e+01 1.24e-04  2.51e-03     8s
  25   5.85694697e+01  1.11678942e+02  5.65e+01 1.17e-04  2.40e-03     8s
  26   6.22390557e+01  1.19148948e+02  5.01e+01 1.07e-04  2.09e-03     8s
  27   6.34914279e+01  1.20194951e+02  4.88e+01 1.06e-04  2.03e-03     8s
  28   6.81343928e+01  1.20725155e+02  4.44e+01 9.49e-05  1.84e-03     8s
  29   6.89271850e+01  1.24191859e+02  4.35e+01 9.07e-05  1.82e-03     8s
  30   7.17213958e+01  1.26436985e+02  4.08e+01 8.71e-05  1.69e-03     8s
  31   7.30789194e+01  1.27585743e+02  3.96e+01 8.30e-05  1.65e-03     8s
  32   7.54147479e+01  1.28460960e+02  3.76e+01 7.94e-05  1.59e-03     8s
  33   7.67644705e+01  1.28618114e+02  3.64e+01 7.85e-05  1.54e-03     8s
  34   8.12136048e+01  1.31687518e+02  3.28e+01 7.11e-05  1.37e-03     8s
  35   8.47673210e+01  1.35227225e+02  3.03e+01 6.76e-05  1.33e-03     8s
  36   8.77382713e+01  1.38389242e+02  2.80e+01 6.43e-05  1.21e-03     8s
  37   8.93203789e+01  1.42875173e+02  2.69e+01 6.07e-05  1.16e-03     8s
  38   9.05197092e+01  1.45394842e+02  2.60e+01 5.92e-05  1.11e-03     8s
  39   9.28808510e+01  1.49448205e+02  2.45e+01 5.75e-05  1.03e-03     8s
  40   9.40878528e+01  1.53295646e+02  2.39e+01 5.68e-05  9.98e-04     8s
  41   9.93981242e+01  1.54688038e+02  2.12e+01 5.42e-05  8.57e-04     8s
  42   1.00781054e+02  1.61864371e+02  2.06e+01 4.97e-05  8.54e-04     8s
  43   1.03516493e+02  1.67309201e+02  1.93e+01 4.68e-05  7.94e-04     8s
  44   1.06944577e+02  1.72453179e+02  1.79e+01 4.49e-05  6.98e-04     8s
  45   1.08673811e+02  1.81736338e+02  1.73e+01 4.23e-05  6.93e-04     8s
  46   1.10551253e+02  1.89047126e+02  1.66e+01 4.08e-05  6.64e-04     8s
  47   1.12839646e+02  1.91132995e+02  1.59e+01 4.04e-05  6.09e-04     8s
  48   1.14399949e+02  1.99368032e+02  1.56e+01 3.89e-05  6.08e-04     8s
  49   4.00002427e+03 -1.92600000e+03  2.81e+06 0.00e+00  1.00e+06     8s
  50   1.98896576e+04 -2.92181624e+04  1.32e+06 6.34e+02  5.12e+05     8s
  51   5.83983114e+05 -5.68232212e+04  2.72e+05 3.86e+02  1.16e+05     8s
  52   6.51884187e+05 -2.22943082e+05  9.21e+04 1.15e+02  3.92e+04     8s
  53   6.80195285e+05 -2.74197754e+05  3.03e+04 6.61e+01  1.46e+04     8s
  54   7.10471766e+05 -3.22795725e+05  9.57e+03 2.86e+01  5.14e+03     8s
  55   6.91834709e+05 -3.28601440e+05  4.21e+03 7.70e+00  2.07e+03     8s
  56   5.87061426e+05 -2.88688445e+05  7.13e+02 2.54e+00  4.39e+02     8s
  57   4.47950413e+05 -2.27238172e+05  2.87e+02 1.51e+00  2.07e+02     8s
  58   3.08358738e+05 -1.71632673e+05  1.09e+02 8.31e-01  9.65e+01     8s
  59   2.29718303e+05 -1.34386958e+05  4.37e+01 5.31e-01  5.31e+01     8s
  60   1.40946027e+05 -8.00682333e+04  1.54e+01 2.42e-01  2.33e+01     8s
  61   7.19798775e+04 -5.98215493e+04  4.64e+00 1.65e-01  1.22e+01     8s
  62   5.08221048e+04 -2.79362084e+04  2.43e+00 6.34e-02  5.79e+00     8s
  63   3.06662897e+04 -1.40595553e+04  1.12e+00 2.73e-02  2.80e+00     8s
  64   1.38506965e+04 -8.42543273e+03  4.12e-01 1.59e-02  1.33e+00     8s
  65   7.69137228e+03 -4.58305406e+03  1.73e-01 8.50e-03  6.84e-01     8s
  66   7.03123369e+03 -3.83873652e+03  1.50e-01 7.22e-03  5.92e-01     8s
  67   5.01102644e+03 -1.64301392e+03  8.90e-02 3.43e-03  3.33e-01     8s
  68   2.37800898e+03 -1.07295632e+03  2.10e-02 2.18e-03  1.63e-01     8s
  69   1.63393340e+03 -6.00240767e+02  9.65e-03 1.41e-03  1.01e-01     8s
  70   1.37064122e+03 -2.51086939e+02  6.79e-03 9.34e-04  7.13e-02     8s
  71   1.24892112e+03 -3.51295855e+01  5.66e-03 6.67e-04  5.54e-02     8s
  72   9.38289630e+02  1.25639924e+02  2.83e-03 4.44e-04  3.44e-02     8s
  73   7.32903252e+02  2.78001041e+02  1.23e-03 2.69e-04  1.91e-02     8s
  74   6.05214539e+02  3.85694816e+02  3.36e-04 1.40e-04  9.14e-03     8s
  75   5.64893988e+02  4.41266017e+02  1.52e-04 8.03e-05  5.13e-03     8s
  76   5.48164033e+02  4.68423162e+02  8.99e-05 5.06e-05  3.30e-03     8s
  77   5.32688319e+02  4.88865626e+02  4.30e-05 2.64e-05  1.81e-03     8s
  78   5.24234639e+02  4.99994224e+02  2.19e-05 1.38e-05  9.97e-04     9s
  79   5.19846122e+02  5.05181326e+02  1.32e-05 8.03e-06  6.02e-04     9s
  80   5.17444411e+02  5.07132905e+02  9.00e-06 5.52e-06  4.23e-04     9s
  81   5.15741615e+02  5.08570135e+02  6.26e-06 3.57e-06  2.93e-04     9s
  82   5.14735039e+02  5.08628883e+02  4.75e-06 3.35e-06  2.51e-04     9s
  83   5.12906533e+02  5.09700305e+02  2.00e-06 2.01e-06  1.33e-04     9s
  84   5.12201467e+02  5.10310410e+02  1.07e-06 1.22e-06  7.83e-05     9s
  85   5.11791572e+02  5.10592264e+02  5.66e-07 8.47e-07  4.99e-05     9s
  86   5.11621386e+02  5.10725760e+02  3.57e-07 6.71e-07  3.74e-05     9s
  87   5.11515058e+02  5.10822967e+02  2.54e-07 5.36e-07  2.90e-05     9s
  88   5.11394170e+02  5.11018241e+02  1.49e-07 2.58e-07  1.56e-05     9s
  89   5.11274324e+02  5.11114563e+02  5.46e-08 1.15e-07  6.66e-06     9s
  90   5.11217195e+02  5.11162705e+02  1.46e-08 4.52e-08  2.25e-06     9s
  91   5.11193216e+02  5.11181080e+02  3.46e-09 8.37e-09  4.96e-07     9s
  92   5.11187399e+02  5.11184669e+02  5.12e-10 8.23e-10  1.09e-07     9s
  93   5.11185835e+02  5.11185196e+02  1.26e-10 5.24e-11  2.52e-08     9s
  94   5.11185314e+02  5.11185253e+02  2.74e-10 3.01e-12  2.40e-09     9s
  95   5.11185266e+02  5.11185255e+02  1.19e-09 2.75e-13  4.16e-10     9s
  96   5.11185257e+02  5.11185255e+02  1.38e-09 6.27e-14  7.65e-11     9s

Barrier solved model in 96 iterations and 8.83 seconds
Optimal objective 5.11185257e+02

Crossover log...

       0 DPushes remaining with DInf 4.8242627e-13                 9s

      81 PPushes remaining with PInf 0.0000000e+00                 9s
       2 PPushes remaining with PInf 0.0000000e+00                 9s

  Push phase complete: Pinf 0.0000000e+00, Dinf 1.9846868e-03      9s

Iteration    Objective       Primal Inf.    Dual Inf.      Time
     468    5.1118521e+02   0.000000e+00   2.058115e-03      9s
     470    5.1118521e+02   0.000000e+00   2.573756e-06     12s
Extra one simplex iteration after uncrush
     471    5.1118521e+02   0.000000e+00   0.000000e+00     13s

Solved with barrier
Solved in 471 iterations and 13.53 seconds
Optimal objective  5.111852122e+02
the solution is feasible and optimal
Solution time: 30.975598096847534
-----
Constructing full SP model...
Done constructing model.
Time used constructing the model: 224.87360548973083
----------
Solving model...
Using license file C:\Users\steffejb\gurobi.lic
Academic license - for non-commercial use only
Read LP format model from file C:\Users\steffejb\OneDrive - NTNU\Work\GitHub\STraM_ntnu_development\temp\pyomo\tmpbp400xel.pyomo.lp
Reading time = 37.89 seconds
x2706869: 4554389 rows, 1834337 columns, 25948649 nonzeros
Changed value of parameter FeasibilityTol to 0.01
   Prev: 1e-06  Min: 1e-09  Max: 0.01  Default: 1e-06
Changed value of parameter MIPGap to 0.002
   Prev: 0.0001  Min: 0.0  Max: inf  Default: 0.0001
Parameter NumericFocus unchanged
   Value: 0  Min: 0  Max: 3  Default: 0
Parameter BarConvTol unchanged
   Value: 1e-08  Min: 0.0  Max: 1.0  Default: 1e-08
Parameter Crossover unchanged
   Value: -1  Min: -1  Max: 5  Default: -1
Parameter Method unchanged
   Value: -1  Min: -1  Max: 5  Default: -1
Parameter NodeMethod unchanged
   Value: -1  Min: -1  Max: 2  Default: -1
Gurobi Optimizer version 9.0.0 build v9.0.0rc2 (win64)
Optimize a model with 4554389 rows, 1834337 columns and 25948649 nonzeros
Model fingerprint: 0x7c3e0f3a
Variable types: 1834031 continuous, 306 integer (306 binary)
Coefficient statistics:
  Matrix range     [6e-06, 1e+03]
  Objective range  [8e-02, 3e-01]
  Bounds range     [1e+00, 6e+04]
  RHS range        [1e-03, 9e+01]
Presolve removed 0 rows and 0 columns (presolve time = 14s) ...
Presolve removed 19613 rows and 10 columns (presolve time = 18s) ...
Presolve removed 4325087 rows and 956920 columns (presolve time = 21s) ...
Presolve removed 4423653 rows and 1035711 columns (presolve time = 30s) ...
Presolve removed 4426289 rows and 1042641 columns (presolve time = 35s) ...
Presolve removed 4457406 rows and 1115181 columns (presolve time = 42s) ...
Presolve removed 4457675 rows and 1135425 columns (presolve time = 45s) ...
Presolve removed 4458818 rows and 1135487 columns (presolve time = 53s) ...
Presolve removed 4458987 rows and 1135999 columns (presolve time = 56s) ...
Presolve removed 4458987 rows and 1135999 columns (presolve time = 61s) ...
Presolve removed 4459068 rows and 1136080 columns (presolve time = 65s) ...
Presolve removed 4459077 rows and 1136080 columns (presolve time = 71s) ...
Presolve removed 4459071 rows and 1136074 columns
Presolve time: 73.09s
Presolved: 95318 rows, 698263 columns, 9169939 nonzeros
Variable types: 698229 continuous, 34 integer (34 binary)

Deterministic concurrent LP optimizer: primal simplex, dual simplex, and barrier
Showing barrier log only...

Root barrier log...

Ordering time: 1.80s

Barrier statistics:
 AA' NZ     : 4.383e+06
 Factor NZ  : 1.100e+07 (roughly 400 MBytes of memory)
 Factor Ops : 2.818e+09 (less than 1 second per iteration)
 Threads    : 1

                  Objective                Residual
Iter       Primal          Dual         Primal    Dual     Compl     Time
   0   1.58523689e+12 -3.27575359e+12  7.97e+09 7.42e+01  4.51e+08   106s
   1   1.28525595e+12 -3.11146833e+12  6.46e+09 2.08e+02  3.67e+08   108s
   2   4.89923633e+11 -2.88529170e+12  2.47e+09 1.54e+02  1.45e+08   110s
   3   1.78005275e+11 -2.03271042e+12  8.94e+08 4.96e+01  5.39e+07   113s
   4   2.17151492e+10 -9.14164677e+11  1.04e+08 1.26e+01  6.98e+06   115s
   5   1.39688298e+10 -8.35596508e+11  5.64e+07 1.16e+01  4.30e+06   117s
   6   8.18310728e+09 -4.46462982e+11  2.15e+07 5.77e+00  1.86e+06   120s
   7   4.93631558e+09 -1.23353599e+11  5.74e+06 1.37e+00  5.08e+05   122s
   8   4.51520316e+09 -7.51002410e+10  4.27e+06 8.07e-01  3.55e+05   124s
   9   4.03121982e+09 -5.13946787e+10  2.92e+06 5.39e-01  2.42e+05   126s
  10   3.83876648e+09 -4.02130341e+10  2.49e+06 4.24e-01  2.02e+05   128s
  11   1.58523017e+12 -1.21892240e+13  7.97e+09 1.14e-13  1.68e+09   131s
  12   1.18860761e+12 -5.57692379e+12  5.98e+09 4.40e+02  7.16e+08   133s
  13   1.40103334e+11 -2.00144094e+12  7.12e+08 1.59e+02  4.31e+07   136s
  14   2.29392507e+10 -3.95034356e+11  1.17e+08 3.08e+01  4.16e+06   139s
  15   3.01872654e+09 -1.11027867e+11  1.52e+07 8.70e+00  5.11e+05   142s
  16   2.05197881e+09 -1.08217193e+11  9.77e+06 8.47e+00  3.66e+05   144s
  17   1.05022293e+09 -7.66553830e+10  4.27e+06 6.01e+00  1.86e+05   146s
  18   9.37378712e+08 -7.28298720e+10  3.65e+06 5.73e+00  1.66e+05   148s
  19   7.06561423e+08 -6.36590277e+10  2.37e+06 5.01e+00  1.24e+05   150s
  20   6.16166212e+08 -3.95938674e+10  1.87e+06 3.12e+00  8.98e+04   153s
  21   4.00945573e+08 -1.47325997e+10  7.67e+05 1.18e+00  3.55e+04   155s
  22   3.08665638e+08 -7.05661971e+09  4.07e+05 5.71e-01  1.77e+04   158s
  23   2.68043545e+08 -5.07751587e+09  2.77e+05 4.14e-01  1.22e+04   160s
  24   1.90130644e+08 -2.16919613e+09  1.06e+05 1.83e-01  4.74e+03   162s
  25   1.36152452e+08 -1.37468498e+09  4.93e+04 1.19e-01  2.49e+03   165s
  26   8.48981409e+07 -3.34645262e+08  2.00e+04 3.31e-02  7.56e+02   167s
  27   4.18281973e+07 -1.62795832e+08  8.64e+03 1.64e-02  2.99e+02   170s
  28   2.92803333e+07 -7.31137918e+07  5.87e+03 7.48e-03  1.55e+02   172s
  29   8.86049650e+06 -2.27482383e+07  1.94e+03 2.29e-03  4.26e+01   175s
  30   1.90739358e+06 -5.05713721e+06  4.49e+02 4.91e-04  8.23e+00   178s
  31   1.14679863e+06 -3.72017094e+06  2.79e+02 3.55e-04  5.41e+00   180s
  32   8.44698216e+05 -2.88737152e+06  2.07e+02 2.73e-04  4.05e+00   183s
  33   5.60578904e+05 -2.22073219e+06  1.39e+02 2.07e-04  2.87e+00   185s
  34   4.31951257e+05 -1.72458010e+06  1.09e+02 1.57e-04  2.22e+00   187s
  35   2.00951148e+05 -9.41403081e+05  5.04e+01 8.06e-05  1.11e+00   189s
  36   1.20949601e+05 -7.35970799e+05  3.05e+01 6.08e-05  7.77e-01   192s
  37   1.03480444e+05 -6.68209725e+05  2.62e+01 5.42e-05  6.90e-01   194s
  38   8.75767045e+04 -5.77805745e+05  2.21e+01 4.56e-05  5.89e-01   196s
  39   8.47493756e+04 -5.50611361e+05  2.13e+01 4.31e-05  5.63e-01   198s
  40   7.73322489e+04 -5.19900216e+05  1.94e+01 4.02e-05  5.24e-01   200s
  41   6.97896871e+04 -4.53379121e+05  1.74e+01 3.39e-05  4.59e-01   202s
  42   5.50501609e+04 -3.80910306e+05  1.36e+01 2.71e-05  3.75e-01   204s
  43   5.15137370e+04 -3.58834132e+05  1.26e+01 2.51e-05  3.51e-01   206s
  44   4.55988301e+04 -2.92109376e+05  1.10e+01 1.89e-05  2.90e-01   209s
  45   3.50946450e+04 -2.56932225e+05  8.26e+00 1.57e-05  2.43e-01   211s
  46   3.03803573e+04 -2.14769475e+05  6.98e+00 1.21e-05  2.03e-01   213s
  47   2.38635868e+04 -1.62118991e+05  5.25e+00 7.44e-06  1.52e-01   216s
  48   1.93127785e+04 -1.32995007e+05  3.93e+00 5.21e-06  1.22e-01   218s
  49   1.64976207e+04 -1.22238245e+05  3.13e+00 4.47e-06  1.09e-01   220s
  50   1.48302587e+04 -1.10098290e+05  2.64e+00 3.65e-06  9.68e-02   223s
  51   1.33495449e+04 -9.21287438e+04  2.21e+00 2.55e-06  8.12e-02   225s
  52   1.20653911e+04 -8.37816821e+04  1.84e+00 2.04e-06  7.29e-02   227s
  53   1.18043651e+04 -7.66203924e+04  1.77e+00 1.65e-06  6.73e-02   230s
  54   1.13459156e+04 -6.72833535e+04  1.65e+00 1.16e-06  5.98e-02   232s
  55   1.08803549e+04 -6.20334436e+04  1.52e+00 8.83e-07  5.53e-02   234s
  56   9.86075588e+03 -5.66775885e+04  1.23e+00 6.78e-07  4.98e-02   237s
  57   9.40447206e+03 -4.58959763e+04  1.12e+00 7.53e-07  4.14e-02   239s
  58   8.75415163e+03 -4.17379144e+04  9.47e-01 6.82e-07  3.75e-02   241s
  59   8.18789556e+03 -3.66374774e+04  8.18e-01 6.62e-07  3.31e-02   243s
  60   7.67858595e+03 -3.37664356e+04  6.99e-01 6.66e-07  3.04e-02   246s
  61   7.05330320e+03 -2.60850975e+04  5.65e-01 5.45e-07  2.42e-02   248s
  62   6.68264445e+03 -2.31883636e+04  4.86e-01 5.05e-07  2.17e-02   250s
  63   6.38503610e+03 -2.04696946e+04  4.29e-01 4.90e-07  1.94e-02   253s
  64   6.22867687e+03 -1.81162229e+04  3.99e-01 4.24e-07  1.76e-02   255s
  65   5.83703603e+03 -1.55384812e+04  3.31e-01 3.78e-07  1.53e-02   257s
  66   5.62324009e+03 -1.31298802e+04  2.95e-01 3.66e-07  1.34e-02   259s
  67   5.23218876e+03 -1.12914757e+04  2.31e-01 3.56e-07  1.18e-02   261s
  68   5.15901495e+03 -1.06824390e+04  2.22e-01 3.44e-07  1.13e-02   264s
  69   5.10368447e+03 -1.02012114e+04  2.14e-01 3.38e-07  1.09e-02   266s
  70   4.99552290e+03 -9.34871802e+03  1.99e-01 3.23e-07  1.02e-02   268s
  71   4.85503820e+03 -8.83796279e+03  1.80e-01 3.11e-07  9.70e-03   270s
  72   4.82549285e+03 -8.51749523e+03  1.77e-01 3.06e-07  9.45e-03   273s
  73   4.69950838e+03 -7.64115745e+03  1.61e-01 2.88e-07  8.73e-03   275s
  74   4.61884801e+03 -7.39082860e+03  1.51e-01 2.84e-07  8.48e-03   277s
  75   4.53624536e+03 -5.98065739e+03  1.42e-01 2.65e-07  7.43e-03   280s
  76   4.44823125e+03 -5.53163243e+03  1.32e-01 2.60e-07  7.04e-03   282s
  77   4.33389267e+03 -4.98663055e+03  1.20e-01 2.52e-07  6.57e-03   285s
  78   4.24563741e+03 -4.26206449e+03  1.10e-01 2.38e-07  5.99e-03   287s
  79   4.03702570e+03 -3.26648683e+03  8.93e-02 2.11e-07  5.13e-03   289s
  80   3.92616179e+03 -2.88481353e+03  7.86e-02 2.04e-07  4.78e-03   292s
  81   3.86239126e+03 -2.03469104e+03  7.33e-02 1.78e-07  4.14e-03   294s
  82   3.74867278e+03 -1.40568756e+03  6.41e-02 1.58e-07  3.61e-03   297s
  83   3.65655715e+03 -6.34112776e+02  5.66e-02 1.32e-07  3.01e-03   299s
  84   3.52592607e+03 -1.31296926e+02  4.57e-02 1.15e-07  2.56e-03   301s
  85   3.44574200e+03  6.09387482e+02  3.94e-02 9.22e-08  1.99e-03   303s
  86   3.39668285e+03  7.09477341e+02  3.56e-02 8.95e-08  1.88e-03   306s
  87   3.30243815e+03  9.95065044e+02  2.84e-02 8.02e-08  1.61e-03   308s
  88   3.25262022e+03  1.34064862e+03  2.47e-02 6.92e-08  1.34e-03   310s
  89   3.20828291e+03  1.54407144e+03  2.15e-02 6.23e-08  1.16e-03   312s
  90   3.14316803e+03  1.84824308e+03  1.70e-02 5.04e-08  9.03e-04   314s
  91   3.10120610e+03  2.11278192e+03  1.43e-02 3.84e-08  6.90e-04   315s
  92   3.01525925e+03  2.26681300e+03  8.87e-03 3.09e-08  5.21e-04   317s
  93   2.98704815e+03  2.39115351e+03  7.22e-03 2.45e-08  4.15e-04   319s
  94   2.96150046e+03  2.47536847e+03  5.77e-03 2.00e-08  3.38e-04   321s
  95   2.93140426e+03  2.53855423e+03  4.09e-03 1.70e-08  2.73e-04   323s
  96   2.91449583e+03  2.59715192e+03  3.16e-03 1.43e-08  2.20e-04   325s
  97   2.90162841e+03  2.63816744e+03  2.51e-03 1.23e-08  1.83e-04   327s
  98   2.89078379e+03  2.70374350e+03  1.93e-03 9.14e-09  1.30e-04   329s
  99   2.87723583e+03  2.73871942e+03  1.25e-03 7.98e-09  9.61e-05   331s
 100   2.87181736e+03  2.75959573e+03  1.00e-03 7.04e-09  7.78e-05   333s
 101   2.86270815e+03  2.77731038e+03  5.40e-04 6.16e-09  5.91e-05   335s
 102   2.85845867e+03  2.79529659e+03  3.44e-04 5.22e-09  4.37e-05   337s
 103   2.85476266e+03  2.81099735e+03  1.88e-04 4.17e-09  3.03e-05   339s
 104   2.85269411e+03  2.82447209e+03  1.06e-04 2.73e-09  1.95e-05   340s
 105   2.85126679e+03  2.83422184e+03  5.45e-05 2.17e-09  1.18e-05   342s
 106   2.85042516e+03  2.83928454e+03  2.66e-05 2.13e-09  7.70e-06   344s
 107   2.85009467e+03  2.84248487e+03  1.69e-05 1.48e-09  5.26e-06   346s
 108   2.84984788e+03  2.84469326e+03  1.12e-05 1.02e-09  3.56e-06   348s
 109   2.84972459e+03  2.84582826e+03  8.21e-06 7.81e-10  2.69e-06   350s
 110   2.84953708e+03  2.84662577e+03  4.13e-06 7.62e-10  2.01e-06   352s
 111   2.84943582e+03  2.84797866e+03  1.83e-06 4.16e-10  1.01e-06   354s
 112   2.84932774e+03  2.84877842e+03  3.29e-07 3.89e-10  3.80e-07   356s
 113   2.84930790e+03  2.84907852e+03  1.45e-07 2.86e-10  1.58e-07   359s
 114   2.84929943e+03  2.84919332e+03  8.09e-08 2.15e-10  7.33e-08   361s
 115   2.84929476e+03  2.84923925e+03  5.05e-08 2.13e-10  3.84e-08   363s
 116   2.84928959e+03  2.84926406e+03  1.89e-08 2.10e-10  1.77e-08   365s
 117   2.84928810e+03  2.84927363e+03  1.10e-08 2.10e-10  1.00e-08   367s
 118   2.84928705e+03  2.84927958e+03  7.13e-09 2.16e-10  5.17e-09   370s
 119   2.84928690e+03  2.84928036e+03  3.36e-08 2.18e-10  4.53e-09   373s
 120   2.84928653e+03  2.84928261e+03  3.31e-08 2.21e-10  2.71e-09   375s
 121   2.84928612e+03  2.84928449e+03  1.77e-08 1.26e-09  1.13e-09   377s
 122   2.84928609e+03  2.84928493e+03  1.59e-08 5.96e-10  8.05e-10   380s
 123   2.84928604e+03  2.84928537e+03  2.78e-08 3.52e-10  4.65e-10   382s
 124   2.84928600e+03  2.84928549e+03  2.21e-08 5.25e-10  3.59e-10   384s
 125   2.84928592e+03  2.84928566e+03  1.93e-08 8.50e-10  1.81e-10   387s
 126   2.84928589e+03  2.84928579e+03  1.31e-08 7.79e-10  7.15e-11   389s
 127   2.84928589e+03  2.84928579e+03  2.44e-08 1.36e-09  6.64e-11   391s
 128   2.84928588e+03  2.84928580e+03  1.06e-07 1.92e-09  5.39e-11   394s
 129   2.84928587e+03  2.84928581e+03  7.79e-08 1.58e-08  4.13e-11   397s
 130   2.84928586e+03  2.84928581e+03  6.96e-08 1.63e-08  3.71e-11   399s
 131   2.84928586e+03  2.84928581e+03  6.56e-08 1.38e-08  3.51e-11   402s
 132   2.84928586e+03  2.84928581e+03  6.47e-08 8.03e-09  3.38e-11   404s

Barrier solved model in 132 iterations and 404.40 seconds
Optimal objective 2.84928586e+03


Root crossover log...

   78234 DPushes remaining with DInf 1.2606507e-03               405s
       0 DPushes remaining with DInf 3.5392041e-12               408s

     956 PPushes remaining with PInf 6.8936000e+04               408s
      12 PPushes remaining with PInf 2.2997763e+04               408s

  Push phase complete: Pinf 2.2997763e+04, Dinf 6.8638309e-01    408s


Root simplex log...

Iteration    Objective       Primal Inf.    Dual Inf.      Time
   19725    2.5276873e+03   0.000000e+00   3.709366e+01    408s
   22386    2.5272170e+03   6.478354e-02   2.629467e+10    410s
   29896    2.5266639e+03   0.000000e+00   6.309142e+01    416s
   34566    2.5290495e+03   1.268765e+03   0.000000e+00    421s
   38000    2.5300951e+03   3.634003e+01   0.000000e+00    425s
   38711    2.5301354e+03   0.000000e+00   0.000000e+00    427s
Warning: Markowitz tolerance tightened to 0.125
   41613    2.5298664e+03   0.000000e+00   5.373008e-02    431s
   42036    2.5300053e+03   0.000000e+00   0.000000e+00    433s
Extra 3325 simplex iterations after uncrush
Concurrent spin time: 0.00s

Solved with barrier

Root relaxation: objective 2.530005e+03, 42036 iterations, 348.93 seconds

    Nodes    |    Current Node    |     Objective Bounds      |     Work
 Expl Unexpl |  Obj  Depth IntInf | Incumbent    BestBd   Gap | It/Node Time

     0     0 2530.00526    0    3          - 2530.00526      -     -  434s
H    0     0                    2530.0099045 2530.00526  0.00%     -  436s

Explored 1 nodes (42036 simplex iterations) in 438.31 seconds
Thread count was 8 (of 8 available processors)

Solution count 1: 2530.01 

Optimal solution found (tolerance 2.00e-03)
Warning: max constraint violation (7.9900e-02) exceeds tolerance
Warning: max bound violation (6.9655e-02) exceeds tolerance
Best objective 2.530009904465e+03, best bound 2.530009904465e+03, gap 0.0000%
the solution is feasible and optimal
Solution time: 491.5538160800934
Done solving model.
Time used solving the model: 699.3743185997009
----------Dumping data in pickle file...done.
Dumping results in pickle file.....done.
objective function value:  2530.0099044649296
objective function value normalized (Billion EURO):  253.0
                         2023                                            \
                           OO     OB     OP     BO     BB     BP     PO   
LCOT                    3.992  3.992  3.992  3.992  3.992  3.992  3.992   
LCOT (Empty Trips)      1.060  1.060  1.060  1.060  1.060  1.060  1.060   
Emission                0.406  0.406  0.406  0.406  0.406  0.406  0.406   
Emission (Empty Trips)  0.167  0.167  0.167  0.167  0.167  0.167  0.167   
CO2_Penalty             0.000  0.000  0.000  0.000  0.000  0.000  0.000   
Time value              1.434  1.434  1.434  1.434  1.434  1.434  1.434   
Transfer                2.271  2.271  2.271  2.271  2.271  2.271  2.271   
RailTrack               0.116  0.116  0.116  0.116  0.116  0.116  0.116   
Terminal                0.032  0.032  0.032  0.032  0.032  0.032  0.032   
RailElectr.            -0.000  0.000 -0.000  0.000  0.000  0.000  0.000   
Charging                0.001  0.001  0.001  0.001  0.001  0.001  0.001   
H2_Filling              0.000  0.000  0.000  0.000  0.000  0.000  0.000   

                                       2028                              \
                           PB     PP     OO     OB     OP     BO     BB   
LCOT                    3.992  3.992  5.228  5.228  5.228  5.228  5.228   
LCOT (Empty Trips)      1.060  1.060  1.227  1.227  1.227  1.227  1.227   
Emission                0.406  0.406  0.676  0.676  0.676  0.676  0.676   
Emission (Empty Trips)  0.167  0.167  0.129  0.129  0.129  0.129  0.129   
CO2_Penalty             0.000  0.000  0.714  0.714  0.714  0.714  0.714   
Time value              1.434  1.434  1.766  1.766  1.766  1.766  1.766   
Transfer                2.271  2.271  2.992  2.992  2.992  2.992  2.992   
RailTrack               0.116  0.116  0.000  0.000  0.000  0.000  0.000   
Terminal                0.032  0.032  0.021  0.021  0.021  0.021  0.021   
RailElectr.             0.000  0.000  0.000  0.000  0.000  0.000  0.000   
Charging                0.001  0.001  0.037  0.037  0.037  0.037  0.037   
H2_Filling              0.000  0.000  0.001  0.001  0.001  0.001  0.001   

                                                     2034                \
                           BP     PO     PB     PP     OO     OB     OP   
LCOT                    5.228  5.228  5.228  5.228  5.547  5.705  5.845   
LCOT (Empty Trips)      1.227  1.227  1.227  1.227  1.362  1.431  1.473   
Emission                0.676  0.676  0.676  0.676  0.492  0.490  0.492   
Emission (Empty Trips)  0.129  0.129  0.129  0.129  0.044  0.047  0.045   
CO2_Penalty             0.714  0.714  0.714  0.714  0.000  0.000  0.000   
Time value              1.766  1.766  1.766  1.766  1.996  1.999  2.008   
Transfer                2.992  2.992  2.992  2.992  3.189  3.201  3.239   
RailTrack               0.000  0.000  0.000  0.000  0.000  0.000  0.000   
Terminal                0.021  0.021  0.021  0.021  0.000  0.000  0.000   
RailElectr.             0.000  0.000  0.000  0.000  0.000  0.000  0.000   
Charging                0.037  0.037  0.037  0.037  0.054  0.055  0.054   
H2_Filling              0.001  0.001  0.001  0.001  0.000  0.000  0.000   

                                                                   2040  \
                           BO     BB     BP     PO     PB     PP     OO   
LCOT                    5.737  5.897  6.035  5.868  6.022  6.164  5.871   
LCOT (Empty Trips)      1.372  1.440  1.485  1.380  1.447  1.492  1.339   
Emission                0.492  0.489  0.492  0.491  0.490  0.492  0.287   
Emission (Empty Trips)  0.044  0.048  0.044  0.045  0.046  0.045  0.049   
CO2_Penalty             0.000  0.000  0.000  0.000  0.000  0.000  0.000   
Time value              1.993  1.992  1.999  1.996  1.994  2.000  2.100   
Transfer                3.180  3.180  3.219  3.186  3.186  3.219  3.019   
RailTrack               0.000  0.000  0.000  0.000  0.000  0.000  0.000   
Terminal                0.000  0.000  0.000  0.000  0.000  0.000  0.003   
RailElectr.             0.000  0.000  0.000  0.000  0.000  0.000  0.000   
Charging                0.054  0.055  0.054  0.054  0.054  0.054  0.088   
H2_Filling              0.000  0.000  0.000  0.000  0.000  0.000  0.001   

                                                                         \
                           OB     OP     BO     BB     BP     PO     PB   
LCOT                    6.032  6.205  5.959  6.192  6.340  6.037  6.270   
LCOT (Empty Trips)      1.394  1.448  1.352  1.376  1.444  1.366  1.402   
Emission                0.288  0.286  0.284  0.267  0.278  0.284  0.270   
Emission (Empty Trips)  0.047  0.049  0.051  0.068  0.057  0.052  0.065   
CO2_Penalty             0.000  0.000  0.000  0.000  0.000  0.000  0.000   
Time value              2.077  2.092  2.101  2.095  2.096  2.099  2.098   
Transfer                3.016  3.013  3.047  3.021  3.022  3.040  3.009   
RailTrack               0.000  0.000  0.000  0.000  0.000  0.000  0.000   
Terminal                0.003  0.003  0.003  0.003  0.003  0.003  0.003   
RailElectr.             0.000  0.000  0.000  0.000  0.000  0.000  0.000   
Charging                0.088  0.088  0.088  0.088  0.088  0.088  0.088   
H2_Filling              0.001  0.000  0.001  0.001  0.001  0.001  0.001   

                                2050                                     \
                           PP     OO     OB     OP     BO     BB     BP   
LCOT                    6.413  6.596  6.852  7.045  6.730  6.976  7.102   
LCOT (Empty Trips)      1.472  1.445  1.440  1.539  1.456  1.499  1.544   
Emission                0.283  0.125  0.090  0.125  0.000  0.000  0.125   
Emission (Empty Trips)  0.052  0.009  0.044  0.009  0.000  0.000  0.009   
CO2_Penalty             0.000  0.000  0.000  0.000  0.000  0.000  0.000   
Time value              2.098  2.494  2.483  2.482  2.488  2.487  2.483   
Transfer                3.008  3.353  3.347  3.294  3.350  3.358  3.295   
RailTrack               0.000  0.000  0.000  0.000  0.000  0.000  0.000   
Terminal                0.003  0.000  0.000  0.000  0.000  0.000  0.000   
RailElectr.             0.000  0.000  0.000  0.000  0.000  0.000  0.000   
Charging                0.088  0.061  0.061  0.061  0.061  0.061  0.061   
H2_Filling              0.001  0.001  0.001  0.001  0.000  0.001  0.001   

                                              2023                 2028       \
                           PO     PB     PP   mean           std   mean  std   
LCOT                    6.736  6.977  7.243  3.992  4.710277e-16  5.228  0.0   
LCOT (Empty Trips)      1.455  1.499  1.555  1.060  0.000000e+00  1.227  0.0   
Emission                0.000  0.000  0.000  0.406  0.000000e+00  0.676  0.0   
Emission (Empty Trips)  0.000 -0.000  0.000  0.167  0.000000e+00  0.129  0.0   
CO2_Penalty             0.000  0.000  0.000  0.000  0.000000e+00  0.714  0.0   
Time value              2.488  2.488  2.476  1.434  0.000000e+00  1.766  0.0   
Transfer                3.345  3.357  3.284  2.271  0.000000e+00  2.992  0.0   
RailTrack               0.000  0.000  0.000  0.116  0.000000e+00  0.000  0.0   
Terminal                0.000  0.000  0.000  0.032  0.000000e+00  0.021  0.0   
RailElectr.             0.000  0.000  0.000  0.000  0.000000e+00  0.000  0.0   
Charging                0.061  0.061  0.061  0.001  0.000000e+00  0.037  0.0   
H2_Filling              0.000  0.001  0.001  0.000  0.000000e+00  0.001  0.0   

                            2034                2040                2050  \
                            mean       std      mean       std      mean   
LCOT                    5.868889  0.189524  6.146556  0.182128  6.917444   
LCOT (Empty Trips)      1.431333  0.049472  1.399222  0.046389  1.492444   
Emission                0.491111  0.001167  0.280778  0.007563  0.051667   
Emission (Empty Trips)  0.045333  0.001414  0.054444  0.007418  0.007889   
CO2_Penalty             0.000000  0.000000  0.000000  0.000000  0.000000   
Time value              1.997444  0.004851  2.095111  0.007322  2.485444   
Transfer                3.199889  0.021086  3.021667  0.013416  3.331444   
RailTrack               0.000000  0.000000  0.000000  0.000000  0.000000   
Terminal                0.000000  0.000000  0.003000  0.000000  0.000000   
RailElectr.             0.000000  0.000000  0.000000  0.000000  0.000000   
Charging                0.054222  0.000441  0.088000  0.000000  0.061000   
H2_Filling              0.000000  0.000000  0.000889  0.000333  0.000778   

                                      
                                 std  
LCOT                    2.058398e-01  
LCOT (Empty Trips)      4.549206e-02  
Emission                6.219928e-02  
Emission (Empty Trips)  1.422537e-02  
CO2_Penalty             0.000000e+00  
Time value              5.101743e-03  
Transfer                3.076975e-02  
RailTrack               0.000000e+00  
Terminal                0.000000e+00  
RailElectr.             0.000000e+00  
Charging                7.359808e-18  
H2_Filling              4.409586e-04  
                       2023     2028      2034      2040      2050     
                       mean std mean  std mean  std mean  std mean  std
LCOT                      4   0  5.2    0  5.9 0.19  6.2 0.18  6.9 0.21
LCOT (Empty Trips)      1.1   0  1.2    0  1.4 0.05  1.4 0.05  1.5 0.05
Emission               0.41   0 0.68    0 0.49    0 0.28 0.01 0.05 0.06
Emission (Empty Trips) 0.17   0 0.13    0 0.05    0 0.05 0.01 0.01 0.01
CO2_Penalty               0   0 0.71    0    0    0    0    0    0    0
Time value              1.4   0  1.8    0    2    0  2.1 0.01  2.5 0.01
Transfer                2.3   0    3    0  3.2 0.02    3 0.01  3.3 0.03
RailTrack              0.12   0    0    0    0    0    0    0    0    0
Terminal               0.03   0 0.02    0    0    0    0    0    0    0
RailElectr.               0   0    0    0    0    0    0    0    0    0
Charging                  0   0 0.04    0 0.05    0 0.09    0 0.06    0
H2_Filling                0   0    0    0    0    0    0    0    0    0
discount_factor           1   1 0.83 0.83 0.66 0.66 0.53 0.53 0.36 0.36
emissions (MTonnes CO2 eq.):
             AvgEmission     Std  AvgEmission_perc  Std_perc
time_period                                                 
2023                 7.2 3.1e-16             1e+02   4.4e-15
2028                 4.8       0                67         0
2034                 2.5  0.0038                35     0.052
2040                 1.7   0.023                23      0.31
2050                0.29    0.34               4.1       4.8
----------------
Average transport work in GTONNES*km:
    mode            product time_period  TransportArbeid
0   Rail   Container (slow)        2023         -0.00065
1   Rail           Dry bulk        2023               11
2   Rail           Neo bulk        2023          0.00039
3   Road  Break bulk (fast)        2023              5.6
4   Road  Break bulk (slow)        2023              5.6
5   Road   Container (fast)        2023              2.2
6   Road   Container (slow)        2023              2.8
7   Road           Dry bulk        2023             0.56
8   Road           Neo bulk        2023               12
9    Sea  Break bulk (fast)        2023             0.09
10   Sea  Break bulk (slow)        2023              2.1
11   Sea   Container (fast)        2023             0.16
12   Sea   Container (slow)        2023              1.2
13   Sea           Dry bulk        2023               99
14   Sea           Neo bulk        2023             0.31

