----------------------------
Doing the following analysis: 
FuelScen_carbontaxbase
averse
----------------------------
Solving the first time period for initialization purposes...
Using license file C:\Users\steffejb\gurobi.lic
Academic license - for non-commercial use only
Read LP format model from file C:\Users\steffejb\OneDrive - NTNU\Work\GitHub\STraM_ntnu_development\temp\pyomo\tmp74090yr8.pyomo.lp
Reading time = 12.92 seconds
x540794: 2206928 rows, 540794 columns, 7780367 nonzeros
Changed value of parameter FeasibilityTol to 0.0001
   Prev: 1e-06  Min: 1e-09  Max: 0.01  Default: 1e-06
Changed value of parameter MIPGap to 0.002
   Prev: 0.0001  Min: 0.0  Max: inf  Default: 0.0001
Parameter NumericFocus unchanged
   Value: 0  Min: 0  Max: 3  Default: 0
Parameter BarConvTol unchanged
   Value: 1e-08  Min: 0.0  Max: 1.0  Default: 1e-08
Parameter Crossover unchanged
   Value: -1  Min: -1  Max: 5  Default: -1
Parameter Method unchanged
   Value: -1  Min: -1  Max: 5  Default: -1
Parameter NodeMethod unchanged
   Value: -1  Min: -1  Max: 2  Default: -1
Gurobi Optimizer version 9.0.0 build v9.0.0rc2 (win64)
Optimize a model with 2206928 rows, 540794 columns and 7780367 nonzeros
Model fingerprint: 0x52fde61a
Coefficient statistics:
  Matrix range     [6e-06, 1e+03]
  Objective range  [1e-03, 1e+00]
  Bounds range     [0e+00, 0e+00]
  RHS range        [1e-03, 9e+01]

Concurrent LP optimizer: dual simplex and barrier
Showing barrier log only...

Presolve removed 561816 rows and 483559 columns (presolve time = 6s) ...
Presolve removed 2204268 rows and 518515 columns
Presolve time: 8.03s
Presolved: 2660 rows, 23242 columns, 201160 nonzeros

Ordering time: 0.01s

Barrier statistics:
 AA' NZ     : 8.445e+04
 Factor NZ  : 1.896e+05 (roughly 12 MBytes of memory)
 Factor Ops : 2.653e+07 (less than 1 second per iteration)
 Threads    : 3

                  Objective                Residual
Iter       Primal          Dual         Primal    Dual     Compl     Time
   0   9.44558953e+01 -1.92600000e-01  6.64e+04 0.00e+00  2.36e+00     8s
   1   3.92102757e+01 -2.03742367e+00  2.60e+04 6.06e-02  9.71e-01     8s
   2   2.57523519e+01 -3.26937480e+00  1.55e+04 1.35e-02  5.63e-01     8s
   3   8.21383452e+00 -1.75325321e+00  2.34e+03 6.55e-03  8.80e-02     8s
   4   5.04122132e+00  5.30546717e+00  8.90e+02 1.89e-03  3.39e-02     8s
   5   4.57174836e+00  7.35378314e+00  7.50e+02 1.64e-03  2.85e-02     8s
   6   4.03939472e+00  2.37444704e+01  5.68e+02 8.82e-04  2.20e-02     8s
   7   4.70604673e+00  2.83995227e+01  4.67e+02 7.69e-04  1.82e-02     8s
   8   1.59748799e+01  3.47219031e+01  2.71e+02 5.49e-04  1.08e-02     8s
   9   1.70390790e+01  4.32812122e+01  2.32e+02 4.95e-04  9.28e-03     8s
  10   1.79973002e+01  4.28568003e+01  2.15e+02 4.87e-04  8.56e-03     8s
  11   1.95841236e+01  4.78651249e+01  1.95e+02 4.69e-04  7.75e-03     8s
  12   2.59633025e+01  4.61870831e+01  1.71e+02 4.32e-04  6.91e-03     8s
  13   3.06278597e+01  5.78419378e+01  1.46e+02 3.53e-04  5.91e-03     8s
  14   3.32729415e+01  6.29444224e+01  1.29e+02 3.11e-04  5.23e-03     8s
  15   3.78929876e+01  7.03416551e+01  1.09e+02 2.61e-04  4.42e-03     8s
  16   3.98584144e+01  7.48499585e+01  1.00e+02 2.36e-04  4.06e-03     8s
  17   4.26849573e+01  7.70171137e+01  9.31e+01 2.23e-04  3.83e-03     8s
  18   4.58139023e+01  8.73283915e+01  8.19e+01 1.70e-04  3.36e-03     8s
  19   4.66753128e+01  8.98451177e+01  7.93e+01 1.65e-04  3.26e-03     8s
  20   4.71454373e+01  9.28619545e+01  7.79e+01 1.59e-04  3.21e-03     8s
  21   4.85896949e+01  9.59858389e+01  7.55e+01 1.53e-04  3.13e-03     8s
  22   5.06919527e+01  9.97317392e+01  7.06e+01 1.44e-04  2.93e-03     8s
  23   5.48110774e+01  1.02675558e+02  6.26e+01 1.34e-04  2.56e-03     9s
  24   5.60510308e+01  1.05462866e+02  6.06e+01 1.24e-04  2.51e-03     9s
  25   5.85694697e+01  1.11678942e+02  5.65e+01 1.17e-04  2.40e-03     9s
  26   6.22390557e+01  1.19148948e+02  5.01e+01 1.07e-04  2.09e-03     9s
  27   6.34914279e+01  1.20194951e+02  4.88e+01 1.06e-04  2.03e-03     9s
  28   6.81343928e+01  1.20725155e+02  4.44e+01 9.49e-05  1.84e-03     9s
  29   6.89271850e+01  1.24191859e+02  4.35e+01 9.07e-05  1.82e-03     9s
  30   7.17213958e+01  1.26436985e+02  4.08e+01 8.71e-05  1.69e-03     9s
  31   7.30789194e+01  1.27585743e+02  3.96e+01 8.30e-05  1.65e-03     9s
  32   7.54147479e+01  1.28460960e+02  3.76e+01 7.94e-05  1.59e-03     9s
  33   7.67644705e+01  1.28618114e+02  3.64e+01 7.85e-05  1.54e-03     9s
  34   8.12136048e+01  1.31687518e+02  3.28e+01 7.11e-05  1.37e-03     9s
  35   8.47673210e+01  1.35227225e+02  3.03e+01 6.76e-05  1.33e-03     9s
  36   8.77382713e+01  1.38389242e+02  2.80e+01 6.43e-05  1.21e-03     9s
  37   8.93203789e+01  1.42875173e+02  2.69e+01 6.07e-05  1.16e-03     9s
  38   9.05197092e+01  1.45394842e+02  2.60e+01 5.92e-05  1.11e-03     9s
  39   9.28808510e+01  1.49448205e+02  2.45e+01 5.75e-05  1.03e-03     9s
  40   9.40878528e+01  1.53295646e+02  2.39e+01 5.68e-05  9.98e-04     9s
  41   9.93981242e+01  1.54688038e+02  2.12e+01 5.42e-05  8.57e-04     9s
  42   1.00781054e+02  1.61864371e+02  2.06e+01 4.97e-05  8.54e-04     9s
  43   1.03516493e+02  1.67309201e+02  1.93e+01 4.68e-05  7.94e-04     9s
  44   1.06944577e+02  1.72453179e+02  1.79e+01 4.49e-05  6.98e-04     9s
  45   1.08673811e+02  1.81736338e+02  1.73e+01 4.23e-05  6.93e-04     9s
  46   1.10551253e+02  1.89047126e+02  1.66e+01 4.08e-05  6.64e-04     9s
  47   1.12839646e+02  1.91132995e+02  1.59e+01 4.04e-05  6.09e-04     9s
  48   1.14399949e+02  1.99368032e+02  1.56e+01 3.89e-05  6.08e-04     9s
  49   4.00002427e+03 -1.92600000e+03  2.81e+06 0.00e+00  1.00e+06     9s
  50   1.98896576e+04 -2.92181624e+04  1.32e+06 6.34e+02  5.12e+05     9s
  51   5.83983114e+05 -5.68232212e+04  2.72e+05 3.86e+02  1.16e+05     9s
  52   6.51884187e+05 -2.22943082e+05  9.21e+04 1.15e+02  3.92e+04     9s
  53   6.80195285e+05 -2.74197754e+05  3.03e+04 6.61e+01  1.46e+04     9s
  54   7.10471766e+05 -3.22795725e+05  9.57e+03 2.86e+01  5.14e+03     9s
  55   6.91834709e+05 -3.28601440e+05  4.21e+03 7.70e+00  2.07e+03     9s
  56   5.87061426e+05 -2.88688445e+05  7.13e+02 2.54e+00  4.39e+02     9s
  57   4.47950413e+05 -2.27238172e+05  2.87e+02 1.51e+00  2.07e+02     9s
  58   3.08358738e+05 -1.71632673e+05  1.09e+02 8.31e-01  9.65e+01     9s
  59   2.29718303e+05 -1.34386958e+05  4.37e+01 5.31e-01  5.31e+01     9s
  60   1.40946027e+05 -8.00682333e+04  1.54e+01 2.42e-01  2.33e+01     9s
  61   7.19798775e+04 -5.98215493e+04  4.64e+00 1.65e-01  1.22e+01     9s
  62   5.08221048e+04 -2.79362084e+04  2.43e+00 6.34e-02  5.79e+00     9s
  63   3.06662897e+04 -1.40595553e+04  1.12e+00 2.73e-02  2.80e+00     9s
  64   1.38506965e+04 -8.42543273e+03  4.12e-01 1.59e-02  1.33e+00     9s
  65   7.69137228e+03 -4.58305406e+03  1.73e-01 8.50e-03  6.84e-01     9s
  66   7.03123369e+03 -3.83873652e+03  1.50e-01 7.22e-03  5.92e-01     9s
  67   5.01102644e+03 -1.64301392e+03  8.90e-02 3.43e-03  3.33e-01     9s
  68   2.37800898e+03 -1.07295632e+03  2.10e-02 2.18e-03  1.63e-01     9s
  69   1.63393340e+03 -6.00240767e+02  9.65e-03 1.41e-03  1.01e-01     9s
  70   1.37064122e+03 -2.51086939e+02  6.79e-03 9.34e-04  7.13e-02     9s
  71   1.24892112e+03 -3.51295855e+01  5.66e-03 6.67e-04  5.54e-02     9s
  72   9.38289630e+02  1.25639924e+02  2.83e-03 4.44e-04  3.44e-02     9s
  73   7.32903252e+02  2.78001041e+02  1.23e-03 2.69e-04  1.91e-02     9s
  74   6.05214539e+02  3.85694816e+02  3.36e-04 1.40e-04  9.14e-03     9s
  75   5.64893988e+02  4.41266017e+02  1.52e-04 8.03e-05  5.13e-03     9s
  76   5.48164033e+02  4.68423162e+02  8.99e-05 5.06e-05  3.30e-03     9s
  77   5.32688319e+02  4.88865626e+02  4.30e-05 2.64e-05  1.81e-03     9s
  78   5.24234639e+02  4.99994224e+02  2.19e-05 1.38e-05  9.97e-04     9s
  79   5.19846122e+02  5.05181326e+02  1.32e-05 8.03e-06  6.02e-04     9s
  80   5.17444411e+02  5.07132905e+02  9.00e-06 5.52e-06  4.23e-04     9s
  81   5.15741615e+02  5.08570135e+02  6.26e-06 3.57e-06  2.93e-04     9s
  82   5.14735039e+02  5.08628883e+02  4.75e-06 3.35e-06  2.51e-04     9s
  83   5.12906533e+02  5.09700305e+02  2.00e-06 2.01e-06  1.33e-04     9s
  84   5.12201467e+02  5.10310410e+02  1.07e-06 1.22e-06  7.83e-05     9s
  85   5.11791572e+02  5.10592264e+02  5.66e-07 8.47e-07  4.99e-05     9s
  86   5.11621386e+02  5.10725760e+02  3.57e-07 6.71e-07  3.74e-05     9s
  87   5.11515058e+02  5.10822967e+02  2.54e-07 5.36e-07  2.90e-05     9s
  88   5.11394170e+02  5.11018241e+02  1.49e-07 2.58e-07  1.56e-05     9s
  89   5.11274324e+02  5.11114563e+02  5.46e-08 1.15e-07  6.66e-06    10s
  90   5.11217195e+02  5.11162705e+02  1.46e-08 4.52e-08  2.25e-06    10s
  91   5.11193216e+02  5.11181080e+02  3.46e-09 8.37e-09  4.96e-07    10s
  92   5.11187399e+02  5.11184669e+02  5.12e-10 8.23e-10  1.09e-07    10s
  93   5.11185835e+02  5.11185196e+02  1.26e-10 5.24e-11  2.52e-08    10s
  94   5.11185314e+02  5.11185253e+02  2.74e-10 3.01e-12  2.40e-09    10s
  95   5.11185266e+02  5.11185255e+02  1.19e-09 2.75e-13  4.16e-10    10s
  96   5.11185257e+02  5.11185255e+02  1.38e-09 6.27e-14  7.65e-11    10s

Barrier solved model in 96 iterations and 9.62 seconds
Optimal objective 5.11185257e+02

Crossover log...

       0 DPushes remaining with DInf 4.8242627e-13                10s

      81 PPushes remaining with PInf 0.0000000e+00                10s
       2 PPushes remaining with PInf 0.0000000e+00                10s

  Push phase complete: Pinf 0.0000000e+00, Dinf 1.9846868e-03     10s

Iteration    Objective       Primal Inf.    Dual Inf.      Time
     468    5.1118521e+02   0.000000e+00   2.058115e-03     10s
     470    5.1118521e+02   0.000000e+00   2.573756e-06     13s
Extra one simplex iteration after uncrush
     471    5.1118521e+02   0.000000e+00   0.000000e+00     13s

Solved with barrier
Solved in 471 iterations and 14.35 seconds
Optimal objective  5.111852122e+02
the solution is feasible and optimal
Solution time: 34.715049028396606
-----
Constructing full SP model...
Done constructing model.
Time used constructing the model: 326.37119364738464
----------
Solving model...
Using license file C:\Users\steffejb\gurobi.lic
Academic license - for non-commercial use only
Read LP format model from file C:\Users\steffejb\OneDrive - NTNU\Work\GitHub\STraM_ntnu_development\temp\pyomo\tmpmjzpj7xl.pyomo.lp
Reading time = 45.59 seconds
x2706869: 4554353 rows, 1834337 columns, 25948541 nonzeros
Changed value of parameter FeasibilityTol to 0.01
   Prev: 1e-06  Min: 1e-09  Max: 0.01  Default: 1e-06
Changed value of parameter MIPGap to 0.002
   Prev: 0.0001  Min: 0.0  Max: inf  Default: 0.0001
Parameter NumericFocus unchanged
   Value: 0  Min: 0  Max: 3  Default: 0
Parameter BarConvTol unchanged
   Value: 1e-08  Min: 0.0  Max: 1.0  Default: 1e-08
Parameter Crossover unchanged
   Value: -1  Min: -1  Max: 5  Default: -1
Parameter Method unchanged
   Value: -1  Min: -1  Max: 5  Default: -1
Parameter NodeMethod unchanged
   Value: -1  Min: -1  Max: 2  Default: -1
Gurobi Optimizer version 9.0.0 build v9.0.0rc2 (win64)
Optimize a model with 4554353 rows, 1834337 columns and 25948541 nonzeros
Model fingerprint: 0x891cd23b
Variable types: 1834031 continuous, 306 integer (306 binary)
Coefficient statistics:
  Matrix range     [6e-06, 1e+03]
  Objective range  [1e-03, 1e+00]
  Bounds range     [1e+00, 6e+04]
  RHS range        [1e-03, 9e+01]
Presolve removed 0 rows and 0 columns (presolve time = 5s) ...
Presolve removed 4325150 rows and 956983 columns (presolve time = 11s) ...
Presolve removed 4423716 rows and 1035802 columns (presolve time = 20s) ...
Presolve removed 4423716 rows and 1037631 columns (presolve time = 20s) ...
Presolve removed 4426298 rows and 1042687 columns (presolve time = 25s) ...
Presolve removed 4457399 rows and 1115219 columns (presolve time = 32s) ...
Presolve removed 4457748 rows and 1135543 columns (presolve time = 35s) ...
Presolve removed 4458891 rows and 1135605 columns (presolve time = 42s) ...
Presolve removed 4459105 rows and 1136162 columns (presolve time = 45s) ...
Presolve removed 4459105 rows and 1136162 columns (presolve time = 50s) ...
Presolve removed 4459186 rows and 1136243 columns (presolve time = 55s) ...
Presolve removed 4460725 rows and 1137683 columns (presolve time = 62s) ...
Presolve removed 4461943 rows and 1137677 columns
Presolve time: 63.74s
Presolved: 92410 rows, 696660 columns, 8955365 nonzeros
Variable types: 696626 continuous, 34 integer (34 binary)

Deterministic concurrent LP optimizer: primal simplex, dual simplex, and barrier
Showing barrier log only...

Root barrier log...

Ordering time: 1.39s

Barrier statistics:
 AA' NZ     : 4.238e+06
 Factor NZ  : 1.080e+07 (roughly 400 MBytes of memory)
 Factor Ops : 2.725e+09 (less than 1 second per iteration)
 Threads    : 1

                  Objective                Residual
Iter       Primal          Dual         Primal    Dual     Compl     Time
   0   1.59545843e+12 -3.16403732e+12  1.51e+10 7.42e+01  4.51e+08    90s
   1   7.80200849e+11 -2.83470300e+12  7.19e+09 1.54e+02  2.18e+08    92s
   2   3.53025293e+11 -2.61851683e+12  3.01e+09 1.23e+02  9.55e+07    94s
   3   7.20998234e+10 -1.01532997e+12  3.52e+08 4.19e-01  1.19e+07    96s
   4   2.45580553e+10 -3.12502897e+11  4.96e+07 1.56e-02  1.86e+06    99s
   5   9.76491831e+09 -6.09124143e+10  1.45e+07 1.17e-03  5.22e+05   102s
   6   6.17719812e+09 -2.48873135e+10  8.72e+06 1.57e-04  3.08e+05   104s
   7   4.02657520e+09 -1.68292788e+10  5.51e+06 1.56e-09  1.96e+05   107s
   8   3.50622877e+09 -1.49735540e+10  4.80e+06 1.28e-09  1.72e+05   109s
   9   2.33643846e+09 -1.35832505e+10  3.10e+06 1.09e-11  1.13e+05   111s
  10   1.50624068e+09 -7.97938865e+09  1.93e+06 3.30e-09  7.02e+04   112s
  11   5.80779661e+08 -2.39185006e+09  7.26e+05 1.87e-09  2.60e+04   114s
  12   3.54743776e+08 -1.64034100e+09  4.27e+05 1.25e-09  1.54e+04   117s
  13   1.10104497e+08 -1.30136973e+09  1.29e+05 8.59e-10  5.19e+03   119s
  14   8.61355120e+07 -1.04042201e+09  9.72e+04 6.15e-10  3.91e+03   122s
  15   7.82333576e+07 -8.69599671e+08  8.75e+04 4.77e-10  3.46e+03   124s
  16   4.60098965e+07 -7.40508910e+08  5.05e+04 3.75e-10  2.14e+03   125s
  17   2.51503069e+07 -2.55967676e+08  2.64e+04 1.02e-10  9.78e+02   128s
  18   4.43565309e+06 -8.78054747e+07  3.99e+03 2.69e-10  1.72e+02   130s
  19   1.34218332e+06 -2.70830743e+07  9.80e+02 5.38e-12  4.35e+01   133s
  20   7.65058389e+05 -2.06376777e+07  5.38e+02 1.90e-12  2.76e+01   136s
  21   5.58980162e+05 -1.63775903e+07  3.82e+02 1.51e-12  2.07e+01   139s
  22   4.40039804e+05 -1.42484371e+07  2.94e+02 2.20e-12  1.70e+01   141s
  23   3.04068097e+05 -1.05374210e+07  1.95e+02 1.79e-12  1.19e+01   143s
  24   1.86447693e+05 -7.95995584e+06  1.13e+02 1.55e-12  8.15e+00   146s
  25   1.12818351e+05 -5.00356812e+06  6.37e+01 1.30e-12  4.91e+00   148s
  26   9.03751660e+04 -4.37285865e+06  4.93e+01 1.81e-12  4.13e+00   151s
  27   8.20027964e+04 -3.47435190e+06  4.39e+01 1.48e-12  3.36e+00   153s
  28   7.25334138e+04 -2.96381457e+06  3.79e+01 1.53e-12  2.86e+00   155s
  29   6.56955479e+04 -2.58383786e+06  3.38e+01 1.75e-12  2.49e+00   157s
  30   5.96148411e+04 -2.38579876e+06  3.02e+01 1.27e-12  2.27e+00   160s
  31   4.99551666e+04 -1.76915872e+06  2.44e+01 1.73e-12  1.70e+00   163s
  32   4.56408957e+04 -1.59231477e+06  2.17e+01 1.30e-12  1.52e+00   165s
  33   3.65647820e+04 -1.35579399e+06  1.65e+01 2.72e-12  1.25e+00   167s
  34   3.03347333e+04 -1.15318802e+06  1.29e+01 1.14e-12  1.03e+00   169s
  35   2.60640725e+04 -1.00053646e+06  1.03e+01 3.03e-12  8.77e-01   172s
  36   2.23401783e+04 -8.56081034e+05  8.11e+00 1.43e-12  7.34e-01   174s
  37   1.88959499e+04 -7.18379491e+05  6.10e+00 1.26e-12  6.01e-01   176s
  38   1.71317240e+04 -6.05175378e+05  5.10e+00 2.61e-12  5.03e-01   178s
  39   1.48323380e+04 -5.06359193e+05  3.86e+00 2.74e-12  4.12e-01   180s
  40   1.36530917e+04 -4.49847489e+05  3.23e+00 2.37e-12  3.62e-01   182s
  41   1.31270756e+04 -3.80433697e+05  2.95e+00 1.51e-12  3.08e-01   184s
  42   1.28500179e+04 -3.51668316e+05  2.80e+00 1.55e-12  2.85e-01   187s
  43   1.25913309e+04 -3.33831748e+05  2.67e+00 2.01e-12  2.71e-01   189s
  44   1.21541915e+04 -2.93861804e+05  2.44e+00 3.47e-12  2.39e-01   191s
  45   1.14453186e+04 -2.76838899e+05  2.09e+00 1.78e-12  2.22e-01   193s
  46   1.05858413e+04 -2.34408329e+05  1.66e+00 3.67e-12  1.86e-01   195s
  47   1.02849398e+04 -1.99114415e+05  1.51e+00 2.61e-12  1.59e-01   197s
  48   9.74179472e+03 -1.68672477e+05  1.26e+00 2.19e-12  1.35e-01   199s
  49   9.07066094e+03 -1.46124387e+05  9.62e-01 2.60e-12  1.15e-01   201s
  50   8.67125260e+03 -1.25223167e+05  8.02e-01 3.05e-12  9.88e-02   204s
  51   8.36138260e+03 -1.04485629e+05  6.93e-01 2.16e-12  8.29e-02   206s
  52   7.56592906e+03 -7.60391650e+04  4.37e-01 1.56e-12  6.04e-02   208s
  53   6.82938579e+03 -5.08365405e+04  2.63e-01 1.50e-12  4.11e-02   210s
  54   6.46145652e+03 -3.59021992e+04  2.04e-01 7.25e-13  3.01e-02   212s
  55   6.23858978e+03 -2.67817231e+04  1.73e-01 1.15e-12  2.34e-02   215s
  56   5.58091716e+03 -2.10976445e+04  8.99e-02 8.27e-13  1.87e-02   217s
  57   5.25241696e+03 -1.58579546e+04  6.16e-02 4.52e-13  1.48e-02   219s
  58   4.91528248e+03 -1.12121408e+04  4.36e-02 3.34e-13  1.13e-02   221s
  59   4.79381952e+03 -9.05254290e+03  3.83e-02 2.67e-13  9.66e-03   223s
  60   4.61925603e+03 -7.85301716e+03  3.17e-02 2.91e-13  8.70e-03   225s
  61   4.48615230e+03 -6.84396495e+03  2.73e-02 2.95e-13  7.89e-03   227s
  62   4.29763623e+03 -5.99815894e+03  2.17e-02 2.24e-13  7.17e-03   229s
  63   4.24444938e+03 -5.66196451e+03  2.05e-02 2.28e-13  6.89e-03   231s
  64   4.12766947e+03 -4.98622895e+03  1.77e-02 2.30e-13  6.34e-03   233s
  65   4.06447102e+03 -4.25133477e+03  1.62e-02 1.93e-13  5.78e-03   236s
  66   3.98995736e+03 -3.56673922e+03  1.49e-02 1.97e-13  5.25e-03   238s
  67   3.96341608e+03 -3.28638943e+03  1.44e-02 2.05e-13  5.04e-03   239s
  68   3.89268032e+03 -2.58088532e+03  1.30e-02 2.18e-13  4.50e-03   241s
  69   3.82970708e+03 -2.13765193e+03  1.21e-02 2.17e-11  4.15e-03   244s
  70   3.77235247e+03 -1.92522435e+03  1.12e-02 6.26e-11  3.96e-03   247s
  71   3.65835930e+03 -1.39914738e+03  9.60e-03 2.77e-10  3.51e-03   249s
  72   3.52784085e+03 -8.57080031e+02  7.75e-03 5.46e-10  3.04e-03   252s
  73   3.43255689e+03 -4.81278493e+02  6.49e-03 7.77e-10  2.72e-03   254s
  74   3.32700364e+03 -3.78914438e+01  5.15e-03 1.04e-09  2.34e-03   256s
  75   3.20934066e+03  2.43377396e+02  3.73e-03 1.23e-09  2.06e-03   258s
  76   3.14446513e+03  8.34296778e+02  3.03e-03 1.55e-09  1.60e-03   260s
  77   3.08456940e+03  1.26885046e+03  2.46e-03 1.84e-09  1.26e-03   263s
  78   3.04270522e+03  1.66722411e+03  2.09e-03 2.04e-09  9.54e-04   267s
  79   3.01576474e+03  1.84697684e+03  1.86e-03 2.08e-09  8.11e-04   270s
  80   2.96517562e+03  2.13502100e+03  1.47e-03 2.21e-09  5.76e-04   273s
  81   2.89316901e+03  2.26580977e+03  9.43e-04 2.24e-09  4.35e-04   276s
  82   2.85640027e+03  2.34081712e+03  6.97e-04 2.15e-09  3.57e-04   279s
  83   2.83210876e+03  2.42496469e+03  5.45e-04 2.04e-09  2.82e-04   281s
  84   2.81200312e+03  2.52132720e+03  4.24e-04 1.94e-09  2.02e-04   285s
  85   2.79350435e+03  2.58635463e+03  3.12e-04 1.76e-09  1.44e-04   288s
  86   2.78348196e+03  2.62647999e+03  2.49e-04 1.55e-09  1.09e-04   291s
  87   2.77448863e+03  2.65905286e+03  1.87e-04 1.34e-09  8.00e-05   293s
  88   2.76869866e+03  2.67607969e+03  1.41e-04 1.18e-09  6.42e-05   295s
  89   2.76273386e+03  2.68742662e+03  8.72e-05 1.05e-09  5.22e-05   298s
  90   2.76064909e+03  2.71244378e+03  6.42e-05 7.21e-10  3.34e-05   300s
  91   2.75874415e+03  2.72623343e+03  3.69e-05 5.16e-10  2.25e-05   302s
  92   2.75772282e+03  2.73469082e+03  2.06e-05 3.80e-10  1.60e-05   304s
  93   2.75744643e+03  2.74150816e+03  1.60e-05 2.67e-10  1.10e-05   306s
  94   2.75708728e+03  2.74581285e+03  9.40e-06 1.93e-10  7.81e-06   308s
  95   2.75690316e+03  2.74885097e+03  5.88e-06 1.36e-10  5.58e-06   310s
  96   2.75685093e+03  2.75030963e+03  4.89e-06 1.09e-10  4.53e-06   313s
  97   2.75676877e+03  2.75277521e+03  3.33e-06 6.56e-11  2.77e-06   315s
  98   2.75663165e+03  2.75306228e+03  1.22e-06 6.00e-11  2.47e-06   318s
  99   2.75656018e+03  2.75352002e+03  9.29e-07 1.00e-10  2.11e-06   320s
 100   2.75647364e+03  2.75398120e+03  6.17e-07 8.01e-11  1.73e-06   323s
 101   2.75642087e+03  2.75459687e+03  4.72e-07 6.57e-11  1.26e-06   325s
 102   2.75639522e+03  2.75470652e+03  4.05e-07 6.06e-11  1.17e-06   328s
 103   2.75631717e+03  2.75490415e+03  2.99e-07 6.76e-11  9.79e-07   330s
 104   2.75627212e+03  2.75512095e+03  2.07e-07 6.03e-11  7.98e-07   333s
 105   2.75623063e+03  2.75528461e+03  1.51e-07 5.16e-11  6.56e-07   336s
 106   2.75619454e+03  2.75548157e+03  1.17e-07 4.37e-11  4.94e-07   338s
 107   2.75616816e+03  2.75554998e+03  1.03e-07 4.03e-11  4.28e-07   341s
 108   2.75613016e+03  2.75568260e+03  7.16e-08 2.93e-11  3.10e-07   343s
 109   2.75610225e+03  2.75582968e+03  5.02e-08 2.32e-11  1.89e-07   346s
 110   2.75608349e+03  2.75586559e+03  3.27e-08 1.94e-11  1.51e-07   348s
 111   2.75607039e+03  2.75590621e+03  2.20e-08 7.14e-11  1.14e-07   350s
 112   2.75606040e+03  2.75595608e+03  1.47e-08 1.12e-10  7.23e-08   352s
 113   2.75604974e+03  2.75597819e+03  7.81e-09 1.50e-10  4.96e-08   354s
 114   2.75604585e+03  2.75599545e+03  2.47e-08 1.56e-10  3.49e-08   357s
 115   2.75604203e+03  2.75600935e+03  1.82e-08 1.45e-10  2.27e-08   359s
 116   2.75604143e+03  2.75601340e+03  1.56e-08 1.33e-10  1.94e-08   361s
 117   2.75604009e+03  2.75601769e+03  1.22e-08 1.19e-10  1.55e-08   363s
 118   2.75603904e+03  2.75601989e+03  1.29e-08 1.10e-10  1.33e-08   365s
 119   2.75603711e+03  2.75602770e+03  1.25e-09 6.82e-11  6.52e-09   367s
 120   2.75603618e+03  2.75603258e+03  2.16e-09 6.54e-11  2.49e-09   369s
 121   2.75603560e+03  2.75603376e+03  1.01e-09 6.87e-11  1.28e-09   371s
 122   2.75603534e+03  2.75603434e+03  9.08e-10 6.83e-11  6.92e-10   373s
 123   2.75603516e+03  2.75603466e+03  4.58e-09 6.45e-11  3.52e-10   375s
 124   2.75603512e+03  2.75603493e+03  1.66e-09 6.80e-11  1.27e-10   376s
 125   2.75603510e+03  2.75603499e+03  1.63e-08 6.51e-11  7.65e-11   378s
 126   2.75603509e+03  2.75603505e+03  5.79e-09 6.28e-11  2.50e-11   380s
 127   2.75603508e+03  2.75603507e+03  1.98e-09 6.13e-11  7.96e-12   381s

Barrier solved model in 127 iterations and 381.27 seconds
Optimal objective 2.75603508e+03


Root crossover log...

   30973 DPushes remaining with DInf 2.1959585e-06               382s
       0 DPushes remaining with DInf 1.6843765e+00               383s

     824 PPushes remaining with PInf 8.0280311e+04               383s
       8 PPushes remaining with PInf 4.5163909e+04               384s

  Push phase complete: Pinf 4.5163909e+04, Dinf 1.1315112e+00    384s


Root simplex log...

Iteration    Objective       Primal Inf.    Dual Inf.      Time
   18780    2.4731181e+03   0.000000e+00   1.432113e+00    384s
Warning: Markowitz tolerance tightened to 0.125
   21063    2.4719105e+03   0.000000e+00   3.542722e+03    386s
   30554    2.4693916e+03   0.000000e+00   7.996179e+03    391s
   38270    2.4687877e+03   0.000000e+00   1.507635e+03    395s
   46266    2.4685814e+03   0.000000e+00   3.866058e+02    400s
   55429    2.4684739e+03   0.000000e+00   1.425878e+02    406s
Concurrent spin time: 115.17s (can be avoided by choosing Method=3)

Solved with dual simplex

Root relaxation: objective 2.385419e+03, 139163 iterations, 333.01 seconds

    Nodes    |    Current Node    |     Objective Bounds      |     Work
 Expl Unexpl |  Obj  Depth IntInf | Incumbent    BestBd   Gap | It/Node Time

     0     0 2385.41907    0    3          - 2385.41907      -     -  408s
H    0     0                    2385.4531295 2385.41907  0.00%     -  412s

Explored 1 nodes (139163 simplex iterations) in 414.14 seconds
Thread count was 8 (of 8 available processors)

Solution count 1: 2385.45 

Optimal solution found (tolerance 2.00e-03)
Warning: max constraint violation (7.9740e-02) exceeds tolerance
Warning: max bound violation (7.9352e-02) exceeds tolerance
Best objective 2.385453129479e+03, best bound 2.385453129479e+03, gap 0.0000%
the solution is feasible and optimal
Solution time: 480.0213167667389
Done solving model.
Time used solving the model: 766.9712872505188
----------Dumping data in pickle file...done.
Dumping results in pickle file.....done.
objective function value:  2385.4531294790754
objective function value normalized (Billion EURO):  238.55
                        2023                                                  \
                          OO    OB    OP    BO    BB    BP    PO    PB    PP   
LCOT                     3.9   3.9   3.9   3.9   3.9   3.9   3.9   3.9   3.9   
LCOT (Empty Trips)       1.1   1.1   1.1   1.1   1.1   1.1   1.1   1.1   1.1   
Emission                 0.4   0.4   0.4   0.4   0.4   0.4   0.4   0.4   0.4   
Emission (Empty Trips)  0.17  0.17  0.17  0.17  0.17  0.17  0.17  0.17  0.17   
CO2_Penalty                0     0     0     0     0     0     0     0     0   
Time value               1.4   1.4   1.4   1.4   1.4   1.4   1.4   1.4   1.4   
Transfer                 2.1   2.1   2.1   2.1   2.1   2.1   2.1   2.1   2.1   
RailTrack               0.12  0.12  0.12  0.12  0.12  0.12  0.12  0.12  0.12   
Terminal               0.036 0.036 0.036 0.036 0.036 0.036 0.036 0.036 0.036   
RailElectr.               -0     0    -0     0     0     0     0     0     0   
Charging                   0     0     0     0     0     0     0     0     0   
H2_Filling                 0     0     0     0     0     0     0     0     0   

                       2028                                          2034  \
                         OO   OB   OP   BO   BB   BP   PO   PB   PP    OO   
LCOT                    4.4  4.4  4.4  4.4  4.4  4.4  4.4  4.4  4.4   4.4   
LCOT (Empty Trips)     0.96 0.96 0.96 0.96 0.96 0.96 0.96 0.96 0.96  0.91   
Emission               0.87 0.87 0.87 0.87 0.87 0.87 0.87 0.87 0.87     1   
Emission (Empty Trips) 0.23 0.23 0.23 0.23 0.23 0.23 0.23 0.23 0.23  0.28   
CO2_Penalty               0    0    0    0    0    0    0    0    0     0   
Time value              1.6  1.6  1.6  1.6  1.6  1.6  1.6  1.6  1.6   1.9   
Transfer                2.6  2.6  2.6  2.6  2.6  2.6  2.6  2.6  2.6   3.1   
RailTrack                 0    0    0    0    0    0    0    0    0     0   
Terminal               0.03 0.03 0.03 0.03 0.03 0.03 0.03 0.03 0.03     0   
RailElectr.               0    0    0    0    0    0    0    0    0     0   
Charging                  0    0    0    0    0    0    0    0    0 0.004   
H2_Filling                0    0    0    0    0    0    0    0    0     0   

                                                                        2040  \
                          OB    OP    BO    BB    BP    PO    PB    PP    OO   
LCOT                     4.4   4.4   4.8   4.8   4.8   5.3   5.2   5.2   4.9   
LCOT (Empty Trips)      0.91  0.91     1     1     1   1.1   1.1   1.1     1   
Emission                 1.1   1.1     1     1     1  0.79  0.97  0.97  0.76   
Emission (Empty Trips)  0.28  0.28  0.28  0.28  0.28  0.24  0.25  0.25  0.21   
CO2_Penalty                0     0     0     0     0     0     0     0     0   
Time value               1.9   1.9   1.9   1.9   1.9   1.9   1.9   1.9     2   
Transfer                 3.1   3.1   3.1   3.1   3.1   3.1   3.1   3.1     3   
RailTrack                  0     0     0     0     0     0     0     0     0   
Terminal                   0     0 0.001     0     0     0     0     0 0.001   
RailElectr.                0     0     0     0     0     0     0     0     0   
Charging               0.004 0.004 0.005 0.004 0.004 0.022 0.022 0.022 0.085   
H2_Filling                 0     0     0     0     0     0     0     0     0   

                                                                        2050  \
                          OB    OP    BO    BB    BP    PO    PB    PP    OO   
LCOT                     4.9   4.9   5.2   5.3   5.3   5.7   5.6   5.5   5.8   
LCOT (Empty Trips)       1.1   1.1   1.1   1.1   1.1   1.2   1.2   1.2   1.2   
Emission                0.76  0.76  0.76  0.76  0.76  0.49  0.69  0.76  0.73   
Emission (Empty Trips)  0.21  0.21  0.21  0.21  0.21   0.2   0.2   0.2  0.22   
CO2_Penalty                0     0     0     0     0     0     0     0     0   
Time value                 2   2.1     2     2     2     2     2     2   2.4   
Transfer                   3     3     3     3     3     3     3     3   3.4   
RailTrack                  0     0     0     0     0     0     0     0     0   
Terminal               0.001 0.001 0.001 0.001 0.001 0.001 0.001 0.001     0   
RailElectr.                0     0     0     0     0     0     0     0     0   
Charging               0.085 0.085 0.086 0.086 0.086 0.086 0.086 0.086 0.059   
H2_Filling                 0     0     0     0     0 0.001     0     0 0.001   

                                                                       2023  \
                          OB    OP    BO   BB    BP    PO    PB    PP  mean   
LCOT                     5.7   5.8   6.2  6.2   6.3   6.5   6.6   6.8   3.9   
LCOT (Empty Trips)       1.2   1.2   1.3  1.3   1.3   1.4   1.5   1.5   1.1   
Emission                0.82  0.81  0.66 0.75  0.72  0.21  0.36   0.4   0.4   
Emission (Empty Trips)  0.22  0.22  0.18 0.18  0.22     0     0 0.028  0.17   
CO2_Penalty                0     0     0    0     0     0     0     0     0   
Time value               2.4   2.4   2.4  2.4   2.4   2.4   2.4   2.4   1.4   
Transfer                 3.4   3.4   3.3  3.3   3.3   3.3   3.3   3.3   2.1   
RailTrack                  0     0     0    0     0     0     0     0  0.12   
Terminal                   0     0     0    0     0     0     0     0 0.036   
RailElectr.                0     0     0    0     0     0     0     0     0   
Charging               0.059 0.059  0.06 0.06  0.06  0.06  0.06  0.06     0   
H2_Filling                 0     0 0.001    0 0.001 0.001 0.001 0.001     0   

                           2028            2034            2040          \
                       std mean     std    mean     std    mean     std   
LCOT                     0  4.4       0     4.8    0.37     5.3     0.3   
LCOT (Empty Trips)       0 0.96       0       1   0.096     1.1    0.06   
Emission                 0 0.87       0       1   0.086    0.72   0.091   
Emission (Empty Trips)   0 0.23 2.9e-17    0.27   0.016     0.2   0.004   
CO2_Penalty              0    0       0       0       0       0       0   
Time value               0  1.6       0     1.9  0.0011       2  0.0046   
Transfer                 0  2.6       0     3.1  0.0038       3   0.012   
RailTrack                0    0       0       0       0       0       0   
Terminal                 0 0.03 3.7e-18 0.00011 0.00033   0.001       0   
RailElectr.              0    0       0       0       0       0       0   
Charging                 0    0       0    0.01  0.0089   0.086  0.0005   
H2_Filling               0    0       0       0       0 0.00011 0.00033   

                          2050         
                          mean    std  
LCOT                       6.2    0.4  
LCOT (Empty Trips)         1.3   0.13  
Emission                  0.61   0.22  
Emission (Empty Trips)    0.14    0.1  
CO2_Penalty                  0      0  
Time value                 2.4  0.006  
Transfer                   3.3  0.043  
RailTrack                    0      0  
Terminal                     0      0  
RailElectr.                  0      0  
Charging                  0.06 0.0005  
H2_Filling             0.00067 0.0005  
                       2023     2028      2034      2040      2050     
                       mean std mean  std mean  std mean  std mean  std
LCOT                    3.9   0  4.4    0  4.8 0.37  5.2  0.3  6.2  0.4
LCOT (Empty Trips)      1.1   0 0.96    0    1  0.1  1.1 0.06  1.3 0.13
Emission                0.4   0 0.87    0    1 0.09 0.72 0.09 0.61 0.22
Emission (Empty Trips) 0.17   0 0.23    0 0.27 0.02  0.2    0 0.14  0.1
CO2_Penalty               0   0    0    0    0    0    0    0    0    0
Time value              1.4   0  1.6    0  1.9    0    2    0  2.4 0.01
Transfer                2.1   0  2.6    0  3.1    0    3 0.01  3.3 0.04
RailTrack              0.12   0    0    0    0    0    0    0    0    0
Terminal               0.04   0 0.03    0    0    0    0    0    0    0
RailElectr.               0   0    0    0    0    0    0    0    0    0
Charging                  0   0    0    0 0.01 0.01 0.09    0 0.06    0
H2_Filling                0   0    0    0    0    0    0    0    0    0
discount_factor           1   1 0.83 0.83 0.66 0.66 0.53 0.53 0.36 0.36
emissions (MTonnes CO2 eq.):
             AvgEmission  Std  AvgEmission_perc  Std_perc
time_period                                              
2023                 7.2    0             1e+02         0
2028                 6.7    0                93         0
2034                 6.5  0.5                90       6.9
2040                 4.8 0.43                66         6
2050                 3.8  1.7                52        24
----------------
Average transport work in GTONNES*km:
    mode            product time_period  TransportArbeid
0   Rail  Break bulk (fast)        2023         -0.00022
1   Rail           Dry bulk        2023              8.7
2   Rail           Neo bulk        2023          0.00074
3   Road  Break bulk (fast)        2023              5.5
4   Road  Break bulk (slow)        2023              5.7
5   Road   Container (fast)        2023              2.1
6   Road   Container (slow)        2023              2.7
7   Road           Dry bulk        2023             0.52
8   Road           Neo bulk        2023               12
9    Sea  Break bulk (fast)        2023            0.091
10   Sea  Break bulk (slow)        2023              1.1
11   Sea   Container (fast)        2023              0.1
12   Sea   Container (slow)        2023              1.1
13   Sea           Dry bulk        2023               98
14   Sea           Neo bulk        2023             0.26

