----------------------------
Doing the following analysis: 
FuelScen_carbontaxbase_demand_scaled_0%_risk_rate_5.0
----------------------------
Reading data...
Reading and constructing data
Function construct_sets Took 0.0012 seconds
Function construct_network Took 0.0047 seconds
Transport demand in the base year 2018 (in MTonnes):
             product  tot_weight
0           Dry bulk       94.86
1   Container (fast)        4.07
2   Container (slow)        9.23
3  Break bulk (fast)       11.61
4  Break bulk (slow)       15.37
5           Neo bulk       19.28
Function construct_ODD Took 0.5084 seconds
Function construct_vehicles Took 0.5360 seconds
Function construct_emission_transfer Took 0.1515 seconds
Function construct_costs Took 2.3123 seconds
Function construct_time_value Took 0.0011 seconds
Function construct_investments Took 0.0087 seconds
Function construct_charging_edges Took 0.1825 seconds
Function construct_tech_readiness Took 0.0049 seconds
Function construct_path_generation Took 0.1631 seconds
Function construct_param2 Took 0.0599 seconds
Function combined_sets Took 0.4159 seconds
Function combined_sets Took 0.4379 seconds
Done reading data.
Time used reading the base data: 16.497881412506104
Solving the first time period for initialization purposes...
Function combined_sets Took 0.1573 seconds
Set parameter Username
Academic license - for non-commercial use only - expires 2025-09-27
Read LP format model from file C:\Users\sandee\Documents\Github\STraM_ntnu_development\temp\pyomo\tmpji70beri.pyomo.lp
Reading time = 4.69 seconds
x1: 2206927 rows, 540793 columns, 7780366 nonzeros
Set parameter FeasibilityTol to value 0.0001
Set parameter MIPGap to value 0.002
Gurobi Optimizer version 11.0.0 build v11.0.0rc2 (win64 - Windows 10.0 (19045.2))

CPU model: Intel(R) Core(TM) i7-10700 CPU @ 2.90GHz, instruction set [SSE2|AVX|AVX2]
Thread count: 8 physical cores, 16 logical processors, using up to 16 threads

Optimize a model with 2206927 rows, 540793 columns and 7780366 nonzeros
Model fingerprint: 0x37f7a989
Coefficient statistics:
  Matrix range     [6e-06, 1e+03]
  Objective range  [8e-02, 3e-01]
  Bounds range     [0e+00, 0e+00]
  RHS range        [1e-03, 9e+01]
Presolve removed 2204267 rows and 518514 columns
Presolve time: 4.60s
Presolved: 2660 rows, 23242 columns, 201160 nonzeros

Concurrent LP optimizer: primal simplex, dual simplex, and barrier
Showing barrier log only...

Ordering time: 0.02s

Barrier statistics:
 AA' NZ     : 8.445e+04
 Factor NZ  : 1.919e+05 (roughly 12 MB of memory)
 Factor Ops : 2.716e+07 (less than 1 second per iteration)
 Threads    : 6

                  Objective                Residual
Iter       Primal          Dual         Primal    Dual     Compl     Time
   0   4.26669339e+00 -5.65025000e-01  2.86e+05 0.00e+00  1.23e+00     5s
   1   1.58364137e+00 -6.13224631e-01  6.92e+04 2.27e-02  3.11e-01     5s
   2   7.68779684e-01  6.10355152e-01  1.42e+04 1.53e-02  6.79e-02     5s
   3   8.90143498e-01  7.19879713e+00  5.24e+03 3.39e-03  2.50e-02     5s
   4   5.76829141e+00  2.71087715e+01  2.91e+03 1.41e-03  1.40e-02     5s
   5   1.01437188e+01  3.02774652e+01  2.41e+03 1.14e-03  1.15e-02     5s
   6   1.49837576e+01  4.30842851e+01  2.20e+03 9.63e-04  1.05e-02     5s
   7   1.76312769e+01  4.50908366e+01  1.87e+03 8.99e-04  8.90e-03     5s
   8   1.98503156e+01  4.79925026e+01  1.64e+03 8.42e-04  7.80e-03     5s
   9   2.35697622e+01  5.63669383e+01  1.27e+03 7.32e-04  5.99e-03     5s
  10   2.46836187e+01  6.88625685e+01  1.19e+03 6.74e-04  5.66e-03     5s
  11   2.71936115e+01  7.65254396e+01  1.05e+03 6.32e-04  4.95e-03     5s
  12   3.04771617e+01  8.41799314e+01  9.48e+02 5.44e-04  4.41e-03     5s
  13   3.29425995e+01  8.50094677e+01  8.85e+02 5.23e-04  4.14e-03     5s
  14   3.97411388e+01  1.00286363e+02  7.26e+02 4.37e-04  3.31e-03     5s
  15   4.11188989e+01  1.04080259e+02  7.04e+02 4.27e-04  3.20e-03     5s
  16   4.41773121e+01  1.08368389e+02  6.62e+02 4.14e-04  3.01e-03     5s
  17   4.57624546e+01  1.12789801e+02  6.41e+02 4.00e-04  2.91e-03     5s
  18   5.21260489e+01  1.17308142e+02  5.63e+02 3.71e-04  2.52e-03     5s
  19   5.60635694e+01  1.29538097e+02  5.15e+02 3.36e-04  2.29e-03     5s
  20   5.83958833e+01  1.31951175e+02  4.91e+02 3.31e-04  2.16e-03     5s
  21   5.95836715e+01  1.36161437e+02  4.80e+02 3.21e-04  2.12e-03     5s
  22   6.53752155e+01  1.42733495e+02  4.34e+02 3.03e-04  1.89e-03     5s
  23   6.85183781e+01  1.51736081e+02  4.10e+02 2.88e-04  1.78e-03     5s
  24   7.17032239e+01  1.56857683e+02  3.89e+02 2.78e-04  1.67e-03     5s
  25   7.45374105e+01  1.59086858e+02  3.72e+02 2.69e-04  1.59e-03     5s
  26   7.88155531e+01  1.65838996e+02  3.49e+02 2.55e-04  1.48e-03     5s
  27   8.18929353e+01  1.72306655e+02  3.33e+02 2.46e-04  1.41e-03     5s
  28   8.36922970e+01  1.75388832e+02  3.25e+02 2.39e-04  1.37e-03     5s
  29   8.99291700e+01  1.83647210e+02  2.96e+02 2.19e-04  1.23e-03     5s
  30   9.16427635e+01  1.87463623e+02  2.88e+02 2.13e-04  1.20e-03     5s
  31   9.41063462e+01  1.92144959e+02  2.78e+02 2.02e-04  1.16e-03     5s
  32   9.70350145e+01  1.96339012e+02  2.67e+02 1.96e-04  1.11e-03     5s
  33   1.01538445e+02  2.06207101e+02  2.50e+02 1.82e-04  1.03e-03     5s
  34   1.04024909e+02  2.13539395e+02  2.42e+02 1.71e-04  1.00e-03     5s
  35   1.08054570e+02  2.22714866e+02  2.29e+02 1.63e-04  9.46e-04     5s
  36   1.12502619e+02  2.29404492e+02  2.17e+02 1.55e-04  8.96e-04     5s
  37   1.16325003e+02  2.37566773e+02  2.07e+02 1.48e-04  8.48e-04     5s
  38   1.19686400e+02  2.43916793e+02  2.00e+02 1.44e-04  8.10e-04     5s
  39   1.24326560e+02  2.44752016e+02  1.89e+02 1.43e-04  7.43e-04     5s
  40   1.28125308e+02  2.51616884e+02  1.82e+02 1.38e-04  7.19e-04     5s
  41   1.33079909e+02  2.60509411e+02  1.73e+02 1.33e-04  6.76e-04     5s
  42   1.35969048e+02  2.64952030e+02  1.68e+02 1.31e-04  6.48e-04     5s
  43   1.36048256e+02  2.69514451e+02  1.68e+02 1.28e-04  6.55e-04     5s
  44   1.38770331e+02  2.75712105e+02  1.64e+02 1.26e-04  6.26e-04     5s
  45   1.40179093e+02  2.83606450e+02  1.61e+02 1.23e-04  6.07e-04     5s
  46   1.43627194e+02  2.91534887e+02  1.56e+02 1.21e-04  5.75e-04     5s

Barrier performed 46 iterations in 5.04 seconds (5.36 work units)
Barrier solve interrupted - model solved by another algorithm


Solved with primal simplex
Extra simplex iterations after uncrush: 2
Iteration    Objective       Primal Inf.    Dual Inf.      Time
    7969    5.2542445e+02   0.000000e+00   0.000000e+00      7s

Solved in 7969 iterations and 7.37 seconds (9.63 work units)
Optimal objective  5.254244527e+02
the solution is feasible and optimal
Solution time: 15.150699377059937
Function combined_sets Took 0.4268 seconds
-----
Constructing full SP model...
Done constructing model.
Time used constructing the model: 91.1484067440033
----------
Solving model...
Set parameter Username
Academic license - for non-commercial use only - expires 2025-09-27
Read LP format model from file C:\Users\sandee\Documents\Github\STraM_ntnu_development\temp\pyomo\tmpfr76iaxd.pyomo.lp
Reading time = 14.86 seconds
x1: 4554352 rows, 1834336 columns, 25949476 nonzeros
Set parameter FeasibilityTol to value 0.01
Set parameter MIPGap to value 0.002
Gurobi Optimizer version 11.0.0 build v11.0.0rc2 (win64 - Windows 10.0 (19045.2))

CPU model: Intel(R) Core(TM) i7-10700 CPU @ 2.90GHz, instruction set [SSE2|AVX|AVX2]
Thread count: 8 physical cores, 16 logical processors, using up to 16 threads

Optimize a model with 4554352 rows, 1834336 columns and 25949476 nonzeros
Model fingerprint: 0x1c9ccfc3
Variable types: 1834030 continuous, 306 integer (306 binary)
Coefficient statistics:
  Matrix range     [6e-06, 1e+03]
  Objective range  [8e-02, 3e-01]
  Bounds range     [1e+00, 6e+04]
  RHS range        [1e-03, 9e+01]
Presolve removed 4275901 rows and 1030994 columns (presolve time = 5s) ...
Presolve removed 4353661 rows and 1037449 columns
Presolve time: 8.20s
Presolved: 200691 rows, 796887 columns, 16339455 nonzeros
Variable types: 796853 continuous, 34 integer (34 binary)
Deterministic concurrent LP optimizer: primal simplex, dual simplex, and barrier
Showing barrier log only...

Root barrier log...

Ordering time: 1.62s

Barrier statistics:
 AA' NZ     : 4.448e+06
 Factor NZ  : 1.146e+07 (roughly 400 MB of memory)
 Factor Ops : 2.736e+09 (less than 1 second per iteration)
 Threads    : 5

                  Objective                Residual
Iter       Primal          Dual         Primal    Dual     Compl     Time
   0   7.70074511e+12 -1.26909317e+13  9.36e+10 7.47e+01  1.59e+09    54s
   1   5.45720885e+12 -1.20706705e+13  6.54e+10 1.94e+02  1.12e+09    55s
   2   1.86150859e+12 -9.25304352e+12  2.16e+10 1.33e+02  3.91e+08    56s
   3   4.12941648e+11 -2.63724196e+12  3.91e+09 7.82e+00  7.66e+07    57s
   4   1.09325941e+11 -6.25164194e+11  3.59e+08 7.99e-01  8.14e+06    58s
   5   5.23296479e+10 -2.93678211e+11  1.22e+08 3.39e-01  2.94e+06    59s
   6   3.03241329e+10 -9.40292739e+10  5.97e+07 7.69e-02  1.39e+06    60s
   7   1.37659137e+10 -4.18481159e+10  2.24e+07 1.54e-02  5.35e+05    61s
   8   1.07406050e+10 -2.78543319e+10  1.70e+07 3.52e-03  3.98e+05    62s
   9   9.23802161e+09 -2.04057551e+10  1.43e+07 1.93e-03  3.36e+05    63s
  10   8.84370859e+09 -1.97943767e+10  1.37e+07 1.80e-03  3.21e+05    64s
  11   8.17834544e+09 -1.90001988e+10  1.25e+07 1.58e-03  2.94e+05    64s
  12   6.65651064e+09 -1.85229615e+10  9.95e+06 1.44e-03  2.36e+05    65s
  13   4.14857222e+09 -1.10623198e+10  5.98e+06 2.16e-04  1.39e+05    66s
  14   2.10097166e+09 -3.88702374e+09  2.82e+06 3.46e-11  6.44e+04    67s
  15   1.04408102e+09 -1.79750913e+09  1.35e+06 1.09e-11  3.04e+04    68s
  16   4.14284852e+08 -9.05584362e+08  5.00e+05 3.42e-10  1.15e+04    69s
  17   1.96236787e+08 -8.57196045e+08  2.31e+05 4.22e-10  5.62e+03    70s
  18   1.02742421e+08 -6.81435162e+08  1.14e+05 6.55e-11  2.89e+03    71s
  19   4.78627390e+07 -3.75070334e+08  4.95e+04 1.24e-10  1.26e+03    72s
  20   2.16106042e+07 -1.76077953e+08  2.10e+04 4.07e-10  5.10e+02    73s
  21   1.05860091e+07 -8.40174519e+07  9.89e+03 6.48e-10  2.24e+02    73s
  22   5.25205099e+06 -4.27555331e+07  4.73e+03 3.09e-10  1.03e+02    74s
  23   1.89777109e+06 -1.41504911e+07  1.55e+03 4.55e-12  3.23e+01    75s
  24   9.39977587e+05 -1.13244198e+07  7.47e+02 4.09e-12  1.85e+01    77s
  25   6.36950587e+05 -9.00681803e+06  4.98e+02 2.27e-12  1.32e+01    78s
  26   4.03707146e+05 -5.55995053e+06  3.08e+02 3.18e-12  8.01e+00    79s
  27   2.36455880e+05 -4.13801346e+06  1.74e+02 2.05e-12  5.14e+00    79s
  28   1.58000684e+05 -3.09129785e+06  1.14e+02 1.36e-12  3.58e+00    80s
  29   1.13990183e+05 -2.65569024e+06  7.97e+01 1.25e-12  2.82e+00    81s
  30   9.51321622e+04 -1.98891957e+06  6.54e+01 1.72e-12  2.16e+00    83s
  31   7.84840104e+04 -1.53083110e+06  5.28e+01 3.29e-12  1.67e+00    84s
  32   5.97563861e+04 -1.43076422e+06  3.91e+01 1.22e-12  1.43e+00    85s
  33   5.28476515e+04 -1.24157939e+06  3.41e+01 3.18e-12  1.23e+00    87s
  34   4.93422145e+04 -1.14401927e+06  3.14e+01 2.91e-12  1.13e+00    88s
  35   3.96639251e+04 -1.00195050e+06  2.44e+01 1.30e-12  9.44e-01    89s
  36   3.46533291e+04 -7.97042377e+05  2.06e+01 2.34e-12  7.55e-01    90s
  37   3.00461380e+04 -6.93113632e+05  1.73e+01 1.65e-12  6.44e-01    92s
  38   2.62716956e+04 -6.15691303e+05  1.45e+01 1.58e-12  5.59e-01    94s
  39   2.19626794e+04 -4.95344621e+05  1.13e+01 1.61e-12  4.41e-01    95s
  40   1.81320124e+04 -4.24689685e+05  8.59e+00 9.72e-13  3.65e-01    97s
  41   1.56331784e+04 -3.62285442e+05  6.76e+00 1.25e-12  3.04e-01    98s
  42   1.45955479e+04 -3.01695010e+05  6.01e+00 2.14e-12  2.54e-01    99s
  43   1.33294479e+04 -2.79018852e+05  5.13e+00 3.09e-12  2.31e-01   101s
  44   1.25622604e+04 -2.16855971e+05  4.58e+00 1.77e-12  1.82e-01   102s
  45   1.13064022e+04 -1.80766018e+05  3.70e+00 2.54e-12  1.50e-01   104s
  46   9.77404245e+03 -1.46130661e+05  2.67e+00 1.76e-12  1.18e-01   105s
  47   8.98615121e+03 -1.24789750e+05  2.15e+00 1.33e-12  1.00e-01   107s
  48   8.49331089e+03 -1.03038054e+05  1.83e+00 1.61e-12  8.27e-02   108s
  49   8.22711982e+03 -9.34487083e+04  1.68e+00 1.16e-12  7.50e-02   110s
  50   7.42583809e+03 -6.27540505e+04  1.22e+00 1.50e-12  5.10e-02   111s
  51   6.57415536e+03 -5.29164884e+04  7.74e-01 1.30e-12  4.20e-02   112s
  52   6.22319580e+03 -3.71689344e+04  6.22e-01 9.64e-13  3.05e-02   114s
  53   5.78908675e+03 -2.88234900e+04  4.60e-01 7.83e-13  2.40e-02   115s
  54   5.41909782e+03 -2.14348832e+04  3.47e-01 6.75e-13  1.85e-02   117s
  55   5.04567054e+03 -1.39785816e+04  2.53e-01 4.38e-13  1.30e-02   118s
  56   4.68706422e+03 -1.13923821e+04  1.73e-01 3.88e-13  1.09e-02   120s
  57   4.20201818e+03 -7.81372686e+03  8.54e-02 3.11e-13  8.08e-03   121s
  58   4.09483102e+03 -7.30602040e+03  7.38e-02 2.77e-13  7.66e-03   123s
  59   3.98430180e+03 -5.64670284e+03  6.44e-02 2.41e-13  6.46e-03   125s

Barrier performed 59 iterations in 124.82 seconds (80.00 work units)
Barrier solve interrupted - model solved by another algorithm

Concurrent spin time: 0.15s

Solved with dual simplex

Root simplex log...

Iteration    Objective       Primal Inf.    Dual Inf.      Time
  101315    2.0649945e+03   0.000000e+00   8.663097e-02    130s
  102737    2.0666170e+03   0.000000e+00   0.000000e+00    134s
Extra simplex iterations after uncrush: 14448

Root relaxation: objective 2.066617e+03, 102737 iterations, 92.74 seconds (42.06 work units)

    Nodes    |    Current Node    |     Objective Bounds      |     Work
 Expl Unexpl |  Obj  Depth IntInf | Incumbent    BestBd   Gap | It/Node Time

     0     0 2066.61697    0    3          - 2066.61697      -     -  134s
     0     0 2066.61697    0    3          - 2066.61697      -     -  135s
H    0     0                    2066.6261115 2066.61697  0.00%     -  137s

Explored 1 nodes (102741 simplex iterations) in 138.73 seconds (88.19 work units)
Thread count was 16 (of 16 available processors)

Solution count 2: 2066.63 2066.63 

Optimal solution found (tolerance 2.00e-03)
Warning: max constraint violation (7.9740e-02) exceeds tolerance
Warning: max bound violation (7.9189e-02) exceeds tolerance
Best objective 2.066626111493e+03, best bound 2.066626111493e+03, gap 0.0000%
the solution is feasible and optimal
Solution time: 161.78693199157715
Done solving model.
Time used solving the model: 247.43060779571533
----------Dumping data in pickle file...done.
Dumping results in pickle file.....done.
objective function value:  2066.6261114930435
objective function value normalized (Billion EURO):  206.66
                         2023                                            \
                           OO     OB     OP     BO     BB     BP     PO   
LCOT                    4.278  4.278  4.278  4.278  4.278  4.278  4.278   
LCOT (Empty Trips)      1.224  1.224  1.224  1.224  1.224  1.224  1.224   
Emission                0.394  0.394  0.394  0.394  0.394  0.394  0.394   
Emission (Empty Trips)  0.176  0.176  0.176  0.176  0.176  0.176  0.176   
CO2_Penalty             0.000  0.000  0.000  0.000  0.000  0.000  0.000   
Time value              1.345  1.345  1.345  1.345  1.345  1.345  1.345   
Transfer                2.074  2.074  2.074  2.074  2.074  2.074  2.074   
RailTrack               0.116  0.116  0.116  0.116  0.116  0.116  0.116   
Terminal                0.022  0.022  0.022  0.022  0.022  0.022  0.022   
RailElectr.             0.000  0.000  0.000  0.000  0.000  0.000  0.000   
Charging                0.000  0.000  0.000  0.000  0.000  0.000  0.000   
H2_Filling              0.000  0.000  0.000  0.000  0.000  0.000  0.000   

                                       2028                              \
                           PB     PP     OO     OB     OP     BO     BB   
LCOT                    4.278  4.278  4.768  4.768  4.768  4.768  4.768   
LCOT (Empty Trips)      1.224  1.224  1.067  1.067  1.067  1.067  1.067   
Emission                0.394  0.394  0.903  0.903  0.903  0.903  0.903   
Emission (Empty Trips)  0.176  0.176  0.248  0.248  0.248  0.248  0.248   
CO2_Penalty             0.000  0.000  0.000  0.000  0.000  0.000  0.000   
Time value              1.345  1.345  1.631  1.631  1.631  1.631  1.631   
Transfer                2.074  2.074  2.635  2.635  2.635  2.635  2.635   
RailTrack               0.116  0.116  0.000  0.000  0.000  0.000  0.000   
Terminal                0.022  0.022  0.030  0.030  0.030  0.030  0.030   
RailElectr.             0.000  0.000  0.000  0.000  0.000  0.000  0.000   
Charging                0.000  0.000  0.006  0.006  0.006  0.006  0.006   
H2_Filling              0.000  0.000 -0.000 -0.000 -0.000 -0.000 -0.000   

                                                     2034                \
                           BP     PO     PB     PP     OO     OB     OP   
LCOT                    4.768  4.768  4.768  4.768  5.035  4.888  4.899   
LCOT (Empty Trips)      1.067  1.067  1.067  1.067  1.071  1.046  1.048   
Emission                0.903  0.903  0.903  0.903  0.937  1.092  1.093   
Emission (Empty Trips)  0.248  0.248  0.248  0.248  0.271  0.298  0.298   
CO2_Penalty             0.000  0.000  0.000  0.000  0.000  0.000  0.000   
Time value              1.631  1.631  1.631  1.631  1.933  1.930  1.931   
Transfer                2.635  2.635  2.635  2.635  3.111  3.111  3.108   
RailTrack               0.000  0.000  0.000  0.000  0.000  0.000  0.000   
Terminal                0.030  0.030  0.030  0.030  0.000  0.000  0.000   
RailElectr.             0.000  0.000  0.000  0.000  0.000  0.000  0.000   
Charging                0.006  0.006  0.006  0.006  0.031  0.009  0.009   
H2_Filling             -0.000 -0.000 -0.000 -0.000  0.000  0.000  0.000   

                                                                   2040  \
                           BO     BB     BP     PO     PB     PP     OO   
LCOT                    5.630  5.692  5.502  5.746  5.807  5.899  5.294   
LCOT (Empty Trips)      1.299  1.208  1.216  1.333  1.346  1.261  1.126   
Emission                0.672  0.672  0.864  0.669  0.672  0.672  0.733   
Emission (Empty Trips)  0.134  0.233  0.232  0.116  0.133  0.233  0.222   
CO2_Penalty             0.000  0.000  0.000  0.000  0.000  0.000  0.000   
Time value              1.932  1.931  1.931  1.931  1.931  1.929  2.040   
Transfer                3.110  3.114  3.115  3.113  3.115  3.114  3.010   
RailTrack               0.000  0.000  0.000  0.000  0.000  0.000  0.000   
Terminal                0.000  0.000  0.000  0.000  0.000  0.000  0.000   
RailElectr.             0.000  0.000  0.000  0.000  0.000  0.000  0.000   
Charging                0.046  0.046  0.046  0.046  0.046  0.046  0.067   
H2_Filling              0.000  0.000  0.000  0.000  0.000  0.000  0.001   

                                                                         \
                           OB     OP     BO     BB     BP     PO     PB   
LCOT                    5.238  5.282  5.947  6.077  5.827  6.037  6.168   
LCOT (Empty Trips)      1.120  1.129  1.402  1.259  1.242  1.403  1.461   
Emission                0.818  0.818  0.355  0.360  0.675  0.355  0.355   
Emission (Empty Trips)  0.222  0.222  0.004  0.203  0.222  0.004  0.004   
CO2_Penalty             0.000  0.000  0.000  0.000  0.000  0.000  0.000   
Time value              2.039  2.042  2.039  2.043  2.040  2.041  2.040   
Transfer                3.026  3.010  3.013  3.016  3.012  3.011  3.013   
RailTrack               0.000  0.000  0.000  0.000  0.000  0.000  0.000   
Terminal                0.000  0.001  0.000  0.000  0.000  0.000  0.001   
RailElectr.             0.000  0.000  0.000  0.000  0.000  0.000  0.000   
Charging                0.067  0.067  0.067  0.067  0.067  0.067  0.067   
H2_Filling              0.000  0.000  0.001  0.001  0.001  0.001  0.001   

                                2050                                     \
                           PP     OO     OB     OP     BO     BB     BP   
LCOT                    6.323  6.214  6.112  6.136  6.585  6.828  6.796   
LCOT (Empty Trips)      1.312  1.412  1.258  1.252  1.434  1.479  1.536   
Emission                0.361  0.433  0.746  0.776  0.055  0.055  0.374   
Emission (Empty Trips)  0.204  0.029  0.220  0.235  0.000 -0.000 -0.000   
CO2_Penalty             0.000  0.000  0.000  0.000  0.000  0.000  0.000   
Time value              2.042  2.415  2.409  2.409  2.412  2.407  2.406   
Transfer                3.013  3.305  3.254  3.249  3.251  3.250  3.246   
RailTrack               0.000  0.000  0.000  0.000  0.000  0.000  0.000   
Terminal                0.000  0.000  0.000  0.000  0.000  0.000  0.000   
RailElectr.             0.000  0.000  0.000  0.000  0.000  0.000  0.000   
Charging                0.067  0.042  0.042  0.042  0.042  0.042  0.042   
H2_Filling              0.001  0.000  0.000  0.000  0.000  0.000  0.000   

                                              2023        2028                \
                           PO     PB     PP   mean  std   mean           std   
LCOT                    6.604  6.844  7.042  4.278  0.0  4.768  0.000000e+00   
LCOT (Empty Trips)      1.435  1.479  1.534  1.224  0.0  1.067  0.000000e+00   
Emission                0.055  0.055  0.056  0.394  0.0  0.903  0.000000e+00   
Emission (Empty Trips)  0.000  0.000  0.000  0.176  0.0  0.248  2.943923e-17   
CO2_Penalty             0.000  0.000  0.000  0.000  0.0  0.000  0.000000e+00   
Time value              2.413  2.408  2.407  1.345  0.0  1.631  0.000000e+00   
Transfer                3.250  3.251  3.246  2.074  0.0  2.635  0.000000e+00   
RailTrack               0.000  0.000  0.000  0.116  0.0  0.000  0.000000e+00   
Terminal                0.000  0.000  0.000  0.022  0.0  0.030  3.679904e-18   
RailElectr.             0.000  0.000  0.000  0.000  0.0  0.000  0.000000e+00   
Charging                0.042  0.042  0.042  0.000  0.0  0.006  0.000000e+00   
H2_Filling              0.000  0.000  0.000  0.000  0.0  0.000  0.000000e+00   

                            2034                2040                2050  \
                            mean       std      mean       std      mean   
LCOT                    5.455333  0.403384  5.799222  0.418985  6.573444   
LCOT (Empty Trips)      1.203111  0.120531  1.272667  0.131013  1.424333   
Emission                0.815889  0.185204  0.536667  0.217100  0.289444   
Emission (Empty Trips)  0.216444  0.071518  0.145222  0.106186  0.053778   
CO2_Penalty             0.000000  0.000000  0.000000  0.000000  0.000000   
Time value              1.931000  0.001118  2.040667  0.001414  2.409556   
Transfer                3.112333  0.002449  3.013778  0.004944  3.255778   
RailTrack               0.000000  0.000000  0.000000  0.000000  0.000000   
Terminal                0.000000  0.000000  0.000222  0.000441  0.000000   
RailElectr.             0.000000  0.000000  0.000000  0.000000  0.000000   
Charging                0.036111  0.016136  0.067000  0.000000  0.042000   
H2_Filling              0.000000  0.000000  0.000778  0.000441  0.000000   

                                  
                             std  
LCOT                    0.343080  
LCOT (Empty Trips)      0.104999  
Emission                0.305633  
Emission (Empty Trips)  0.099019  
CO2_Penalty             0.000000  
Time value              0.003087  
Transfer                0.018626  
RailTrack               0.000000  
Terminal                0.000000  
RailElectr.             0.000000  
Charging                0.000000  
H2_Filling              0.000000  
                       2023     2028      2034      2040      2050     
                       mean std mean  std mean  std mean  std mean  std
LCOT                    4.3   0  4.8    0  5.5  0.4  5.8 0.42  6.6 0.34
LCOT (Empty Trips)      1.2   0  1.1    0  1.2 0.12  1.3 0.13  1.4  0.1
Emission               0.39   0  0.9    0 0.82 0.19 0.54 0.22 0.29 0.31
Emission (Empty Trips) 0.18   0 0.25    0 0.22 0.07 0.15 0.11 0.05  0.1
CO2_Penalty               0   0    0    0    0    0    0    0    0    0
Time value              1.4   0  1.6    0  1.9    0    2    0  2.4    0
Transfer                2.1   0  2.6    0  3.1    0    3    0  3.3 0.02
RailTrack              0.12   0    0    0    0    0    0    0    0    0
Terminal               0.02   0 0.03    0    0    0    0    0    0    0
RailElectr.               0   0    0    0    0    0    0    0    0    0
Charging                  0   0 0.01    0 0.04 0.02 0.07    0 0.04    0
H2_Filling                0   0    0    0    0    0    0    0    0    0
discount_factor           1   1 0.78 0.78 0.58 0.58 0.44 0.44 0.27 0.27
emissions (MTonnes CO2 eq.):
             AvgEmission     Std  AvgEmission_perc  Std_perc
time_period                                                 
2023                 7.2       0             1e+02         0
2028                 6.6 2.1e-09                91   2.8e-08
2034                 4.9     1.2                68        17
2040                 3.2     1.5                45        21
2050                 1.6     1.9                22        26
----------------
Average transport work in GTONNES*km:
    mode            product time_period TransportArbeid
0   Rail           Dry bulk        2023             9.6
1   Rail           Neo bulk        2023          0.0012
2   Road  Break bulk (fast)        2023             5.5
3   Road  Break bulk (slow)        2023             5.7
4   Road   Container (fast)        2023               2
5   Road   Container (slow)        2023             2.6
6   Road           Dry bulk        2023            0.56
7   Road           Neo bulk        2023              12
8    Sea  Break bulk (fast)        2023           0.091
9    Sea  Break bulk (slow)        2023             1.1
10   Sea   Container (fast)        2023             0.1
11   Sea   Container (slow)        2023             1.1
12   Sea           Dry bulk        2023              97
13   Sea           Neo bulk        2023            0.26

