----------------------------
Doing the following analysis: 
FuelScen_carbontaxbase_demand_scaled_0%_risk_rate_0.0
----------------------------
Reading data...
Reading and constructing data
Function construct_sets Took 0.0013 seconds
Function construct_network Took 0.0048 seconds
Transport demand in the base year 2018 (in MTonnes):
             product  tot_weight
0           Dry bulk       94.86
1   Container (fast)        4.07
2   Container (slow)        9.23
3  Break bulk (fast)       11.61
4  Break bulk (slow)       15.37
5           Neo bulk       19.28
Function construct_ODD Took 0.5198 seconds
Function construct_vehicles Took 0.5591 seconds
Function construct_emission_transfer Took 0.1483 seconds
Function construct_costs Took 2.2860 seconds
Function construct_time_value Took 0.0011 seconds
Function construct_investments Took 0.0086 seconds
Function construct_charging_edges Took 0.1844 seconds
Function construct_tech_readiness Took 0.0048 seconds
Function construct_path_generation Took 0.1595 seconds
Function construct_param2 Took 0.0593 seconds
Function combined_sets Took 0.4235 seconds
Function combined_sets Took 0.4419 seconds
Done reading data.
Time used reading the base data: 16.51474142074585
Solving the first time period for initialization purposes...
Function combined_sets Took 0.1657 seconds
Set parameter Username
Academic license - for non-commercial use only - expires 2025-09-27
Read LP format model from file C:\Users\sandee\Documents\Github\STraM_ntnu_development\temp\pyomo\tmp6yncdq8h.pyomo.lp
Reading time = 4.79 seconds
x1: 2206927 rows, 540793 columns, 7780366 nonzeros
Set parameter FeasibilityTol to value 0.0001
Set parameter MIPGap to value 0.002
Gurobi Optimizer version 11.0.0 build v11.0.0rc2 (win64 - Windows 10.0 (19045.2))

CPU model: Intel(R) Core(TM) i7-10700 CPU @ 2.90GHz, instruction set [SSE2|AVX|AVX2]
Thread count: 8 physical cores, 16 logical processors, using up to 16 threads

Optimize a model with 2206927 rows, 540793 columns and 7780366 nonzeros
Model fingerprint: 0x32320031
Coefficient statistics:
  Matrix range     [6e-06, 1e+03]
  Objective range  [8e-02, 3e-01]
  Bounds range     [0e+00, 0e+00]
  RHS range        [1e-03, 9e+01]
Presolve removed 2204267 rows and 518514 columns
Presolve time: 4.35s
Presolved: 2660 rows, 23242 columns, 201160 nonzeros

Concurrent LP optimizer: primal simplex, dual simplex, and barrier
Showing barrier log only...

Ordering time: 0.02s

Barrier statistics:
 AA' NZ     : 8.445e+04
 Factor NZ  : 1.919e+05 (roughly 12 MB of memory)
 Factor Ops : 2.716e+07 (less than 1 second per iteration)
 Threads    : 6

                  Objective                Residual
Iter       Primal          Dual         Primal    Dual     Compl     Time
   0   4.26692382e+00 -5.65025000e-01  2.86e+05 0.00e+00  1.23e+00     4s
   1   1.52523011e+00 -6.13318261e-01  6.92e+04 2.27e-02  3.11e-01     4s
   2   6.91253363e-01  6.11788601e-01  1.42e+04 1.52e-02  6.80e-02     4s
   3   6.97744691e-01  7.19661254e+00  5.24e+03 3.38e-03  2.50e-02     4s
   4   1.48927701e+00  2.76125727e+01  2.88e+03 1.11e-03  1.37e-02     4s
   5   5.89940540e+00  4.02212780e+01  2.52e+03 9.30e-04  1.20e-02     4s
   6   1.02907533e+01  4.72822897e+01  2.29e+03 8.05e-04  1.09e-02     5s
   7   1.82829249e+01  5.77826639e+01  1.60e+03 6.01e-04  7.53e-03     5s
   8   2.24823066e+01  6.77806464e+01  1.34e+03 5.00e-04  6.38e-03     5s
   9   2.61812027e+01  8.05511545e+01  1.11e+03 4.06e-04  5.22e-03     5s
  10   2.97641503e+01  9.18939862e+01  9.80e+02 3.74e-04  4.54e-03     5s
  11   3.42603978e+01  9.60387090e+01  8.77e+02 3.37e-04  4.02e-03     5s
  12   4.05296612e+01  1.06395773e+02  7.51e+02 2.99e-04  3.38e-03     5s
  13   4.31409709e+01  1.12961437e+02  7.09e+02 2.85e-04  3.18e-03     5s
  14   4.51833837e+01  1.16758070e+02  6.83e+02 2.78e-04  3.06e-03     5s
  15   4.57532278e+01  1.20735754e+02  6.76e+02 2.68e-04  3.03e-03     5s
  16   4.88558693e+01  1.23884730e+02  6.41e+02 2.58e-04  2.86e-03     5s
  17   5.30984236e+01  1.25238510e+02  6.03e+02 2.42e-04  2.74e-03     5s
  18   6.07893262e+01  1.39664727e+02  5.16e+02 2.15e-04  2.29e-03     5s
  19   6.35892017e+01  1.43040741e+02  4.89e+02 2.11e-04  2.14e-03     5s
  20   6.64636768e+01  1.46139040e+02  4.66e+02 2.08e-04  2.03e-03     5s
  21   6.73130644e+01  1.57120547e+02  4.60e+02 1.92e-04  2.02e-03     5s
  22   6.94185873e+01  1.63574277e+02  4.45e+02 1.83e-04  1.95e-03     5s
  23   7.31156728e+01  1.69575991e+02  4.22e+02 1.75e-04  1.84e-03     5s
  24   7.69137129e+01  1.73560143e+02  4.01e+02 1.69e-04  1.74e-03     5s
  25   8.00851354e+01  1.76802228e+02  3.84e+02 1.62e-04  1.66e-03     5s
  26   8.42209623e+01  1.80505273e+02  3.63e+02 1.59e-04  1.57e-03     5s
  27   8.82557996e+01  1.85304701e+02  3.43e+02 1.55e-04  1.46e-03     5s
  28   9.05511744e+01  1.87246288e+02  3.32e+02 1.52e-04  1.41e-03     5s
  29   9.59179051e+01  1.92408548e+02  3.09e+02 1.46e-04  1.29e-03     5s
  30   9.89654951e+01  1.96611003e+02  2.96e+02 1.42e-04  1.23e-03     5s
  31   1.06741836e+02  2.01093874e+02  2.67e+02 1.37e-04  1.07e-03     5s
  32   1.12022588e+02  2.13810265e+02  2.47e+02 1.26e-04  9.84e-04     5s
  33   1.14206673e+02  2.16821779e+02  2.40e+02 1.24e-04  9.46e-04     5s
  34   1.15950448e+02  2.23512984e+02  2.35e+02 1.20e-04  9.30e-04     5s
  35   1.20445696e+02  2.30011678e+02  2.22e+02 1.17e-04  8.61e-04     5s
  36   1.24780134e+02  2.40944433e+02  2.11e+02 1.11e-04  8.11e-04     5s
  37   1.28605779e+02  2.52789040e+02  2.01e+02 1.06e-04  7.73e-04     5s
  38   1.32829029e+02  2.60972334e+02  1.92e+02 1.03e-04  7.16e-04     5s
  39   1.36051710e+02  2.64402943e+02  1.86e+02 1.01e-04  6.82e-04     5s
  40   1.41615608e+02  2.71489242e+02  1.76e+02 9.75e-05  6.31e-04     5s
  41   1.45434451e+02  2.79167496e+02  1.70e+02 9.50e-05  6.03e-04     5s
  42   1.48804049e+02  2.86125088e+02  1.65e+02 9.30e-05  5.91e-04     5s
  43   1.51728705e+02  2.93784751e+02  1.61e+02 9.14e-05  5.74e-04     5s
  44   1.53279637e+02  3.03968158e+02  1.59e+02 8.95e-05  5.69e-04     5s
  45   1.54849580e+02  3.09808905e+02  1.57e+02 8.84e-05  5.62e-04     5s
  46   1.55206301e+02  3.12459780e+02  1.56e+02 8.81e-05  5.59e-04     5s
  47   1.57925576e+02  3.20001366e+02  1.53e+02 8.66e-05  5.48e-04     5s
  48   1.60648839e+02  3.30937534e+02  1.50e+02 8.50e-05  5.39e-04     5s
  49   1.64820947e+02  3.31084482e+02  1.46e+02 8.39e-05  5.17e-04     5s
  50   1.68042649e+02  3.41188153e+02  1.44e+02 8.20e-05  5.14e-04     5s
  51   1.72923133e+02  3.46337399e+02  1.39e+02 7.96e-05  4.99e-04     5s
  52   1.76029482e+02  3.51549598e+02  1.37e+02 7.80e-05  4.89e-04     5s
  53   1.79954903e+02  3.53661838e+02  1.34e+02 7.74e-05  4.75e-04     5s
  54   1.83666327e+02  3.58821551e+02  1.31e+02 7.57e-05  4.62e-04     5s
  55   1.86402169e+02  3.61685291e+02  1.29e+02 7.50e-05  4.54e-04     5s
  56   1.87404506e+02  3.63416799e+02  1.28e+02 7.48e-05  4.52e-04     5s
  57   1.91354882e+02  3.67284308e+02  1.25e+02 7.38e-05  4.40e-04     5s

Barrier performed 57 iterations in 4.90 seconds (5.43 work units)
Barrier solve interrupted - model solved by another algorithm


Solved with primal simplex
Iteration    Objective       Primal Inf.    Dual Inf.      Time
    9781    5.7790492e+02   9.000000e-04   1.628435e+08      6s
Extra simplex iterations after uncrush: 3
    9787    5.7790517e+02   0.000000e+00   0.000000e+00      7s

Solved in 9787 iterations and 7.36 seconds (9.69 work units)
Optimal objective  5.779051731e+02
the solution is feasible and optimal
Solution time: 15.50953459739685
Function combined_sets Took 0.4260 seconds
-----
Constructing full SP model...
Done constructing model.
Time used constructing the model: 89.78855514526367
----------
Solving model...
Set parameter Username
Academic license - for non-commercial use only - expires 2025-09-27
Read LP format model from file C:\Users\sandee\Documents\Github\STraM_ntnu_development\temp\pyomo\tmp7grp_bt_.pyomo.lp
Reading time = 15.05 seconds
x1: 4554352 rows, 1834336 columns, 25949476 nonzeros
Set parameter FeasibilityTol to value 0.01
Set parameter MIPGap to value 0.002
Gurobi Optimizer version 11.0.0 build v11.0.0rc2 (win64 - Windows 10.0 (19045.2))

CPU model: Intel(R) Core(TM) i7-10700 CPU @ 2.90GHz, instruction set [SSE2|AVX|AVX2]
Thread count: 8 physical cores, 16 logical processors, using up to 16 threads

Optimize a model with 4554352 rows, 1834336 columns and 25949476 nonzeros
Model fingerprint: 0x256d6f36
Variable types: 1834030 continuous, 306 integer (306 binary)
Coefficient statistics:
  Matrix range     [6e-06, 1e+03]
  Objective range  [8e-02, 3e-01]
  Bounds range     [1e+00, 6e+04]
  RHS range        [1e-03, 9e+01]
Presolve removed 19530 rows and 72 columns (presolve time = 6s) ...
Presolve removed 4353661 rows and 1037449 columns (presolve time = 10s) ...
Presolve removed 4353661 rows and 1037449 columns
Presolve time: 10.39s
Presolved: 200691 rows, 796887 columns, 16339455 nonzeros
Variable types: 796853 continuous, 34 integer (34 binary)
Deterministic concurrent LP optimizer: primal simplex, dual simplex, and barrier
Showing barrier log only...

Root barrier log...

Ordering time: 1.62s

Barrier statistics:
 AA' NZ     : 4.447e+06
 Factor NZ  : 1.151e+07 (roughly 400 MB of memory)
 Factor Ops : 2.818e+09 (less than 1 second per iteration)
 Threads    : 5

                  Objective                Residual
Iter       Primal          Dual         Primal    Dual     Compl     Time
   0   3.54572295e+13 -1.56650211e+13  1.26e+11 8.21e+01  6.84e+09    56s
   1   2.42152755e+13 -1.62412793e+13  8.55e+10 2.77e+02  4.71e+09    57s
   2   1.55240646e+13 -1.41782340e+13  5.39e+10 1.90e+02  3.02e+09    58s
   3   4.25741014e+12 -9.11384111e+12  1.31e+10 6.45e+01  7.72e+08    59s
   4   1.06525905e+12 -4.58207516e+12  1.60e+09 7.64e+00  1.16e+08    60s
   5   5.43323949e+11 -1.38513347e+12  2.73e+08 9.23e-01  2.55e+07    61s
   6   2.10578483e+11 -4.46642467e+11  5.75e+07 1.76e-01  5.69e+06    62s
   7   8.53937728e+10 -1.39875506e+11  1.82e+07 3.45e-02  1.86e+06    63s
   8   3.48226306e+10 -4.61340568e+10  6.14e+06 1.86e-03  6.42e+05    64s
   9   3.20883795e+10 -3.56898791e+10  5.62e+06 2.73e-11  5.88e+05    65s
  10   2.25104331e+10 -3.06772164e+10  3.86e+06 7.64e-11  4.07e+05    66s
  11   3.54572295e+13 -1.56650211e+13  1.26e+11 8.21e+01  6.84e+09    67s
  12   1.18575985e+13 -8.15449460e+12  4.21e+10 1.73e+02  1.39e+09    68s
  13   4.71413579e+12 -4.13818985e+12  1.59e+10 6.51e+01  4.06e+08    69s
  14   5.66051513e+11 -8.49174595e+11  1.67e+09 1.52e+01  2.13e+07    70s
  15   9.32370793e+10 -1.11974033e+11  1.75e+08 2.30e+00  1.55e+06    72s
  16   3.26845267e+10 -1.93559934e+10  5.77e+07 5.48e-01  3.59e+05    73s
  17   1.88691224e+10 -8.10424684e+09  3.23e+07 2.36e-01  1.66e+05    73s
  18   9.60896221e+09 -3.13234352e+09  1.66e+07 9.28e-02  7.11e+04    74s
  19   5.39615275e+09 -1.90612303e+09  9.53e+06 5.44e-02  3.69e+04    75s
  20   3.88782411e+09 -1.37497671e+09  6.90e+06 3.88e-02  2.55e+04    76s
  21   3.25176221e+09 -1.24946817e+09  5.62e+06 3.55e-02  2.08e+04    77s
  22   2.39861950e+09 -1.03022910e+09  4.17e+06 2.74e-02  1.51e+04    78s
  23   1.60781152e+09 -4.37433676e+08  2.82e+06 9.41e-03  9.27e+03    79s
  24   9.20212466e+08 -1.57475716e+08  1.67e+06 1.82e-03  4.76e+03    81s
  25   3.39662708e+08 -8.91483963e+07  6.63e+05 5.88e-04  1.64e+03    82s
  26   1.50573181e+08 -5.62041041e+07  3.23e+05 2.19e-04  7.01e+02    83s
  27   6.88800723e+07 -4.34538025e+07  1.67e+05 1.21e-04  3.30e+02    84s
  28   2.25412368e+07 -2.87301680e+07  6.36e+04 3.06e-05  1.14e+02    85s
  29   1.30947397e+07 -1.67916243e+07  3.85e+04 7.05e-13  5.82e+01    86s
  30   7.89191612e+06 -8.72025069e+06  2.40e+04 2.11e-13  2.82e+01    87s
  31   4.28743057e+06 -4.85001562e+06  1.39e+04 2.90e-13  1.35e+01    88s
  32   3.43103608e+06 -3.06223846e+06  1.12e+04 4.96e-13  9.09e+00    89s
  33   2.14132269e+06 -2.59806364e+06  7.26e+03 7.29e-13  6.00e+00    90s
  34   1.79215213e+06 -2.26488875e+06  6.14e+03 6.17e-13  4.95e+00    91s
  35   1.04850260e+06 -1.40947814e+06  3.66e+03 5.59e-13  2.74e+00    93s
  36   3.47139058e+05 -4.75215777e+05  1.21e+03 2.15e-13  7.86e-01    94s
  37   1.72782820e+05 -2.72386291e+05  5.87e+02 1.01e-13  3.97e-01    95s
  38   8.46530484e+04 -1.64991547e+05  2.74e+02 1.10e-13  2.08e-01    96s
  39   4.61502722e+04 -1.14070963e+05  1.37e+02 1.11e-13  1.26e-01    97s
  40   3.42457295e+04 -8.96615326e+04  9.54e+01 1.32e-13  9.52e-02    98s
  41   2.41976868e+04 -6.34940719e+04  6.05e+01 7.84e-14  6.59e-02    99s
  42   1.93445615e+04 -4.79897775e+04  4.45e+01 8.21e-14  5.01e-02   100s
  43   1.72345779e+04 -4.32007256e+04  3.76e+01 1.08e-13  4.46e-02   101s
  44   1.60998029e+04 -4.06139847e+04  3.39e+01 1.12e-13  4.17e-02   103s
  45   1.48082137e+04 -3.36737189e+04  3.00e+01 7.09e-14  3.57e-02   104s
  46   1.34491393e+04 -2.57435391e+04  2.59e+01 6.64e-14  2.89e-02   106s
  47   1.09568365e+04 -1.82553549e+04  1.84e+01 1.25e-13  2.14e-02   107s
  48   9.52994607e+03 -1.18797325e+04  1.39e+01 1.08e-13  1.57e-02   108s
  49   8.77696591e+03 -9.05631446e+03  1.15e+01 1.28e-13  1.31e-02   110s
  50   7.86911501e+03 -7.39222703e+03  8.73e+00 9.32e-14  1.11e-02   111s
  51   7.56311522e+03 -6.93148898e+03  7.73e+00 1.11e-13  1.05e-02   113s
  52   7.28746167e+03 -6.32179751e+03  6.82e+00 1.03e-13  9.79e-03   114s
  53   7.09291801e+03 -5.42569803e+03  6.17e+00 9.46e-14  9.00e-03   115s
  54   7.00393159e+03 -4.78082511e+03  5.88e+00 1.28e-13  8.48e-03   117s
  55   6.81510435e+03 -4.20931583e+03  5.18e+00 1.49e-13  7.91e-03   119s
  56   6.54110550e+03 -3.67864358e+03  4.24e+00 1.24e-13  7.27e-03   120s

Barrier performed 56 iterations in 120.27 seconds (77.50 work units)
Barrier solve interrupted - model solved by another algorithm

Concurrent spin time: 0.12s

Solved with dual simplex

Root simplex log...

Iteration    Objective       Primal Inf.    Dual Inf.      Time
   95567    4.6447024e+03   0.000000e+00   0.000000e+00    125s
Extra simplex iterations after uncrush: 5733

Root relaxation: objective 4.644702e+03, 95567 iterations, 80.34 seconds (32.99 work units)

    Nodes    |    Current Node    |     Objective Bounds      |     Work
 Expl Unexpl |  Obj  Depth IntInf | Incumbent    BestBd   Gap | It/Node Time

     0     0 4644.70242    0    3          - 4644.70242      -     -  125s
H    0     0                    4644.7628355 4644.70242  0.00%     -  127s

Explored 1 nodes (95567 simplex iterations) in 129.99 seconds (78.55 work units)
Thread count was 16 (of 16 available processors)

Solution count 2: 4644.76 4644.76 

Optimal solution found (tolerance 2.00e-03)
Warning: max constraint violation (7.9740e-02) exceeds tolerance
Warning: max bound violation (7.9009e-02) exceeds tolerance
Best objective 4.644762835477e+03, best bound 4.644762835477e+03, gap 0.0000%
the solution is feasible and optimal
Solution time: 152.15575981140137
Done solving model.
Time used solving the model: 236.29638624191284
----------Dumping data in pickle file...done.
Dumping results in pickle file.....done.
objective function value:  4644.762835477146
objective function value normalized (Billion EURO):  464.48
                         2023                                            \
                           OO     OB     OP     BO     BB     BP     PO   
LCOT                    4.300  4.300  4.300  4.300  4.300  4.300  4.300   
LCOT (Empty Trips)      1.234  1.234  1.234  1.234  1.234  1.234  1.234   
Emission                0.394  0.394  0.394  0.394  0.394  0.394  0.394   
Emission (Empty Trips)  0.176  0.176  0.176  0.176  0.176  0.176  0.176   
CO2_Penalty             0.000  0.000  0.000  0.000  0.000  0.000  0.000   
Time value              1.341  1.341  1.341  1.341  1.341  1.341  1.341   
Transfer                2.054  2.054  2.054  2.054  2.054  2.054  2.054   
RailTrack               0.123  0.123  0.123  0.123  0.123  0.123  0.123   
Terminal                0.074  0.074  0.074  0.074  0.074  0.074  0.074   
RailElectr.             0.000  0.000  0.000  0.000  0.000  0.000  0.000   
Charging                0.000  0.000  0.000  0.000  0.000  0.000  0.000   
H2_Filling              0.000  0.000  0.000  0.000  0.000  0.000  0.000   

                                       2028                              \
                           PB     PP     OO     OB     OP     BO     BB   
LCOT                    4.300  4.300  4.807  4.807  4.807  4.807  4.807   
LCOT (Empty Trips)      1.234  1.234  1.078  1.078  1.078  1.078  1.078   
Emission                0.394  0.394  0.896  0.896  0.896  0.896  0.896   
Emission (Empty Trips)  0.176  0.176  0.250  0.250  0.250  0.250  0.250   
CO2_Penalty             0.000  0.000  0.000  0.000  0.000  0.000  0.000   
Time value              1.341  1.341  1.626  1.626  1.626  1.626  1.626   
Transfer                2.054  2.054  2.599  2.599  2.599  2.599  2.599   
RailTrack               0.123  0.123  0.005  0.005  0.005  0.005  0.005   
Terminal                0.074  0.074  0.000  0.000  0.000  0.000  0.000   
RailElectr.             0.000  0.000  0.000  0.000  0.000  0.000  0.000   
Charging                0.000  0.000  0.008  0.008  0.008  0.008  0.008   
H2_Filling              0.000  0.000  0.000  0.000  0.000  0.000  0.000   

                                                     2034                \
                           BP     PO     PB     PP     OO     OB     OP   
LCOT                    4.807  4.807  4.807  4.807  5.075  4.931  4.944   
LCOT (Empty Trips)      1.078  1.078  1.078  1.078  1.075  1.054  1.057   
Emission                0.896  0.896  0.896  0.896  0.929  1.088  1.088   
Emission (Empty Trips)  0.250  0.250  0.250  0.250  0.271  0.298  0.299   
CO2_Penalty             0.000  0.000  0.000  0.000  0.000  0.000  0.000   
Time value              1.626  1.626  1.626  1.626  1.932  1.931  1.933   
Transfer                2.599  2.599  2.599  2.599  3.106  3.098  3.096   
RailTrack               0.005  0.005  0.005  0.005  0.000  0.000  0.000   
Terminal                0.000  0.000  0.000  0.000  0.000  0.000  0.000   
RailElectr.             0.000  0.000  0.000  0.000  0.000  0.000  0.000   
Charging                0.008  0.008  0.008  0.008  0.062  0.017  0.017   
H2_Filling              0.000  0.000  0.000  0.000  0.000  0.000  0.000   

                                                                   2040  \
                           BO     BB     BP     PO     PB     PP     OO   
LCOT                    5.669  5.735  5.545  5.783  5.850  5.958  5.413   
LCOT (Empty Trips)      1.324  1.218  1.224  1.345  1.376  1.268  1.128   
Emission                0.662  0.662  0.857  0.659  0.662  0.662  0.676   
Emission (Empty Trips)  0.109  0.232  0.232  0.109  0.109  0.232  0.221   
CO2_Penalty             0.000  0.000  0.000  0.000  0.000  0.000  0.000   
Time value              1.932  1.931  1.930  1.931  1.931  1.931  2.050   
Transfer                3.102  3.102  3.104  3.100  3.101  3.103  3.013   
RailTrack               0.000  0.000  0.000  0.000  0.000  0.000  0.000   
Terminal                0.000  0.000  0.000  0.000  0.000  0.000  0.003   
RailElectr.             0.000  0.000  0.000  0.000  0.000  0.000  0.000   
Charging                0.089  0.089  0.088  0.089  0.089  0.089  0.192   
H2_Filling              0.000  0.000  0.000  0.000  0.000  0.000  0.002   

                                                                         \
                           OB     OP     BO     BB     BP     PO     PB   
LCOT                    5.298  5.325  6.004  6.132  6.024  6.072  6.223   
LCOT (Empty Trips)      1.118  1.122  1.404  1.268  1.234  1.402  1.463   
Emission                0.820  0.820  0.343  0.348  0.561  0.343  0.343   
Emission (Empty Trips)  0.222  0.222  0.004  0.196  0.222  0.004  0.004   
CO2_Penalty             0.000  0.000  0.000  0.000  0.000  0.000  0.000   
Time value              2.052  2.052  2.049  2.049  2.050  2.052  2.051   
Transfer                3.009  3.019  3.011  3.015  3.019  3.028  3.016   
RailTrack               0.000  0.000  0.000  0.000  0.000  0.000  0.000   
Terminal                0.003  0.003  0.003  0.003  0.003  0.003  0.003   
RailElectr.             0.000  0.000  0.000  0.000  0.000  0.000  0.000   
Charging                0.191  0.190  0.192  0.192  0.191  0.191  0.192   
H2_Filling              0.000  0.000  0.002  0.002  0.002  0.002  0.002   

                                2050                                     \
                           PP     OO     OB     OP     BO     BB     BP   
LCOT                    6.380  6.341  6.445  6.154  6.615  6.858  6.901   
LCOT (Empty Trips)      1.331  1.433  1.446  1.252  1.433  1.479  1.534   
Emission                0.350  0.372  0.437  0.782  0.044  0.043  0.256   
Emission (Empty Trips)  0.197  0.000  0.032  0.236  0.000  0.000  0.000   
CO2_Penalty             0.000  0.000  0.000  0.000  0.000  0.000  0.000   
Time value              2.052  2.434  2.429  2.429  2.434  2.429  2.428   
Transfer                3.000  3.313  3.313  3.312  3.313  3.312  3.312   
RailTrack               0.000  0.000  0.000  0.000  0.000  0.000  0.000   
Terminal                0.003  0.000  0.000  0.000  0.000  0.000  0.000   
RailElectr.             0.000  0.000  0.000  0.000  0.000  0.000  0.000   
Charging                0.192  0.195  0.195  0.195  0.195  0.195  0.195   
H2_Filling              0.002  0.002  0.002  0.002  0.002  0.002  0.002   

                                              2023        2028           2034  \
                           PO     PB     PP   mean  std   mean  std      mean   
LCOT                    6.626  6.868  7.065  4.300  0.0  4.807  0.0  5.498889   
LCOT (Empty Trips)      1.434  1.477  1.532  1.234  0.0  1.078  0.0  1.215667   
Emission                0.043  0.043  0.043  0.394  0.0  0.896  0.0  0.807667   
Emission (Empty Trips)  0.000  0.000  0.000  0.176  0.0  0.250  0.0  0.210111   
CO2_Penalty             0.000  0.000  0.000  0.000  0.0  0.000  0.0  0.000000   
Time value              2.433  2.431  2.430  1.341  0.0  1.626  0.0  1.931333   
Transfer                3.314  3.316  3.315  2.054  0.0  2.599  0.0  3.101333   
RailTrack               0.000  0.000  0.000  0.123  0.0  0.005  0.0  0.000000   
Terminal                0.000  0.000  0.000  0.074  0.0  0.000  0.0  0.000000   
RailElectr.             0.000  0.000  0.000  0.000  0.0  0.000  0.0  0.000000   
Charging                0.195  0.194  0.195  0.000  0.0  0.008  0.0  0.069889   
H2_Filling              0.002  0.002  0.002  0.000  0.0  0.000  0.0  0.000000   

                                      2040                2050            
                             std      mean       std      mean       std  
LCOT                    0.404919  5.874556  0.413627  6.652556  0.298177  
LCOT (Empty Trips)      0.126532  1.274444  0.133531  1.446667  0.083144  
Emission                0.187519  0.511556  0.211497  0.229222  0.260495  
Emission (Empty Trips)  0.080188  0.143556  0.105174  0.029778  0.078054  
CO2_Penalty             0.000000  0.000000  0.000000  0.000000  0.000000  
Time value              0.000866  2.050778  0.001302  2.430778  0.002333  
Transfer                0.003041  3.014444  0.007748  3.313333  0.001414  
RailTrack               0.000000  0.000000  0.000000  0.000000  0.000000  
Terminal                0.000000  0.003000  0.000000  0.000000  0.000000  
RailElectr.             0.000000  0.000000  0.000000  0.000000  0.000000  
Charging                0.031247  0.191444  0.000726  0.194889  0.000333  
H2_Filling              0.000000  0.001556  0.000882  0.002000  0.000000  
                       2023     2028     2034      2040      2050     
                       mean std mean std mean  std mean  std mean  std
LCOT                    4.3   0  4.8   0  5.5  0.4  5.9 0.41  6.7  0.3
LCOT (Empty Trips)      1.2   0  1.1   0  1.2 0.13  1.3 0.13  1.4 0.08
Emission               0.39   0  0.9   0 0.81 0.19 0.51 0.21 0.23 0.26
Emission (Empty Trips) 0.18   0 0.25   0 0.21 0.08 0.14 0.11 0.03 0.08
CO2_Penalty               0   0    0   0    0    0    0    0    0    0
Time value              1.3   0  1.6   0  1.9    0    2    0  2.4    0
Transfer                  2   0  2.6   0  3.1    0    3 0.01  3.3    0
RailTrack              0.12   0    0   0    0    0    0    0    0    0
Terminal               0.07   0    0   0    0    0    0    0    0    0
RailElectr.               0   0    0   0    0    0    0    0    0    0
Charging                  0   0 0.01   0 0.07 0.03 0.19    0 0.19    0
H2_Filling                0   0    0   0    0    0    0    0    0    0
discount_factor           1   1    1   1    1    1    1    1    1    1
emissions (MTonnes CO2 eq.):
             AvgEmission     Std  AvgEmission_perc  Std_perc
time_period                                                 
2023                 7.2       0             1e+02         0
2028                 6.6 1.3e-09                91   1.8e-08
2034                 4.8     1.3                67        18
2040                 3.1     1.5                43        20
2050                 1.2     1.6                16        22
----------------
Average transport work in GTONNES*km:
    mode            product time_period TransportArbeid
0   Rail  Break bulk (fast)        2023        -0.00022
1   Rail           Dry bulk        2023             9.8
2   Rail           Neo bulk        2023          -3e-05
3   Road  Break bulk (fast)        2023             5.5
4   Road  Break bulk (slow)        2023             5.9
5   Road   Container (fast)        2023               2
6   Road   Container (slow)        2023             2.7
7   Road           Dry bulk        2023            0.56
8   Road           Neo bulk        2023              12
9    Sea  Break bulk (fast)        2023           0.091
10   Sea  Break bulk (slow)        2023            0.85
11   Sea   Container (fast)        2023             0.1
12   Sea   Container (slow)        2023               1
13   Sea           Dry bulk        2023              97
14   Sea           Neo bulk        2023            0.26

