----------------------------
Doing the following analysis: 
FuelDetScen_carbontaxhigh
----------------------------
Reading data...
Reading and constructing data
Transport demand in the base year 2018 (in MTonnes):
             product  tot_weight
0           Dry bulk          95
1   Container (fast)         4.1
2   Container (slow)         9.2
3  Break bulk (fast)          12
4  Break bulk (slow)          15
5           Neo bulk          19
Done reading data.
Time used reading the base data: 29.86515998840332
Solving the first time period for initialization purposes...
Using license file C:\Users\steffejb\gurobi.lic
Academic license - for non-commercial use only
Read LP format model from file C:\Users\steffejb\OneDrive - NTNU\Work\GitHub\STraM_ntnu_development\temp\pyomo\tmp_f21j8ek.pyomo.lp
Reading time = 0.34 seconds
x60087: 4878 rows, 27771 columns, 383854 nonzeros
Changed value of parameter FeasibilityTol to 0.0001
   Prev: 1e-06  Min: 1e-09  Max: 0.01  Default: 1e-06
Changed value of parameter MIPGap to 0.002
   Prev: 0.0001  Min: 0.0  Max: inf  Default: 0.0001
Parameter NumericFocus unchanged
   Value: 0  Min: 0  Max: 3  Default: 0
Parameter BarConvTol unchanged
   Value: 1e-08  Min: 0.0  Max: 1.0  Default: 1e-08
Parameter Crossover unchanged
   Value: -1  Min: -1  Max: 5  Default: -1
Parameter Method unchanged
   Value: -1  Min: -1  Max: 5  Default: -1
Parameter NodeMethod unchanged
   Value: -1  Min: -1  Max: 2  Default: -1
Gurobi Optimizer version 9.0.0 build v9.0.0rc2 (win64)
Optimize a model with 4878 rows, 27771 columns and 383854 nonzeros
Model fingerprint: 0xa11462d9
Coefficient statistics:
  Matrix range     [6e-06, 1e+03]
  Objective range  [3e-01, 2e+00]
  Bounds range     [0e+00, 0e+00]
  RHS range        [1e-03, 9e+01]

Concurrent LP optimizer: dual simplex and barrier
Showing barrier log only...

Presolve removed 2287 rows and 5573 columns
Presolve time: 0.20s
Presolved: 2591 rows, 23161 columns, 174435 nonzeros

Ordering time: 0.01s

Barrier statistics:
 AA' NZ     : 7.655e+04
 Factor NZ  : 1.547e+05 (roughly 12 MBytes of memory)
 Factor Ops : 1.753e+07 (less than 1 second per iteration)
 Threads    : 3

                  Objective                Residual
Iter       Primal          Dual         Primal    Dual     Compl     Time
   0   4.08036701e+06 -2.51246421e+01  5.13e+04 0.00e+00  3.65e+02     0s
   1   9.53900347e+05 -8.94037290e+02  1.18e+04 3.19e+00  8.68e+01     0s
   2   1.22016616e+05 -9.66092421e+02  1.37e+03 1.76e+00  1.19e+01     0s
   3   3.82732235e+04 -3.67549411e+02  3.77e+02 7.34e-01  3.64e+00     0s
   4   1.34723507e+04  3.54176015e+01  1.13e+02 3.34e-01  1.21e+00     0s
   5   6.33419587e+03  3.34107323e+02  4.41e+01 2.01e-01  5.34e-01     0s
   6   3.46272580e+03  5.08289517e+02  1.92e+01 1.24e-01  2.62e-01     0s
   7   1.81608631e+03  5.91809201e+02  6.40e+00 8.26e-02  1.18e-01     0s

Barrier performed 7 iterations in 0.36 seconds
Barrier solve interrupted - model solved by another algorithm


Solved with dual simplex
Solved in 2930 iterations and 0.36 seconds
Optimal objective  5.256504070e+02
the solution is feasible and optimal
Solution time: 1.2397689819335938
-----
Constructing full SP model...
Done constructing model.
Time used constructing the model: 14.183494329452515
----------
Solving model...
Using license file C:\Users\steffejb\gurobi.lic
Academic license - for non-commercial use only
Read LP format model from file C:\Users\steffejb\OneDrive - NTNU\Work\GitHub\STraM_ntnu_development\temp\pyomo\tmp5ntult2l.pyomo.lp
Reading time = 4.86 seconds
x300750: 24744 rows, 139170 columns, 1921813 nonzeros
Changed value of parameter FeasibilityTol to 0.01
   Prev: 1e-06  Min: 1e-09  Max: 0.01  Default: 1e-06
Changed value of parameter MIPGap to 0.002
   Prev: 0.0001  Min: 0.0  Max: inf  Default: 0.0001
Parameter NumericFocus unchanged
   Value: 0  Min: 0  Max: 3  Default: 0
Parameter BarConvTol unchanged
   Value: 1e-08  Min: 0.0  Max: 1.0  Default: 1e-08
Parameter Crossover unchanged
   Value: -1  Min: -1  Max: 5  Default: -1
Parameter Method unchanged
   Value: -1  Min: -1  Max: 5  Default: -1
Parameter NodeMethod unchanged
   Value: -1  Min: -1  Max: 2  Default: -1
Gurobi Optimizer version 9.0.0 build v9.0.0rc2 (win64)
Optimize a model with 24744 rows, 139170 columns and 1921813 nonzeros
Model fingerprint: 0xa73f0464
Variable types: 139136 continuous, 34 integer (34 binary)
Coefficient statistics:
  Matrix range     [6e-06, 1e+03]
  Objective range  [3e-01, 2e+00]
  Bounds range     [1e-04, 6e+04]
  RHS range        [1e-03, 9e+01]
Presolve removed 8483 rows and 24872 columns (presolve time = 5s) ...
Presolve removed 8724 rows and 25429 columns
Presolve time: 9.87s
Presolved: 16020 rows, 113741 columns, 1315724 nonzeros
Variable types: 113707 continuous, 34 integer (34 binary)

Deterministic concurrent LP optimizer: primal and dual simplex
Showing first log only...


Root simplex log...

Iteration    Objective       Primal Inf.    Dual Inf.      Time
       0    1.1892063e+03   4.299066e+04   4.456872e+10     14s
   15257    2.6596124e+03   2.550116e+02   7.621577e+09     15s
Concurrent spin time: 0.01s

Solved with dual simplex

Root relaxation: objective 2.508320e+03, 17059 iterations, 7.44 seconds

    Nodes    |    Current Node    |     Objective Bounds      |     Work
 Expl Unexpl |  Obj  Depth IntInf | Incumbent    BestBd   Gap | It/Node Time

     0     0 2508.32042    0    4          - 2508.32042      -     -   19s
H    0     0                    2508.3542150 2508.32042  0.00%     -   19s

Explored 1 nodes (17059 simplex iterations) in 19.89 seconds
Thread count was 8 (of 8 available processors)

Solution count 1: 2508.35 

Optimal solution found (tolerance 2.00e-03)
Warning: max constraint violation (7.9740e-02) exceeds tolerance
Warning: max bound violation (7.9009e-02) exceeds tolerance
Best objective 2.508354214989e+03, best bound 2.508354214989e+03, gap 0.0000%
the solution is feasible and optimal
Solution time: 26.115103721618652
Done solving model.
Time used solving the model: 36.59280967712402
----------Dumping data in pickle file...done.
Dumping results in pickle file.....done.
objective function value:  2508.3542149891737
objective function value normalized (BILLION NOK):  2508.35
                      2023     2028      2034      2040      2050     
                      mean std mean  std mean  std mean  std mean  std
General                 49   0   47    0   56    0   61    0   68    0
General (Empty Trips)  8.9   0   10    0   14    0   15    0   15    0
Carbon                 7.1   0   10    0   11    0  7.4    0 0.02    0
Carbon (Empty Trips)   1.7   0  3.2    0    1    0 0.12    0    0    0
Time value              19   0   16    0   18    0   19    0   23    0
Transfer                27   0   25    0   28    0   27    0   31    0
Edge                   1.2   0    0    0    0    0    0    0    0    0
Node                  0.53   0 0.21    0    0    0    0    0    0    0
Upgrade                  0   0    0    0    0    0    0    0    0    0
Charge                 4.7   0  4.5    0  3.6    0  4.5    0  3.1    0
discount_factor          1   1 0.83 0.83 0.66 0.66 0.53 0.53 0.36 0.36
emissions (MTonnes CO2 eq.):
             AvgEmission  Std  AvgEmission_perc  Std_perc
time_period                                              
2023                 6.8    0             1e+02         0
2028                 6.2    0                92         0
2034                 2.7    0                40         0
2040                   1    0                15         0
2050              0.0028    0             0.041         0
----------------
Average transport work in GTONNES*km:
    mode            product time_period  TransportArbeid
0   Rail  Break bulk (fast)        2023              0.1
1   Rail   Container (slow)        2023            0.096
2   Rail           Dry bulk        2023               11
3   Rail           Neo bulk        2023             0.23
4   Road  Break bulk (fast)        2023              7.6
5   Road  Break bulk (slow)        2023              7.3
6   Road   Container (fast)        2023              3.8
7   Road   Container (slow)        2023              4.7
8   Road           Dry bulk        2023             0.37
9   Road           Neo bulk        2023               14
10   Sea  Break bulk (fast)        2023             0.44
11   Sea  Break bulk (slow)        2023              3.4
12   Sea   Container (fast)        2023             0.21
13   Sea   Container (slow)        2023                2
14   Sea           Dry bulk        2023            1e+02
15   Sea           Neo bulk        2023             0.72

