----------------------------
Doing the following analysis: 
FuelScen_carbontaxbase_demand_scaled_-20%_risk_rate_3.8
----------------------------
Reading data...
Reading and constructing data
Function construct_sets Took 0.0012 seconds
Function construct_network Took 0.0064 seconds
Transport demand in the base year 2018 (in MTonnes):
             product  tot_weight
0           Dry bulk       94.86
1   Container (fast)        4.07
2   Container (slow)        9.23
3  Break bulk (fast)       11.61
4  Break bulk (slow)       15.37
5           Neo bulk       19.28
Function construct_ODD Took 0.5008 seconds
Function construct_vehicles Took 0.5297 seconds
Function construct_emission_transfer Took 0.1487 seconds
Function construct_costs Took 2.2478 seconds
Function construct_time_value Took 0.0011 seconds
Function construct_investments Took 0.0094 seconds
Function construct_charging_edges Took 0.1820 seconds
Function construct_tech_readiness Took 0.0049 seconds
Function construct_path_generation Took 0.1575 seconds
Function construct_param2 Took 0.0614 seconds
Function combined_sets Took 0.4104 seconds
Function combined_sets Took 0.4325 seconds
Done reading data.
Time used reading the base data: 16.06065607070923
Solving the first time period for initialization purposes...
Function combined_sets Took 0.1528 seconds
Set parameter Username
Academic license - for non-commercial use only - expires 2025-09-27
Read LP format model from file C:\Users\sandee\Documents\Github\STraM_ntnu_development\temp\pyomo\tmp3c2qpfv7.pyomo.lp
Reading time = 4.52 seconds
x1: 2206648 rows, 540793 columns, 7776703 nonzeros
Set parameter FeasibilityTol to value 0.0001
Set parameter MIPGap to value 0.002
Gurobi Optimizer version 11.0.0 build v11.0.0rc2 (win64 - Windows 10.0 (19045.2))

CPU model: Intel(R) Core(TM) i7-10700 CPU @ 2.90GHz, instruction set [SSE2|AVX|AVX2]
Thread count: 8 physical cores, 16 logical processors, using up to 16 threads

Optimize a model with 2206648 rows, 540793 columns and 7776703 nonzeros
Model fingerprint: 0xa855d65f
Coefficient statistics:
  Matrix range     [6e-06, 1e+03]
  Objective range  [8e-02, 3e-01]
  Bounds range     [0e+00, 0e+00]
  RHS range        [1e-03, 9e+01]
Presolve removed 2204019 rows and 518516 columns
Presolve time: 4.05s
Presolved: 2629 rows, 23240 columns, 200819 nonzeros

Concurrent LP optimizer: primal simplex, dual simplex, and barrier
Showing barrier log only...

Ordering time: 0.02s

Barrier statistics:
 AA' NZ     : 8.342e+04
 Factor NZ  : 1.905e+05 (roughly 12 MB of memory)
 Factor Ops : 2.701e+07 (less than 1 second per iteration)
 Threads    : 6

                  Objective                Residual
Iter       Primal          Dual         Primal    Dual     Compl     Time
   0   4.26678552e+00 -5.65025000e-01  2.86e+05 0.00e+00  1.23e+00     4s
   1   1.57136403e+00 -1.51166687e+00  6.97e+04 2.26e-02  3.12e-01     4s
   2   7.50499095e-01 -6.59158283e-01  1.43e+04 1.52e-02  6.84e-02     4s
   3   9.07275105e-01  4.44679957e+00  4.33e+03 3.28e-03  2.07e-02     4s
   4   2.30857205e+00  2.02248675e+01  2.71e+03 1.40e-03  1.30e-02     4s
   5   3.37523387e+00  2.55120851e+01  2.19e+03 1.24e-03  1.05e-02     4s
   6   6.21316411e+00  3.55751325e+01  1.94e+03 1.12e-03  9.35e-03     4s
   7   1.08160334e+01  3.68851081e+01  1.43e+03 1.09e-03  6.86e-03     4s
   8   1.65410447e+01  4.93076909e+01  1.09e+03 6.56e-04  5.14e-03     4s
   9   1.86018241e+01  6.00533300e+01  9.53e+02 4.98e-04  4.48e-03     4s
  10   2.12499850e+01  6.58960072e+01  8.29e+02 4.59e-04  3.84e-03     4s
  11   2.22969310e+01  6.68327921e+01  7.96e+02 4.47e-04  3.69e-03     4s
  12   2.75891575e+01  7.48991694e+01  6.48e+02 3.86e-04  2.92e-03     4s
  13   3.24904707e+01  8.32452008e+01  5.52e+02 3.29e-04  2.44e-03     4s
  14   3.37484255e+01  8.53830138e+01  5.32e+02 3.23e-04  2.34e-03     4s
  15   3.42895715e+01  8.88300952e+01  5.28e+02 3.14e-04  2.34e-03     4s
  16   3.60501487e+01  9.43197733e+01  5.04e+02 2.93e-04  2.22e-03     4s
  17   4.04225181e+01  9.72383660e+01  4.53e+02 2.78e-04  1.95e-03     4s
  18   4.31266545e+01  1.03431225e+02  4.22e+02 2.58e-04  1.80e-03     4s
  19   4.64004576e+01  1.06430379e+02  3.89e+02 2.51e-04  1.64e-03     4s
  20   4.81587694e+01  1.14729316e+02  3.72e+02 2.32e-04  1.57e-03     4s
  21   5.17838240e+01  1.18424746e+02  3.44e+02 2.23e-04  1.43e-03     4s
  22   5.48387612e+01  1.24708780e+02  3.22e+02 2.12e-04  1.33e-03     4s
  23   5.75816128e+01  1.28453263e+02  3.07e+02 2.02e-04  1.26e-03     4s
  24   6.14390873e+01  1.33125349e+02  2.86e+02 1.91e-04  1.17e-03     4s
  25   6.56039313e+01  1.38685343e+02  2.64e+02 1.83e-04  1.06e-03     4s
  26   6.96840426e+01  1.41588880e+02  2.45e+02 1.77e-04  9.65e-04     4s
  27   7.16779797e+01  1.46575685e+02  2.36e+02 1.69e-04  9.32e-04     4s
  28   7.54790974e+01  1.54039113e+02  2.20e+02 1.55e-04  8.69e-04     4s
  29   7.91390764e+01  1.59812061e+02  2.06e+02 1.47e-04  8.00e-04     4s
  30   8.35801257e+01  1.66990603e+02  1.90e+02 1.38e-04  7.18e-04     4s
  31   8.68087001e+01  1.69732645e+02  1.80e+02 1.35e-04  6.61e-04     4s
  32   8.80383108e+01  1.70401783e+02  1.77e+02 1.35e-04  6.39e-04     4s
  33   8.95283210e+01  1.75972322e+02  1.72e+02 1.31e-04  6.25e-04     4s
  34   9.17174983e+01  1.81793871e+02  1.66e+02 1.28e-04  5.98e-04     4s
  35   9.39924647e+01  1.84340788e+02  1.60e+02 1.26e-04  5.64e-04     4s
  36   9.69369959e+01  1.91696529e+02  1.54e+02 1.22e-04  5.35e-04     4s
  37   1.00904864e+02  1.98545608e+02  1.46e+02 1.17e-04  5.07e-04     4s
  38   1.01245371e+02  2.00788889e+02  1.46e+02 1.15e-04  5.13e-04     4s
  39   1.04329810e+02  2.02474666e+02  1.41e+02 1.14e-04  4.87e-04     4s
  40   1.07615320e+02  2.08750746e+02  1.35e+02 1.11e-04  4.58e-04     4s
  41   1.10696554e+02  2.17848233e+02  1.30e+02 1.07e-04  4.42e-04     4s
  42   1.12535132e+02  2.28106194e+02  1.27e+02 1.04e-04  4.39e-04     4s
  43   1.15193718e+02  2.32056860e+02  1.24e+02 1.03e-04  4.14e-04     4s
  44   1.17901093e+02  2.38643204e+02  1.20e+02 1.01e-04  3.89e-04     4s
  45   1.18069563e+02  2.41900142e+02  1.20e+02 1.01e-04  3.93e-04     5s
  46   1.20946466e+02  2.42570588e+02  1.17e+02 1.00e-04  3.75e-04     5s
  47   1.23038722e+02  2.44038123e+02  1.14e+02 9.82e-05  3.66e-04     5s
  48   1.26279661e+02  2.47763878e+02  1.11e+02 9.61e-05  3.55e-04     5s
  49   1.27907106e+02  2.51867394e+02  1.10e+02 9.37e-05  3.56e-04     5s
  50   1.30091686e+02  2.54326755e+02  1.08e+02 9.24e-05  3.54e-04     5s
  51   1.34722341e+02  2.59089759e+02  1.04e+02 9.06e-05  3.38e-04     5s
  52   1.35418198e+02  2.63614655e+02  1.03e+02 8.90e-05  3.37e-04     5s
  53   1.37353749e+02  2.66906421e+02  1.02e+02 8.77e-05  3.31e-04     5s
  54   1.38037553e+02  2.70262047e+02  1.01e+02 8.68e-05  3.30e-04     5s
  55   1.39789577e+02  2.74600058e+02  9.98e+01 8.56e-05  3.27e-04     5s
  56   1.41956599e+02  2.77171314e+02  9.82e+01 8.47e-05  3.21e-04     5s
  57   1.44291899e+02  2.79766693e+02  9.64e+01 8.27e-05  3.17e-04     5s
  58   1.46875857e+02  2.82891251e+02  9.46e+01 8.14e-05  3.14e-04     5s

Barrier performed 58 iterations in 4.64 seconds (5.43 work units)
Barrier solve interrupted - model solved by another algorithm


Solved with primal simplex
Iteration    Objective       Primal Inf.    Dual Inf.      Time
   10728    4.2778579e+02   8.208000e-03   3.943118e+08      6s
Extra simplex iterations after uncrush: 3
   10820    4.2778703e+02   0.000000e+00   0.000000e+00      7s

Solved in 10820 iterations and 7.01 seconds (10.08 work units)
Optimal objective  4.277870348e+02
the solution is feasible and optimal
Solution time: 14.79629135131836
Function combined_sets Took 0.4077 seconds
-----
Constructing full SP model...
Done constructing model.
Time used constructing the model: 85.27973008155823
----------
Solving model...
Set parameter Username
Academic license - for non-commercial use only - expires 2025-09-27
Read LP format model from file C:\Users\sandee\Documents\Github\STraM_ntnu_development\temp\pyomo\tmp5pz6u04j.pyomo.lp
Reading time = 14.61 seconds
x1: 4553029 rows, 1834336 columns, 25934527 nonzeros
Set parameter FeasibilityTol to value 0.01
Set parameter MIPGap to value 0.002
Gurobi Optimizer version 11.0.0 build v11.0.0rc2 (win64 - Windows 10.0 (19045.2))

CPU model: Intel(R) Core(TM) i7-10700 CPU @ 2.90GHz, instruction set [SSE2|AVX|AVX2]
Thread count: 8 physical cores, 16 logical processors, using up to 16 threads

Optimize a model with 4553029 rows, 1834336 columns and 25934527 nonzeros
Model fingerprint: 0x49c5a21e
Variable types: 1834030 continuous, 306 integer (306 binary)
Coefficient statistics:
  Matrix range     [6e-06, 1e+03]
  Objective range  [8e-02, 3e-01]
  Bounds range     [1e+00, 5e+04]
  RHS range        [1e-03, 9e+01]
Presolve removed 4277224 rows and 30072 columns (presolve time = 5s) ...
Presolve removed 4354984 rows and 1037470 columns
Presolve time: 8.67s
Presolved: 198045 rows, 796866 columns, 16308414 nonzeros
Variable types: 796832 continuous, 34 integer (34 binary)
Deterministic concurrent LP optimizer: primal simplex, dual simplex, and barrier
Showing barrier log only...

Root barrier log...

Ordering time: 1.50s

Barrier statistics:
 AA' NZ     : 4.372e+06
 Factor NZ  : 1.150e+07 (roughly 400 MB of memory)
 Factor Ops : 2.923e+09 (less than 1 second per iteration)
 Threads    : 5

                  Objective                Residual
Iter       Primal          Dual         Primal    Dual     Compl     Time
   0   7.24156824e+12 -8.24148800e+12  7.27e+10 5.70e+01  2.01e+09    52s
   1   4.99234802e+12 -8.11618286e+12  4.99e+10 1.95e+02  1.39e+09    53s
   2   2.25914249e+12 -7.04617405e+12  2.22e+10 1.45e+02  6.41e+08    54s
   3   5.18375143e+11 -2.96790386e+12  4.19e+09 8.54e+00  1.28e+08    55s
   4   1.33502150e+11 -1.12120936e+12  4.05e+08 1.55e-01  1.40e+07    56s
   5   5.17227918e+10 -2.91681524e+11  1.21e+08 3.46e-02  4.13e+06    57s
   6   1.94923771e+10 -1.26692969e+11  3.55e+07 1.02e-02  1.23e+06    57s
   7   8.90310989e+09 -4.56697589e+10  1.36e+07 5.45e-04  4.84e+05    58s
   8   4.98816602e+09 -2.25554871e+10  7.24e+06 2.00e-11  2.57e+05    59s
   9   4.30138143e+09 -1.94120591e+10  6.21e+06 2.18e-11  2.21e+05    60s
  10   4.10413515e+09 -1.83540378e+10  5.91e+06 9.46e-11  2.11e+05    61s
  11   3.44136807e+09 -1.75550958e+10  4.85e+06 2.11e-10  1.74e+05    62s
  12   2.96708806e+09 -1.48951356e+10  4.12e+06 1.20e-09  1.49e+05    63s
  13   1.79059881e+09 -8.63627974e+09  2.41e+06 2.91e-11  8.72e+04    64s
  14   9.89690642e+08 -2.99281354e+09  1.28e+06 5.79e-09  4.66e+04    65s
  15   4.94566639e+08 -1.88542330e+09  6.07e+05 5.02e-12  2.23e+04    66s
  16   2.19761146e+08 -1.31676897e+09  2.48e+05 5.91e-12  9.42e+03    67s
  17   9.36452045e+07 -9.87865712e+08  9.97e+04 1.78e-09  4.06e+03    67s
  18   4.69430962e+07 -5.38164605e+08  4.66e+04 1.55e-11  1.88e+03    68s
  19   2.41374697e+07 -2.45891984e+08  2.23e+04 6.43e-09  8.47e+02    69s
  20   9.73397895e+06 -1.24012937e+08  8.17e+03 2.77e-09  3.15e+02    69s
  21   4.94437727e+06 -4.13029876e+07  3.93e+03 1.82e-11  1.28e+02    70s
  22   2.14570482e+06 -1.90700733e+07  1.58e+03 7.28e-12  5.09e+01    71s
  23   8.43994519e+05 -9.88054572e+06  5.78e+02 2.27e-12  2.00e+01    72s
  24   4.92044874e+05 -7.65305465e+06  3.28e+02 1.82e-12  1.27e+01    73s
  25   3.42016145e+05 -6.10590854e+06  2.23e+02 1.24e-12  9.14e+00    74s
  26   2.22406087e+05 -4.18256374e+06  1.40e+02 1.34e-12  5.90e+00    75s
  27   1.45354489e+05 -3.08837402e+06  8.78e+01 1.11e-12  3.97e+00    75s
  28   1.07687688e+05 -2.33863935e+06  6.37e+01 1.06e-12  2.91e+00    76s
  29   7.09922787e+04 -2.04284608e+06  4.05e+01 1.10e-12  2.21e+00    77s
  30   5.81031638e+04 -1.57299249e+06  3.21e+01 9.88e-13  1.70e+00    78s
  31   4.86149803e+04 -1.42665893e+06  2.62e+01 9.24e-13  1.47e+00    79s
  32   3.19571976e+04 -1.20503601e+06  1.58e+01 1.27e-12  1.11e+00    80s
  33   2.68363398e+04 -9.71057214e+05  1.24e+01 1.47e-12  8.79e-01    81s
  34   2.46299079e+04 -8.18026072e+05  1.11e+01 1.22e-12  7.44e-01    83s
  35   2.11495330e+04 -6.51622923e+05  8.95e+00 1.24e-12  5.88e-01    84s
  36   1.92948440e+04 -5.99203995e+05  7.77e+00 9.62e-13  5.31e-01    84s
  37   1.79274208e+04 -4.53975229e+05  6.92e+00 1.03e-12  4.12e-01    85s
  38   1.49525759e+04 -4.06668032e+05  5.14e+00 1.34e-12  3.51e-01    86s
  39   1.28439292e+04 -3.82069834e+05  3.89e+00 1.59e-12  3.15e-01    88s
  40   1.17518277e+04 -3.04202015e+05  3.21e+00 1.38e-12  2.50e-01    89s
  41   1.08531285e+04 -2.57625139e+05  2.66e+00 1.42e-12  2.09e-01    90s
  42   1.02970443e+04 -1.93973467e+05  2.33e+00 1.58e-12  1.60e-01    91s
  43   9.40162721e+03 -1.58461078e+05  1.83e+00 1.65e-12  1.29e-01    92s
  44   8.61690781e+03 -1.26868227e+05  1.40e+00 1.37e-12  1.02e-01    93s
  45   8.01724392e+03 -1.07650458e+05  1.10e+00 1.37e-12  8.57e-02    95s
  46   7.73615496e+03 -9.32064924e+04  9.64e-01 1.47e-12  7.43e-02    95s
  47   7.21421354e+03 -7.43297379e+04  7.33e-01 1.41e-12  5.91e-02    97s
  48   6.90827030e+03 -5.74681628e+04  6.10e-01 1.56e-12  4.64e-02    98s
  49   6.68701033e+03 -5.35984259e+04  5.37e-01 8.95e-13  4.31e-02    99s
  50   6.24727938e+03 -4.10583620e+04  4.02e-01 1.10e-12  3.34e-02   101s
  51   5.79388278e+03 -2.93766490e+04  2.96e-01 1.43e-12  2.46e-02   102s
  52   5.26720503e+03 -2.31045893e+04  1.85e-01 7.16e-13  1.95e-02   103s
  53   5.10443682e+03 -1.54083716e+04  1.62e-01 5.30e-13  1.41e-02   104s
  54   4.62700177e+03 -1.29962524e+04  9.95e-02 4.80e-13  1.20e-02   105s

Barrier performed 54 iterations in 105.03 seconds (76.55 work units)
Barrier solve interrupted - model solved by another algorithm

Concurrent spin time: 0.45s

Solved with dual simplex
Warning: Markowitz tolerance tightened to 0.125

Root simplex log...

Iteration    Objective       Primal Inf.    Dual Inf.      Time
   85667    1.8930427e+03   0.000000e+00   0.000000e+00    108s
Extra simplex iterations after uncrush: 4632

Root relaxation: objective 1.893043e+03, 85667 iterations, 67.58 seconds (32.66 work units)

    Nodes    |    Current Node    |     Objective Bounds      |     Work
 Expl Unexpl |  Obj  Depth IntInf | Incumbent    BestBd   Gap | It/Node Time

     0     0 1893.04268    0    3          - 1893.04268      -     -  109s
H    0     0                    1893.0586894 1893.04268  0.00%     -  160s

Explored 1 nodes (85667 simplex iterations) in 162.97 seconds (78.11 work units)
Thread count was 16 (of 16 available processors)

Solution count 2: 1893.06 1893.06 

Optimal solution found (tolerance 2.00e-03)
Warning: max constraint violation (8.5055e-02) exceeds tolerance
Warning: max bound violation (7.9959e-02) exceeds tolerance
Best objective 1.893058689393e+03, best bound 1.893058689393e+03, gap 0.0000%
the solution is feasible and optimal
Solution time: 184.53303146362305
Done solving model.
Time used solving the model: 266.87795424461365
----------Dumping data in pickle file...done.
Dumping results in pickle file.....done.
objective function value:  1893.0586893933832
objective function value normalized (Billion EURO):  189.31
                         2023                                            \
                           OO     OB     OP     BO     BB     BP     PO   
LCOT                    3.297  3.297  3.297  3.297  3.297  3.297  3.297   
LCOT (Empty Trips)      0.984  0.984  0.984  0.984  0.984  0.984  0.984   
Emission                0.305  0.305  0.305  0.305  0.305  0.305  0.305   
Emission (Empty Trips)  0.143  0.143  0.143  0.143  0.143  0.143  0.143   
CO2_Penalty             0.000  0.000  0.000  0.000  0.000  0.000  0.000   
Time value              1.085  1.085  1.085  1.085  1.085  1.085  1.085   
Transfer                1.778  1.778  1.778  1.778  1.778  1.778  1.778   
RailTrack               0.116  0.116  0.116  0.116  0.116  0.116  0.116   
Terminal                0.052  0.052  0.052  0.052  0.052  0.052  0.052   
RailElectr.             0.000  0.000  0.000  0.000  0.000  0.000  0.000   
Charging                0.000  0.000  0.000  0.000  0.000  0.000  0.000   
H2_Filling              0.000  0.000  0.000  0.000  0.000  0.000  0.000   

                                       2028                              \
                           PB     PP     OO     OB     OP     BO     BB   
LCOT                    3.297  3.297  3.662  3.662  3.662  3.662  3.662   
LCOT (Empty Trips)      0.984  0.984  0.853  0.853  0.853  0.853  0.853   
Emission                0.305  0.305  0.690  0.690  0.690  0.690  0.690   
Emission (Empty Trips)  0.143  0.143  0.193  0.193  0.193  0.193  0.193   
CO2_Penalty             0.000  0.000  0.000  0.000  0.000  0.000  0.000   
Time value              1.085  1.085  1.227  1.227  1.227  1.227  1.227   
Transfer                1.778  1.778  1.989  1.989  1.989  1.989  1.989   
RailTrack               0.116  0.116  0.000  0.000  0.000  0.000  0.000   
Terminal                0.052  0.052  0.021  0.021  0.021  0.021  0.021   
RailElectr.             0.000  0.000  0.000  0.000  0.000  0.000  0.000   
Charging                0.000  0.000  0.005  0.005  0.005  0.005  0.005   
H2_Filling              0.000  0.000  0.000  0.000  0.000  0.000  0.000   

                                                     2034                \
                           BP     PO     PB     PP     OO     OB     OP   
LCOT                    3.662  3.662  3.662  3.662  3.859  3.749  3.756   
LCOT (Empty Trips)      0.853  0.853  0.853  0.853  0.883  0.864  0.867   
Emission                0.690  0.690  0.690  0.690  0.712  0.835  0.835   
Emission (Empty Trips)  0.193  0.193  0.193  0.193  0.213  0.235  0.235   
CO2_Penalty             0.000  0.000  0.000  0.000  0.000  0.000  0.000   
Time value              1.227  1.227  1.227  1.227  1.444  1.445  1.444   
Transfer                1.989  1.989  1.989  1.989  2.390  2.391  2.391   
RailTrack               0.000  0.000  0.000  0.000  0.000  0.000  0.000   
Terminal                0.021  0.021  0.021  0.021  0.000  0.000  0.000   
RailElectr.             0.000  0.000  0.000  0.000  0.000  0.000  0.000   
Charging                0.005  0.005  0.005  0.005  0.028  0.008  0.008   
H2_Filling              0.000  0.000  0.000  0.000  0.000  0.000  0.000   

                                                                   2040  \
                           BO     BB     BP     PO     PB     PP     OO   
LCOT                    4.315  4.364  4.220  4.405  4.451  4.524  4.088   
LCOT (Empty Trips)      1.045  0.973  0.978  1.065  1.077  1.013  0.908   
Emission                0.513  0.513  0.659  0.511  0.513  0.513  0.560   
Emission (Empty Trips)  0.104  0.181  0.181  0.091  0.102  0.179  0.172   
CO2_Penalty             0.000  0.000  0.000  0.000  0.000  0.000  0.000   
Time value              1.445  1.445  1.446  1.445  1.445  1.446  1.538   
Transfer                2.403  2.410  2.412  2.411  2.414  2.409  2.308   
RailTrack               0.000  0.000  0.000  0.000  0.000  0.000  0.000   
Terminal                0.000  0.000  0.000  0.000  0.000  0.000  0.000   
RailElectr.             0.000  0.000  0.000  0.000  0.000  0.000  0.000   
Charging                0.041  0.041  0.041  0.041  0.041  0.041  0.066   
H2_Filling              0.000  0.000  0.000  0.000  0.000  0.000  0.001   

                                                                         \
                           OB     OP     BO     BB     BP     PO     PB   
LCOT                    4.049  4.048  4.577  4.676  4.499  4.619  4.745   
LCOT (Empty Trips)      0.913  0.904  1.120  1.012  1.006  1.121  1.165   
Emission                0.624  0.626  0.272  0.275  0.511  0.272  0.273   
Emission (Empty Trips)  0.171  0.172  0.003  0.156  0.171  0.003  0.003   
CO2_Penalty             0.000  0.000  0.000  0.000  0.000  0.000  0.000   
Time value              1.539  1.542  1.536  1.537  1.539  1.539  1.536   
Transfer                2.306  2.343  2.322  2.318  2.305  2.345  2.321   
RailTrack               0.000  0.000  0.000  0.000  0.000  0.000  0.000   
Terminal                0.000  0.000  0.000  0.000  0.000  0.000  0.000   
RailElectr.             0.000  0.000  0.000  0.000  0.000  0.000  0.000   
Charging                0.066  0.065  0.066  0.066  0.066  0.066  0.066   
H2_Filling              0.000  0.000  0.001  0.001  0.001  0.001  0.001   

                                2050                                     \
                           PP     OO     OB     OP     BO     BB     BP   
LCOT                    4.865  4.776  4.939  4.721  5.060  5.246  5.226   
LCOT (Empty Trips)      1.059  1.133  1.158  1.012  1.151  1.184  1.226   
Emission                0.276  0.330  0.332  0.593  0.043  0.043  0.279   
Emission (Empty Trips)  0.156  0.024  0.027  0.182  0.000 -0.000  0.000   
CO2_Penalty             0.000  0.000  0.000  0.000  0.000  0.000  0.000   
Time value              1.537  1.830  1.826  1.824  1.827  1.824  1.825   
Transfer                2.319  2.582  2.537  2.540  2.539  2.539  2.541   
RailTrack               0.000  0.000  0.000  0.000  0.000  0.000  0.000   
Terminal                0.000  0.000  0.000  0.000  0.000  0.000  0.000   
RailElectr.             0.000  0.000  0.000  0.000  0.000  0.000  0.000   
Charging                0.066  0.047  0.047  0.047  0.047  0.047  0.047   
H2_Filling              0.001  0.000  0.000  0.000  0.000  0.000  0.000   

                                              2023                 2028  \
                           PO     PB     PP   mean           std   mean   
LCOT                    5.068  5.258  5.409  3.297  0.000000e+00  3.662   
LCOT (Empty Trips)      1.150  1.186  1.228  0.984  0.000000e+00  0.853   
Emission                0.042  0.043  0.043  0.305  0.000000e+00  0.690   
Emission (Empty Trips)  0.000 -0.000  0.000  0.143  0.000000e+00  0.193   
CO2_Penalty             0.000  0.000  0.000  0.000  0.000000e+00  0.000   
Time value              1.828  1.824  1.824  1.085  0.000000e+00  1.227   
Transfer                2.545  2.542  2.539  1.778  2.355139e-16  1.989   
RailTrack               0.000  0.000  0.000  0.116  0.000000e+00  0.000   
Terminal                0.000  0.000  0.000  0.052  0.000000e+00  0.021   
RailElectr.             0.000  0.000  0.000  0.000  0.000000e+00  0.000   
Charging                0.047  0.047  0.047  0.000  0.000000e+00  0.005   
H2_Filling              0.000  0.000  0.000  0.000  0.000000e+00  0.000   

                                          2034                2040            \
                                 std      mean       std      mean       std   
LCOT                    0.000000e+00  4.182556  0.309153  4.462889  0.318074   
LCOT (Empty Trips)      0.000000e+00  0.973889  0.084631  1.023111  0.100230   
Emission                0.000000e+00  0.622667  0.141443  0.409889  0.165148   
Emission (Empty Trips)  0.000000e+00  0.169000  0.056826  0.111889  0.081912   
CO2_Penalty             0.000000e+00  0.000000  0.000000  0.000000  0.000000   
Time value              0.000000e+00  1.445000  0.000707  1.538111  0.001900   
Transfer                2.355139e-16  2.403444  0.010039  2.320778  0.014678   
RailTrack               0.000000e+00  0.000000  0.000000  0.000000  0.000000   
Terminal                0.000000e+00  0.000000  0.000000  0.000000  0.000000   
RailElectr.             0.000000e+00  0.000000  0.000000  0.000000  0.000000   
Charging                0.000000e+00  0.032222  0.014377  0.065889  0.000333   
H2_Filling              0.000000e+00  0.000000  0.000000  0.000778  0.000441   

                            2050            
                            mean       std  
LCOT                    5.078111  0.231972  
LCOT (Empty Trips)      1.158667  0.064259  
Emission                0.194222  0.199460  
Emission (Empty Trips)  0.025889  0.059579  
CO2_Penalty             0.000000  0.000000  
Time value              1.825778  0.002167  
Transfer                2.544889  0.014102  
RailTrack               0.000000  0.000000  
Terminal                0.000000  0.000000  
RailElectr.             0.000000  0.000000  
Charging                0.047000  0.000000  
H2_Filling              0.000000  0.000000  
                       2023     2028      2034      2040      2050     
                       mean std mean  std mean  std mean  std mean  std
LCOT                    3.3   0  3.7    0  4.2 0.31  4.5 0.32  5.1 0.23
LCOT (Empty Trips)     0.98   0 0.85    0 0.97 0.08    1  0.1  1.2 0.06
Emission                0.3   0 0.69    0 0.62 0.14 0.41 0.17 0.19  0.2
Emission (Empty Trips) 0.14   0 0.19    0 0.17 0.06 0.11 0.08 0.03 0.06
CO2_Penalty               0   0    0    0    0    0    0    0    0    0
Time value              1.1   0  1.2    0  1.4    0  1.5    0  1.8    0
Transfer                1.8   0    2    0  2.4 0.01  2.3 0.01  2.5 0.01
RailTrack              0.12   0    0    0    0    0    0    0    0    0
Terminal               0.05   0 0.02    0    0    0    0    0    0    0
RailElectr.               0   0    0    0    0    0    0    0    0    0
Charging                  0   0    0    0 0.03 0.01 0.07    0 0.05    0
H2_Filling                0   0    0    0    0    0    0    0    0    0
discount_factor           1   1 0.83 0.83 0.66 0.66 0.53 0.53 0.36 0.36
emissions (MTonnes CO2 eq.):
             AvgEmission  Std  AvgEmission_perc  Std_perc
time_period                                              
2023                 5.7    0             1e+02         0
2028                 5.1    0                89         0
2034                 3.8 0.94                66        16
2040                 2.5  1.1                43        20
2050                0.99  1.2                17        21
----------------
Average transport work in GTONNES*km:
    mode            product time_period TransportArbeid
0   Rail  Break bulk (fast)        2023        -0.00066
1   Rail   Container (fast)        2023        -0.00048
2   Rail   Container (slow)        2023        -0.00037
3   Rail           Dry bulk        2023             9.2
4   Rail           Neo bulk        2023          0.0012
5   Road  Break bulk (fast)        2023             4.3
6   Road  Break bulk (slow)        2023             4.1
7   Road   Container (fast)        2023             1.6
8   Road   Container (slow)        2023             2.1
9   Road           Dry bulk        2023            0.42
10  Road           Neo bulk        2023               9
11   Sea  Break bulk (fast)        2023            0.23
12   Sea  Break bulk (slow)        2023            0.74
13   Sea   Container (fast)        2023            0.14
14   Sea   Container (slow)        2023            0.84
15   Sea           Dry bulk        2023              75
16   Sea           Neo bulk        2023            0.26

