----------------------------
Doing the following analysis: 
FuelScen_carbontaxlow
----------------------------
Reading data...
Reading and constructing data
Function construct_sets Took 0.0015 seconds
Function construct_network Took 0.0056 seconds
Transport demand in the base year 2018 (in MTonnes):
             product  tot_weight
0           Dry bulk       94.86
1   Container (fast)        4.07
2   Container (slow)        9.23
3  Break bulk (fast)       11.61
4  Break bulk (slow)       15.37
5           Neo bulk       19.28
Function construct_ODD Took 0.5206 seconds
Function construct_vehicles Took 0.7254 seconds
Function construct_emission_transfer Took 0.1671 seconds
Function construct_costs Took 2.4430 seconds
Function construct_time_value Took 0.0014 seconds
Function construct_investments Took 0.0094 seconds
Function construct_charging_edges Took 0.2508 seconds
Function construct_tech_readiness Took 0.0055 seconds
Function construct_path_generation Took 0.1880 seconds
Function construct_param2 Took 0.0743 seconds
Function combined_sets Took 0.4782 seconds
Function combined_sets Took 0.4895 seconds
Done reading data.
Time used reading the base data: 18.604124307632446
Solving the first time period for initialization purposes...
Function combined_sets Took 0.1972 seconds
Set parameter Username
Academic license - for non-commercial use only - expires 2025-03-01
Read LP format model from file C:\Users\Sander\Documents\Code\Github\Sander\STraM_ntnu_development\temp\pyomo\tmp5i9x8nf6.pyomo.lp
Reading time = 5.59 seconds
x1: 2206927 rows, 540793 columns, 7780276 nonzeros
Set parameter FeasibilityTol to value 0.0001
Set parameter MIPGap to value 0.002
Gurobi Optimizer version 11.0.0 build v11.0.0rc2 (win64 - Windows 11+.0 (22631.2))

CPU model: Intel(R) Core(TM) i7-10510U CPU @ 1.80GHz, instruction set [SSE2|AVX|AVX2]
Thread count: 4 physical cores, 8 logical processors, using up to 8 threads

Optimize a model with 2206927 rows, 540793 columns and 7780276 nonzeros
Model fingerprint: 0xed3e585e
Coefficient statistics:
  Matrix range     [1e-05, 1e+03]
  Objective range  [8e-02, 3e-01]
  Bounds range     [0e+00, 0e+00]
  RHS range        [1e-03, 9e+01]
Presolve removed 561815 rows and 483568 columns (presolve time = 5s) ...
Presolve removed 2204267 rows and 518514 columns
Presolve time: 5.69s
Presolved: 2660 rows, 23242 columns, 201158 nonzeros

Concurrent LP optimizer: dual simplex and barrier
Showing barrier log only...

Ordering time: 0.03s

Barrier statistics:
 AA' NZ     : 8.445e+04
 Factor NZ  : 1.919e+05 (roughly 12 MB of memory)
 Factor Ops : 2.716e+07 (less than 1 second per iteration)
 Threads    : 3

                  Objective                Residual
Iter       Primal          Dual         Primal    Dual     Compl     Time
   0   4.16317933e+00 -4.66337500e-01  3.07e+05 0.00e+00  1.20e+00     6s
   1   1.50860335e+00 -1.92442386e+00  7.25e+04 2.32e-02  2.97e-01     6s
   2   1.40511504e+00 -9.93803618e-01  2.66e+04 1.11e-02  1.11e-01     6s
   3   1.79150599e+01  6.78868991e+00  6.74e+03 2.52e-03  2.91e-02     6s
   4   1.16031729e+01  2.08999926e+01  3.68e+03 1.31e-03  1.62e-02     6s
   5   1.00979612e+01  2.49319775e+01  3.07e+03 1.27e-03  1.35e-02     6s
   6   1.04013206e+01  3.57620323e+01  2.50e+03 1.17e-03  1.09e-02     6s
   7   1.13704848e+01  3.44452858e+01  2.32e+03 1.13e-03  1.02e-02     6s
   8   1.51097475e+01  3.55603843e+01  2.05e+03 9.62e-04  8.96e-03     6s
   9   1.94177757e+01  5.42302580e+01  1.51e+03 5.21e-04  6.58e-03     6s
  10   2.20151661e+01  7.10511878e+01  1.30e+03 4.09e-04  5.67e-03     6s
  11   2.60309834e+01  7.68139420e+01  1.10e+03 3.83e-04  4.68e-03     6s
  12   3.23609515e+01  8.75721885e+01  9.10e+02 3.12e-04  3.82e-03     6s
  13   3.46598674e+01  9.50616936e+01  8.66e+02 2.79e-04  3.65e-03     6s
  14   3.84903365e+01  1.00083122e+02  7.83e+02 2.63e-04  3.26e-03     6s
  15   4.04747670e+01  1.02368670e+02  7.47e+02 2.56e-04  3.12e-03     6s
  16   4.60483703e+01  1.09599219e+02  6.62e+02 2.38e-04  2.74e-03     6s
  17   5.26388705e+01  1.13941048e+02  5.70e+02 2.24e-04  2.32e-03     6s
  18   5.52681801e+01  1.21739347e+02  5.36e+02 2.08e-04  2.17e-03     6s
  19   5.69025751e+01  1.26236934e+02  5.17e+02 1.99e-04  2.09e-03     6s
  20   6.00222640e+01  1.30912244e+02  4.84e+02 1.88e-04  1.94e-03     6s
  21   6.32931658e+01  1.35527540e+02  4.52e+02 1.79e-04  1.80e-03     6s
  22   6.78190870e+01  1.42319045e+02  4.12e+02 1.67e-04  1.61e-03     6s
  23   6.99158807e+01  1.46208421e+02  3.95e+02 1.63e-04  1.54e-03     6s
  24   7.29614059e+01  1.54126162e+02  3.73e+02 1.54e-04  1.44e-03     6s
  25   7.51714829e+01  1.62738217e+02  3.58e+02 1.49e-04  1.38e-03     6s
  26   7.69217702e+01  1.67866755e+02  3.49e+02 1.45e-04  1.35e-03     6s
  27   7.81236742e+01  1.70268111e+02  3.42e+02 1.40e-04  1.33e-03     6s
  28   8.16738622e+01  1.74287627e+02  3.24e+02 1.35e-04  1.24e-03     6s
  29   8.68598717e+01  1.80988803e+02  2.99e+02 1.29e-04  1.12e-03     6s
  30   9.36634951e+01  1.89377606e+02  2.69e+02 1.21e-04  9.69e-04     6s
  31   9.56263704e+01  1.97826734e+02  2.61e+02 1.14e-04  9.59e-04     6s
  32   9.96849093e+01  2.00777609e+02  2.48e+02 1.12e-04  8.93e-04     6s
  33   1.04928556e+02  2.09182536e+02  2.31e+02 1.06e-04  8.17e-04     6s
  34   1.09264582e+02  2.15115573e+02  2.18e+02 1.02e-04  7.55e-04     6s
  35   1.12647064e+02  2.22233346e+02  2.09e+02 9.93e-05  7.16e-04     6s
  36   1.15296635e+02  2.32917651e+02  2.03e+02 9.46e-05  7.12e-04     6s
  37   1.19928676e+02  2.40818750e+02  1.94e+02 9.05e-05  6.88e-04     6s
  38   1.23233549e+02  2.48086640e+02  1.87e+02 8.76e-05  6.54e-04     6s
  39   1.26341188e+02  2.56738755e+02  1.81e+02 8.48e-05  6.33e-04     6s
  40   1.27735018e+02  2.59598722e+02  1.79e+02 8.38e-05  6.33e-04     6s
  41   1.29325905e+02  2.67039920e+02  1.77e+02 8.14e-05  6.35e-04     6s
  42   1.31815289e+02  2.71773492e+02  1.73e+02 7.99e-05  6.16e-04     6s
  43   1.34203266e+02  2.75007291e+02  1.69e+02 7.88e-05  5.98e-04     6s
  44   1.36792303e+02  2.83506522e+02  1.65e+02 7.69e-05  5.80e-04     6s
  45   1.40514741e+02  2.89521693e+02  1.59e+02 7.54e-05  5.44e-04     6s
  46   1.42738146e+02  2.93262538e+02  1.56e+02 7.47e-05  5.26e-04     6s
  47   1.43295016e+02  3.01004773e+02  1.56e+02 7.34e-05  5.33e-04     6s
  48   1.45024741e+02  3.02822153e+02  1.54e+02 7.29e-05  5.24e-04     6s
  49   1.48073436e+02  3.06742185e+02  1.51e+02 7.10e-05  5.20e-04     6s
  50   1.24996767e+02 -4.66337500e+03  9.20e+06 0.00e+00  3.60e+05     6s
  51   3.86986741e+02 -2.81211112e+04  1.38e+06 1.43e+02  3.77e+04     6s
  52   6.29526463e+03 -4.12021024e+04  5.35e+05 1.09e+02  1.08e+04     6s
  53   8.04908913e+03 -8.01282539e+04  2.03e+05 3.10e+01  4.08e+03     6s
  54   9.13498995e+03 -8.78866403e+04  7.60e+04 1.84e+01  1.57e+03     6s
  55   9.41634621e+03 -8.88069395e+04  1.68e+04 1.07e+01  3.98e+02     6s
  56   1.16653255e+04 -1.01254273e+05  9.17e+03 9.83e+00  2.49e+02     6s
  57   1.29238727e+04 -9.79106612e+04  2.50e+03 3.99e+00  8.03e+01     6s
  58   1.27819955e+04 -8.05710047e+04  7.58e+02 1.94e+00  3.17e+01     6s
  59   1.23665837e+04 -6.44237191e+04  3.18e+02 1.23e+00  1.75e+01     6s
  60   1.21354791e+04 -4.93736754e+04  1.87e+02 7.54e-01  1.07e+01     6s
  61   1.16161036e+04 -3.66322902e+04  8.08e+01 4.88e-01  6.34e+00     6s
  62   1.14027007e+04 -3.56669405e+04  5.99e+01 4.58e-01  5.69e+00     6s
  63   1.05880645e+04 -2.00063211e+04  1.86e+01 2.33e-01  2.76e+00     6s

Barrier performed 63 iterations in 6.43 seconds (5.52 work units)
Barrier solve interrupted - model solved by another algorithm


Solved with dual simplex
Extra simplex iterations after uncrush: 1
Iteration    Objective       Primal Inf.    Dual Inf.      Time
    6323    5.2723637e+02   0.000000e+00   0.000000e+00      9s

Solved in 6323 iterations and 8.69 seconds (10.23 work units)
Optimal objective  5.272363661e+02
the solution is feasible and optimal
Solution time: 17.94043207168579
Function combined_sets Took 0.4600 seconds
-----
Constructing full SP model...
Done constructing model.
Time used constructing the model: 175.0894033908844
----------
Solving model...
Set parameter Username
Academic license - for non-commercial use only - expires 2025-03-01
Read LP format model from file C:\Users\Sander\Documents\Code\Github\Sander\STraM_ntnu_development\temp\pyomo\tmp2_yrveuu.pyomo.lp
Reading time = 16.89 seconds
x1: 4554352 rows, 1834336 columns, 25944148 nonzeros
Set parameter FeasibilityTol to value 0.01
Set parameter MIPGap to value 0.002
Gurobi Optimizer version 11.0.0 build v11.0.0rc2 (win64 - Windows 11+.0 (22631.2))

CPU model: Intel(R) Core(TM) i7-10510U CPU @ 1.80GHz, instruction set [SSE2|AVX|AVX2]
Thread count: 4 physical cores, 8 logical processors, using up to 8 threads

Optimize a model with 4554352 rows, 1834336 columns and 25944148 nonzeros
Model fingerprint: 0xc08560ff
Variable types: 1834030 continuous, 306 integer (306 binary)
Coefficient statistics:
  Matrix range     [6e-06, 1e+03]
  Objective range  [8e-02, 3e-01]
  Bounds range     [1e+00, 6e+04]
  RHS range        [1e-03, 9e+01]
Presolve removed 4275901 rows and 946038 columns (presolve time = 5s) ...
Presolve removed 4353661 rows and 1037449 columns
Presolve time: 9.06s
Presolved: 200691 rows, 796887 columns, 16334199 nonzeros
Variable types: 796853 continuous, 34 integer (34 binary)
Deterministic concurrent LP optimizer: primal simplex, dual simplex, and barrier
Showing barrier log only...

Root barrier log...

Ordering time: 2.22s

Barrier statistics:
 AA' NZ     : 4.448e+06
 Factor NZ  : 1.144e+07 (roughly 400 MB of memory)
 Factor Ops : 2.753e+09 (roughly 1 second per iteration)
 Threads    : 1

                  Objective                Residual
Iter       Primal          Dual         Primal    Dual     Compl     Time
   0   1.39121947e+13 -1.10836849e+13  9.20e+10 7.63e+01  2.69e+09    64s
   1   7.36950566e+12 -9.92055057e+12  4.81e+10 1.57e+02  1.42e+09    66s
   2   3.28749814e+12 -9.42319761e+12  2.02e+10 1.43e+02  6.29e+08    68s
   3   1.12811354e+12 -3.24949039e+12  5.84e+09 7.90e+00  1.91e+08    70s
   4   2.36434066e+11 -1.08792728e+12  2.93e+08 3.66e-01  1.03e+07    71s
   5   5.86259797e+10 -3.59454093e+11  4.59e+07 8.69e-02  1.79e+06    74s
   6   2.74710337e+10 -1.13303472e+11  1.79e+07 4.02e-03  7.00e+05    76s
   7   1.67762174e+10 -4.95306902e+10  1.03e+07 4.48e-04  4.01e+05    78s
   8   1.37143475e+10 -4.30849666e+10  8.35e+06 3.78e-04  3.26e+05    79s
   9   1.27715944e+10 -4.07774292e+10  7.73e+06 3.50e-04  3.03e+05    81s
  10   1.09292547e+10 -3.23955147e+10  6.54e+06 2.14e-04  2.56e+05    82s
  11   8.86867828e+09 -2.79695024e+10  5.25e+06 1.46e-04  2.08e+05    84s
  12   4.75437894e+09 -1.46734780e+10  2.70e+06 1.46e-11  1.08e+05    85s
  13   2.88534346e+09 -5.67266130e+09  1.61e+06 1.09e-11  6.25e+04    87s
  14   1.17617510e+09 -2.62559432e+09  6.43e+05 7.56e-12  2.52e+04    89s
  15   4.71981935e+08 -1.37419712e+09  2.59e+05 5.57e-09  1.04e+04    91s
  16   2.84834813e+08 -1.27764372e+09  1.54e+05 5.14e-09  6.45e+03    92s
  17   1.34219624e+08 -8.94957214e+08  6.95e+04 4.16e-09  3.07e+03    94s
  18   4.69767935e+07 -3.86609629e+08  2.31e+04 3.78e-09  1.04e+03    95s

Barrier performed 18 iterations in 95.32 seconds (64.40 work units)
Barrier solve interrupted - model solved by another algorithm

Concurrent spin time: 0.53s

Solved with dual simplex

Root simplex log...

Iteration    Objective       Primal Inf.    Dual Inf.      Time
   89254    2.3485487e+03   0.000000e+00   0.000000e+00    100s
Extra simplex iterations after uncrush: 7476

Root relaxation: objective 2.348549e+03, 89254 iterations, 50.35 seconds (25.26 work units)

    Nodes    |    Current Node    |     Objective Bounds      |     Work
 Expl Unexpl |  Obj  Depth IntInf | Incumbent    BestBd   Gap | It/Node Time

     0     0 2348.54873    0    4          - 2348.54873      -     -  100s
H    0     0                    2348.5555174 2348.54873  0.00%     -  102s

Explored 1 nodes (89254 simplex iterations) in 103.76 seconds (70.76 work units)
Thread count was 8 (of 8 available processors)

Solution count 2: 2348.56 2348.56 

Optimal solution found (tolerance 2.00e-03)
Warning: max constraint violation (7.9740e-02) exceeds tolerance
Warning: max bound violation (7.9009e-02) exceeds tolerance
Best objective 2.348555517381e+03, best bound 2.348555517381e+03, gap 0.0000%
the solution is feasible and optimal
Solution time: 129.6202142238617
Done solving model.
Time used solving the model: 227.99937796592712
----------Dumping data in pickle file...done.
Dumping results in pickle file.....done.
objective function value:  2348.555517381004
objective function value normalized (Billion EURO):  234.86
                         2023                                            \
                           OO     OB     OP     BO     BB     BP     PO   
LCOT                    4.292  4.292  4.292  4.292  4.292  4.292  4.292   
LCOT (Empty Trips)      1.232  1.232  1.232  1.232  1.232  1.232  1.232   
Emission                0.248  0.248  0.248  0.248  0.248  0.248  0.248   
Emission (Empty Trips)  0.111  0.111  0.111  0.111  0.111  0.111  0.111   
CO2_Penalty             0.000  0.000  0.000  0.000  0.000  0.000  0.000   
Time value              1.344  1.344  1.344  1.344  1.344  1.344  1.344   
Transfer                2.063  2.063  2.063  2.063  2.063  2.063  2.063   
RailTrack               0.116  0.116  0.116  0.116  0.116  0.116  0.116   
Terminal                0.039  0.039  0.039  0.039  0.039  0.039  0.039   
RailElectr.             0.000  0.000  0.000  0.000  0.000  0.000  0.000   
Charging                0.000  0.000  0.000  0.000  0.000  0.000  0.000   
H2_Filling              0.000  0.000  0.000  0.000  0.000  0.000  0.000   

                                       2028                              \
                           PB     PP     OO     OB     OP     BO     BB   
LCOT                    4.292  4.292  4.749  4.749  4.749  4.749  4.749   
LCOT (Empty Trips)      1.232  1.232  1.075  1.075  1.075  1.075  1.075   
Emission                0.248  0.248  0.335  0.335  0.335  0.335  0.335   
Emission (Empty Trips)  0.111  0.111  0.090  0.090  0.090  0.090  0.090   
CO2_Penalty             0.000  0.000  0.000  0.000  0.000  0.000  0.000   
Time value              1.344  1.344  1.630  1.630  1.630  1.630  1.630   
Transfer                2.063  2.063  2.608  2.608  2.608  2.608  2.608   
RailTrack               0.116  0.116  0.000  0.000  0.000  0.000  0.000   
Terminal                0.039  0.039  0.022  0.022  0.022  0.022  0.022   
RailElectr.             0.000  0.000  0.000  0.000  0.000  0.000  0.000   
Charging                0.000  0.000  0.000  0.000  0.000  0.000  0.000   
H2_Filling              0.000  0.000  0.000  0.000  0.000  0.000  0.000   

                                                     2034                \
                           BP     PO     PB     PP     OO     OB     OP   
LCOT                    4.749  4.749  4.749  4.749  4.865  4.869  4.874   
LCOT (Empty Trips)      1.075  1.075  1.075  1.075  1.046  1.050  1.051   
Emission                0.335  0.335  0.335  0.335  0.422  0.421  0.421   
Emission (Empty Trips)  0.090  0.090  0.090  0.090  0.114  0.113  0.113   
CO2_Penalty             0.000  0.000  0.000  0.000  0.000  0.000  0.000   
Time value              1.630  1.630  1.630  1.630  1.931  1.928  1.927   
Transfer                2.608  2.608  2.608  2.608  3.088  3.086  3.088   
RailTrack               0.000  0.000  0.000  0.000  0.000  0.000  0.000   
Terminal                0.022  0.022  0.022  0.022  0.000  0.000 -0.000   
RailElectr.             0.000  0.000  0.000  0.000  0.000  0.000  0.000   
Charging                0.000  0.000  0.000  0.000  0.004  0.004  0.004   
H2_Filling              0.000  0.000  0.000  0.000  0.000  0.000  0.000   

                                                                   2040  \
                           BO     BB     BP     PO     PB     PP     OO   
LCOT                    5.297  5.302  5.307  5.644  5.496  5.502  5.167   
LCOT (Empty Trips)      1.166  1.165  1.165  1.220  1.218  1.219  1.127   
Emission                0.420  0.420  0.421  0.333  0.420  0.420  0.383   
Emission (Empty Trips)  0.113  0.113  0.113  0.111  0.113  0.113  0.104   
CO2_Penalty             0.000  0.000  0.000  0.000  0.000  0.000  0.000   
Time value              1.927  1.927  1.928  1.926  1.927  1.927  2.053   
Transfer                3.089  3.090  3.090  3.089  3.088  3.089  3.054   
RailTrack               0.000  0.000  0.000  0.000  0.000  0.000  0.000   
Terminal               -0.000  0.000 -0.000  0.000  0.001  0.000 -0.000   
RailElectr.             0.000  0.000  0.000  0.000  0.000  0.000  0.000   
Charging                0.004  0.004  0.004  0.010  0.004  0.004  0.085   
H2_Filling              0.000  0.000  0.000  0.000  0.000  0.000  0.000   

                                                                         \
                           OB     OP     BO     BB     BP     PO     PB   
LCOT                    5.189  5.219  5.679  5.678  5.707  6.042  6.007   
LCOT (Empty Trips)      1.131  1.140  1.238  1.229  1.237  1.307  1.288   
Emission                0.383  0.384  0.351  0.380  0.380  0.180  0.300   
Emission (Empty Trips)  0.104  0.104  0.103  0.103  0.103  0.095  0.103   
CO2_Penalty             0.000  0.000  0.000  0.000  0.000  0.000  0.000   
Time value              2.054  2.054  2.041  2.043  2.045  2.040  2.043   
Transfer                3.060  3.060  3.006  2.997  3.002  3.002  2.999   
RailTrack               0.000  0.000  0.000  0.000  0.000  0.000  0.000   
Terminal                0.001  0.001  0.001  0.001  0.001  0.001  0.001   
RailElectr.             0.000  0.000  0.000  0.000  0.000  0.000  0.000   
Charging                0.085  0.085  0.086  0.086  0.086  0.086  0.086   
H2_Filling              0.000  0.000  0.000  0.000  0.000  0.001  0.000   

                                2050                                     \
                           PP     OO     OB     OP     BO     BB     BP   
LCOT                    5.912  6.006  5.987  5.975  6.502  6.640  6.530   
LCOT (Empty Trips)      1.296  1.256  1.264  1.251  1.434  1.463  1.374   
Emission                0.379  0.537  0.606  0.609  0.252  0.297  0.525   
Emission (Empty Trips)  0.103  0.163  0.162  0.163  0.000  0.023  0.158   
CO2_Penalty             0.000  0.000  0.000  0.000  0.000  0.000  0.000   
Time value              2.042  2.419  2.422  2.429  2.420  2.415  2.416   
Transfer                2.999  3.281  3.282  3.340  3.283  3.281  3.281   
RailTrack               0.000  0.000  0.000  0.000  0.000  0.000  0.000   
Terminal                0.001  0.000  0.000  0.000  0.000  0.000  0.000   
RailElectr.             0.000  0.000  0.000  0.000  0.000  0.000  0.000   
Charging                0.086  0.060  0.060  0.060  0.060  0.060  0.060   
H2_Filling              0.000  0.001  0.000  0.000  0.001  0.001  0.001   

                                              2023                 2028       \
                           PO     PB     PP   mean           std   mean  std   
LCOT                    6.609  6.811  6.903  4.292  0.000000e+00  4.749  0.0   
LCOT (Empty Trips)      1.437  1.480  1.524  1.232  0.000000e+00  1.075  0.0   
Emission                0.038  0.176  0.297  0.248  2.943923e-17  0.335  0.0   
Emission (Empty Trips)  0.000  0.000  0.020  0.111  0.000000e+00  0.090  0.0   
CO2_Penalty             0.000  0.000  0.000  0.000  0.000000e+00  0.000  0.0   
Time value              2.420  2.415  2.415  1.344  0.000000e+00  1.630  0.0   
Transfer                3.279  3.279  3.279  2.063  0.000000e+00  2.608  0.0   
RailTrack               0.000  0.000  0.000  0.116  0.000000e+00  0.000  0.0   
Terminal                0.000  0.000  0.000  0.039  0.000000e+00  0.022  0.0   
RailElectr.             0.000  0.000  0.000  0.000  0.000000e+00  0.000  0.0   
Charging                0.060  0.060  0.060  0.000  0.000000e+00  0.000  0.0   
H2_Filling              0.001  0.001  0.001  0.000  0.000000e+00  0.000  0.0   

                            2034                2040                2050  \
                            mean       std      mean       std      mean   
LCOT                    5.239556  0.300250  5.622222  0.349867  6.440333   
LCOT (Empty Trips)      1.144444  0.075275  1.221444  0.072123  1.387000   
Emission                0.410889  0.029217  0.346667  0.068261  0.370778   
Emission (Empty Trips)  0.112889  0.000782  0.102444  0.002833  0.076556   
CO2_Penalty             0.000000  0.000000  0.000000  0.000000  0.000000   
Time value              1.927556  0.001424  2.046111  0.005840  2.419000   
Transfer                3.088556  0.001236  3.019889  0.028746  3.287222   
RailTrack               0.000000  0.000000  0.000000  0.000000  0.000000   
Terminal                0.000111  0.000333  0.000889  0.000333  0.000000   
RailElectr.             0.000000  0.000000  0.000000  0.000000  0.000000   
Charging                0.004667  0.002000  0.085667  0.000500  0.060000   
H2_Filling              0.000000  0.000000  0.000111  0.000333  0.000778   

                                      
                                 std  
LCOT                    3.609543e-01  
LCOT (Empty Trips)      1.053909e-01  
Emission                2.052948e-01  
Emission (Empty Trips)  8.103103e-02  
CO2_Penalty             0.000000e+00  
Time value              4.582576e-03  
Transfer                1.984173e-02  
RailTrack               0.000000e+00  
Terminal                0.000000e+00  
RailElectr.             0.000000e+00  
Charging                7.359808e-18  
H2_Filling              4.409586e-04  
                       2023     2028      2034      2040      2050     
                       mean std mean  std mean  std mean  std mean  std
LCOT                    4.3   0  4.8    0  5.2  0.3  5.6 0.35  6.4 0.36
LCOT (Empty Trips)      1.2   0  1.1    0  1.1 0.08  1.2 0.07  1.4 0.11
Emission               0.25   0 0.34    0 0.41 0.03 0.35 0.07 0.37 0.21
Emission (Empty Trips) 0.11   0 0.09    0 0.11    0  0.1    0 0.08 0.08
CO2_Penalty               0   0    0    0    0    0    0    0    0    0
Time value              1.3   0  1.6    0  1.9    0    2 0.01  2.4    0
Transfer                2.1   0  2.6    0  3.1    0    3 0.03  3.3 0.02
RailTrack              0.12   0    0    0    0    0    0    0    0    0
Terminal               0.04   0 0.02    0    0    0    0    0    0    0
RailElectr.               0   0    0    0    0    0    0    0    0    0
Charging                  0   0    0    0    0    0 0.09    0 0.06    0
H2_Filling                0   0    0    0    0    0    0    0    0    0
discount_factor           1   1 0.83 0.83 0.66 0.66 0.53 0.53 0.36 0.36
emissions (MTonnes CO2 eq.):
             AvgEmission   Std  AvgEmission_perc  Std_perc
time_period                                               
2023                 7.2     0             1e+02         0
2028                 6.7 1e-12                93   1.4e-11
2034                 6.7  0.34                92       4.6
2040                 4.6  0.65                64         9
2050                   3     2                41        28
----------------
Average transport work in GTONNES*km:
    mode            product time_period  TransportArbeid
0   Rail           Dry bulk        2023              9.6
1   Rail           Neo bulk        2023           0.0033
2   Road  Break bulk (fast)        2023              5.5
3   Road  Break bulk (slow)        2023              5.8
4   Road   Container (fast)        2023                2
5   Road   Container (slow)        2023              2.7
6   Road           Dry bulk        2023             0.56
7   Road           Neo bulk        2023               12
8    Sea  Break bulk (fast)        2023            0.091
9    Sea  Break bulk (slow)        2023             0.98
10   Sea   Container (fast)        2023              0.1
11   Sea   Container (slow)        2023              1.1
12   Sea           Dry bulk        2023               97
13   Sea           Neo bulk        2023             0.26

