----------------------------
Doing the following analysis: 
FuelScen_carbontaxbase_demand_scaled_0%_risk_rate_9.0
----------------------------
Reading data...
Reading and constructing data
Function construct_sets Took 0.0012 seconds
Function construct_network Took 0.0047 seconds
Transport demand in the base year 2018 (in MTonnes):
             product  tot_weight
0           Dry bulk       94.86
1   Container (fast)        4.07
2   Container (slow)        9.23
3  Break bulk (fast)       11.61
4  Break bulk (slow)       15.37
5           Neo bulk       19.28
Function construct_ODD Took 0.5085 seconds
Function construct_vehicles Took 0.5374 seconds
Function construct_emission_transfer Took 0.1533 seconds
Function construct_costs Took 2.3220 seconds
Function construct_time_value Took 0.0011 seconds
Function construct_investments Took 0.0084 seconds
Function construct_charging_edges Took 0.1872 seconds
Function construct_tech_readiness Took 0.0049 seconds
Function construct_path_generation Took 0.1574 seconds
Function construct_param2 Took 0.0610 seconds
Function combined_sets Took 0.4256 seconds
Function combined_sets Took 0.4444 seconds
Done reading data.
Time used reading the base data: 16.58021569252014
Solving the first time period for initialization purposes...
Function combined_sets Took 0.1561 seconds
Set parameter Username
Academic license - for non-commercial use only - expires 2025-09-27
Read LP format model from file C:\Users\sandee\Documents\Github\STraM_ntnu_development\temp\pyomo\tmpq4y9xvoz.pyomo.lp
Reading time = 5.07 seconds
x1: 2206927 rows, 540793 columns, 7780366 nonzeros
Set parameter FeasibilityTol to value 0.0001
Set parameter MIPGap to value 0.002
Gurobi Optimizer version 11.0.0 build v11.0.0rc2 (win64 - Windows 10.0 (19045.2))

CPU model: Intel(R) Core(TM) i7-10700 CPU @ 2.90GHz, instruction set [SSE2|AVX|AVX2]
Thread count: 8 physical cores, 16 logical processors, using up to 16 threads

Optimize a model with 2206927 rows, 540793 columns and 7780366 nonzeros
Model fingerprint: 0x4326c196
Coefficient statistics:
  Matrix range     [6e-06, 1e+03]
  Objective range  [8e-02, 3e-01]
  Bounds range     [0e+00, 0e+00]
  RHS range        [1e-03, 9e+01]
Presolve removed 2204267 rows and 518514 columns
Presolve time: 4.57s
Presolved: 2660 rows, 23242 columns, 201160 nonzeros

Concurrent LP optimizer: primal simplex, dual simplex, and barrier
Showing barrier log only...

Ordering time: 0.02s

Barrier statistics:
 AA' NZ     : 8.445e+04
 Factor NZ  : 1.919e+05 (roughly 12 MB of memory)
 Factor Ops : 2.716e+07 (less than 1 second per iteration)
 Threads    : 6

                  Objective                Residual
Iter       Primal          Dual         Primal    Dual     Compl     Time
   0   4.26651062e+00 -5.65025000e-01  2.86e+05 0.00e+00  1.23e+00     5s
   1   1.63147307e+00 -6.13143262e-01  6.92e+04 2.27e-02  3.11e-01     5s
   2   8.35351315e-01  6.09015028e-01  1.41e+04 1.53e-02  6.78e-02     5s
   3   1.07307634e+00  6.79046321e+00  5.20e+03 3.87e-03  2.48e-02     5s
   4   5.70623101e+00  2.66209451e+01  2.85e+03 1.07e-03  1.35e-02     5s
   5   8.14555592e+00  3.76334631e+01  2.58e+03 1.01e-03  1.23e-02     5s
   6   1.41758729e+01  4.09266607e+01  2.17e+03 9.27e-04  1.04e-02     5s
   7   1.84582725e+01  4.22791421e+01  1.66e+03 8.88e-04  7.95e-03     5s
   8   2.17512953e+01  5.78392155e+01  1.39e+03 6.49e-04  6.75e-03     5s
   9   2.54865472e+01  7.48930624e+01  1.16e+03 4.94e-04  5.61e-03     5s
  10   3.12795545e+01  7.95465695e+01  9.18e+02 4.48e-04  4.38e-03     5s
  11   3.77590866e+01  9.00351911e+01  7.46e+02 3.89e-04  3.48e-03     5s
  12   3.95122685e+01  9.47618151e+01  7.09e+02 3.76e-04  3.30e-03     5s
  13   4.09937711e+01  9.90138772e+01  6.85e+02 3.65e-04  3.19e-03     5s
  14   4.41382176e+01  1.04716822e+02  6.41e+02 3.44e-04  2.97e-03     5s
  15   4.95106368e+01  1.10132710e+02  5.64e+02 3.22e-04  2.58e-03     5s
  16   5.37176163e+01  1.19175338e+02  5.08e+02 2.99e-04  2.29e-03     5s
  17   5.55143740e+01  1.25320821e+02  4.87e+02 2.91e-04  2.18e-03     5s
  18   5.56968867e+01  1.30102052e+02  4.85e+02 2.78e-04  2.19e-03     5s
  19   5.90265093e+01  1.36232458e+02  4.55e+02 2.63e-04  2.05e-03     5s
  20   6.27752824e+01  1.42820431e+02  4.24e+02 2.49e-04  1.86e-03     5s
  21   6.78121493e+01  1.46039314e+02  3.90e+02 2.43e-04  1.69e-03     5s
  22   7.22775304e+01  1.50836521e+02  3.63e+02 2.31e-04  1.56e-03     5s
  23   7.57077411e+01  1.58214834e+02  3.43e+02 2.18e-04  1.46e-03     5s
  24   7.83865998e+01  1.61780554e+02  3.29e+02 2.14e-04  1.39e-03     5s
  25   8.29338706e+01  1.64653483e+02  3.06e+02 2.09e-04  1.27e-03     5s
  26   8.53017257e+01  1.71044191e+02  2.94e+02 1.98e-04  1.23e-03     5s
  27   8.84275495e+01  1.80674410e+02  2.80e+02 1.79e-04  1.17e-03     5s
  28   9.15127838e+01  1.84128073e+02  2.67e+02 1.73e-04  1.11e-03     5s
  29   9.18921803e+01  1.89832159e+02  2.65e+02 1.65e-04  1.13e-03     5s
  30   9.49781411e+01  1.93906799e+02  2.54e+02 1.60e-04  1.06e-03     5s
  31   9.84120321e+01  1.97686461e+02  2.41e+02 1.56e-04  9.93e-04     5s
  32   1.00328660e+02  2.01142393e+02  2.34e+02 1.54e-04  9.67e-04     5s
  33   1.03069313e+02  2.03864078e+02  2.25e+02 1.52e-04  9.18e-04     5s
  34   1.07350089e+02  2.15190221e+02  2.12e+02 1.43e-04  8.52e-04     5s
  35   1.11384631e+02  2.19535933e+02  2.00e+02 1.39e-04  7.78e-04     5s
  36   1.15711563e+02  2.22593139e+02  1.91e+02 1.37e-04  7.26e-04     5s
  37   1.17556167e+02  2.32435738e+02  1.87e+02 1.30e-04  7.25e-04     5s
  38   1.21495831e+02  2.38222738e+02  1.79e+02 1.26e-04  6.90e-04     5s
  39   1.24554130e+02  2.48463255e+02  1.73e+02 1.21e-04  6.71e-04     5s
  40   1.27288172e+02  2.57133685e+02  1.68e+02 1.17e-04  6.55e-04     5s
  41   1.30459221e+02  2.65246590e+02  1.63e+02 1.14e-04  6.34e-04     5s
  42   1.32689827e+02  2.72002161e+02  1.60e+02 1.11e-04  6.25e-04     5s
  43   1.36678830e+02  2.82088973e+02  1.55e+02 1.08e-04  6.04e-04     5s
  44   1.39671436e+02  2.87954450e+02  1.51e+02 1.06e-04  5.97e-04     5s
  45   1.43823630e+02  2.90913604e+02  1.47e+02 1.03e-04  5.81e-04     5s
  46   1.48462390e+02  2.98478526e+02  1.42e+02 9.89e-05  5.64e-04     5s
  47   1.52868059e+02  3.03560587e+02  1.37e+02 9.62e-05  5.43e-04     5s
  48   1.54410597e+02  3.05378779e+02  1.36e+02 9.54e-05  5.37e-04     5s
  49   1.57552600e+02  3.05018603e+02  1.33e+02 9.47e-05  5.27e-04     5s
  50   1.59582058e+02  3.11447635e+02  1.31e+02 9.31e-05  5.18e-04     5s
  51   1.61663195e+02  3.13056203e+02  1.29e+02 9.25e-05  5.07e-04     5s

Barrier performed 51 iterations in 5.16 seconds (5.39 work units)
Barrier solve interrupted - model solved by another algorithm


Solved with dual simplex
Extra simplex iterations after uncrush: 3
Iteration    Objective       Primal Inf.    Dual Inf.      Time
    5664    4.9003003e+02   0.000000e+00   0.000000e+00      8s

Solved in 5664 iterations and 7.57 seconds (9.92 work units)
Optimal objective  4.900300327e+02
the solution is feasible and optimal
Solution time: 16.006678581237793
Function combined_sets Took 0.4461 seconds
-----
Constructing full SP model...
Done constructing model.
Time used constructing the model: 91.71636867523193
----------
Solving model...
Set parameter Username
Academic license - for non-commercial use only - expires 2025-09-27
Read LP format model from file C:\Users\sandee\Documents\Github\STraM_ntnu_development\temp\pyomo\tmpjh28e0hz.pyomo.lp
Reading time = 17.07 seconds
x1: 4554352 rows, 1834336 columns, 25949476 nonzeros
Set parameter FeasibilityTol to value 0.01
Set parameter MIPGap to value 0.002
Gurobi Optimizer version 11.0.0 build v11.0.0rc2 (win64 - Windows 10.0 (19045.2))

CPU model: Intel(R) Core(TM) i7-10700 CPU @ 2.90GHz, instruction set [SSE2|AVX|AVX2]
Thread count: 8 physical cores, 16 logical processors, using up to 16 threads

Optimize a model with 4554352 rows, 1834336 columns and 25949476 nonzeros
Model fingerprint: 0x8ef32558
Variable types: 1834030 continuous, 306 integer (306 binary)
Coefficient statistics:
  Matrix range     [6e-06, 1e+03]
  Objective range  [8e-02, 3e-01]
  Bounds range     [1e+00, 6e+04]
  RHS range        [1e-03, 9e+01]
Presolve removed 1614852 rows and 72 columns (presolve time = 5s) ...
Presolve removed 4353661 rows and 1037449 columns (presolve time = 11s) ...
Presolve removed 4353661 rows and 1037449 columns
Presolve time: 10.53s
Presolved: 200691 rows, 796887 columns, 16339455 nonzeros
Variable types: 796853 continuous, 34 integer (34 binary)
Deterministic concurrent LP optimizer: primal simplex, dual simplex, and barrier
Showing barrier log only...

Root barrier log...

Ordering time: 1.62s

Barrier statistics:
 AA' NZ     : 4.448e+06
 Factor NZ  : 1.154e+07 (roughly 400 MB of memory)
 Factor Ops : 2.864e+09 (less than 1 second per iteration)
 Threads    : 5

                  Objective                Residual
Iter       Primal          Dual         Primal    Dual     Compl     Time
   0   6.50533641e+12 -9.35388295e+12  6.10e+10 6.97e+01  1.60e+09    61s
   1   4.21894465e+12 -8.40703281e+12  3.93e+10 1.69e+02  1.04e+09    62s
   2   1.43450139e+12 -6.50704861e+12  1.31e+10 1.07e+02  3.63e+08    63s
   3   2.72699252e+11 -2.28189213e+12  2.12e+09 5.26e+00  6.31e+07    64s
   4   6.21740602e+10 -5.00135541e+11  2.02e+08 3.91e-01  6.40e+06    66s
   5   3.42807077e+10 -2.04852847e+11  7.83e+07 5.93e-02  2.55e+06    66s
   6   2.00795438e+10 -6.30149071e+10  3.86e+07 1.46e-02  1.23e+06    67s
   7   8.98303762e+09 -2.44030564e+10  1.38e+07 5.13e-03  4.59e+05    68s
   8   6.31457753e+09 -1.65811693e+10  9.16e+06 3.13e-03  3.09e+05    69s
   9   5.59489723e+09 -1.47236057e+10  8.03e+06 2.85e-03  2.71e+05    70s
  10   4.83019548e+09 -1.37693980e+10  6.78e+06 2.62e-03  2.30e+05    72s
  11   4.51734347e+09 -1.14295604e+10  6.29e+06 1.97e-03  2.12e+05    73s
  12   2.64385484e+09 -6.77203922e+09  3.50e+06 5.76e-04  1.20e+05    74s
  13   1.40489975e+09 -2.48082562e+09  1.68e+06 1.36e-11  5.96e+04    75s
  14   8.73900708e+08 -1.22271564e+09  1.01e+06 4.37e-11  3.55e+04    77s
  15   2.74619562e+08 -8.42321009e+08  3.10e+05 8.12e-12  1.13e+04    78s
  16   1.05897825e+08 -7.52215247e+08  1.12e+05 9.64e-12  4.37e+03    79s
  17   6.08754850e+07 -5.45164191e+08  5.97e+04 9.92e-12  2.39e+03    80s
  18   3.44382820e+07 -2.96346163e+08  3.19e+04 7.28e-12  1.22e+03    81s
  19   1.27034285e+07 -1.88695449e+08  1.05e+04 1.00e-11  4.42e+02    82s
  20   6.37363902e+06 -7.44953315e+07  5.01e+03 1.63e-06  1.83e+02    83s
  21   2.66334526e+06 -2.74608936e+07  1.92e+03 2.98e-06  6.50e+01    84s
  22   9.93416872e+05 -1.16912295e+07  6.59e+02 2.95e-06  2.29e+01    85s
  23   5.87778838e+05 -8.70444589e+06  3.79e+02 2.10e-06  1.44e+01    86s
  24   4.11292263e+05 -6.61150456e+06  2.60e+02 1.52e-06  1.02e+01    87s
  25   2.21285940e+05 -4.96530619e+06  1.32e+02 1.10e-06  6.21e+00    89s
  26   1.11088509e+05 -3.37864970e+06  6.21e+01 7.19e-07  3.59e+00    90s
  27   8.61987572e+04 -2.61226694e+06  4.69e+01 5.44e-07  2.72e+00    91s
  28   7.35295004e+04 -2.08853745e+06  3.97e+01 4.30e-07  2.20e+00    93s
  29   5.59077813e+04 -1.58814489e+06  2.92e+01 3.17e-07  1.64e+00    95s
  30   5.02882427e+04 -1.14933903e+06  2.59e+01 2.26e-07  1.26e+00    96s
  31   4.26837091e+04 -1.02697340e+06  2.17e+01 2.00e-07  1.09e+00    98s
  32   3.12996872e+04 -8.91930257e+05  1.53e+01 1.71e-07  8.71e-01    99s
  33   2.96847761e+04 -7.74169452e+05  1.44e+01 1.46e-07  7.69e-01   100s
  34   2.65200764e+04 -7.03389683e+05  1.27e+01 1.32e-07  6.87e-01   102s
  35   2.01885030e+04 -5.69860019e+05  9.16e+00 1.04e-07  5.30e-01   103s
  36   1.89962641e+04 -4.89050119e+05  8.47e+00 8.78e-08  4.60e-01   104s
  37   1.75993147e+04 -3.97512777e+05  7.69e+00 6.99e-08  3.81e-01   105s
  38   1.38585164e+04 -3.56738331e+05  5.64e+00 6.21e-08  3.21e-01   107s
  39   1.10316640e+04 -2.96704344e+05  4.09e+00 5.11e-08  2.56e-01   108s
  40   1.04540504e+04 -2.59960591e+05  3.75e+00 4.44e-08  2.25e-01   110s
  41   9.34062528e+03 -2.33013577e+05  3.15e+00 3.95e-08  1.97e-01   111s
  42   8.35507377e+03 -2.09795204e+05  2.61e+00 3.54e-08  1.74e-01   112s
  43   8.16532605e+03 -1.89500295e+05  2.51e+00 3.17e-08  1.58e-01   113s
  44   7.24696808e+03 -1.76793704e+05  2.01e+00 2.95e-08  1.43e-01   114s
  45   6.28917442e+03 -1.42923440e+05  1.50e+00 2.35e-08  1.13e-01   116s
  46   5.74953516e+03 -1.26774015e+05  1.21e+00 2.09e-08  9.89e-02   117s
  47   5.21872470e+03 -1.11646902e+05  9.35e-01 1.82e-08  8.55e-02   118s
  48   4.82953267e+03 -9.80081973e+04  7.31e-01 1.61e-08  7.40e-02   119s
  49   4.54740712e+03 -7.99930237e+04  5.91e-01 1.31e-08  6.03e-02   121s
  50   4.21696670e+03 -6.68170812e+04  4.40e-01 1.08e-08  4.99e-02   122s
  51   4.02195442e+03 -5.46216115e+04  3.59e-01 8.84e-09  4.09e-02   124s
  52   3.74015831e+03 -3.87724486e+04  2.51e-01 6.29e-09  2.93e-02   125s
  53   3.50053201e+03 -2.66530009e+04  1.75e-01 4.37e-09  2.06e-02   127s
  54   3.30994377e+03 -2.00927944e+04  1.24e-01 3.33e-09  1.59e-02   128s
  55   3.09135983e+03 -1.64933985e+04  7.93e-02 2.78e-09  1.32e-02   130s
  56   3.00466649e+03 -1.21745361e+04  6.64e-02 2.14e-09  1.02e-02   131s
  57   2.79712321e+03 -8.82185448e+03  3.97e-02 1.62e-09  7.79e-03   132s
  58   2.70212943e+03 -7.04316724e+03  3.06e-02 1.36e-09  6.52e-03   134s
  59   2.61036011e+03 -6.39847814e+03  2.37e-02 1.26e-09  6.02e-03   135s
  60   2.53846013e+03 -5.03409723e+03  1.94e-02 1.05e-09  5.06e-03   137s
  61   2.51221461e+03 -4.69379110e+03  1.80e-02 1.00e-09  4.81e-03   139s
  62   2.49489368e+03 -4.38682094e+03  1.73e-02 9.57e-10  4.59e-03   140s
  63   2.45077648e+03 -3.92590033e+03  1.52e-02 8.91e-10  4.25e-03   142s
  64   2.42025980e+03 -3.42602308e+03  1.40e-02 8.19e-10  3.90e-03   143s
  65   2.38266724e+03 -3.09092025e+03  1.26e-02 7.70e-10  3.65e-03   146s
  66   2.33998328e+03 -2.94352263e+03  1.12e-02 7.45e-10  3.52e-03   147s
  67   2.33138406e+03 -2.68713050e+03  1.10e-02 7.06e-10  3.34e-03   149s
  68   2.29458757e+03 -2.49001882e+03  9.90e-03 7.29e-10  3.19e-03   150s
  69   2.27569288e+03 -2.34657986e+03  9.39e-03 8.44e-10  3.08e-03   151s
  70   2.23154146e+03 -1.99510896e+03  8.21e-03 1.08e-09  2.81e-03   153s
  71   2.22027040e+03 -1.78174042e+03  8.07e-03 1.25e-09  2.67e-03   154s
  72   2.18291948e+03 -1.39643148e+03  7.33e-03 1.51e-09  2.38e-03   156s
  73   2.15812291e+03 -1.14541269e+03  6.92e-03 1.90e-09  2.20e-03   157s
  74   2.10251903e+03 -1.00095976e+03  5.97e-03 2.18e-09  2.07e-03   158s

Barrier performed 74 iterations in 158.49 seconds (88.98 work units)
Barrier solve interrupted - model solved by another algorithm

Concurrent spin time: 0.67s

Solved with dual simplex

Root simplex log...

Iteration    Objective       Primal Inf.    Dual Inf.      Time
  106258    1.3056557e+03   0.000000e+00   3.578186e+03    160s
Warning: Markowitz tolerance tightened to 0.125
  112662    1.3057422e+03   0.000000e+00   0.000000e+00    163s
Extra simplex iterations after uncrush: 8512

Root relaxation: objective 1.305742e+03, 112662 iterations, 116.74 seconds (42.05 work units)

    Nodes    |    Current Node    |     Objective Bounds      |     Work
 Expl Unexpl |  Obj  Depth IntInf | Incumbent    BestBd   Gap | It/Node Time

     0     0 1305.74219    0    4          - 1305.74219      -     -  163s
H    0     0                    1305.7693098 1305.74219  0.00%     -  165s

Explored 1 nodes (112662 simplex iterations) in 167.58 seconds (87.85 work units)
Thread count was 16 (of 16 available processors)

Solution count 2: 1305.77 1305.77 

Optimal solution found (tolerance 2.00e-03)
Warning: max constraint violation (7.9740e-02) exceeds tolerance
Warning: max bound violation (7.9189e-02) exceeds tolerance
Best objective 1.305769309783e+03, best bound 1.305769309783e+03, gap 0.0000%
the solution is feasible and optimal
Solution time: 192.52655601501465
Done solving model.
Time used solving the model: 279.60419511795044
----------Dumping data in pickle file...done.
Dumping results in pickle file.....done.
objective function value:  1305.7693097833182
objective function value normalized (Billion EURO):  130.58
                         2023                                            \
                           OO     OB     OP     BO     BB     BP     PO   
LCOT                    4.268  4.268  4.268  4.268  4.268  4.268  4.268   
LCOT (Empty Trips)      1.213  1.213  1.213  1.213  1.213  1.213  1.213   
Emission                0.395  0.395  0.395  0.395  0.395  0.395  0.395   
Emission (Empty Trips)  0.175  0.175  0.175  0.175  0.175  0.175  0.175   
CO2_Penalty             0.000  0.000  0.000  0.000  0.000  0.000  0.000   
Time value              1.347  1.347  1.347  1.347  1.347  1.347  1.347   
Transfer                2.088  2.088  2.088  2.088  2.088  2.088  2.088   
RailTrack               0.024  0.024  0.024  0.024  0.024  0.024  0.024   
Terminal                0.005  0.005  0.005  0.005  0.005  0.005  0.005   
RailElectr.             0.000  0.000  0.000  0.000  0.000  0.000  0.000   
Charging                0.000  0.000  0.000  0.000  0.000  0.000  0.000   
H2_Filling              0.000  0.000  0.000  0.000  0.000  0.000  0.000   

                                       2028                              \
                           PB     PP     OO     OB     OP     BO     BB   
LCOT                    4.268  4.268  4.763  4.763  4.763  4.763  4.763   
LCOT (Empty Trips)      1.213  1.213  1.063  1.063  1.063  1.063  1.063   
Emission                0.395  0.395  0.905  0.905  0.905  0.905  0.905   
Emission (Empty Trips)  0.175  0.175  0.247  0.247  0.247  0.247  0.247   
CO2_Penalty             0.000  0.000  0.000  0.000  0.000  0.000  0.000   
Time value              1.347  1.347  1.636  1.636  1.636  1.636  1.636   
Transfer                2.088  2.088  2.642  2.642  2.642  2.642  2.642   
RailTrack               0.024  0.024  0.000  0.000  0.000  0.000  0.000   
Terminal                0.005  0.005  0.020  0.020  0.020  0.020  0.020   
RailElectr.             0.000  0.000  0.000  0.000  0.000  0.000  0.000   
Charging                0.000  0.000  0.004  0.004  0.004  0.004  0.004   
H2_Filling              0.000  0.000  0.000  0.000  0.000  0.000  0.000   

                                                     2034                \
                           BP     PO     PB     PP     OO     OB     OP   
LCOT                    4.763  4.763  4.763  4.763  5.026  4.882  4.893   
LCOT (Empty Trips)      1.063  1.063  1.063  1.063  1.067  1.043  1.046   
Emission                0.905  0.905  0.905  0.905  0.939  1.096  1.096   
Emission (Empty Trips)  0.247  0.247  0.247  0.247  0.271  0.297  0.297   
CO2_Penalty             0.000  0.000  0.000  0.000  0.000  0.000  0.000   
Time value              1.636  1.636  1.636  1.636  1.924  1.924  1.927   
Transfer                2.642  2.642  2.642  2.642  3.066  3.066  3.068   
RailTrack               0.000  0.000  0.000  0.000  0.000  0.000  0.000   
Terminal                0.020  0.020  0.020  0.020  0.001  0.001  0.001   
RailElectr.             0.000  0.000  0.000  0.000  0.000  0.000  0.000   
Charging                0.004  0.004  0.004  0.004  0.019  0.005  0.005   
H2_Filling              0.000  0.000  0.000  0.000  0.000  0.000  0.000   

                                                                   2040  \
                           BO     BB     BP     PO     PB     PP     OO   
LCOT                    5.626  5.658  5.500  5.744  5.808  5.656  5.284   
LCOT (Empty Trips)      1.292  1.206  1.214  1.333  1.345  1.258  1.118   
Emission                0.674  0.701  0.868  0.671  0.674  0.868  0.737   
Emission (Empty Trips)  0.132  0.233  0.232  0.116  0.132  0.232  0.221   
CO2_Penalty             0.000  0.000  0.000  0.000  0.000  0.000  0.000   
Time value              1.924  1.925  1.926  1.923  1.924  1.926  2.030   
Transfer                3.069  3.069  3.069  3.065  3.067  3.068  2.961   
RailTrack               0.000  0.000  0.000  0.000  0.000  0.000  0.000   
Terminal                0.001  0.001  0.001  0.001  0.001  0.001  0.002   
RailElectr.             0.000  0.000  0.000  0.000  0.000  0.000  0.000   
Charging                0.028  0.028  0.028  0.028  0.028  0.028  0.031   
H2_Filling              0.000  0.000  0.000  0.000  0.000  0.000  0.000   

                                                                         \
                           OB     OP     BO     BB     BP     PO     PB   
LCOT                    5.232  5.263  5.941  6.039  5.743  6.029  6.165   
LCOT (Empty Trips)      1.121  1.129  1.396  1.237  1.235  1.395  1.455   
Emission                0.821  0.821  0.356  0.389  0.737  0.356  0.356   
Emission (Empty Trips)  0.222  0.222  0.004  0.217  0.222  0.004  0.004   
CO2_Penalty             0.000  0.000  0.000  0.000  0.000  0.000  0.000   
Time value              2.031  2.029  2.028  2.028  2.031  2.029  2.032   
Transfer                2.961  2.961  2.960  2.969  2.967  2.963  2.956   
RailTrack               0.000  0.000  0.000  0.000  0.000  0.000  0.000   
Terminal                0.001  0.002  0.002  0.001  0.001  0.002  0.001   
RailElectr.             0.000  0.000  0.000  0.000  0.000  0.000  0.000   
Charging                0.031  0.031  0.031  0.031  0.031  0.031  0.031   
H2_Filling              0.000  0.000  0.000  0.000  0.000  0.000  0.000   

                                2050                                     \
                           PP     OO     OB     OP     BO     BB     BP   
LCOT                    6.098  6.273  6.121  6.133  6.592  6.821  6.766   
LCOT (Empty Trips)      1.296  1.423  1.276  1.260  1.442  1.493  1.527   
Emission                0.563  0.434  0.746  0.776  0.055  0.083  0.434   
Emission (Empty Trips)  0.221  0.031  0.218  0.234  0.000  0.000  0.030   
CO2_Penalty             0.000  0.000  0.000  0.000  0.000  0.000  0.000   
Time value              2.030  2.382  2.375  2.378  2.383  2.375  2.375   
Transfer                2.967  3.136  3.126  3.139  3.140  3.125  3.123   
RailTrack               0.000  0.000  0.000  0.000  0.000  0.000  0.000   
Terminal                0.001  0.000  0.000  0.000  0.000  0.000  0.000   
RailElectr.             0.000  0.000  0.000  0.000  0.000  0.000  0.000   
Charging                0.031  0.013  0.013  0.013  0.013  0.013  0.013   
H2_Filling              0.000  0.000  0.000  0.000  0.000  0.000  0.000   

                                              2023        2028                \
                           PO     PB     PP   mean  std   mean           std   
LCOT                    6.599  6.851  6.968  4.268  0.0  4.763  0.000000e+00   
LCOT (Empty Trips)      1.443  1.493  1.548  1.213  0.0  1.063  0.000000e+00   
Emission                0.055  0.055  0.258  0.395  0.0  0.905  1.177569e-16   
Emission (Empty Trips)  0.000  0.000  0.000  0.175  0.0  0.247  0.000000e+00   
CO2_Penalty             0.000  0.000  0.000  0.000  0.0  0.000  0.000000e+00   
Time value              2.382  2.375  2.374  1.347  0.0  1.636  0.000000e+00   
Transfer                3.138  3.126  3.122  2.088  0.0  2.642  0.000000e+00   
RailTrack               0.000  0.000  0.000  0.024  0.0  0.000  0.000000e+00   
Terminal                0.000  0.000  0.000  0.005  0.0  0.020  0.000000e+00   
RailElectr.             0.000  0.000  0.000  0.000  0.0  0.000  0.000000e+00   
Charging                0.013  0.013  0.013  0.000  0.0  0.004  0.000000e+00   
H2_Filling              0.000  0.000  0.000  0.000  0.0  0.000  0.000000e+00   

                            2034                2040                    2050  \
                            mean       std      mean           std      mean   
LCOT                    5.421444  0.377340  5.754889  3.894956e-01  6.569333   
LCOT (Empty Trips)      1.200444  0.120844  1.264667  1.292507e-01  1.433889   
Emission                0.843000  0.175126  0.570667  2.097540e-01  0.321778   
Emission (Empty Trips)  0.215778  0.071641  0.148556  1.084275e-01  0.057000   
CO2_Penalty             0.000000  0.000000  0.000000  0.000000e+00  0.000000   
Time value              1.924778  0.001302  2.029778  1.394433e-03  2.377667   
Transfer                3.067444  0.001509  2.962778  4.146618e-03  3.130556   
RailTrack               0.000000  0.000000  0.000000  0.000000e+00  0.000000   
Terminal                0.001000  0.000000  0.001444  5.270463e-04  0.000000   
RailElectr.             0.000000  0.000000  0.000000  0.000000e+00  0.000000   
Charging                0.021889  0.010018  0.031000  3.679904e-18  0.013000   
H2_Filling              0.000000  0.000000  0.000000  0.000000e+00  0.000000   

                                  
                             std  
LCOT                    0.320328  
LCOT (Empty Trips)      0.102538  
Emission                0.292845  
Emission (Empty Trips)  0.096760  
CO2_Penalty             0.000000  
Time value              0.003674  
Transfer                0.007485  
RailTrack               0.000000  
Terminal                0.000000  
RailElectr.             0.000000  
Charging                0.000000  
H2_Filling              0.000000  
                       2023     2028      2034      2040      2050     
                       mean std mean  std mean  std mean  std mean  std
LCOT                    4.3   0  4.8    0  5.4 0.38  5.8 0.39  6.6 0.32
LCOT (Empty Trips)      1.2   0  1.1    0  1.2 0.12  1.3 0.13  1.4  0.1
Emission                0.4   0 0.91    0 0.84 0.18 0.57 0.21 0.32 0.29
Emission (Empty Trips) 0.18   0 0.25    0 0.22 0.07 0.15 0.11 0.06  0.1
CO2_Penalty               0   0    0    0    0    0    0    0    0    0
Time value              1.4   0  1.6    0  1.9    0    2    0  2.4    0
Transfer                2.1   0  2.6    0  3.1    0    3    0  3.1 0.01
RailTrack              0.02   0    0    0    0    0    0    0    0    0
Terminal                  0   0 0.02    0    0    0    0    0    0    0
RailElectr.               0   0    0    0    0    0    0    0    0    0
Charging                  0   0    0    0 0.02 0.01 0.03    0 0.01    0
H2_Filling                0   0    0    0    0    0    0    0    0    0
discount_factor           1   1 0.65 0.65 0.39 0.39 0.23 0.23  0.1  0.1
emissions (MTonnes CO2 eq.):
             AvgEmission  Std  AvgEmission_perc  Std_perc
time_period                                              
2023                 7.2    0             1e+02         0
2028                 6.6    0                91         0
2034                   5  1.2                69        17
2040                 3.4  1.5                47        21
2050                 1.7  1.8                24        26
----------------
Average transport work in GTONNES*km:
    mode            product time_period TransportArbeid
0   Rail           Dry bulk        2023             9.3
1   Rail           Neo bulk        2023         0.00052
2   Road  Break bulk (fast)        2023             5.5
3   Road  Break bulk (slow)        2023             5.6
4   Road   Container (fast)        2023               2
5   Road   Container (slow)        2023             2.7
6   Road           Dry bulk        2023            0.54
7   Road           Neo bulk        2023              12
8    Sea  Break bulk (fast)        2023           0.091
9    Sea  Break bulk (slow)        2023             1.2
10   Sea   Container (fast)        2023             0.1
11   Sea   Container (slow)        2023             1.1
12   Sea           Dry bulk        2023              97
13   Sea           Neo bulk        2023            0.26

