----------------------------
Doing the following analysis: 
FuelDetScen_carbontaxbase
----------------------------
test
Reading data...
Reading and constructing data
Transport demand in the base year 2018 (in MTonnes):
             product  tot_weight
0           Dry bulk       94.86
1   Container (fast)        4.07
2   Container (slow)        9.23
3  Break bulk (fast)       11.61
4  Break bulk (slow)       15.37
5           Neo bulk       19.28
Done reading data.
Time used reading the base data: 21.87178063392639
Solving the first time period for initialization purposes...
Using license file C:\Users\steffejb\gurobi.lic
Academic license - for non-commercial use only
Read LP format model from file C:\Users\steffejb\OneDrive - NTNU\Work\GitHub\STraM_ntnu_development\temp\pyomo\tmpplxtdz4e.pyomo.lp
Reading time = 0.89 seconds
x60087: 4878 rows, 27771 columns, 383810 nonzeros
Changed value of parameter FeasibilityTol to 0.0001
   Prev: 1e-06  Min: 1e-09  Max: 0.01  Default: 1e-06
Changed value of parameter MIPGap to 0.002
   Prev: 0.0001  Min: 0.0  Max: inf  Default: 0.0001
Parameter NumericFocus unchanged
   Value: 0  Min: 0  Max: 3  Default: 0
Parameter BarConvTol unchanged
   Value: 1e-08  Min: 0.0  Max: 1.0  Default: 1e-08
Parameter Crossover unchanged
   Value: -1  Min: -1  Max: 5  Default: -1
Parameter Method unchanged
   Value: -1  Min: -1  Max: 5  Default: -1
Parameter NodeMethod unchanged
   Value: -1  Min: -1  Max: 2  Default: -1
Gurobi Optimizer version 9.0.0 build v9.0.0rc2 (win64)
Optimize a model with 4878 rows, 27771 columns and 383810 nonzeros
Model fingerprint: 0x82e3d849
Coefficient statistics:
  Matrix range     [6e-06, 1e+03]
  Objective range  [3e-01, 2e+00]
  Bounds range     [0e+00, 0e+00]
  RHS range        [1e-03, 9e+01]

Concurrent LP optimizer: dual simplex and barrier
Showing barrier log only...

Presolve removed 2287 rows and 5573 columns
Presolve time: 0.29s
Presolved: 2591 rows, 23161 columns, 174435 nonzeros

Ordering time: 0.01s

Barrier statistics:
 AA' NZ     : 7.655e+04
 Factor NZ  : 1.547e+05 (roughly 12 MBytes of memory)
 Factor Ops : 1.753e+07 (less than 1 second per iteration)
 Threads    : 3

                  Objective                Residual
Iter       Primal          Dual         Primal    Dual     Compl     Time
   0   4.08005304e+06 -2.51236721e+01  5.13e+04 0.00e+00  3.65e+02     0s
   1   9.53684861e+05 -8.94010703e+02  1.18e+04 3.19e+00  8.68e+01     0s
   2   1.21820410e+05 -9.66480018e+02  1.37e+03 1.76e+00  1.19e+01     0s
   3   3.82886731e+04 -3.72936742e+02  3.78e+02 7.34e-01  3.65e+00     0s
   4   1.34132941e+04  2.59360590e+01  1.13e+02 3.33e-01  1.21e+00     0s
   5   6.30020454e+03  3.22680747e+02  4.40e+01 2.01e-01  5.34e-01     0s
   6   3.43584535e+03  4.98298461e+02  1.91e+01 1.23e-01  2.62e-01     0s
   7   1.86909581e+03  5.77611891e+02  6.75e+00 8.28e-02  1.23e-01     0s
   8   1.25537213e+03  5.99219389e+02  2.93e+00 6.36e-02  7.19e-02     1s

Barrier performed 8 iterations in 0.51 seconds
Barrier solve interrupted - model solved by another algorithm


Solved with dual simplex
Solved in 2897 iterations and 0.52 seconds
Optimal objective  5.111849983e+02
