----------------------------
Doing the following analysis:  SP scenarios_base
----------------------------
Reading data...
Reading and constructing data
percentage demand removed:  0.08340531276866481 %
Done reading data.
Time used reading the base data: 3.335535764694214
-----------------
constructing initialization model
ERROR: Constructing component 'Nonanticipativity_b_Constr' from data=None
    failed: KeyboardInterrupt:
----------------------------
Doing the following analysis:  SP scenarios_base
----------------------------
Reading data...
Reading and constructing data
percentage demand removed:  0.08340531276866481 %
Done reading data.
Time used reading the base data: 9.83880066871643
-----------------
constructing initialization model
Backend TkAgg is interactive backend. Turning interactive mode on.
Time used constructing the model: 1222.1199309825897
-----------------
solving initialization model
----------------------------
Only do init:  SP scenarios_base
----------------------------
Reading data...
Reading and constructing data
percentage demand removed:  0.08340531276866481 %
Done reading data.
Time used reading the base data: 3.686061143875122
solve init model
-----------------
constructing initialization model
Time used constructing the model: 612.8270406723022
-----------------
solving initialization model
Solver script file: 'C:\Users\steffejb\AppData\Local\Temp\tmpca7ntmya.gurobi.script'
Solver log file: 'C:\Users\steffejb\AppData\Local\Temp\tmp91rfp18b.gurobi.log'
Solver solution file: 'C:\Users\steffejb\AppData\Local\Temp\tmpudk72z98.gurobi.txt'
Solver problem files: ('C:\\Users\\steffejb\\AppData\\Local\\Temp\\tmpusap6vor.pyomo.lp',)
Set parameter Username
Academic license - for non-commercial use only - expires 2023-11-12
Read LP format model from file C:\Users\steffejb\AppData\Local\Temp\tmpusap6vor.pyomo.lp
Reading time = 230.81 seconds
objective_function: 24914792 rows, 1908011 columns, 55720820 nonzeros
Set parameter FeasibilityTol to value 1e-05
Set parameter MIPGap to value 0.005
Gurobi Optimizer version 9.5.0 build v9.5.0rc5 (win64)
Thread count: 4 physical cores, 8 logical processors, using up to 8 threads
Optimize a model with 24914792 rows, 1908011 columns and 55720820 nonzeros
Model fingerprint: 0x443566be
Variable types: 1906742 continuous, 1269 integer (1269 binary)
Coefficient statistics:
  Matrix range     [5e-03, 2e+06]
  Objective range  [3e-02, 2e-01]
  Bounds range     [1e+00, 1e+00]
  RHS range        [3e-02, 1e+10]
Warning: Model contains large rhs
         Consider reformulating model or setting NumericFocus parameter
         to avoid numerical issues.
Presolve removed 1027 rows and 1 columns (presolve time = 5s) ...
Presolve removed 21875024 rows and 1620248 columns (presolve time = 10s) ...
Presolve removed 24910966 rows and 1888311 columns (presolve time = 15s) ...
Presolve removed 24911806 rows and 1892971 columns
Presolve time: 17.40s
Traceback (most recent call last):
  File "<stdin>", line 5, in <module>
  File "C:\Users\steffejb\venvs\aim-strat-freight-venv\lib\site-packages\pyomo\solvers\plugins\solvers\GUROBI_RUN.py", line 115, in gurobi_run
    model.optimize()
  File "src\gurobipy\model.pxi", line 858, in gurobipy.Model.optimize
gurobipy.GurobiError: Out of memory

Explored 0 nodes (0 simplex iterations) in 23.96 seconds (31.02 work units)
Thread count was 1 (of 8 available processors)

Solution count 0

Best objective -, best bound -, gap -
ERROR: Solver (gurobi) returned non-zero return code (1)
ERROR: See the solver log above for diagnostic information.
