----------------------------
Doing the following analysis:  SP three_scenarios_new
----------------------------
Reading data...
Reading and constructing data
percentage demand removed:  0.08340531276866481 %
Done reading data.
Time used reading the base data: 2.86507511138916
-----------------
constructing initialization model
Time used constructing the model: 16.45622682571411
-----------------
solving initialization model
Solver script file: 'C:\Users\steffejb\AppData\Local\Temp\tmppbo7ox3z.gurobi.script'
Solver log file: 'C:\Users\steffejb\AppData\Local\Temp\tmpz210dvy4.gurobi.log'
Solver solution file: 'C:\Users\steffejb\AppData\Local\Temp\tmpu55soyz3.gurobi.txt'
Solver problem files: ('C:\\Users\\steffejb\\AppData\\Local\\Temp\\tmpqjhqhmwv.pyomo.lp',)
Set parameter Username
Academic license - for non-commercial use only - expires 2023-11-12
Read LP format model from file C:\Users\steffejb\AppData\Local\Temp\tmpqjhqhmwv.pyomo.lp
Reading time = 2.78 seconds
objective_function: 441320 rows, 282670 columns, 1755414 nonzeros
Set parameter FeasibilityTol to value 1e-05
Set parameter MIPGap to value 0.005
Gurobi Optimizer version 9.5.0 build v9.5.0rc5 (win64)
Thread count: 4 physical cores, 8 logical processors, using up to 8 threads
Optimize a model with 441320 rows, 282670 columns and 1755414 nonzeros
Model fingerprint: 0xff764413
Variable types: 282482 continuous, 188 integer (188 binary)
Coefficient statistics:
  Matrix range     [5e-03, 2e+06]
  Objective range  [2e-01, 3e-01]
  Bounds range     [1e+00, 1e+00]
  RHS range        [3e-02, 1e+10]
Warning: Model contains large rhs
         Consider reformulating model or setting NumericFocus parameter
         to avoid numerical issues.
Presolve removed 438366 rows and 267662 columns
Presolve time: 1.08s
Presolved: 2954 rows, 15008 columns, 94718 nonzeros
Variable types: 15008 continuous, 0 integer (0 binary)

Root relaxation: objective 1.609061e+11, 3590 iterations, 0.17 seconds (0.17 work units)

    Nodes    |    Current Node    |     Objective Bounds      |     Work
 Expl Unexpl |  Obj  Depth IntInf | Incumbent    BestBd   Gap | It/Node Time

*    0     0               0    1.609061e+11 1.6091e+11  0.00%     -    1s

Explored 1 nodes (3590 simplex iterations) in 1.66 seconds (1.45 work units)
Thread count was 8 (of 8 available processors)

Solution count 1: 1.60906e+11 

Optimal solution found (tolerance 5.00e-03)
Warning: max constraint violation (3.0518e-05) exceeds tolerance
Best objective 1.609060745689e+11, best bound 1.609060745689e+11, gap 0.0000%
the solution is feasible and optimal
Solution time: 6.558696746826172
Time used solving the model: 27.59328818321228
-----------------
Constructing SP model...
Done constructing model.
Time used constructing the model: 88.30894374847412
----------
Solving model...
Solver script file: 'C:\Users\steffejb\AppData\Local\Temp\tmpr2mt13pl.gurobi.script'
Solver log file: 'C:\Users\steffejb\AppData\Local\Temp\tmp4lamwmqt.gurobi.log'
Solver solution file: 'C:\Users\steffejb\AppData\Local\Temp\tmptv0okb_o.gurobi.txt'
Solver problem files: ('C:\\Users\\steffejb\\AppData\\Local\\Temp\\tmp8rgabubg.pyomo.lp',)
Set parameter Username
Academic license - for non-commercial use only - expires 2023-11-12
Read LP format model from file C:\Users\steffejb\AppData\Local\Temp\tmp8rgabubg.pyomo.lp
Reading time = 10.56 seconds
objective_function: 936532 rows, 932190 columns, 6240618 nonzeros
Set parameter FeasibilityTol to value 0.001
Set parameter MIPGap to value 0.005
Gurobi Optimizer version 9.5.0 build v9.5.0rc5 (win64)
Thread count: 4 physical cores, 8 logical processors, using up to 8 threads
Optimize a model with 936532 rows, 932190 columns and 6240618 nonzeros
Model fingerprint: 0x918643d7
Variable types: 931250 continuous, 940 integer (940 binary)
Coefficient statistics:
  Matrix range     [1e-08, 2e+06]
  Objective range  [2e-01, 3e-01]
  Bounds range     [8e-03, 7e+02]
  RHS range        [3e-02, 1e+10]
Warning: Model contains large matrix coefficient range
Warning: Model contains large rhs
         Consider reformulating model or setting NumericFocus parameter
         to avoid numerical issues.
Presolve removed 887128 rows and 635587 columns (presolve time = 5s) ...
Presolve removed 887435 rows and 636651 columns (presolve time = 10s) ...
Presolve removed 887447 rows and 636664 columns
Presolve time: 11.39s
Presolved: 49085 rows, 295526 columns, 2221034 nonzeros
Variable types: 295157 continuous, 369 integer (345 binary)

Deterministic concurrent LP optimizer: primal simplex, dual simplex, and barrier
Showing barrier log only...

Root barrier log...

Ordering time: 0.29s

Barrier statistics:
 Dense cols : 1
 Free vars  : 364
 AA' NZ     : 8.317e+05
 Factor NZ  : 3.140e+06 (roughly 160 MB of memory)
 Factor Ops : 8.618e+08 (less than 1 second per iteration)
 Threads    : 1

                  Objective                Residual
Iter       Primal          Dual         Primal    Dual     Compl     Time
   0   2.67893602e+14 -1.25090910e+15  8.78e+09 6.69e+03  2.84e+11    17s
   1   1.37681630e+14 -8.92020391e+14  4.40e+09 2.01e+05  1.44e+11    17s
   2   6.91400820e+13 -8.07137134e+14  2.14e+09 1.62e+05  7.15e+10    18s
   3   9.02848691e+12 -3.26815926e+14  2.16e+08 3.48e+04  7.99e+09    18s
   4   2.11636516e+12 -5.63435159e+13  1.64e+07 2.78e+03  6.75e+08    18s
   5   1.33964878e+12 -1.72094578e+13  2.20e+06 5.62e+02  1.15e+08    19s
   6   9.96383666e+11 -7.61920772e+12  8.64e+05 1.96e+02  4.98e+07    19s
   7   7.52100551e+11 -4.61061648e+12  4.30e+05 1.08e+02  2.73e+07    19s
   8   6.02710769e+11 -2.81728702e+12  2.59e+05 6.09e+01  1.68e+07    20s
   9   4.61238333e+11 -1.81500745e+12  1.39e+05 3.64e+01  9.98e+06    20s
  10   3.52826315e+11 -1.26729821e+12  7.90e+04 2.42e+01  6.08e+06    20s
  11   2.61884180e+11 -7.93567841e+11  3.78e+04 1.49e+01  3.36e+06    20s
  12   2.44950159e+11 -6.35925999e+11  3.07e+04 1.21e+01  2.74e+06    21s
  13   2.34583720e+11 -4.93324908e+11  2.70e+04 9.82e+00  2.30e+06    21s
  14   2.24603380e+11 -4.32425258e+11  2.32e+04 8.87e+00  2.02e+06    22s
  15   2.09835000e+11 -3.12176163e+11  1.75e+04 6.91e+00  1.54e+06    22s
  16   2.02079880e+11 -2.52987413e+11  1.45e+04 5.96e+00  1.31e+06    22s
  17   1.99634303e+11 -1.93336293e+11  1.35e+04 5.07e+00  1.16e+06    23s
  18   1.96108664e+11 -1.43576705e+11  1.23e+04 4.32e+00  1.02e+06    23s
  19   1.89494407e+11 -8.84124001e+10  1.02e+04 3.44e+00  8.27e+05    24s
  20   1.88355998e+11 -6.72385419e+10  9.83e+03 3.12e+00  7.74e+05    24s
  21   1.79571480e+11 -1.30589447e+10  5.94e+03 2.31e+00  5.38e+05    24s
  22   1.78635899e+11  8.40813476e+09  5.50e+03 2.04e+00  4.90e+05    25s
  23   1.77571310e+11  1.88271836e+10  5.07e+03 1.91e+00  4.55e+05    25s
  24   1.76653496e+11  3.16278072e+10  4.68e+03 1.75e+00  4.19e+05    25s
  25   1.76351162e+11  5.21513646e+10  4.11e+03 1.52e+00  3.69e+05    26s
  26   1.76214984e+11  6.91357618e+10  3.71e+03 1.33e+00  3.30e+05    26s
  27   1.76357407e+11  7.33747323e+10  3.58e+03 1.29e+00  3.20e+05    26s
  28   1.76648871e+11  7.71757806e+10  3.46e+03 1.25e+00  3.10e+05    27s
  29   1.77437554e+11  8.18487787e+10  3.21e+03 1.20e+00  2.94e+05    27s
  30   1.77986821e+11  8.44208178e+10  3.03e+03 1.17e+00  2.84e+05    27s
  31   1.78472086e+11  9.27524433e+10  2.87e+03 1.08e+00  2.67e+05    28s
  32   1.79216424e+11  1.00084328e+11  2.66e+03 1.01e+00  2.49e+05    28s
  33   1.79612202e+11  1.04839629e+11  2.58e+03 9.67e-01  2.40e+05    29s
  34   1.80725770e+11  1.11192529e+11  2.35e+03 8.97e-01  2.23e+05    29s
  35   1.80903111e+11  1.13361161e+11  2.32e+03 8.82e-01  2.20e+05    29s
  36   1.81390365e+11  1.14206932e+11  2.24e+03 8.69e-01  2.16e+05    30s
  37   1.82433522e+11  1.19885507e+11  2.09e+03 8.12e-01  2.03e+05    30s
  38   1.83249419e+11  1.27732389e+11  1.98e+03 7.70e-01  1.89e+05    30s
  39   1.84160716e+11  1.36723714e+11  1.86e+03 7.21e-01  1.72e+05    31s
  40   1.85046316e+11  1.40977425e+11  1.76e+03 6.99e-01  1.64e+05    31s
  41   1.85736834e+11  1.43066303e+11  1.71e+03 6.90e-01  1.60e+05    31s
  42   1.86551283e+11  1.48306659e+11  1.64e+03 6.65e-01  1.52e+05    32s
  43   1.87168985e+11  1.51574360e+11  1.59e+03 6.48e-01  1.46e+05    32s
  44   1.87573496e+11  1.54622702e+11  1.56e+03 6.33e-01  1.43e+05    32s
  45   1.87689962e+11  1.55684375e+11  1.56e+03 6.28e-01  1.41e+05    33s
  46   1.88083425e+11  1.57499133e+11  1.53e+03 6.19e-01  1.39e+05    33s
  47   1.88816964e+11  1.58998426e+11  1.48e+03 6.08e-01  1.34e+05    33s
  48   1.89470682e+11  1.62812445e+11  1.44e+03 5.85e-01  1.28e+05    34s
  49   1.90043900e+11  1.65142532e+11  1.40e+03 5.72e-01  1.25e+05    34s
  50   1.90367458e+11  1.68200259e+11  1.38e+03 5.57e-01  1.21e+05    34s
  51   1.91043012e+11  1.70974884e+11  1.33e+03 5.45e-01  1.18e+05    34s
  52   1.91226131e+11  1.72209459e+11  1.32e+03 5.40e-01  1.17e+05    35s
  53   1.91474255e+11  1.73252504e+11  1.30e+03 5.36e-01  1.16e+05    35s
  54   1.91749375e+11  1.74930181e+11  1.28e+03 5.29e-01  1.14e+05    35s
  55   1.92522664e+11  1.77751138e+11  1.24e+03 5.10e-01  1.10e+05    36s
  56   1.93627063e+11  1.81151682e+11  1.14e+03 4.93e-01  1.05e+05    36s
  57   1.93782249e+11  1.82428859e+11  1.13e+03 4.87e-01  1.04e+05    36s
  58   1.94650491e+11  1.83698555e+11  1.07e+03 4.80e-01  1.02e+05    37s
  59   1.95095478e+11  1.86347984e+11  1.06e+03 4.67e-01  9.94e+04    37s
  60   1.95831225e+11  1.89042587e+11  1.03e+03 4.54e-01  9.67e+04    37s
  61   1.96405539e+11  1.89906195e+11  1.01e+03 4.48e-01  9.51e+04    38s
  62   1.96957573e+11  1.91055632e+11  9.91e+02 4.41e-01  9.35e+04    38s
  63   1.97251583e+11  1.92210392e+11  9.81e+02 4.34e-01  9.22e+04    38s
  64   1.97669258e+11  1.94787650e+11  9.67e+02 4.20e-01  8.98e+04    39s
  65   1.98953410e+11  1.97191460e+11  9.22e+02 4.06e-01  8.63e+04    39s
  66   2.00404302e+11  2.00219450e+11  8.77e+02 3.91e-01  8.24e+04    39s
  67   2.01910596e+11  2.01772367e+11  8.35e+02 3.84e-01  7.98e+04    40s
  68   2.02252938e+11  2.04062699e+11  8.25e+02 3.74e-01  7.81e+04    40s
  69   2.03167324e+11  2.05413652e+11  7.99e+02 3.70e-01  7.66e+04    40s
  70   2.03827546e+11  2.08542551e+11  7.81e+02 3.60e-01  7.46e+04    41s
  71   2.04622548e+11  2.11622891e+11  7.60e+02 3.50e-01  7.25e+04    41s
  72   2.05121507e+11  2.13293696e+11  7.51e+02 3.47e-01  7.17e+04    41s
  73   2.05595799e+11  2.14948090e+11  7.44e+02 3.42e-01  7.06e+04    42s
  74   2.06425408e+11  2.16694845e+11  7.29e+02 3.35e-01  6.92e+04    42s
  75   2.07347384e+11  2.18722398e+11  7.15e+02 3.26e-01  6.71e+04    42s
  76   2.08316767e+11  2.20197819e+11  7.03e+02 3.20e-01  6.56e+04    43s
  77   2.08494006e+11  2.20813375e+11  7.01e+02 3.18e-01  6.52e+04    43s
  78   2.08881021e+11  2.22660914e+11  6.94e+02 3.10e-01  6.38e+04    43s
  79   2.10210932e+11  2.23751791e+11  6.74e+02 3.06e-01  6.23e+04    44s
  80   2.11483669e+11  2.26086020e+11  6.64e+02 2.96e-01  6.02e+04    44s
  81   2.12393472e+11  2.27440332e+11  6.55e+02 2.91e-01  5.89e+04    44s
  82   2.13380913e+11  2.28588068e+11  6.44e+02 2.88e-01  5.79e+04    44s
  83   2.14162164e+11  2.29486347e+11  6.36e+02 2.83e-01  5.69e+04    45s
  84   2.15151910e+11  2.30934447e+11  6.27e+02 2.79e-01  5.58e+04    45s
  85   2.15631979e+11  2.32739106e+11  6.23e+02 2.72e-01  5.46e+04    45s
  86   2.16340824e+11  2.35021969e+11  6.23e+02 2.65e-01  5.33e+04    46s
  87   2.16669031e+11  2.36004135e+11  6.19e+02 2.62e-01  5.27e+04    46s
  88   2.17274987e+11  2.36902880e+11  6.17e+02 2.59e-01  5.21e+04    47s
  89   2.17765443e+11  2.37523353e+11  6.13e+02 2.57e-01  5.16e+04    47s
  90   2.18246729e+11  2.38317258e+11  6.10e+02 2.55e-01  5.10e+04    47s
  91   2.19471919e+11  2.39748124e+11  6.03e+02 2.50e-01  4.97e+04    48s
  92   2.20088327e+11  2.40622610e+11  5.99e+02 2.47e-01  4.91e+04    48s
  93   2.20568256e+11  2.41987494e+11  5.96e+02 2.42e-01  4.82e+04    48s
  94   2.21030582e+11  2.42955775e+11  5.93e+02 2.40e-01  4.77e+04    49s
  95   2.21155856e+11  2.43802826e+11  5.92e+02 2.37e-01  4.73e+04    49s
  96   2.21880828e+11  2.44372097e+11  5.86e+02 2.34e-01  4.66e+04    49s
  97   2.22549240e+11  2.45450495e+11  5.81e+02 2.30e-01  4.57e+04    50s
  98   2.23044030e+11  2.45855393e+11  5.76e+02 2.28e-01  4.53e+04    50s
  99   2.23364860e+11  2.46358714e+11  5.73e+02 2.27e-01  4.50e+04    50s
 100   2.24115262e+11  2.46725261e+11  5.66e+02 2.24e-01  4.44e+04    51s
 101   2.24201662e+11  2.47319864e+11  5.66e+02 2.23e-01  4.42e+04    51s
 102   2.24904118e+11  2.48510417e+11  5.59e+02 2.19e-01  4.34e+04    51s
 103   2.25417770e+11  2.49265960e+11  5.55e+02 2.17e-01  4.30e+04    52s
 104   2.26581200e+11  2.51235157e+11  5.44e+02 2.11e-01  4.17e+04    52s
 105   2.26723256e+11  2.51633702e+11  5.43e+02 2.10e-01  4.15e+04    52s
 106   2.26873597e+11  2.52211984e+11  5.41e+02 2.08e-01  4.13e+04    53s
 107   2.26958623e+11  2.52286704e+11  5.41e+02 2.07e-01  4.11e+04    53s
 108   2.27384197e+11  2.52900478e+11  5.37e+02 2.05e-01  4.07e+04    54s
 109   2.28397371e+11  2.53964883e+11  5.24e+02 2.02e-01  3.99e+04    54s
 110   2.28820424e+11  2.54583822e+11  5.19e+02 1.99e-01  3.94e+04    54s
 111   2.29666206e+11  2.55911489e+11  5.08e+02 1.91e-01  3.81e+04    55s
 112   2.30718149e+11  2.56690902e+11  4.96e+02 1.88e-01  3.74e+04    55s
 113   2.31726119e+11  2.57433688e+11  4.84e+02 1.85e-01  3.67e+04    56s
 114   2.32627719e+11  2.57865178e+11  4.73e+02 1.84e-01  3.62e+04    56s
 115   2.33155677e+11  2.58923188e+11  4.67e+02 1.80e-01  3.55e+04    56s
 116   2.34096111e+11  2.60072048e+11  4.56e+02 1.76e-01  3.47e+04    57s
 117   2.34463234e+11  2.61111049e+11  4.52e+02 1.73e-01  3.42e+04    57s
 118   2.34493690e+11  2.61365560e+11  4.51e+02 1.72e-01  3.41e+04    57s
 119   2.34501180e+11  2.61111192e+11  4.51e+02 1.72e-01  3.41e+04    58s
 120   2.34531029e+11  2.61774931e+11  4.51e+02 1.71e-01  3.39e+04    58s
 121   2.35517060e+11  2.62550625e+11  4.40e+02 1.67e-01  3.31e+04    59s
 122   2.36711657e+11  2.64118060e+11  4.28e+02 1.58e-01  3.18e+04    59s
 123   2.37708212e+11  2.64724936e+11  4.17e+02 1.56e-01  3.12e+04    60s
 124   2.38722102e+11  2.65637602e+11  4.07e+02 1.51e-01  3.03e+04    60s
 125   2.40048059e+11  2.66760496e+11  3.93e+02 1.45e-01  2.91e+04    61s
 126   2.41483811e+11  2.67498516e+11  3.78e+02 1.41e-01  2.81e+04    61s
 127   2.42256322e+11  2.68010361e+11  3.71e+02 1.39e-01  2.76e+04    62s
 128   2.42526218e+11  2.68584236e+11  3.68e+02 1.36e-01  2.72e+04    62s
 129   2.42747337e+11  2.68991123e+11  3.66e+02 1.35e-01  2.70e+04    62s
 130   2.42941478e+11  2.69562001e+11  3.64e+02 1.32e-01  2.66e+04    63s
 131   2.43904368e+11  2.70355443e+11  3.54e+02 1.27e-01  2.57e+04    63s
 132   2.44702324e+11  2.71133422e+11  3.47e+02 1.23e-01  2.50e+04    63s
 133   2.45815930e+11  2.71569873e+11  3.36e+02 1.22e-01  2.45e+04    64s
 134   2.46547630e+11  2.71873716e+11  3.29e+02 1.20e-01  2.41e+04    64s
 135   2.46798071e+11  2.72591645e+11  3.26e+02 1.17e-01  2.37e+04    64s
 136   2.47228022e+11  2.73348036e+11  3.22e+02 1.15e-01  2.33e+04    65s
 137   2.47978374e+11  2.73884657e+11  3.15e+02 1.13e-01  2.29e+04    65s
 138   2.48370847e+11  2.74130866e+11  3.12e+02 1.13e-01  2.27e+04    65s
 139   2.48697063e+11  2.74412602e+11  3.09e+02 1.12e-01  2.25e+04    66s
 140   2.49212153e+11  2.74968379e+11  3.04e+02 1.09e-01  2.20e+04    66s
 141   2.49703484e+11  2.75273752e+11  3.00e+02 1.08e-01  2.17e+04    66s
 142   2.50341777e+11  2.75961130e+11  2.94e+02 1.05e-01  2.12e+04    67s
 143   2.50690996e+11  2.76286303e+11  2.91e+02 1.04e-01  2.10e+04    67s
 144   2.51172030e+11  2.76574986e+11  2.87e+02 1.03e-01  2.07e+04    68s
 145   2.51852845e+11  2.76852644e+11  2.81e+02 1.02e-01  2.05e+04    68s
 146   2.52391865e+11  2.77264470e+11  2.76e+02 1.01e-01  2.02e+04    68s
 147   2.52690101e+11  2.77657409e+11  2.74e+02 9.96e-02  2.00e+04    69s
 148   2.53094383e+11  2.77917569e+11  2.70e+02 9.90e-02  1.98e+04    69s
 149   2.53553059e+11  2.78387785e+11  2.66e+02 9.75e-02  1.95e+04    69s
 150   2.54715203e+11  2.78507658e+11  2.57e+02 9.62e-02  1.91e+04    70s
 151   2.55017691e+11  2.79125946e+11  2.55e+02 9.35e-02  1.87e+04    70s
 152   2.55633407e+11  2.79530550e+11  2.50e+02 9.18e-02  1.84e+04    70s
 153   2.56156588e+11  2.79675354e+11  2.45e+02 9.13e-02  1.82e+04    71s
 154   2.56629729e+11  2.80159569e+11  2.41e+02 8.95e-02  1.78e+04    71s
 155   2.57068428e+11  2.80646014e+11  2.38e+02 8.80e-02  1.75e+04    71s
 156   2.57086282e+11  2.80699778e+11  2.38e+02 8.74e-02  1.75e+04    72s
 157   2.57150059e+11  2.80971736e+11  2.37e+02 8.67e-02  1.74e+04    72s
 158   2.57522527e+11  2.81212710e+11  2.34e+02 8.56e-02  1.72e+04    72s
 159   2.58674754e+11  2.81852575e+11  2.26e+02 8.21e-02  1.65e+04    73s
 160   2.59311360e+11  2.82311985e+11  2.21e+02 8.01e-02  1.61e+04    74s
 161   2.60437080e+11  2.82930131e+11  2.12e+02 7.74e-02  1.55e+04    74s
 162   2.61104931e+11  2.83375986e+11  2.07e+02 7.61e-02  1.52e+04    75s
 163   2.61277438e+11  2.83735627e+11  2.06e+02 7.50e-02  1.50e+04    75s
 164   2.61930460e+11  2.84395497e+11  2.01e+02 7.34e-02  1.47e+04    75s
 165   2.62364801e+11  2.85049342e+11  1.98e+02 7.18e-02  1.44e+04    76s
 166   2.62861474e+11  2.85399117e+11  1.94e+02 7.10e-02  1.43e+04    76s
 167   2.63426589e+11  2.85857624e+11  1.91e+02 6.99e-02  1.40e+04    76s
 168   2.63917350e+11  2.86325572e+11  1.87e+02 6.86e-02  1.38e+04    77s
 169   2.64332522e+11  2.86803406e+11  1.84e+02 6.74e-02  1.35e+04    77s
 170   2.64867497e+11  2.87396376e+11  1.81e+02 6.60e-02  1.33e+04    77s
 171   2.65214870e+11  2.87839082e+11  1.78e+02 6.52e-02  1.32e+04    78s
 172   2.65497035e+11  2.88574580e+11  1.77e+02 6.39e-02  1.30e+04    78s
 173   2.65855271e+11  2.88898360e+11  1.74e+02 6.34e-02  1.28e+04    79s
 174   2.65981396e+11  2.89275361e+11  1.73e+02 6.29e-02  1.27e+04    79s
 175   2.66099214e+11  2.89643939e+11  1.73e+02 6.24e-02  1.27e+04    79s
 176   2.66614800e+11  2.90538223e+11  1.69e+02 6.14e-02  1.24e+04    80s
 177   2.66668646e+11  2.90798195e+11  1.69e+02 6.12e-02  1.24e+04    80s
 178   2.67074314e+11  2.91684779e+11  1.66e+02 6.04e-02  1.23e+04    81s
 179   2.67266885e+11  2.93524952e+11  1.65e+02 5.92e-02  1.22e+04    81s
 180   2.67418608e+11  2.93965473e+11  1.64e+02 5.90e-02  1.21e+04    82s
 181   2.67640694e+11  2.94645957e+11  1.63e+02 5.87e-02  1.20e+04    82s
 182   2.68030374e+11  2.94385890e+11  1.61e+02 5.81e-02  1.19e+04    83s
 183   2.68441348e+11  2.95199695e+11  1.59e+02 5.70e-02  1.17e+04    83s
 184   2.68982880e+11  2.95637715e+11  1.56e+02 5.59e-02  1.15e+04    84s
 185   2.69540356e+11  2.95922343e+11  1.54e+02 5.50e-02  1.14e+04    85s
 186   2.69563801e+11  2.96374463e+11  1.53e+02 5.39e-02  1.12e+04    85s
 187   2.69805656e+11  2.96652121e+11  1.52e+02 5.33e-02  1.11e+04    85s
 188   2.70459025e+11  2.97064474e+11  1.49e+02 5.18e-02  1.08e+04    86s
 189   2.70721900e+11  2.97300976e+11  1.48e+02 5.14e-02  1.07e+04    86s
 190   2.71002755e+11  2.97714950e+11  1.46e+02 5.10e-02  1.06e+04    87s
 191   2.71101054e+11  2.98205533e+11  1.46e+02 5.09e-02  1.06e+04    87s
 192   2.71164374e+11  2.98757364e+11  1.45e+02 5.07e-02  1.06e+04    87s
 193   2.71190224e+11  3.00026678e+11  1.45e+02 5.06e-02  1.06e+04    88s
 194   2.71221507e+11  3.00497461e+11  1.45e+02 5.06e-02  1.06e+04    88s
 195   2.71299375e+11  3.01463452e+11  1.45e+02 5.04e-02  1.06e+04    89s

Barrier performed 195 iterations in 88.51 seconds (64.05 work units)
Numerical trouble encountered

Model may be infeasible or unbounded.  Consider using the
homogeneous algorithm (through parameter 'BarHomogeneous')


Root simplex log...

Iteration    Objective       Primal Inf.    Dual Inf.      Time
       0      handle free variables                         89s
   12077    1.8208275e+11   4.945439e+07   0.000000e+00     90s
   34336    2.7647288e+11   1.442188e+07   0.000000e+00     95s
   43075    2.8093520e+11   1.608232e+06   0.000000e+00    100s
   50954    2.8604551e+11   2.868791e+05   0.000000e+00    105s
   59448    3.0383335e+11   6.108746e+05   0.000000e+00    110s
   67963    3.2905569e+11   9.080190e+05   0.000000e+00    115s
   74379    3.4804509e+11   2.637649e+06   0.000000e+00    120s
   76683    3.4822982e+11   1.421002e+07   0.000000e+00    125s
   78619    3.4845899e+11   1.668010e+06   0.000000e+00    130s
   79799    3.4850626e+11   5.482292e+06   0.000000e+00    136s
   80973    3.4856100e+11   7.581948e+05   0.000000e+00    140s
   82404    3.4862588e+11   1.047156e+08   0.000000e+00    145s
   83405    3.4862781e+11   1.887316e+06   0.000000e+00    151s
   84235    3.4863452e+11   5.474419e+07   0.000000e+00    155s
   85368    3.4864988e+11   4.327706e+05   0.000000e+00    160s
   86418    3.4865070e+11   4.471168e+05   0.000000e+00    165s
   88146    3.4924479e+11   2.709108e+06   0.000000e+00    170s
   90001    3.5207900e+11   2.190258e+06   0.000000e+00    176s
   90661    3.5218068e+11   2.292628e+05   0.000000e+00    180s
   91691    3.5218438e+11   2.213670e+06   0.000000e+00    185s
   93221    3.5566549e+11   1.609087e+06   0.000000e+00    190s
   94778    3.5734484e+11   4.622394e+05   0.000000e+00    195s
   96408    3.5824739e+11   7.492336e+06   0.000000e+00    200s
   97996    3.5894897e+11   2.187718e+05   0.000000e+00    205s
   99279    3.5905882e+11   2.754831e+06   0.000000e+00    210s
  100961    3.6053364e+11   2.275590e+06   0.000000e+00    215s
  102201    3.6056572e+11   2.296615e+06   0.000000e+00    220s
  103461    3.6059920e+11   3.135410e+05   0.000000e+00    225s
  104461    3.6059921e+11   3.607262e+06   0.000000e+00    230s
  105351    3.6059921e+11   1.345649e+06   0.000000e+00    235s
  106341    3.6072412e+11   2.529650e+06   0.000000e+00    240s
  107431    3.6103851e+11   6.677289e+06   0.000000e+00    246s
  108071    3.6112302e+11   2.069633e+05   0.000000e+00    250s
  109111    3.6172241e+11   5.001571e+06   0.000000e+00    255s
  110236    3.6231430e+11   2.159583e+05   0.000000e+00    261s
  111106    3.6231431e+11   3.955809e+06   0.000000e+00    266s
  112036    3.6231789e+11   7.768153e+05   0.000000e+00    271s
  112916    3.6238085e+11   6.343948e+05   0.000000e+00    275s
  113786    3.6259132e+11   1.454496e+07   0.000000e+00    280s
  114766    3.6285248e+11   1.117462e+08   0.000000e+00    286s
  115636    3.6298207e+11   1.325334e+06   0.000000e+00    291s
  116656    3.6311258e+11   1.863190e+05   0.000000e+00    296s
  117766    3.6343302e+11   1.295497e+06   0.000000e+00    300s
  118736    3.6343303e+11   4.648366e+06   0.000000e+00    305s
  119686    3.6343303e+11   3.038697e+05   0.000000e+00    310s
  120976    3.6362147e+11   3.287842e+06   0.000000e+00    315s
  121906    3.6363243e+11   7.132571e+07   0.000000e+00    320s
  123915    3.6499533e+11   6.153428e+06   0.000000e+00    325s
  125165    3.6504180e+11   1.457920e+06   0.000000e+00    330s
  126315    3.6505363e+11   2.336318e+06   0.000000e+00    335s
  127275    3.6506459e+11   9.704830e+05   0.000000e+00    340s
  128465    3.6521847e+11   2.315159e+07   0.000000e+00    345s
  129695    3.6531439e+11   2.264566e+07   0.000000e+00    350s
  130655    3.6540585e+11   1.717772e+06   0.000000e+00    355s
  131805    3.6540585e+11   1.620020e+06   0.000000e+00    360s
  132855    3.6548104e+11   3.691989e+05   0.000000e+00    365s
  133665    3.6554059e+11   1.139559e+08   0.000000e+00    370s
  134605    3.6555098e+11   6.021516e+07   0.000000e+00    375s
  135675    3.6557269e+11   1.286091e+06   0.000000e+00    380s
  136765    3.6563248e+11   7.757625e+05   0.000000e+00    386s
  137885    3.6577781e+11   2.560317e+06   0.000000e+00    390s
  139015    3.6577782e+11   1.388393e+06   0.000000e+00    395s
  139985    3.6577783e+11   1.034267e+07   0.000000e+00    400s
  141115    3.6577786e+11   7.874753e+06   0.000000e+00    405s
  142655    3.6577792e+11   6.814553e+06   0.000000e+00    410s
  143785    3.6577794e+11   8.851487e+05   0.000000e+00    415s
  144935    3.6577796e+11   9.816482e+05   0.000000e+00    420s
  146315    3.6577801e+11   8.208288e+06   0.000000e+00    425s
  147545    3.6577804e+11   1.587259e+08   0.000000e+00    431s
  148625    3.6577809e+11   2.693811e+07   0.000000e+00    436s
  149535    3.6577815e+11   1.826749e+07   0.000000e+00    440s
  150755    3.6577818e+11   4.895855e+07   0.000000e+00    445s
  151705    3.6577824e+11   1.851938e+06   0.000000e+00    450s
  152845    3.6577841e+11   9.108552e+08   0.000000e+00    455s
  154115    3.6577852e+11   2.391463e+08   0.000000e+00    460s
  155185    3.6577855e+11   2.070021e+08   0.000000e+00    465s
  155995    3.6577863e+11   8.869383e+07   0.000000e+00    471s
  157025    3.6577891e+11   9.371914e+08   0.000000e+00    475s
  158532    3.6577908e+11   2.588775e+08   0.000000e+00    480s
  159842    3.6577913e+11   2.613366e+08   0.000000e+00    485s
  161042    3.6577936e+11   3.586286e+09   0.000000e+00    490s
  162712    3.6577969e+11   3.336434e+07   0.000000e+00    495s
  163842    3.6578008e+11   2.259274e+08   0.000000e+00    501s
  165027    3.6578048e+11   5.048412e+07   0.000000e+00    505s
  166077    3.6578063e+11   3.113980e+08   0.000000e+00    510s
  167970    3.6612428e+11   7.456823e+05   0.000000e+00    515s
  169203    3.6630278e+11   1.797274e+08   0.000000e+00    520s
  171335    3.6635412e+11   2.416316e+09   0.000000e+00    525s
  172545    3.6635510e+11   7.821719e+03   0.000000e+00    530s
  172852    3.6635510e+11   0.000000e+00   0.000000e+00    532s
  175736    3.6635509e+11   0.000000e+00   5.881577e+03    535s
Extra simplex iterations after uncrush: 4120
Concurrent spin time: 14.78s

Solved with dual simplex

Root relaxation: objective 3.663551e+11, 188984 iterations, 530.24 seconds (344.95 work units)

    Nodes    |    Current Node    |     Objective Bounds      |     Work
 Expl Unexpl |  Obj  Depth IntInf | Incumbent    BestBd   Gap | It/Node Time

     0     0 3.6636e+11    0   39          - 3.6636e+11      -     -  545s
H    0     0                    3.663612e+11 3.6636e+11  0.00%     -  554s

Explored 1 nodes (188984 simplex iterations) in 554.72 seconds (371.94 work units)
Thread count was 8 (of 8 available processors)

Solution count 1: 3.66361e+11 

Optimal solution found (tolerance 5.00e-03)
Warning: max constraint violation (6.0492e-03) exceeds tolerance
Warning: max bound violation (3.3600e-03) exceeds tolerance
Best objective 3.663611735565e+11, best bound 3.663550990506e+11, gap 0.0017%
the solution is feasible and optimal
Solution time: 572.3167948722839
Done solving model.
Time used solving the model: 640.23157787323
----------Dumping data in pickle file...done.
Dumping output in pickle file.....done.
