----------------------------
Doing the following analysis:  SP three_scenarios_new
----------------------------
Reading data...
Reading and constructing data
percentage demand removed:  0.08340531276866481 %
Done reading data.
Time used reading the base data: 1.9068491458892822
-----------------
constructing initialization model
Time used constructing the model: 2.617342948913574
-----------------
solving initialization model
Solver script file: 'C:\Users\steffejb\AppData\Local\Temp\tmpe8w74zuu.gurobi.script'
Solver log file: 'C:\Users\steffejb\AppData\Local\Temp\tmplef8oxrm.gurobi.log'
Solver solution file: 'C:\Users\steffejb\AppData\Local\Temp\tmplktcezce.gurobi.txt'
Solver problem files: ('C:\\Users\\steffejb\\AppData\\Local\\Temp\\tmpu5nd0wze.pyomo.lp',)
Set parameter Username
Academic license - for non-commercial use only - expires 2023-11-12
Read LP format model from file C:\Users\steffejb\AppData\Local\Temp\tmpu5nd0wze.pyomo.lp
Reading time = 0.22 seconds
objective_function: 4361 rows, 30498 columns, 227904 nonzeros
Set parameter FeasibilityTol to value 0.0001
Set parameter MIPGap to value 0.005
Gurobi Optimizer version 9.5.0 build v9.5.0rc5 (win64)
Thread count: 4 physical cores, 8 logical processors, using up to 8 threads
Optimize a model with 4361 rows, 30498 columns and 227904 nonzeros
Model fingerprint: 0xbd4edc7c
Variable types: 30459 continuous, 39 integer (39 binary)
Coefficient statistics:
  Matrix range     [5e-03, 2e+06]
  Objective range  [2e-01, 1e+00]
  Bounds range     [1e+00, 1e+00]
  RHS range        [3e-02, 1e+10]
Warning: Model contains large rhs
         Consider reformulating model or setting NumericFocus parameter
         to avoid numerical issues.
Presolve removed 1407 rows and 15490 columns
Presolve time: 0.22s
Presolved: 2954 rows, 15008 columns, 94718 nonzeros
Variable types: 15008 continuous, 0 integer (0 binary)

Root relaxation: objective 1.609061e+11, 4310 iterations, 0.18 seconds (0.24 work units)

    Nodes    |    Current Node    |     Objective Bounds      |     Work
 Expl Unexpl |  Obj  Depth IntInf | Incumbent    BestBd   Gap | It/Node Time

*    0     0               0    1.609061e+11 1.6091e+11  0.00%     -    0s

Explored 1 nodes (4310 simplex iterations) in 0.54 seconds (0.60 work units)
Thread count was 8 (of 8 available processors)

Solution count 1: 1.60906e+11 

Optimal solution found (tolerance 5.00e-03)
Best objective 1.609060745689e+11, best bound 1.609060745689e+11, gap 0.0000%
Time used solving the model: 2.9347338676452637
-----------------
Constructing EV model.....Done constructing EV model.
Time used constructing the model: 11.423489570617676
----------
Solving EV model.....Solver script file: 'C:\Users\steffejb\AppData\Local\Temp\tmp6mgd8vzi.gurobi.script'
Solver log file: 'C:\Users\steffejb\AppData\Local\Temp\tmpknt7vxno.gurobi.log'
Solver solution file: 'C:\Users\steffejb\AppData\Local\Temp\tmpx_ti9060.gurobi.txt'
Solver problem files: ('C:\\Users\\steffejb\\AppData\\Local\\Temp\\tmpwl_tule_.pyomo.lp',)
Set parameter Username
Academic license - for non-commercial use only - expires 2023-11-12
Read LP format model from file C:\Users\steffejb\AppData\Local\Temp\tmpwl_tule_.pyomo.lp
Reading time = 1.64 seconds
objective_function: 22087 rows, 152722 columns, 1140995 nonzeros
Set parameter FeasibilityTol to value 0.0001
Set parameter MIPGap to value 0.005
Gurobi Optimizer version 9.5.0 build v9.5.0rc5 (win64)
Thread count: 4 physical cores, 8 logical processors, using up to 8 threads
Optimize a model with 22087 rows, 152722 columns and 1140995 nonzeros
Model fingerprint: 0x59e31074
Variable types: 152487 continuous, 235 integer (235 binary)
Coefficient statistics:
  Matrix range     [2e-06, 2e+06]
  Objective range  [2e-01, 1e+00]
  Bounds range     [8e-03, 7e+02]
  RHS range        [3e-02, 1e+10]
Warning: Model contains large rhs
         Consider reformulating model or setting NumericFocus parameter
         to avoid numerical issues.
Presolve removed 6221 rows and 57050 columns
Presolve time: 4.04s
Presolved: 15866 rows, 95672 columns, 636276 nonzeros
Variable types: 95573 continuous, 99 integer (99 binary)

Deterministic concurrent LP optimizer: primal and dual simplex
Showing first log only...


Root simplex log...

Iteration    Objective       Primal Inf.    Dual Inf.      Time
       0    3.6395076e+05   1.536166e+04   4.483109e+10      6s
   35836    2.1445668e+12   0.000000e+00   3.589068e+13      8s
   67490    1.4689305e+12   0.000000e+00   5.796039e+13     10s
  101073    1.1240904e+12   0.000000e+00   3.599971e+13     15s
Concurrent spin time: 0.00s

Solved with dual simplex

Root relaxation: objective 3.636547e+11, 38074 iterations, 14.54 seconds (10.40 work units)

    Nodes    |    Current Node    |     Objective Bounds      |     Work
 Expl Unexpl |  Obj  Depth IntInf | Incumbent    BestBd   Gap | It/Node Time

     0     0 3.6365e+11    0   14          - 3.6365e+11      -     -   19s
H    0     0                    3.636548e+11 3.6365e+11  0.00%     -   19s

Explored 1 nodes (38074 simplex iterations) in 19.98 seconds (14.97 work units)
Thread count was 8 (of 8 available processors)

Solution count 1: 3.63655e+11 

Optimal solution found (tolerance 5.00e-03)
Warning: max constraint violation (3.7454e-04) exceeds tolerance
Warning: max bound violation (2.9999e-04) exceeds tolerance
Best objective 3.636547866056e+11, best bound 3.636547024244e+11, gap 0.0000%
Done solving model.
Time used solving the model: 30.98140788078308
----------
Constructing EEV model...Done constructing EEV model.
Time used constructing the model: 67.06935548782349
----------
Solving EEV model...Solver script file: 'C:\Users\steffejb\AppData\Local\Temp\tmputxeyt_h.gurobi.script'
Solver log file: 'C:\Users\steffejb\AppData\Local\Temp\tmpxqn3k5ye.gurobi.log'
Solver solution file: 'C:\Users\steffejb\AppData\Local\Temp\tmpbbrzvjqo.gurobi.txt'
Solver problem files: ('C:\\Users\\steffejb\\AppData\\Local\\Temp\\tmpmr1fol4v.pyomo.lp',)
Set parameter Username
Academic license - for non-commercial use only - expires 2023-11-12
Read LP format model from file C:\Users\steffejb\AppData\Local\Temp\tmpmr1fol4v.pyomo.lp
Reading time = 10.61 seconds
objective_function: 936532 rows, 931311 columns, 6254351 nonzeros
Set parameter FeasibilityTol to value 0.001
Set parameter MIPGap to value 0.005
Gurobi Optimizer version 9.5.0 build v9.5.0rc5 (win64)
Thread count: 4 physical cores, 8 logical processors, using up to 8 threads
Optimize a model with 936532 rows, 931311 columns and 6254351 nonzeros
Model fingerprint: 0x1e81063f
Variable types: 930747 continuous, 564 integer (564 binary)
Coefficient statistics:
  Matrix range     [1e-08, 2e+06]
  Objective range  [2e-01, 3e-01]
  Bounds range     [1e-04, 8e+02]
  RHS range        [3e-02, 1e+10]
Warning: Model contains large matrix coefficient range
Warning: Model contains large rhs
         Consider reformulating model or setting NumericFocus parameter
         to avoid numerical issues.
Presolve removed 887797 rows and 636406 columns (presolve time = 5s) ...
Presolve removed 888253 rows and 638186 columns (presolve time = 10s) ...
Presolve removed 888282 rows and 638216 columns
Presolve time: 10.71s
Presolved: 48250 rows, 293095 columns, 2204036 nonzeros
Variable types: 292818 continuous, 277 integer (220 binary)

Deterministic concurrent LP optimizer: primal simplex, dual simplex, and barrier
Showing barrier log only...

Root barrier log...

Ordering time: 0.31s

Barrier statistics:
 Free vars  : 336
 AA' NZ     : 8.146e+05
 Factor NZ  : 2.743e+06 (roughly 160 MB of memory)
 Factor Ops : 4.786e+08 (less than 1 second per iteration)
 Threads    : 1

                  Objective                Residual
Iter       Primal          Dual         Primal    Dual     Compl     Time
   0   2.59650694e+16 -5.29988231e+17  5.76e+09 3.18e+07  9.06e+13    16s
   1   1.32677124e+16 -4.52985120e+17  1.72e+09 1.44e+08  2.82e+13    16s
   2   8.19163366e+15 -2.56087586e+17  5.29e+08 5.98e+07  9.14e+12    17s
   3   3.35365190e+15 -1.27899199e+17  6.86e+07 2.43e+07  1.51e+12    17s
   4   9.79156575e+14 -2.53543164e+16  6.32e+06 3.23e+06  1.80e+11    17s
   5   2.46844318e+14 -1.22192361e+16  7.37e+05 1.46e+06  4.86e+10    18s
   6   1.42703576e+14 -4.62727116e+15  3.04e+05 5.25e+05  2.06e+10    18s
   7   8.72922086e+13 -1.89178133e+15  9.72e+04 2.33e+05  9.66e+09    18s
   8   6.06677211e+13 -1.04654133e+15  3.43e+04 1.16e+05  5.83e+09    18s
   9   2.36046701e+13 -4.49329432e+14  1.17e+04 3.97e+04  2.16e+09    19s
  10   1.48706870e+13 -3.54836150e+14  6.78e+03 3.05e+04  1.47e+09    19s
  11   9.95605877e+12 -2.90932319e+14  4.07e+03 2.46e+04  1.06e+09    19s
  12   6.22281897e+12 -1.85463279e+14  2.07e+03 1.52e+04  6.16e+08    19s
  13   3.60175646e+12 -1.07903835e+14  6.96e+02 8.42e+03  3.11e+08    20s
  14   2.82546595e+12 -4.87847564e+13  3.64e+02 3.59e+03  1.43e+08    20s
  15   2.30385852e+12 -3.21033919e+13  2.08e+02 2.30e+03  9.14e+07    20s
  16   1.69136258e+12 -1.74763261e+13  8.00e+01 1.22e+03  4.72e+07    21s
  17   1.26010195e+12 -8.34396258e+12  3.52e+01 5.85e+02  2.26e+07    21s
  18   1.02433626e+12 -3.75641568e+12  2.05e+01 2.74e+02  1.10e+07    21s
  19   8.61734701e+11 -2.48758070e+12  1.36e+01 1.84e+02  7.50e+06    21s
  20   8.11222575e+11 -1.84113041e+12  1.17e+01 1.40e+02  5.90e+06    22s
  21   7.06248821e+11 -1.27050890e+12  8.10e+00 1.03e+02  4.27e+06    22s
  22   6.15898828e+11 -7.28510827e+11  5.36e+00 6.79e+01  2.82e+06    22s
  23   5.78589599e+11 -4.82606322e+11  4.38e+00 5.26e+01  2.20e+06    23s
  24   5.46481308e+11 -2.98617514e+11  3.55e+00 4.13e+01  1.73e+06    23s
  25   5.06886827e+11 -1.64319929e+11  2.65e+00 3.31e+01  1.35e+06    23s
  26   4.74884471e+11  1.62794444e+10  2.05e+00 2.08e+01  9.05e+05    24s
  27   4.60128963e+11  7.99300817e+10  1.74e+00 1.69e+01  7.44e+05    24s
  28   4.29175641e+11  1.45806085e+11  1.14e+00 1.30e+01  5.41e+05    24s
  29   4.14923144e+11  2.00406837e+11  8.74e-01 9.70e+00  4.04e+05    25s
  30   4.07301255e+11  2.45331084e+11  7.08e-01 7.06e+00  3.03e+05    25s
  31   3.96043390e+11  2.66752295e+11  4.87e-01 5.83e+00  2.38e+05    25s
  32   3.91210091e+11  2.86425909e+11  3.98e-01 4.69e+00  1.92e+05    25s
  33   3.86296858e+11  2.93759264e+11  3.07e-01 4.26e+00  1.69e+05    26s
  34   3.81540197e+11  3.16803868e+11  2.25e-01 2.88e+00  1.17e+05    26s
  35   3.78654164e+11  3.22304871e+11  1.76e-01 2.56e+00  1.01e+05    26s
  36   3.76285875e+11  3.32400981e+11  1.36e-01 2.01e+00  7.87e+04    26s
  37   3.73943825e+11  3.43481739e+11  1.04e-01 1.34e+00  5.44e+04    27s
  38   3.72623557e+11  3.47651387e+11  8.61e-02 1.10e+00  4.45e+04    27s
  39   3.71472841e+11  3.50366982e+11  7.00e-02 9.43e-01  3.75e+04    27s
  40   3.70494346e+11  3.50912311e+11  5.59e-02 9.14e-01  3.46e+04    27s
  41   3.69892314e+11  3.53806773e+11  4.72e-02 7.55e-01  2.84e+04    28s
  42   3.69190743e+11  3.55266489e+11  3.69e-02 6.67e-01  2.45e+04    28s
  43   3.68570880e+11  3.57640455e+11  2.82e-02 5.27e-01  1.92e+04    28s
  44   3.68184622e+11  3.59984135e+11  2.25e-02 3.87e-01  1.44e+04    28s
  45   3.67688507e+11  3.60923515e+11  1.52e-02 3.28e-01  1.18e+04    29s
  46   3.67486587e+11  3.62139338e+11  1.28e-02 2.55e-01  9.34e+03    29s
  47   3.67187561e+11  3.62608724e+11  9.00e-03 2.26e-01  7.98e+03    29s
  48   3.67152429e+11  3.63054646e+11  8.55e-03 2.00e-01  7.14e+03    29s
  49   3.67034582e+11  3.63355718e+11  7.12e-03 1.82e-01  6.40e+03    30s
  50   3.66969373e+11  3.63758239e+11  6.47e-03 1.59e-01  5.59e+03    30s
  51   3.66842314e+11  3.63880505e+11  5.09e-03 1.52e-01  5.14e+03    30s
  52   3.66797739e+11  3.64159317e+11  4.61e-03 1.35e-01  4.58e+03    30s
  53   3.66753035e+11  3.64512846e+11  4.10e-03 1.15e-01  3.89e+03    31s
  54   3.66726801e+11  3.64576653e+11  3.86e-03 1.11e-01  3.73e+03    31s
  55   3.66659584e+11  3.64745419e+11  3.20e-03 1.01e-01  3.32e+03    31s
  56   3.66634970e+11  3.64921075e+11  2.96e-03 8.98e-02  2.97e+03    31s
  57   3.66601191e+11  3.65118212e+11  2.63e-03 7.79e-02  2.57e+03    32s
  58   3.66559905e+11  3.65195807e+11  2.21e-03 7.30e-02  2.36e+03    32s
  59   3.66528813e+11  3.65326011e+11  1.91e-03 6.50e-02  2.08e+03    32s
  60   3.66501527e+11  3.65440760e+11  1.65e-03 5.82e-02  1.84e+03    32s
  61   3.66477536e+11  3.65508591e+11  1.41e-03 5.40e-02  1.68e+03    33s
  62   3.66461630e+11  3.65606171e+11  1.26e-03 4.81e-02  1.48e+03    33s
  63   3.66449522e+11  3.65640764e+11  1.14e-03 4.59e-02  1.40e+03    33s
  64   3.66441055e+11  3.65722451e+11  1.05e-03 4.08e-02  1.24e+03    33s
  65   3.66425909e+11  3.65818884e+11  9.03e-04 3.45e-02  1.05e+03    34s
  66   3.66413551e+11  3.65879301e+11  7.81e-04 3.07e-02  9.24e+02    34s
  67   3.66409602e+11  3.65898905e+11  7.42e-04 2.94e-02  8.83e+02    34s
  68   3.66403826e+11  3.66010136e+11  6.80e-04 2.23e-02  6.81e+02    34s
  69   3.66396828e+11  3.66038194e+11  6.13e-04 2.04e-02  6.20e+02    35s
  70   3.66384139e+11  3.66075173e+11  6.97e-04 1.78e-02  5.34e+02    35s
  71   3.66377503e+11  3.66089117e+11  5.95e-04 1.68e-02  4.98e+02    35s
  72   3.66375797e+11  3.66153577e+11  5.79e-04 1.23e-02  3.84e+02    35s
  73   3.66366857e+11  3.66170783e+11  4.63e-04 1.10e-02  3.39e+02    36s
  74   3.66358023e+11  3.66199733e+11  3.73e-04 8.98e-03  2.73e+02    36s
  75   3.66352464e+11  3.66224550e+11  3.51e-04 7.11e-03  2.21e+02    36s
  76   3.66349348e+11  3.66242960e+11  6.13e-04 5.81e-03  1.84e+02    36s
  77   3.66346220e+11  3.66248087e+11  5.79e-04 5.43e-03  1.69e+02    37s
  78   3.66344917e+11  3.66258500e+11  7.33e-04 4.69e-03  1.49e+02    37s
  79   3.66342992e+11  3.66263043e+11  6.53e-04 4.37e-03  1.38e+02    37s
  80   3.66341653e+11  3.66267182e+11  6.92e-04 4.03e-03  1.29e+02    37s
  81   3.66341128e+11  3.66269415e+11  1.34e-03 3.86e-03  1.24e+02    38s
  82   3.66339086e+11  3.66278462e+11  1.21e-03 3.19e-03  1.05e+02    38s
  83   3.66332249e+11  3.66280020e+11  1.22e-03 3.09e-03  9.00e+01    38s
  84   3.66331249e+11  3.66288864e+11  1.25e-03 2.41e-03  7.31e+01    38s
  85   3.66330838e+11  3.66289875e+11  1.93e-03 2.33e-03  7.06e+01    39s
  86   3.66330615e+11  3.66292344e+11  2.63e-03 2.14e-03  6.60e+01    39s
  87   3.66329738e+11  3.66298717e+11  2.36e-03 1.66e-03  5.35e+01    39s
  88   3.66327742e+11  3.66303268e+11  1.79e-03 1.30e-03  4.22e+01    39s
  89   3.66326552e+11  3.66307685e+11  1.51e-03 9.50e-04  3.25e+01    40s
  90   3.66324087e+11  3.66309972e+11  1.07e-03 7.61e-04  2.43e+01    40s
  91   3.66323127e+11  3.66311748e+11  7.74e-04 6.16e-04  1.96e+01    40s
  92   3.66322557e+11  3.66312518e+11  7.38e-04 5.58e-04  1.73e+01    40s
  93   3.66321952e+11  3.66313550e+11  4.89e-04 4.72e-04  1.44e+01    41s
  94   3.66321751e+11  3.66314438e+11  4.56e-04 3.98e-04  1.26e+01    41s
  95   3.66321338e+11  3.66315717e+11  4.01e-04 2.93e-04  9.66e+00    41s
  96   3.66321015e+11  3.66316129e+11  3.31e-04 2.60e-04  8.39e+00    41s
  97   3.66320551e+11  3.66316589e+11  2.62e-04 2.22e-04  6.80e+00    42s
  98   3.66320362e+11  3.66317387e+11  2.21e-04 1.53e-04  5.11e+00    42s
  99   3.66320071e+11  3.66317727e+11  2.22e-04 1.24e-04  4.02e+00    42s
 100   3.66319973e+11  3.66317972e+11  2.36e-04 1.03e-04  3.44e+00    42s
 101   3.66319781e+11  3.66318142e+11  2.43e-04 8.77e-05  2.81e+00    43s
 102   3.66319705e+11  3.66318277e+11  8.16e-04 7.63e-05  2.45e+00    43s
 103   3.66319689e+11  3.66318301e+11  4.22e-03 7.41e-05  2.38e+00    43s
 104   3.66319555e+11  3.66318540e+11  3.27e-03 5.25e-05  1.74e+00    44s
 105   3.66319426e+11  3.66318742e+11  2.26e-03 3.37e-05  1.17e+00    44s
 106   3.66319357e+11  3.66318849e+11  1.75e-03 2.41e-05  8.72e-01    44s
 107   3.66319323e+11  3.66318892e+11  1.48e-03 2.03e-05  7.39e-01    45s
 108   3.66319263e+11  3.66318936e+11  1.10e-03 1.65e-05  5.61e-01    45s
 109   3.66319233e+11  3.66318984e+11  8.74e-04 1.22e-05  4.28e-01    45s
 110   3.66319188e+11  3.66319015e+11  5.34e-04 9.28e-06  2.96e-01    45s
 111   3.66319166e+11  3.66319045e+11  3.93e-04 6.54e-06  2.09e-01    46s
 112   3.66319151e+11  3.66319064e+11  2.67e-04 4.73e-06  1.48e-01    46s
 113   3.66319141e+11  3.66319083e+11  2.01e-04 3.02e-06  9.96e-02    46s
 114   3.66319132e+11  3.66319092e+11  1.27e-04 2.36e-06  6.83e-02    47s
 115   3.66319126e+11  3.66319101e+11  8.28e-05 1.35e-06  4.32e-02    47s
 116   3.66319123e+11  3.66319106e+11  1.78e-04 1.43e-06  2.83e-02    48s
 117   3.66319120e+11  3.66319110e+11  1.19e-04 1.21e-06  1.80e-02    48s
 118   3.66319120e+11  3.66319111e+11  9.90e-05 1.28e-06  1.46e-02    48s
 119   3.66319118e+11  3.66319113e+11  5.49e-05 1.19e-06  8.14e-03    49s

Barrier solved model in 119 iterations and 48.55 seconds (44.00 work units)
Optimal objective 3.66319118e+11


Root crossover log...

   28723 DPushes remaining with DInf 2.8605377e+01                49s
       0 DPushes remaining with DInf 0.0000000e+00                50s
Warning: Markowitz tolerance tightened to 0.5

   41866 PPushes remaining with PInf 2.0863041e+02                50s
   26105 PPushes remaining with PInf 2.4076504e+02                50s
      20 PPushes remaining with PInf 6.2651426e+04                51s

  Push phase complete: Pinf 6.2651426e+04, Dinf 1.3902777e+13     51s


Root simplex log...

Iteration    Objective       Primal Inf.    Dual Inf.      Time
   69488    3.6588421e+11   6.228089e+04   0.000000e+00     51s
   71716    3.7216863e+11   1.305731e+05   0.000000e+00     55s
   73940    3.7217107e+11   2.255149e+06   0.000000e+00     60s
   76468    3.7217731e+11   1.447129e+06   0.000000e+00     65s
   78432    3.7218558e+11   5.610910e+08   0.000000e+00     70s
   79582    3.7218642e+11   4.035199e+07   0.000000e+00     75s
   81696    3.7219398e+11   1.839002e+08   0.000000e+00     80s
Concurrent spin time: 7.98s (can be avoided by choosing Method=3)

Solved with dual simplex

Root relaxation: objective 3.663172e+11, 124120 iterations, 69.82 seconds (52.17 work units)

    Nodes    |    Current Node    |     Objective Bounds      |     Work
 Expl Unexpl |  Obj  Depth IntInf | Incumbent    BestBd   Gap | It/Node Time

     0     0 3.6632e+11    0   30          - 3.6632e+11      -     -   83s
H    0     0                    3.663284e+11 3.6632e+11  0.00%     -   93s

Explored 1 nodes (124120 simplex iterations) in 93.53 seconds (72.67 work units)
Thread count was 8 (of 8 available processors)

Solution count 1: 3.66328e+11 

Optimal solution found (tolerance 5.00e-03)
Warning: max constraint violation (2.5650e-02) exceeds tolerance
Warning: max bound violation (1.9994e-03) exceeds tolerance
Best objective 3.663284489088e+11, best bound 3.663171790033e+11, gap 0.0031%
Done solving model.
Time used solving the model: 177.47551894187927
----------
Dumping EEV output in pickle file.....done.
Solving SP model with EEV warm start...Solver script file: 'C:\Users\steffejb\AppData\Local\Temp\tmpgtmbnh_t.gurobi.script'
Solver warm-start file: C:\Users\steffejb\AppData\Local\Temp\tmpac65mtqf.gurobi.mst
Solver log file: 'C:\Users\steffejb\AppData\Local\Temp\tmp27nlpick.gurobi.log'
Solver solution file: 'C:\Users\steffejb\AppData\Local\Temp\tmpz8_gjez_.gurobi.txt'
Solver problem files: ('C:\\Users\\steffejb\\AppData\\Local\\Temp\\tmpvo5hg8dg.pyomo.lp',)
Set parameter Username
Academic license - for non-commercial use only - expires 2023-11-12
Read LP format model from file C:\Users\steffejb\AppData\Local\Temp\tmpvo5hg8dg.pyomo.lp
Reading time = 11.03 seconds
objective_function: 936532 rows, 932191 columns, 6260351 nonzeros
Read MIP start from file C:\Users\steffejb\AppData\Local\Temp\tmpac65mtqf.gurobi.mst
Set parameter FeasibilityTol to value 0.01
Set parameter MIPGap to value 0.005
Gurobi Optimizer version 9.5.0 build v9.5.0rc5 (win64)
Thread count: 4 physical cores, 8 logical processors, using up to 8 threads
Optimize a model with 936532 rows, 932191 columns and 6260351 nonzeros
Model fingerprint: 0x5b42a56d
Variable types: 931251 continuous, 940 integer (940 binary)
Coefficient statistics:
  Matrix range     [1e-08, 2e+06]
  Objective range  [2e-01, 3e-01]
  Bounds range     [1e-04, 1e+05]
  RHS range        [3e-02, 1e+10]
Warning: Model contains large matrix coefficient range
Warning: Model contains large rhs
         Consider reformulating model or setting NumericFocus parameter
         to avoid numerical issues.

User MIP start did not produce a new incumbent solution
User MIP start violates constraint c_u_TranspCO2CostConstr(2022_BBB)_ by 0.000064341

Presolve removed 887264 rows and 636850 columns (presolve time = 5s) ...
Presolve removed 887481 rows and 637083 columns (presolve time = 10s) ...
Presolve removed 887482 rows and 637083 columns
Presolve time: 10.72s
Presolved: 49050 rows, 295108 columns, 2234102 nonzeros
Variable types: 294779 continuous, 329 integer (329 binary)

Deterministic concurrent LP optimizer: primal simplex, dual simplex, and barrier
Showing barrier log only...

Root barrier log...

Ordering time: 0.34s

Barrier statistics:
 Free vars  : 336
 AA' NZ     : 8.270e+05
 Factor NZ  : 3.017e+06 (roughly 160 MB of memory)
 Factor Ops : 7.579e+08 (less than 1 second per iteration)
 Threads    : 1

                  Objective                Residual
Iter       Primal          Dual         Primal    Dual     Compl     Time
   0   8.34228398e+15 -5.57159678e+15  1.73e+12 0.00e+00  3.33e+13    17s
   1   3.27668661e+15 -5.07910186e+15  6.75e+11 1.73e+05  1.34e+13    17s
   2   1.28634751e+15 -4.33222035e+15  1.83e+11 1.06e+05  3.92e+12    17s
   3   7.93833635e+14 -3.00648038e+15  5.34e+10 5.75e+04  1.27e+12    18s
   4   5.91204783e+14 -1.34235786e+15  1.37e+10 1.54e+04  3.42e+11    18s
   5   4.57501946e+14 -9.46849463e+14  4.01e+09 8.40e+03  1.14e+11    18s
   6   3.53450851e+14 -4.44788807e+14  1.01e+09 2.42e+03  3.08e+10    19s
   7   3.15735956e+14 -3.24595948e+14  7.20e+08 1.57e+03  2.15e+10    19s
   8   2.76506926e+14 -3.01130366e+14  4.50e+08 1.42e+03  1.50e+10    19s
   9   2.53667084e+14 -2.90928510e+14  3.26e+08 1.37e+03  1.21e+10    20s
  10   2.22950806e+14 -2.15244712e+14  2.10e+08 9.65e+02  8.19e+09    20s
  11   2.05971007e+14 -1.64861971e+14  1.55e+08 7.18e+02  6.15e+09    20s
  12   1.42376706e+14 -8.24183316e+13  5.85e+07 3.44e+02  2.67e+09    21s
  13   1.23746576e+14 -6.59555911e+13  4.24e+07 2.48e+02  1.99e+09    21s
  14   8.95973960e+13 -3.60210341e+13  1.91e+07 1.22e+02  1.01e+09    21s
  15   5.65287116e+13 -1.73895531e+13  9.58e+06 4.97e+01  5.04e+08    22s
  16   1.42389384e+13 -5.79098232e+12  2.09e+05 7.42e+00  7.24e+07    22s
  17   4.06921660e+12 -1.97138803e+12  5.08e+04 1.44e+00  1.85e+07    22s
  18   2.20470158e+12 -1.07071744e+12  2.64e+04 6.66e-01  9.56e+06    23s
  19   1.12488458e+12 -8.62013354e+11  1.32e+04 5.12e-01  5.41e+06    23s
  20   9.05686960e+11 -3.41630987e+11  1.06e+04 1.56e-01  3.52e+06    23s
  21   8.39577068e+11 -3.24310901e+11  9.84e+03 1.46e-01  3.27e+06    24s
  22   7.70015100e+11 -3.13025883e+11  9.00e+03 1.40e-01  3.02e+06    24s
  23   6.80749215e+11 -2.88494671e+11  7.93e+03 1.28e-01  2.69e+06    24s
  24   5.87384322e+11 -2.15041155e+11  6.82e+03 9.12e-02  2.24e+06    25s
  25   5.37097514e+11 -1.99434692e+11  6.23e+03 8.41e-02  2.06e+06    25s
  26   3.94122302e+11 -1.55705983e+11  4.58e+03 6.47e-02  1.53e+06    25s
  27   3.29983477e+11 -1.40562860e+11  3.83e+03 5.86e-02  1.30e+06    26s
  28   3.16252156e+11 -1.30424179e+11  3.66e+03 5.52e-02  1.24e+06    26s
  29   2.91579719e+11 -1.24772431e+11  3.34e+03 5.39e-02  1.15e+06    26s
  30   2.77464148e+11 -1.11608685e+11  3.16e+03 4.91e-02  1.09e+06    27s
  31   2.60044757e+11 -9.71675652e+10  2.94e+03 4.33e-02  1.00e+06    27s
  32   2.04167964e+11 -7.20837494e+10  2.23e+03 3.32e-02  7.74e+05    28s
  33   1.87570946e+11 -6.06102701e+10  2.01e+03 2.94e-02  7.02e+05    28s
  34   1.75519519e+11 -4.61928353e+10  1.85e+03 2.50e-02  6.42e+05    28s
  35   1.62875395e+11 -3.70469431e+10  1.68e+03 2.24e-02  5.85e+05    29s
  36   1.54871518e+11 -2.78623362e+10  1.57e+03 2.00e-02  5.46e+05    29s
  37   1.50973479e+11 -2.53435371e+10  1.51e+03 1.96e-02  5.30e+05    29s
  38   1.42879678e+11 -1.62955156e+10  1.39e+03 1.76e-02  4.90e+05    30s
  39   1.40097509e+11 -1.37221535e+10  1.35e+03 1.70e-02  4.76e+05    30s
  40   1.38836374e+11 -1.07424970e+10  1.33e+03 1.64e-02  4.69e+05    30s
  41   1.32259155e+11 -4.59357565e+09  1.22e+03 1.50e-02  4.35e+05    31s
  42   1.27715315e+11  8.38152325e+09  1.14e+03 1.22e-02  4.02e+05    31s
  43   1.21513999e+11  1.39032362e+10  1.01e+03 1.10e-02  3.65e+05    31s
  44   1.19138051e+11  2.18625629e+10  9.59e+02 9.66e-03  3.45e+05    32s
  45   1.18858105e+11  2.30431315e+10  9.51e+02 9.47e-03  3.42e+05    32s
  46   1.18847623e+11  2.30679047e+10  9.51e+02 9.47e-03  3.42e+05    33s
  47   1.18846115e+11  2.30763471e+10  9.51e+02 9.47e-03  3.37e+05    33s
  48   1.18402763e+11  2.46752392e+10  9.38e+02 9.21e-03  3.33e+05    33s
  49   1.18367339e+11  2.52320886e+10  9.37e+02 9.12e-03  3.32e+05    34s
  50   1.17406792e+11  2.72803454e+10  9.11e+02 8.76e-03  3.24e+05    34s
  51   1.17245764e+11  2.82711193e+10  9.06e+02 8.59e-03  3.22e+05    34s
  52   1.15830162e+11  3.47500618e+10  8.61e+02 7.49e-03  3.06e+05    35s
  53   1.15805871e+11  3.47735480e+10  8.60e+02 7.49e-03  3.06e+05    35s
  54   1.15803078e+11  3.47935795e+10  8.59e+02 7.49e-03  3.06e+05    35s
  55   1.15752088e+11  3.51716244e+10  8.57e+02 7.43e-03  3.05e+05    36s
  56   1.15742551e+11  3.52385294e+10  8.57e+02 7.42e-03  3.05e+05    36s
  57   1.15301713e+11  3.58778477e+10  8.40e+02 7.33e-03  3.01e+05    37s
  58   1.15256720e+11  3.61905734e+10  8.38e+02 7.29e-03  3.00e+05    37s
  59   1.14804289e+11  3.95984578e+10  8.19e+02 6.81e-03  2.93e+05    37s
  60   1.14790046e+11  3.97100081e+10  8.19e+02 6.80e-03  2.93e+05    38s
  61   1.14324258e+11  4.33085058e+10  7.96e+02 6.32e-03  2.85e+05    38s
  62   1.14241085e+11  4.45826915e+10  7.91e+02 6.14e-03  2.83e+05    38s
  63   1.13675611e+11  4.86356331e+10  7.56e+02 5.43e-03  2.72e+05    39s
  64   1.13244591e+11  5.13935096e+10  8.29e+02 5.01e-03  2.62e+05    39s
  65   1.13058580e+11  5.24243900e+10  8.78e+02 4.89e-03  2.57e+05    39s
  66   1.13056500e+11  5.27124878e+10  8.79e+02 4.85e-03  2.57e+05    40s
  67   1.13054509e+11  5.27182597e+10  8.81e+02 4.85e-03  2.57e+05    40s
  68   1.12975057e+11  5.59125580e+10  9.09e+02 4.43e-03  2.52e+05    40s
  69   1.12759652e+11  6.21550203e+10  9.56e+02 3.49e-03  2.41e+05    41s
  70   1.12752158e+11  6.42014655e+10  9.64e+02 3.22e-03  2.38e+05    41s
  71   1.12752672e+11  6.51770955e+10  9.67e+02 3.09e-03  2.37e+05    41s
  72   1.12756628e+11  6.62228134e+10  9.69e+02 2.96e-03  2.36e+05    42s
  73   1.12775684e+11  6.74666722e+10  9.81e+02 2.80e-03  2.33e+05    42s
  74   1.12775177e+11  6.74928502e+10  9.81e+02 2.80e-03  2.32e+05    42s
  75   1.12773665e+11  6.74975222e+10  9.78e+02 2.80e-03  2.32e+05    43s
  76   1.12782741e+11  6.85717466e+10  9.83e+02 2.67e-03  2.31e+05    43s
  77   1.12826118e+11  6.95183302e+10  9.91e+02 2.56e-03  2.29e+05    43s
  78   1.12834588e+11  6.95390255e+10  1.00e+03 2.56e-03  2.29e+05    44s
  79   1.12881510e+11  7.06256402e+10  1.01e+03 2.43e-03  2.26e+05    44s
  80   1.12883375e+11  7.11346262e+10  1.01e+03 2.37e-03  2.26e+05    44s
  81   1.12933784e+11  7.18576920e+10  1.02e+03 2.25e-03  2.25e+05    45s
  82   1.12963201e+11  7.25554022e+10  1.02e+03 2.17e-03  2.24e+05    45s
  83   1.12978200e+11  7.31104096e+10  1.03e+03 2.11e-03  2.23e+05    45s
  84   1.12978284e+11  7.31190591e+10  1.03e+03 2.11e-03  2.23e+05    46s
  85   1.12979513e+11  7.31720162e+10  1.03e+03 2.11e-03  2.23e+05    46s
  86   1.13012675e+11  7.34686207e+10  1.03e+03 2.06e-03  2.22e+05    47s

Barrier performed 86 iterations in 46.51 seconds (38.97 work units)
Numerical trouble encountered

Model may be infeasible or unbounded.  Consider using the
homogeneous algorithm (through parameter 'BarHomogeneous')


Root simplex log...

Iteration    Objective       Primal Inf.    Dual Inf.      Time
       0      handle free variables                         47s
   15357    1.0798452e+11   9.519426e+07   0.000000e+00     50s
   24539    1.5914282e+11   9.020837e+07   0.000000e+00     55s
Warning: Markowitz tolerance tightened to 0.03125
   35037    1.9610881e+11   4.017746e+10   0.000000e+00     60s
   38590    2.0917166e+11   7.979271e+09   0.000000e+00     65s
   43250    2.2166509e+11   2.847904e+10   0.000000e+00     70s
   49771    2.2496346e+11   2.810462e+09   0.000000e+00     75s
   56234    2.3259519e+11   4.952443e+09   0.000000e+00     80s
   60210    2.4478177e+11   3.483269e+08   0.000000e+00     85s
   61300    2.4489448e+11   3.215542e+08   0.000000e+00     90s
   62429    2.4507748e+11   2.808439e+08   0.000000e+00     95s
   63492    2.4510700e+11   5.089346e+07   0.000000e+00    100s
   64558    2.4528543e+11   1.374841e+09   0.000000e+00    105s
   65428    2.4528556e+11   1.641819e+09   0.000000e+00    110s
   66441    2.4528587e+11   1.360622e+09   0.000000e+00    115s
   67670    2.4528636e+11   1.368148e+09   0.000000e+00    120s
   68653    2.4529103e+11   1.652125e+09   0.000000e+00    125s
   69786    2.4532286e+11   2.339094e+09   0.000000e+00    130s
   71286    2.4590824e+11   2.231735e+09   0.000000e+00    135s
   72814    2.4643821e+11   1.755329e+08   0.000000e+00    140s
   76161    2.4883971e+11   1.283689e+10   0.000000e+00    145s
Warning: Markowitz tolerance tightened to 0.125
   77898    2.4933441e+11   4.808709e+11   0.000000e+00    150s
   79296    2.4957539e+11   3.363286e+11   0.000000e+00    155s
   80359    2.4978905e+11   3.021197e+11   0.000000e+00    160s
   81615    2.4994156e+11   4.256747e+10   0.000000e+00    165s
   83231    2.5104785e+11   9.315710e+10   0.000000e+00    170s
   85373    2.5814999e+11   2.345812e+09   0.000000e+00    175s
   86363    2.5815292e+11   2.252418e+09   0.000000e+00    181s
   87166    2.5911939e+11   2.109982e+09   0.000000e+00    185s
   88106    2.5911943e+11   1.078124e+09   0.000000e+00    191s
   89109    2.5989642e+11   2.046586e+08   0.000000e+00    195s
   90348    2.6021413e+11   7.124366e+12   0.000000e+00    200s
   91995    2.6022288e+11   9.347085e+11   0.000000e+00    205s
   93810    2.6026384e+11   2.260274e+12   0.000000e+00    210s
   95105    2.6027454e+11   2.567042e+12   0.000000e+00    215s
Warning: Markowitz tolerance tightened to 0.25
   97557    2.6630657e+11   1.375707e+13   0.000000e+00    220s
   98995    2.6687064e+11   1.409012e+13   0.000000e+00    225s
  103665    2.7971294e+11   4.516149e+12   0.000000e+00    230s
Warning: Markowitz tolerance tightened to 0.5
  109230    2.9563484e+11   1.240637e+08   0.000000e+00    235s
  111707    2.9598951e+11   3.719498e+10   0.000000e+00    240s
  113550    2.9607214e+11   3.411967e+07   0.000000e+00    245s
  114606    2.9608681e+11   5.416104e+07   0.000000e+00    250s
  115266    2.9608682e+11   6.848262e+07   0.000000e+00    256s
  116112    2.9608684e+11   1.678503e+08   0.000000e+00    261s
  117072    2.9611318e+11   1.223789e+09   0.000000e+00    265s
  118605    2.9616886e+11   1.062660e+12   0.000000e+00    271s
  119385    2.9617277e+11   5.361436e+10   0.000000e+00    275s
  120318    2.9617392e+11   1.529880e+11   0.000000e+00    280s
  121351    2.9617452e+11   3.689225e+08   0.000000e+00    285s
  122111    2.9617455e+11   1.783146e+08   0.000000e+00    291s
  122961    2.9617457e+11   1.435799e+08   0.000000e+00    296s
  123671    2.9617458e+11   2.860138e+07   0.000000e+00    301s
  124281    2.9617521e+11   1.995976e+11   0.000000e+00    305s
  126166    2.9680973e+11   7.256912e+06   0.000000e+00    310s
  128435    2.9832607e+11   1.373760e+07   0.000000e+00    316s
  129275    2.9832785e+11   2.127279e+07   0.000000e+00    321s
  130015    2.9832791e+11   1.962082e+07   0.000000e+00    326s
  133110    3.0359502e+11   2.701246e+11   0.000000e+00    330s
  135208    3.0714295e+11   1.151340e+08   0.000000e+00    335s
  136438    3.0772335e+11   2.317897e+08   0.000000e+00    340s
  139126    3.1072242e+11   2.541313e+07   0.000000e+00    345s
  140614    3.1156728e+11   1.164374e+07   0.000000e+00    351s
  141984    3.1170014e+11   4.595688e+07   0.000000e+00    355s
  143673    3.1223563e+11   9.572978e+12   0.000000e+00    360s
  148163    3.2451925e+11   8.888768e+10   0.000000e+00    365s
  151001    3.3372507e+11   1.119822e+08   0.000000e+00    370s
  151871    3.3372511e+11   8.818548e+07   0.000000e+00    375s
  152971    3.3372514e+11   9.123740e+08   0.000000e+00    380s
  154051    3.3372516e+11   8.253789e+06   0.000000e+00    385s
  155194    3.3372517e+11   5.027183e+06   0.000000e+00    390s
  156866    3.3550764e+11   3.485345e+06   0.000000e+00    395s
  158877    3.3841141e+11   1.452311e+07   0.000000e+00    400s
  160557    3.3940036e+11   8.763319e+06   0.000000e+00    405s
  162369    3.4282684e+11   4.659253e+07   0.000000e+00    410s
  163475    3.4282686e+11   6.311001e+07   0.000000e+00    416s
  164495    3.4282687e+11   6.552749e+06   0.000000e+00    420s
  165565    3.4282688e+11   2.691622e+06   0.000000e+00    425s
  166535    3.4282701e+11   2.739154e+07   0.000000e+00    431s
  168300    3.4500547e+11   1.016481e+12   0.000000e+00    435s
  171047    3.4742271e+11   5.545248e+11   0.000000e+00    440s
  171997    3.4742490e+11   6.189745e+06   0.000000e+00    445s
  173017    3.4742491e+11   1.158178e+09   0.000000e+00    450s
  174187    3.4742495e+11   2.062462e+07   0.000000e+00    455s
  175427    3.4742516e+11   9.569800e+08   0.000000e+00    460s
  176637    3.4742693e+11   5.452723e+06   0.000000e+00    465s
  177878    3.4742710e+11   9.117539e+06   0.000000e+00    470s
  179201    3.4742726e+11   7.323174e+06   0.000000e+00    475s
  180501    3.4742746e+11   6.022705e+07   0.000000e+00    480s
  181838    3.4742785e+11   2.155937e+10   0.000000e+00    485s
  183413    3.4744174e+11   2.844761e+11   0.000000e+00    490s
  184996    3.4746943e+11   2.921055e+12   0.000000e+00    495s
Warning: 1 variables dropped from basis
Warning: switch to quad precision
  186417    3.4874078e+11   2.332515e+10   0.000000e+00    501s
  187047    3.4874136e+11   2.039221e+09   0.000000e+00    506s
  187577    3.4874197e+11   3.651707e+10   0.000000e+00    511s
  188057    3.4874202e+11   2.838289e+10   0.000000e+00    516s
  188497    3.4874221e+11   1.906678e+10   0.000000e+00    520s
  188957    3.4874231e+11   1.866074e+10   0.000000e+00    526s
  189297    3.4874247e+11   2.460947e+10   0.000000e+00    531s
  189898    3.4874422e+11   7.139494e+07   0.000000e+00    536s
  190228    3.4874423e+11   4.338540e+08   0.000000e+00    541s
  190498    3.4874424e+11   6.566628e+08   0.000000e+00    545s
  190858    3.4874426e+11   7.728641e+09   0.000000e+00    551s
  191268    3.4874431e+11   2.542925e+08   0.000000e+00    556s
  191678    3.4874434e+11   4.516408e+08   0.000000e+00    561s
  192098    3.4874437e+11   1.227231e+08   0.000000e+00    565s
  192843    3.4874442e+11   1.859673e+07   0.000000e+00    570s
  193353    3.4874446e+11   3.874551e+08   0.000000e+00    575s
  193903    3.4874453e+11   1.489718e+09   0.000000e+00    581s
  194223    3.4874456e+11   3.027561e+08   0.000000e+00    585s
  194643    3.4874460e+11   1.190593e+09   0.000000e+00    590s
  195103    3.4874465e+11   3.606459e+09   0.000000e+00    596s
  195513    3.4874515e+11   3.921170e+08   0.000000e+00    601s
  196033    3.4874573e+11   2.353058e+09   0.000000e+00    606s
  196423    3.4874603e+11   1.105175e+10   0.000000e+00    610s
  196853    3.4874649e+11   4.909805e+10   0.000000e+00    615s
  197253    3.4874768e+11   1.386145e+10   0.000000e+00    621s
  197693    3.4874862e+11   1.891537e+10   0.000000e+00    626s
  198103    3.4874871e+11   6.237965e+10   0.000000e+00    631s
  198403    3.4874900e+11   6.662280e+10   0.000000e+00    635s
  198833    3.4874930e+11   2.429737e+09   0.000000e+00    641s
  199163    3.4874944e+11   7.957306e+10   0.000000e+00    646s
  199443    3.4874956e+11   2.832402e+10   0.000000e+00    651s
  199753    3.4874994e+11   2.230747e+10   0.000000e+00    655s
  200053    3.4875028e+11   2.537283e+10   0.000000e+00    660s
  200363    3.4875076e+11   3.698585e+10   0.000000e+00    665s
  200663    3.4875133e+11   3.591240e+11   0.000000e+00    670s
  200993    3.4875411e+11   2.907984e+12   0.000000e+00    675s
  201373    3.4875580e+11   1.518832e+12   0.000000e+00    681s
  201663    3.4875724e+11   6.450223e+11   0.000000e+00    685s
  202053    3.4875823e+11   4.855078e+12   0.000000e+00    690s
  202603    3.4875981e+11   2.333850e+12   0.000000e+00    695s
  203183    3.4876636e+11   1.116673e+12   0.000000e+00    700s
  203673    3.4877179e+11   1.632227e+12   0.000000e+00    705s
  204263    3.4877643e+11   1.777613e+13   0.000000e+00    712s
  204593    3.4877738e+11   1.154247e+13   0.000000e+00    715s
  205103    3.4878449e+11   2.783232e+12   0.000000e+00    720s
  205683    3.4879350e+11   1.375191e+12   0.000000e+00    727s
  205973    3.4879615e+11   1.469963e+12   0.000000e+00    730s
  206463    3.4879910e+11   2.158977e+11   0.000000e+00    736s
  206913    3.4880429e+11   1.159775e+12   0.000000e+00    740s
  207473    3.4881206e+11   2.874853e+11   0.000000e+00    745s
  208033    3.4881523e+11   2.732201e+11   0.000000e+00    751s
  208566    3.4881976e+11   9.978530e+12   0.000000e+00    756s
  209086    3.4882477e+11   1.734392e+12   0.000000e+00    761s
  209506    3.4883020e+11   5.567053e+11   0.000000e+00    766s
  209906    3.4884874e+11   1.166505e+12   0.000000e+00    771s
  210286    3.4885912e+11   7.730387e+11   0.000000e+00    775s
  210696    3.4890188e+11   1.748570e+11   0.000000e+00    781s
  211036    3.4893129e+11   5.508553e+11   0.000000e+00    785s
  211749    3.4898504e+11   1.338413e+12   0.000000e+00    790s
  212312    3.4900005e+11   1.140018e+11   0.000000e+00    795s
  212762    3.4900618e+11   1.371862e+11   0.000000e+00    800s
  213202    3.4900641e+11   9.748614e+10   0.000000e+00    805s
  213762    3.4900694e+11   7.277421e+10   0.000000e+00    810s
  214325    3.4900749e+11   8.343659e+10   0.000000e+00    815s
  215023    3.4900851e+11   4.267200e+11   0.000000e+00    821s
  215523    3.4900889e+11   3.044144e+11   0.000000e+00    826s
Concurrent spin time: 162.79s (can be avoided by choosing Method=3)

Solved with dual simplex

Root relaxation: objective 3.525644e+11, 226264 iterations, 978.42 seconds (431.80 work units)
Another try with MIP start

    Nodes    |    Current Node    |     Objective Bounds      |     Work
 Expl Unexpl |  Obj  Depth IntInf | Incumbent    BestBd   Gap | It/Node Time

H    0     0                    3.526116e+11 3.5256e+11  0.01%     - 1030s
     0     0 3.5256e+11    0   29 3.5261e+11 3.5256e+11  0.01%     - 1030s

Explored 1 nodes (226268 simplex iterations) in 1030.89 seconds (496.41 work units)
Thread count was 8 (of 8 available processors)

Solution count 1: 3.52612e+11 

Optimal solution found (tolerance 5.00e-03)
Warning: max constraint violation (7.9890e-02) exceeds tolerance
Warning: max bound violation (7.7240e-02) exceeds tolerance
Best objective 3.526115760957e+11, best bound 3.525644249761e+11, gap 0.0134%
Done solving model.
Time used solving the model: 1117.8404500484467
----------
Dumping data in pickle file...done.
Dumping output in pickle file.....done.
----------------------------
Doing the following analysis:  SP three_scenarios_new
----------------------------
Reading data...
Reading and constructing data
percentage demand removed:  0.08340531276866481 %
Done reading data.
Time used reading the base data: 1.8384425640106201
-----------------
constructing initialization model
Time used constructing the model: 2.1566150188446045
-----------------
solving initialization model
Solver script file: 'C:\Users\steffejb\AppData\Local\Temp\tmp39ixpuwg.gurobi.script'
Solver log file: 'C:\Users\steffejb\AppData\Local\Temp\tmpmbskpnor.gurobi.log'
Solver solution file: 'C:\Users\steffejb\AppData\Local\Temp\tmptsw17mjc.gurobi.txt'
Solver problem files: ('C:\\Users\\steffejb\\AppData\\Local\\Temp\\tmp4jurkdvg.pyomo.lp',)
Set parameter Username
Academic license - for non-commercial use only - expires 2023-11-12
Read LP format model from file C:\Users\steffejb\AppData\Local\Temp\tmp4jurkdvg.pyomo.lp
Reading time = 0.22 seconds
objective_function: 4361 rows, 30498 columns, 227904 nonzeros
Set parameter FeasibilityTol to value 0.0001
Set parameter MIPGap to value 0.005
Gurobi Optimizer version 9.5.0 build v9.5.0rc5 (win64)
Thread count: 4 physical cores, 8 logical processors, using up to 8 threads
Optimize a model with 4361 rows, 30498 columns and 227904 nonzeros
Model fingerprint: 0xbd4edc7c
Variable types: 30459 continuous, 39 integer (39 binary)
Coefficient statistics:
  Matrix range     [5e-03, 2e+06]
  Objective range  [2e-01, 1e+00]
  Bounds range     [1e+00, 1e+00]
  RHS range        [3e-02, 1e+10]
Warning: Model contains large rhs
         Consider reformulating model or setting NumericFocus parameter
         to avoid numerical issues.
Presolve removed 1407 rows and 15490 columns
Presolve time: 0.18s
Presolved: 2954 rows, 15008 columns, 94718 nonzeros
Variable types: 15008 continuous, 0 integer (0 binary)

Root relaxation: objective 1.609061e+11, 4310 iterations, 0.18 seconds (0.24 work units)

    Nodes    |    Current Node    |     Objective Bounds      |     Work
 Expl Unexpl |  Obj  Depth IntInf | Incumbent    BestBd   Gap | It/Node Time

*    0     0               0    1.609061e+11 1.6091e+11  0.00%     -    0s

Explored 1 nodes (4310 simplex iterations) in 0.42 seconds (0.60 work units)
Thread count was 8 (of 8 available processors)

Solution count 1: 1.60906e+11 

Optimal solution found (tolerance 5.00e-03)
Best objective 1.609060745689e+11, best bound 1.609060745689e+11, gap 0.0000%
Time used solving the model: 2.7931602001190186
-----------------
Constructing EV model.....Done constructing EV model.
Time used constructing the model: 11.569031238555908
----------
Solving EV model.....Solver script file: 'C:\Users\steffejb\AppData\Local\Temp\tmpv8okosds.gurobi.script'
Solver log file: 'C:\Users\steffejb\AppData\Local\Temp\tmpcwr0hsgh.gurobi.log'
Solver solution file: 'C:\Users\steffejb\AppData\Local\Temp\tmpa4rf4kkz.gurobi.txt'
Solver problem files: ('C:\\Users\\steffejb\\AppData\\Local\\Temp\\tmplbgx0o9l.pyomo.lp',)
Set parameter Username
Academic license - for non-commercial use only - expires 2023-11-12
Read LP format model from file C:\Users\steffejb\AppData\Local\Temp\tmplbgx0o9l.pyomo.lp
Reading time = 1.19 seconds
objective_function: 22087 rows, 152722 columns, 1140995 nonzeros
Set parameter FeasibilityTol to value 0.0001
Set parameter MIPGap to value 0.005
Gurobi Optimizer version 9.5.0 build v9.5.0rc5 (win64)
Thread count: 4 physical cores, 8 logical processors, using up to 8 threads
Optimize a model with 22087 rows, 152722 columns and 1140995 nonzeros
Model fingerprint: 0x59e31074
Variable types: 152487 continuous, 235 integer (235 binary)
Coefficient statistics:
  Matrix range     [2e-06, 2e+06]
  Objective range  [2e-01, 1e+00]
  Bounds range     [8e-03, 7e+02]
  RHS range        [3e-02, 1e+10]
Warning: Model contains large rhs
         Consider reformulating model or setting NumericFocus parameter
         to avoid numerical issues.
Presolve removed 6221 rows and 57050 columns
Presolve time: 1.90s
Presolved: 15866 rows, 95672 columns, 636276 nonzeros
Variable types: 95573 continuous, 99 integer (99 binary)

Deterministic concurrent LP optimizer: primal and dual simplex
Showing first log only...


Root simplex log...

Iteration    Objective       Primal Inf.    Dual Inf.      Time
   54971    1.5780262e+12   0.000000e+00   1.246566e+13      5s
  108012    7.8541934e+11   0.000000e+00   1.887462e+13     10s
Concurrent spin time: 0.00s

Solved with dual simplex

Root relaxation: objective 3.636547e+11, 38074 iterations, 9.87 seconds (10.40 work units)

    Nodes    |    Current Node    |     Objective Bounds      |     Work
 Expl Unexpl |  Obj  Depth IntInf | Incumbent    BestBd   Gap | It/Node Time

     0     0 3.6365e+11    0   14          - 3.6365e+11      -     -   12s
H    0     0                    3.636548e+11 3.6365e+11  0.00%     -   12s

Explored 1 nodes (38074 simplex iterations) in 12.94 seconds (14.97 work units)
Thread count was 8 (of 8 available processors)

Solution count 1: 3.63655e+11 

Optimal solution found (tolerance 5.00e-03)
Warning: max constraint violation (3.7454e-04) exceeds tolerance
Warning: max bound violation (2.9999e-04) exceeds tolerance
Best objective 3.636547866056e+11, best bound 3.636547024244e+11, gap 0.0000%
Done solving model.
Time used solving the model: 22.059584140777588
----------
Constructing EEV model...Done constructing EEV model.
Time used constructing the model: 55.42974781990051
----------
Solving EEV model...Solver script file: 'C:\Users\steffejb\AppData\Local\Temp\tmps3y0zxw0.gurobi.script'
Solver log file: 'C:\Users\steffejb\AppData\Local\Temp\tmpiy18jppn.gurobi.log'
Solver solution file: 'C:\Users\steffejb\AppData\Local\Temp\tmpr8892xdd.gurobi.txt'
Solver problem files: ('C:\\Users\\steffejb\\AppData\\Local\\Temp\\tmp1vsw037f.pyomo.lp',)
Set parameter Username
Academic license - for non-commercial use only - expires 2023-11-12
Read LP format model from file C:\Users\steffejb\AppData\Local\Temp\tmp1vsw037f.pyomo.lp
Reading time = 8.94 seconds
objective_function: 936532 rows, 931311 columns, 6254351 nonzeros
Set parameter FeasibilityTol to value 0.001
Set parameter MIPGap to value 0.005
Gurobi Optimizer version 9.5.0 build v9.5.0rc5 (win64)
Thread count: 4 physical cores, 8 logical processors, using up to 8 threads
Optimize a model with 936532 rows, 931311 columns and 6254351 nonzeros
Model fingerprint: 0x1e81063f
Variable types: 930747 continuous, 564 integer (564 binary)
Coefficient statistics:
  Matrix range     [1e-08, 2e+06]
  Objective range  [2e-01, 3e-01]
  Bounds range     [1e-04, 8e+02]
  RHS range        [3e-02, 1e+10]
Warning: Model contains large matrix coefficient range
Warning: Model contains large rhs
         Consider reformulating model or setting NumericFocus parameter
         to avoid numerical issues.
Presolve removed 888019 rows and 638064 columns (presolve time = 5s) ...
Presolve removed 888282 rows and 638216 columns
Presolve time: 8.59s
Presolved: 48250 rows, 293095 columns, 2204036 nonzeros
Variable types: 292818 continuous, 277 integer (220 binary)

Deterministic concurrent LP optimizer: primal simplex, dual simplex, and barrier
Showing barrier log only...

Root barrier log...

Ordering time: 0.25s

Barrier statistics:
 Free vars  : 336
 AA' NZ     : 8.146e+05
 Factor NZ  : 2.743e+06 (roughly 160 MB of memory)
 Factor Ops : 4.786e+08 (less than 1 second per iteration)
 Threads    : 1

                  Objective                Residual
Iter       Primal          Dual         Primal    Dual     Compl     Time
   0   2.59650694e+16 -5.29988231e+17  5.76e+09 3.18e+07  9.06e+13    13s
   1   1.32677124e+16 -4.52985120e+17  1.72e+09 1.44e+08  2.82e+13    13s
   2   8.19163366e+15 -2.56087586e+17  5.29e+08 5.98e+07  9.14e+12    13s
   3   3.35365190e+15 -1.27899199e+17  6.86e+07 2.43e+07  1.51e+12    14s
   4   9.79156575e+14 -2.53543164e+16  6.32e+06 3.23e+06  1.80e+11    14s
   5   2.46844318e+14 -1.22192361e+16  7.37e+05 1.46e+06  4.86e+10    14s
   6   1.42703576e+14 -4.62727116e+15  3.04e+05 5.25e+05  2.06e+10    14s
   7   8.72922086e+13 -1.89178133e+15  9.72e+04 2.33e+05  9.66e+09    15s
   8   6.06677211e+13 -1.04654133e+15  3.43e+04 1.16e+05  5.83e+09    15s
   9   2.36046701e+13 -4.49329432e+14  1.17e+04 3.97e+04  2.16e+09    15s
  10   1.48706870e+13 -3.54836150e+14  6.78e+03 3.05e+04  1.47e+09    15s
  11   9.95605877e+12 -2.90932319e+14  4.07e+03 2.46e+04  1.06e+09    16s
  12   6.22281897e+12 -1.85463279e+14  2.07e+03 1.52e+04  6.16e+08    16s
  13   3.60175646e+12 -1.07903835e+14  6.96e+02 8.42e+03  3.11e+08    16s
  14   2.82546595e+12 -4.87847564e+13  3.64e+02 3.59e+03  1.43e+08    16s
  15   2.30385852e+12 -3.21033919e+13  2.08e+02 2.30e+03  9.14e+07    17s
  16   1.69136258e+12 -1.74763261e+13  8.00e+01 1.22e+03  4.72e+07    17s
  17   1.26010195e+12 -8.34396258e+12  3.52e+01 5.85e+02  2.26e+07    17s
  18   1.02433626e+12 -3.75641568e+12  2.05e+01 2.74e+02  1.10e+07    17s
  19   8.61734701e+11 -2.48758070e+12  1.36e+01 1.84e+02  7.50e+06    18s
  20   8.11222575e+11 -1.84113041e+12  1.17e+01 1.40e+02  5.90e+06    18s
  21   7.06248821e+11 -1.27050890e+12  8.10e+00 1.03e+02  4.27e+06    18s
  22   6.15898828e+11 -7.28510827e+11  5.36e+00 6.79e+01  2.82e+06    18s
  23   5.78589599e+11 -4.82606322e+11  4.38e+00 5.26e+01  2.20e+06    19s
  24   5.46481308e+11 -2.98617514e+11  3.55e+00 4.13e+01  1.73e+06    19s
  25   5.06886827e+11 -1.64319929e+11  2.65e+00 3.31e+01  1.35e+06    19s
  26   4.74884471e+11  1.62794444e+10  2.05e+00 2.08e+01  9.05e+05    20s
  27   4.60128963e+11  7.99300817e+10  1.74e+00 1.69e+01  7.44e+05    20s
  28   4.29175641e+11  1.45806085e+11  1.14e+00 1.30e+01  5.41e+05    20s
  29   4.14923144e+11  2.00406837e+11  8.74e-01 9.70e+00  4.04e+05    20s
  30   4.07301255e+11  2.45331084e+11  7.08e-01 7.06e+00  3.03e+05    21s
  31   3.96043390e+11  2.66752295e+11  4.87e-01 5.83e+00  2.38e+05    21s
  32   3.91210091e+11  2.86425909e+11  3.98e-01 4.69e+00  1.92e+05    21s
  33   3.86296858e+11  2.93759264e+11  3.07e-01 4.26e+00  1.69e+05    22s
  34   3.81540197e+11  3.16803868e+11  2.25e-01 2.88e+00  1.17e+05    22s
  35   3.78654164e+11  3.22304871e+11  1.76e-01 2.56e+00  1.01e+05    22s
  36   3.76285875e+11  3.32400981e+11  1.36e-01 2.01e+00  7.87e+04    22s
  37   3.73943825e+11  3.43481739e+11  1.04e-01 1.34e+00  5.44e+04    23s
  38   3.72623557e+11  3.47651387e+11  8.61e-02 1.10e+00  4.45e+04    23s
  39   3.71472841e+11  3.50366982e+11  7.00e-02 9.43e-01  3.75e+04    23s
  40   3.70494346e+11  3.50912311e+11  5.59e-02 9.14e-01  3.46e+04    23s
  41   3.69892314e+11  3.53806773e+11  4.72e-02 7.55e-01  2.84e+04    24s
  42   3.69190743e+11  3.55266489e+11  3.69e-02 6.67e-01  2.45e+04    24s
  43   3.68570880e+11  3.57640455e+11  2.82e-02 5.27e-01  1.92e+04    24s
  44   3.68184622e+11  3.59984135e+11  2.25e-02 3.87e-01  1.44e+04    24s
  45   3.67688507e+11  3.60923515e+11  1.52e-02 3.28e-01  1.18e+04    25s
  46   3.67486587e+11  3.62139338e+11  1.28e-02 2.55e-01  9.34e+03    25s
  47   3.67187561e+11  3.62608724e+11  9.00e-03 2.26e-01  7.98e+03    25s
  48   3.67152429e+11  3.63054646e+11  8.55e-03 2.00e-01  7.14e+03    26s
  49   3.67034582e+11  3.63355718e+11  7.12e-03 1.82e-01  6.40e+03    26s
  50   3.66969373e+11  3.63758239e+11  6.47e-03 1.59e-01  5.59e+03    26s
  51   3.66842314e+11  3.63880505e+11  5.09e-03 1.52e-01  5.14e+03    26s
  52   3.66797739e+11  3.64159317e+11  4.61e-03 1.35e-01  4.58e+03    27s
  53   3.66753035e+11  3.64512846e+11  4.10e-03 1.15e-01  3.89e+03    27s
  54   3.66726801e+11  3.64576653e+11  3.86e-03 1.11e-01  3.73e+03    27s
  55   3.66659584e+11  3.64745419e+11  3.20e-03 1.01e-01  3.32e+03    27s
  56   3.66634970e+11  3.64921075e+11  2.96e-03 8.98e-02  2.97e+03    28s
  57   3.66601191e+11  3.65118212e+11  2.63e-03 7.79e-02  2.57e+03    28s
  58   3.66559905e+11  3.65195807e+11  2.21e-03 7.30e-02  2.36e+03    28s
  59   3.66528813e+11  3.65326011e+11  1.91e-03 6.50e-02  2.08e+03    29s
  60   3.66501527e+11  3.65440760e+11  1.65e-03 5.82e-02  1.84e+03    29s
  61   3.66477536e+11  3.65508591e+11  1.41e-03 5.40e-02  1.68e+03    29s
  62   3.66461630e+11  3.65606171e+11  1.26e-03 4.81e-02  1.48e+03    29s
  63   3.66449522e+11  3.65640764e+11  1.14e-03 4.59e-02  1.40e+03    30s
  64   3.66441055e+11  3.65722451e+11  1.05e-03 4.08e-02  1.24e+03    30s
  65   3.66425909e+11  3.65818884e+11  9.03e-04 3.45e-02  1.05e+03    30s
  66   3.66413551e+11  3.65879301e+11  7.81e-04 3.07e-02  9.24e+02    31s
  67   3.66409602e+11  3.65898905e+11  7.42e-04 2.94e-02  8.83e+02    31s
  68   3.66403826e+11  3.66010136e+11  6.80e-04 2.23e-02  6.81e+02    31s
  69   3.66396828e+11  3.66038194e+11  6.13e-04 2.04e-02  6.20e+02    32s
  70   3.66384139e+11  3.66075173e+11  6.97e-04 1.78e-02  5.34e+02    32s
  71   3.66377503e+11  3.66089117e+11  5.95e-04 1.68e-02  4.98e+02    32s
  72   3.66375797e+11  3.66153577e+11  5.79e-04 1.23e-02  3.84e+02    33s
  73   3.66366857e+11  3.66170783e+11  4.63e-04 1.10e-02  3.39e+02    33s
  74   3.66358023e+11  3.66199733e+11  3.73e-04 8.98e-03  2.73e+02    33s
  75   3.66352464e+11  3.66224550e+11  3.51e-04 7.11e-03  2.21e+02    34s
  76   3.66349348e+11  3.66242960e+11  6.13e-04 5.81e-03  1.84e+02    34s
  77   3.66346220e+11  3.66248087e+11  5.79e-04 5.43e-03  1.69e+02    34s
  78   3.66344917e+11  3.66258500e+11  7.33e-04 4.69e-03  1.49e+02    34s
  79   3.66342992e+11  3.66263043e+11  6.53e-04 4.37e-03  1.38e+02    35s
  80   3.66341653e+11  3.66267182e+11  6.92e-04 4.03e-03  1.29e+02    35s
  81   3.66341128e+11  3.66269415e+11  1.34e-03 3.86e-03  1.24e+02    35s
  82   3.66339086e+11  3.66278462e+11  1.21e-03 3.19e-03  1.05e+02    35s
  83   3.66332249e+11  3.66280020e+11  1.22e-03 3.09e-03  9.00e+01    36s
  84   3.66331249e+11  3.66288864e+11  1.25e-03 2.41e-03  7.31e+01    36s
  85   3.66330838e+11  3.66289875e+11  1.93e-03 2.33e-03  7.06e+01    36s
  86   3.66330615e+11  3.66292344e+11  2.63e-03 2.14e-03  6.60e+01    36s
  87   3.66329738e+11  3.66298717e+11  2.36e-03 1.66e-03  5.35e+01    37s
  88   3.66327742e+11  3.66303268e+11  1.79e-03 1.30e-03  4.22e+01    37s
  89   3.66326552e+11  3.66307685e+11  1.51e-03 9.50e-04  3.25e+01    37s
  90   3.66324087e+11  3.66309972e+11  1.07e-03 7.61e-04  2.43e+01    37s
  91   3.66323127e+11  3.66311748e+11  7.74e-04 6.16e-04  1.96e+01    38s
  92   3.66322557e+11  3.66312518e+11  7.38e-04 5.58e-04  1.73e+01    38s
  93   3.66321952e+11  3.66313550e+11  4.89e-04 4.72e-04  1.44e+01    38s
  94   3.66321751e+11  3.66314438e+11  4.56e-04 3.98e-04  1.26e+01    39s
  95   3.66321338e+11  3.66315717e+11  4.01e-04 2.93e-04  9.66e+00    39s
  96   3.66321015e+11  3.66316129e+11  3.31e-04 2.60e-04  8.39e+00    39s
  97   3.66320551e+11  3.66316589e+11  2.62e-04 2.22e-04  6.80e+00    40s
  98   3.66320362e+11  3.66317387e+11  2.21e-04 1.53e-04  5.11e+00    40s
  99   3.66320071e+11  3.66317727e+11  2.22e-04 1.24e-04  4.02e+00    41s
 100   3.66319973e+11  3.66317972e+11  2.36e-04 1.03e-04  3.44e+00    41s
 101   3.66319781e+11  3.66318142e+11  2.43e-04 8.77e-05  2.81e+00    42s
 102   3.66319705e+11  3.66318277e+11  8.16e-04 7.63e-05  2.45e+00    42s
 103   3.66319689e+11  3.66318301e+11  4.22e-03 7.41e-05  2.38e+00    43s
 104   3.66319555e+11  3.66318540e+11  3.27e-03 5.25e-05  1.74e+00    43s
 105   3.66319426e+11  3.66318742e+11  2.26e-03 3.37e-05  1.17e+00    44s
 106   3.66319357e+11  3.66318849e+11  1.75e-03 2.41e-05  8.72e-01    44s
 107   3.66319323e+11  3.66318892e+11  1.48e-03 2.03e-05  7.39e-01    44s
 108   3.66319263e+11  3.66318936e+11  1.10e-03 1.65e-05  5.61e-01    45s
 109   3.66319233e+11  3.66318984e+11  8.74e-04 1.22e-05  4.28e-01    45s
 110   3.66319188e+11  3.66319015e+11  5.34e-04 9.28e-06  2.96e-01    45s
 111   3.66319166e+11  3.66319045e+11  3.93e-04 6.54e-06  2.09e-01    45s
 112   3.66319151e+11  3.66319064e+11  2.67e-04 4.73e-06  1.48e-01    46s
 113   3.66319141e+11  3.66319083e+11  2.01e-04 3.02e-06  9.96e-02    46s
 114   3.66319132e+11  3.66319092e+11  1.27e-04 2.36e-06  6.83e-02    46s
 115   3.66319126e+11  3.66319101e+11  8.28e-05 1.35e-06  4.32e-02    47s
 116   3.66319123e+11  3.66319106e+11  1.78e-04 1.43e-06  2.83e-02    47s
 117   3.66319120e+11  3.66319110e+11  1.19e-04 1.21e-06  1.80e-02    47s
 118   3.66319120e+11  3.66319111e+11  9.90e-05 1.28e-06  1.46e-02    47s
 119   3.66319118e+11  3.66319113e+11  5.49e-05 1.19e-06  8.14e-03    48s

Barrier solved model in 119 iterations and 47.74 seconds (44.00 work units)
Optimal objective 3.66319118e+11


Root crossover log...

   28723 DPushes remaining with DInf 2.8605377e+01                48s
       0 DPushes remaining with DInf 0.0000000e+00                49s
Warning: Markowitz tolerance tightened to 0.5

   41866 PPushes remaining with PInf 2.0863041e+02                49s
    2625 PPushes remaining with PInf 7.2381749e+04                50s
      20 PPushes remaining with PInf 6.2651426e+04                50s

  Push phase complete: Pinf 6.2651426e+04, Dinf 1.3902777e+13     50s


Root simplex log...

Iteration    Objective       Primal Inf.    Dual Inf.      Time
   69488    3.6588421e+11   6.228089e+04   0.000000e+00     50s
   72468    3.7217027e+11   8.520050e+04   0.000000e+00     55s
   75010    3.7217381e+11   2.226958e+07   0.000000e+00     60s
   77576    3.7218106e+11   1.931321e+06   0.000000e+00     65s
   79582    3.7218642e+11   4.035199e+07   0.000000e+00     70s
   82652    3.7219761e+11   2.398336e+08   0.000000e+00     75s
Concurrent spin time: 6.39s

Solved with dual simplex

Root relaxation: objective 3.663172e+11, 124120 iterations, 65.64 seconds (52.17 work units)

    Nodes    |    Current Node    |     Objective Bounds      |     Work
 Expl Unexpl |  Obj  Depth IntInf | Incumbent    BestBd   Gap | It/Node Time

     0     0 3.6632e+11    0   30          - 3.6632e+11      -     -   76s
H    0     0                    3.663284e+11 3.6632e+11  0.00%     -   83s

Explored 1 nodes (124120 simplex iterations) in 83.63 seconds (72.67 work units)
Thread count was 8 (of 8 available processors)

Solution count 1: 3.66328e+11 

Optimal solution found (tolerance 5.00e-03)
Warning: max constraint violation (2.5650e-02) exceeds tolerance
Warning: max bound violation (1.9994e-03) exceeds tolerance
Best objective 3.663284489088e+11, best bound 3.663171790033e+11, gap 0.0031%
Done solving model.
Time used solving the model: 151.16959404945374
----------
Dumping EEV output in pickle file.....done.
Solving SP model with EEV warm start...Solver script file: 'C:\Users\steffejb\AppData\Local\Temp\tmpxljv6nrx.gurobi.script'
Solver warm-start file: C:\Users\steffejb\AppData\Local\Temp\tmpdi8qfm5k.gurobi.mst
Solver log file: 'C:\Users\steffejb\AppData\Local\Temp\tmp7iqcw5mt.gurobi.log'
Solver solution file: 'C:\Users\steffejb\AppData\Local\Temp\tmptbqqjhrz.gurobi.txt'
Solver problem files: ('C:\\Users\\steffejb\\AppData\\Local\\Temp\\tmpb9sdr2w4.pyomo.lp',)
Set parameter Username
Academic license - for non-commercial use only - expires 2023-11-12
Read LP format model from file C:\Users\steffejb\AppData\Local\Temp\tmpb9sdr2w4.pyomo.lp
Reading time = 9.14 seconds
objective_function: 936532 rows, 932191 columns, 6260351 nonzeros
Read MIP start from file C:\Users\steffejb\AppData\Local\Temp\tmpdi8qfm5k.gurobi.mst
Set parameter FeasibilityTol to value 0.01
Set parameter MIPGap to value 0.005
Gurobi Optimizer version 9.5.0 build v9.5.0rc5 (win64)
Thread count: 4 physical cores, 8 logical processors, using up to 8 threads
Optimize a model with 936532 rows, 932191 columns and 6260351 nonzeros
Model fingerprint: 0x8154a557
Variable types: 931251 continuous, 940 integer (940 binary)
Coefficient statistics:
  Matrix range     [1e-08, 2e+06]
  Objective range  [2e-01, 3e-01]
  Bounds range     [1e-02, 1e+05]
  RHS range        [3e-02, 1e+10]
Warning: Model contains large matrix coefficient range
Warning: Model contains large rhs
         Consider reformulating model or setting NumericFocus parameter
         to avoid numerical issues.

User MIP start did not produce a new incumbent solution
User MIP start violates constraint c_u_TranspCO2CostConstr(2022_BBB)_ by 0.000064341

Presolve removed 887404 rows and 637005 columns (presolve time = 5s) ...
Presolve removed 887405 rows and 637006 columns
Presolve time: 6.81s
Presolved: 49127 rows, 295185 columns, 2278689 nonzeros
Variable types: 294855 continuous, 330 integer (329 binary)

Deterministic concurrent LP optimizer: primal simplex, dual simplex, and barrier
Showing barrier log only...

Root barrier log...

Ordering time: 0.30s

Barrier statistics:
 Free vars  : 336
 AA' NZ     : 8.724e+05
 Factor NZ  : 3.101e+06 (roughly 160 MB of memory)
 Factor Ops : 7.998e+08 (less than 1 second per iteration)
 Threads    : 1

                  Objective                Residual
Iter       Primal          Dual         Primal    Dual     Compl     Time
   0   8.31898584e+12 -1.22227900e+14  1.30e+12 0.00e+00  7.34e+11    11s
   1   4.61125690e+12 -1.16543544e+14  6.49e+11 4.84e+03  3.78e+11    12s
   2   3.03571550e+12 -9.73595909e+13  2.89e+11 2.99e+03  1.77e+11    12s
   3   5.29031039e+12 -7.03347872e+13  8.78e+10 1.23e+03  5.48e+10    12s
   4   1.10848661e+13 -4.09819629e+13  1.40e+10 4.67e+02  1.08e+10    13s
   5   5.21935498e+12 -2.29910618e+13  2.10e+09 1.89e+02  1.79e+09    13s
   6   2.24467772e+12 -8.72220218e+12  5.28e+08 4.92e+01  4.64e+08    13s
   7   1.14820048e+12 -7.51743634e+12  1.76e+08 4.13e+01  1.81e+08    13s
   8   6.48853853e+11 -4.72660483e+12  7.50e+07 2.53e+01  8.65e+07    14s
   9   4.04179725e+11 -3.02320644e+12  3.70e+07 1.58e+01  4.63e+07    14s
  10   2.46220805e+11 -1.30683266e+12  1.80e+07 6.34e+00  2.15e+07    14s
  11   9.22644658e+10 -2.51901673e+11  1.62e+06 8.65e-01  2.43e+06    14s
  12   5.00174507e+10 -1.18271771e+11  3.78e+05 3.27e-01  7.55e+05    15s
  13   2.39702823e+10 -2.85034090e+10  8.62e+04 4.76e-02  1.82e+05    15s
  14   1.41637347e+10 -1.14185970e+10  4.80e+04 1.29e-02  8.56e+04    15s
  15   1.21975010e+10 -7.22765455e+09  4.12e+04 6.59e-03  6.62e+04    15s
  16   1.08933509e+10 -6.59358283e+09  3.67e+04 5.84e-03  5.93e+04    16s
  17   1.04647183e+10 -6.36011023e+09  3.53e+04 5.58e-03  5.71e+04    16s
  18   8.84322389e+09 -5.62007624e+09  2.96e+04 4.69e-03  4.86e+04    16s
  19   8.03540806e+09 -5.27247891e+09  2.69e+04 4.40e-03  4.47e+04    16s
  20   7.47921737e+09 -4.65026411e+09  2.51e+04 4.06e-03  4.17e+04    17s
  21   7.07493121e+09 -4.07512799e+09  2.38e+04 3.79e-03  3.94e+04    17s
  22   6.45747585e+09 -3.58766902e+09  2.17e+04 3.62e-03  3.64e+04    17s
  23   6.19168147e+09 -1.44029796e+09  2.08e+04 3.42e-03  3.50e+04    18s
  24   6.03089918e+09  4.14900785e+08  2.02e+04 3.37e-03  3.41e+04    18s
  25   6.00398847e+09  5.67732511e+09  2.01e+04 3.34e-03  3.39e+04    18s
  26   6.02689814e+09  8.04069757e+09  2.01e+04 3.32e-03  3.38e+04    19s
  27   6.04341484e+09  1.01859959e+10  2.01e+04 3.31e-03  3.20e+04    19s
  28   6.37060447e+09  1.21104383e+10  1.98e+04 3.32e-03  3.18e+04    19s
  29   6.41079376e+09  1.62222623e+10  1.98e+04 3.31e-03  3.18e+04    19s
  30   6.42872324e+09  1.75183163e+10  1.98e+04 3.29e-03  3.18e+04    20s
  31   6.51946466e+09  1.65239218e+10  1.97e+04 3.26e-03  3.17e+04    20s
  32   7.30471023e+09  1.81855411e+10  1.91e+04 3.23e-03  3.16e+04    20s
  33   8.40103713e+09  1.15696400e+10  1.82e+04 4.01e-03  3.17e+04    21s
  34   8.63322198e+09  1.64311105e+10  1.81e+04 4.85e-03  3.08e+04    21s
  35   1.16567720e+10  1.67584931e+10  1.60e+04 6.69e-03  3.00e+04    22s
  36   1.38556003e+10  1.82576494e+10  1.40e+04 7.50e-03  2.81e+04    22s
  37   1.39028977e+10  1.93888311e+10  1.40e+04 7.74e-03  2.77e+04    22s
  38   1.39559138e+10  2.07261481e+10  1.39e+04 7.77e-03  2.76e+04    22s
  39   1.39634200e+10  2.13369652e+10  1.39e+04 7.77e-03  2.76e+04    23s
  40   1.39725748e+10  2.11557940e+10  1.39e+04 7.78e-03  2.75e+04    23s
  41   1.40061148e+10  2.11398662e+10  1.39e+04 7.80e-03  2.75e+04    23s
  42   1.40978057e+10  2.19222275e+10  1.38e+04 7.89e-03  2.74e+04    24s
  43   1.54247479e+10  2.37767458e+10  1.30e+04 8.35e-03  2.64e+04    24s
  44   1.66411553e+10  2.65074184e+10  1.23e+04 9.07e-03  2.51e+04    24s
  45   1.68566458e+10  2.94052572e+10  1.21e+04 1.00e-02  2.37e+04    25s
  46   1.70170701e+10  3.00121295e+10  1.21e+04 1.01e-02  2.36e+04    25s
  47   1.85488124e+10  3.43636606e+10  1.12e+04 1.38e-02  2.06e+04    25s
  48   2.38835900e+10  3.76951854e+10  8.34e+03 1.64e-02  1.52e+04    26s
  49   2.52274058e+10  3.84561030e+10  7.60e+03 1.64e-02  1.39e+04    26s
  50   2.61246403e+10  3.86795308e+10  7.11e+03 1.64e-02  1.32e+04    26s
  51   2.64648137e+10  3.89896887e+10  6.93e+03 1.63e-02  1.29e+04    26s
  52   2.66324199e+10  3.92060678e+10  6.84e+03 1.63e-02  1.27e+04    27s

Barrier performed 52 iterations in 26.78 seconds (27.30 work units)
Optimization interrupted



Root relaxation: interrupted, 36180 iterations, 17.67 seconds (13.25 work units)

    Nodes    |    Current Node    |     Objective Bounds      |     Work
 Expl Unexpl |  Obj  Depth IntInf | Incumbent    BestBd   Gap | It/Node Time

     0     0          -    0               - 247211.948      -     -   26s

Explored 1 nodes (36180 simplex iterations) in 26.87 seconds (26.67 work units)
Thread count was 8 (of 8 available processors)

Solution count 0

Solve interrupted
Best objective -, best bound 2.472119480000e+05, gap -

Interrupt request received
Terminate batch job (Y/N)? 
